 Fermi distribution function

Calculation with static geometry


********************************************************************************
 iSCC Total electronic   Diff electronic      SCC error    
   17   -0.10429750E+03   -0.17207924E-09    0.52592697E-05
********************************************************************************

 Total charge:     0.00000000

 Atomic gross charges (e)
 Atom           Charge
    1       0.04653682
    2      -0.06448545
    3      -0.02066024
    4       0.03014580
    5      -0.03132853
    6       0.00735981
    7       0.01171635
    8      -0.01521109
    9       0.02828264
   10      -0.01362451
   11      -0.02679385
   12       0.01993434
   13      -0.01120870
   14      -0.00331098
   15       0.04261664
   16       0.01390130
   17       0.05536381
   18       0.00539646
   19      -0.01288061
   20      -0.00960809
   21       0.02720114
   22      -0.02360710
   23      -0.00317763
   24      -0.00328068
   25       0.04281196
   26       0.01833139
   27       0.03081444
   28      -0.02439999
   29      -0.04203183
   30       0.01072611
   31      -0.00982237
   32       0.04311902
   33       0.02153199
   34      -0.01657835
   35      -0.00317203
   36       0.00376530
   37       0.03500817
   38       0.01915374
   39      -0.00396734
   40      -0.05520897
   41      -0.01010677
   42      -0.03715438
   43       0.01668807
   44      -0.00464662
   45       0.00392388
   46      -0.00424908
   47      -0.02823952
   48      -0.00973834
   49      -0.01152913
   50      -0.01455222
   51       0.00416563
   52       0.01554731
   53       0.01237190
   54      -0.00925187
   55       0.02200084
   56      -0.04245951
   57      -0.03171850
   58       0.02738639
   59      -0.02542467
   60       0.01004640
   61      -0.00114926
   62      -0.00126944

Nr. of electrons (up):    242.00000000
Atom populations (up)
 Atom       Population
    1       3.95346318
    2       4.06448545
    3       4.02066024
    4       3.96985420
    5       4.03132853
    6       3.99264019
    7       3.98828365
    8       4.01521109
    9       3.97171736
   10       4.01362451
   11       4.02679385
   12       3.98006566
   13       4.01120870
   14       4.00331098
   15       3.95738336
   16       3.98609870
   17       3.94463619
   18       3.99460354
   19       4.01288061
   20       4.00960809
   21       3.97279886
   22       4.02360710
   23       4.00317763
   24       4.00328068
   25       3.95718804
   26       3.98166861
   27       3.96918556
   28       4.02439999
   29       4.04203183
   30       3.98927389
   31       4.00982237
   32       3.95688098
   33       3.97846801
   34       4.01657835
   35       4.00317203
   36       3.99623470
   37       3.96499183
   38       3.98084626
   39       4.00396734
   40       4.05520897
   41       4.01010677
   42       4.03715438
   43       3.98331193
   44       4.00464662
   45       3.99607612
   46       4.00424908
   47       4.02823952
   48       4.00973834
   49       4.01152913
   50       4.01455222
   51       3.99583437
   52       3.98445269
   53       3.98762810
   54       4.00925187
   55       3.97799916
   56       4.04245951
   57       4.03171850
   58       3.97261361
   59       4.02542467
   60       3.98995360
   61       1.00114926
   62       1.00126944

l-shell populations (up)
 Atom Sh.   l       Population
    1   1   0       1.15795725
    1   2   1       2.79550593
    2   1   0       1.22563413
    2   2   1       2.83885131
    3   1   0       1.20422575
    3   2   1       2.81643449
    4   1   0       1.22623191
    4   2   1       2.74362229
    5   1   0       1.24129518
    5   2   1       2.79003334
    6   1   0       1.23148573
    6   2   1       2.76115445
    7   1   0       1.18223377
    7   2   1       2.80604988
    8   1   0       1.21273229
    8   2   1       2.80247880
    9   1   0       1.18882836
    9   2   1       2.78288900
   10   1   0       1.20598090
   10   2   1       2.80764362
   11   1   0       1.21700353
   11   2   1       2.80979032
   12   1   0       1.21771532
   12   2   1       2.76235034
   13   1   0       1.21813264
   13   2   1       2.79307606
   14   1   0       1.19661874
   14   2   1       2.80669224
   15   1   0       1.19442528
   15   2   1       2.76295808
   16   1   0       1.21761129
   16   2   1       2.76848741
   17   1   0       1.21932994
   17   2   1       2.72530625
   18   1   0       1.19705788
   18   2   1       2.79754566
   19   1   0       1.19773608
   19   2   1       2.81514453
   20   1   0       1.19510777
   20   2   1       2.81450032
   21   1   0       1.16967637
   21   2   1       2.80312249
   22   1   0       1.22088349
   22   2   1       2.80272361
   23   1   0       1.21880614
   23   2   1       2.78437149
   24   1   0       1.19907374
   24   2   1       2.80420694
   25   1   0       1.18743655
   25   2   1       2.76975149
   26   1   0       1.19645207
   26   2   1       2.78521654
   27   1   0       1.16502195
   27   2   1       2.80416361
   28   1   0       1.22400524
   28   2   1       2.80039475
   29   1   0       1.23911200
   29   2   1       2.80291983
   30   1   0       1.20749214
   30   2   1       2.78178174
   31   1   0       1.20447787
   31   2   1       2.80534449
   32   1   0       1.19291391
   32   2   1       2.76396707
   33   1   0       1.20695149
   33   2   1       2.77151652
   34   1   0       1.22136075
   34   2   1       2.79521761
   35   1   0       1.21698624
   35   2   1       2.78618579
   36   1   0       1.19882258
   36   2   1       2.79741212
   37   1   0       1.19925685
   37   2   1       2.76573498
   38   1   0       1.20282594
   38   2   1       2.77802032
   39   1   0       1.19592825
   39   2   1       2.80803909
   40   1   0       1.21541752
   40   2   1       2.83979144
   41   1   0       1.20532911
   41   2   1       2.80477765
   42   1   0       1.20689982
   42   2   1       2.83025456
   43   1   0       1.20479891
   43   2   1       2.77851303
   44   1   0       1.20410456
   44   2   1       2.80054206
   45   1   0       1.23080820
   45   2   1       2.76526792
   46   1   0       1.19987290
   46   2   1       2.80437617
   47   1   0       1.23119024
   47   2   1       2.79704928
   48   1   0       1.18407508
   48   2   1       2.82566326
   49   1   0       1.22434263
   49   2   1       2.78718650
   50   1   0       1.21200656
   50   2   1       2.80254565
   51   1   0       1.21418438
   51   2   1       2.78164998
   52   1   0       1.19232490
   52   2   1       2.79212779
   53   1   0       1.20488115
   53   2   1       2.78274695
   54   1   0       1.21579984
   54   2   1       2.79345203
   55   1   0       1.20160083
   55   2   1       2.77639833
   56   1   0       1.21418956
   56   2   1       2.82826995
   57   1   0       1.20588133
   57   2   1       2.82583717
   58   1   0       1.17353840
   58   2   1       2.79907520
   59   1   0       1.24124239
   59   2   1       2.78418228
   60   1   0       1.22110568
   60   2   1       2.76884792
   61   1   0       1.00114926
   62   1   0       1.00126944

Orbital populations (up)
 Atom Sh.   l   m       Population  Label
    1   1   0   0       1.15795725  s
    1   2   1  -1       0.98027602  p_y
    1   2   1   0       0.90544280  p_z
    1   2   1   1       0.90978711  p_x
    2   1   0   0       1.22563413  s
    2   2   1  -1       1.02185893  p_y
    2   2   1   0       0.89993824  p_z
    2   2   1   1       0.91705415  p_x
    3   1   0   0       1.20422575  s
    3   2   1  -1       1.00114264  p_y
    3   2   1   0       0.90943992  p_z
    3   2   1   1       0.90585193  p_x
    4   1   0   0       1.22623191  s
    4   2   1  -1       0.94389397  p_y
    4   2   1   0       0.89710566  p_z
    4   2   1   1       0.90262266  p_x
    5   1   0   0       1.24129518  s
    5   2   1  -1       0.88079844  p_y
    5   2   1   0       0.91371634  p_z
    5   2   1   1       0.99551856  p_x
    6   1   0   0       1.23148573  s
    6   2   1  -1       0.88103671  p_y
    6   2   1   0       0.89890529  p_z
    6   2   1   1       0.98121245  p_x
    7   1   0   0       1.18223377  s
    7   2   1  -1       0.88207013  p_y
    7   2   1   0       0.91943536  p_z
    7   2   1   1       1.00454439  p_x
    8   1   0   0       1.21273229  s
    8   2   1  -1       0.87992877  p_y
    8   2   1   0       0.92024368  p_z
    8   2   1   1       1.00230635  p_x
    9   1   0   0       1.18882836  s
    9   2   1  -1       0.91129072  p_y
    9   2   1   0       0.98035844  p_z
    9   2   1   1       0.89123983  p_x
   10   1   0   0       1.20598090  s
   10   2   1  -1       0.91131909  p_y
   10   2   1   0       1.00276660  p_z
   10   2   1   1       0.89355793  p_x
   11   1   0   0       1.21700353  s
   11   2   1  -1       0.90918696  p_y
   11   2   1   0       1.01114309  p_z
   11   2   1   1       0.88946027  p_x
   12   1   0   0       1.21771532  s
   12   2   1  -1       0.90028525  p_y
   12   2   1   0       0.97711142  p_z
   12   2   1   1       0.88495368  p_x
   13   1   0   0       1.21813264  s
   13   2   1  -1       0.99256544  p_y
   13   2   1   0       0.91742698  p_z
   13   2   1   1       0.88308363  p_x
   14   1   0   0       1.19661874  s
   14   2   1  -1       0.98591688  p_y
   14   2   1   0       0.91351769  p_z
   14   2   1   1       0.90725767  p_x
   15   1   0   0       1.19442528  s
   15   2   1  -1       0.95069461  p_y
   15   2   1   0       0.93005511  p_z
   15   2   1   1       0.88220837  p_x
   16   1   0   0       1.21761129  s
   16   2   1  -1       0.96755198  p_y
   16   2   1   0       0.90956380  p_z
   16   2   1   1       0.89137163  p_x
   17   1   0   0       1.21932994  s
   17   2   1  -1       0.93256786  p_y
   17   2   1   0       0.91363814  p_z
   17   2   1   1       0.87910025  p_x
   18   1   0   0       1.19705788  s
   18   2   1  -1       0.98274247  p_y
   18   2   1   0       0.91621396  p_z
   18   2   1   1       0.89858923  p_x
   19   1   0   0       1.19773608  s
   19   2   1  -1       0.98253509  p_y
   19   2   1   0       0.93042073  p_z
   19   2   1   1       0.90218871  p_x
   20   1   0   0       1.19510777  s
   20   2   1  -1       0.99680431  p_y
   20   2   1   0       0.92519727  p_z
   20   2   1   1       0.89249874  p_x
   21   1   0   0       1.16967637  s
   21   2   1  -1       0.91702020  p_y
   21   2   1   0       0.89678379  p_z
   21   2   1   1       0.98931850  p_x
   22   1   0   0       1.22088349  s
   22   2   1  -1       0.93705475  p_y
   22   2   1   0       0.89204246  p_z
   22   2   1   1       0.97362640  p_x
   23   1   0   0       1.21880614  s
   23   2   1  -1       0.91677233  p_y
   23   2   1   0       0.90133338  p_z
   23   2   1   1       0.96626577  p_x
   24   1   0   0       1.19907374  s
   24   2   1  -1       0.92001045  p_y
   24   2   1   0       0.89567756  p_z
   24   2   1   1       0.98851892  p_x
   25   1   0   0       1.18743655  s
   25   2   1  -1       0.90788538  p_y
   25   2   1   0       0.89253286  p_z
   25   2   1   1       0.96933325  p_x
   26   1   0   0       1.19645207  s
   26   2   1  -1       0.92978631  p_y
   26   2   1   0       0.88152324  p_z
   26   2   1   1       0.97390699  p_x
   27   1   0   0       1.16502195  s
   27   2   1  -1       0.93603594  p_y
   27   2   1   0       0.89451695  p_z
   27   2   1   1       0.97361072  p_x
   28   1   0   0       1.22400524  s
   28   2   1  -1       0.93060467  p_y
   28   2   1   0       0.88162171  p_z
   28   2   1   1       0.98816836  p_x
   29   1   0   0       1.23911200  s
   29   2   1  -1       0.87524480  p_y
   29   2   1   0       0.99080847  p_z
   29   2   1   1       0.93686656  p_x
   30   1   0   0       1.20749214  s
   30   2   1  -1       0.87669185  p_y
   30   2   1   0       0.98503115  p_z
   30   2   1   1       0.92005875  p_x
   31   1   0   0       1.20447787  s
   31   2   1  -1       0.90003218  p_y
   31   2   1   0       0.98692217  p_z
   31   2   1   1       0.91839014  p_x
   32   1   0   0       1.19291391  s
   32   2   1  -1       0.88393822  p_y
   32   2   1   0       0.95146706  p_z
   32   2   1   1       0.92856178  p_x
   33   1   0   0       1.20695149  s
   33   2   1  -1       0.88294398  p_y
   33   2   1   0       0.96599653  p_z
   33   2   1   1       0.92257602  p_x
   34   1   0   0       1.22136075  s
   34   2   1  -1       0.88905150  p_y
   34   2   1   0       0.98958448  p_z
   34   2   1   1       0.91658163  p_x
   35   1   0   0       1.21698624  s
   35   2   1  -1       0.89597698  p_y
   35   2   1   0       0.96994869  p_z
   35   2   1   1       0.92026012  p_x
   36   1   0   0       1.19882258  s
   36   2   1  -1       0.89595276  p_y
   36   2   1   0       0.98694145  p_z
   36   2   1   1       0.91451792  p_x
   37   1   0   0       1.19925685  s
   37   2   1  -1       0.93399404  p_y
   37   2   1   0       0.90140610  p_z
   37   2   1   1       0.93033484  p_x
   38   1   0   0       1.20282594  s
   38   2   1  -1       0.92659565  p_y
   38   2   1   0       0.90290624  p_z
   38   2   1   1       0.94851843  p_x
   39   1   0   0       1.19592825  s
   39   2   1  -1       0.94165507  p_y
   39   2   1   0       0.90511201  p_z
   39   2   1   1       0.96127201  p_x
   40   1   0   0       1.21541752  s
   40   2   1  -1       0.97201250  p_y
   40   2   1   0       0.90598118  p_z
   40   2   1   1       0.96179776  p_x
   41   1   0   0       1.20532911  s
   41   2   1  -1       0.97545239  p_y
   41   2   1   0       0.89494546  p_z
   41   2   1   1       0.93437980  p_x
   42   1   0   0       1.20689982  s
   42   2   1  -1       0.97065064  p_y
   42   2   1   0       0.91043053  p_z
   42   2   1   1       0.94917339  p_x
   43   1   0   0       1.20479891  s
   43   2   1  -1       0.93785985  p_y
   43   2   1   0       0.90099890  p_z
   43   2   1   1       0.93965428  p_x
   44   1   0   0       1.20410456  s
   44   2   1  -1       0.96228539  p_y
   44   2   1   0       0.90121549  p_z
   44   2   1   1       0.93704117  p_x
   45   1   0   0       1.23080820  s
   45   2   1  -1       0.89124054  p_y
   45   2   1   0       0.93060902  p_z
   45   2   1   1       0.94341837  p_x
   46   1   0   0       1.19987290  s
   46   2   1  -1       0.90868570  p_y
   46   2   1   0       0.95056165  p_z
   46   2   1   1       0.94512883  p_x
   47   1   0   0       1.23119024  s
   47   2   1  -1       0.89510701  p_y
   47   2   1   0       0.96514974  p_z
   47   2   1   1       0.93679254  p_x
   48   1   0   0       1.18407508  s
   48   2   1  -1       0.90664201  p_y
   48   2   1   0       0.94132785  p_z
   48   2   1   1       0.97769340  p_x
   49   1   0   0       1.22434263  s
   49   2   1  -1       0.88915492  p_y
   49   2   1   0       0.96788681  p_z
   49   2   1   1       0.93014477  p_x
   50   1   0   0       1.21200656  s
   50   2   1  -1       0.90794028  p_y
   50   2   1   0       0.95642436  p_z
   50   2   1   1       0.93818101  p_x
   51   1   0   0       1.21418438  s
   51   2   1  -1       0.89581216  p_y
   51   2   1   0       0.96494046  p_z
   51   2   1   1       0.92089736  p_x
   52   1   0   0       1.19232490  s
   52   2   1  -1       0.91436578  p_y
   52   2   1   0       0.92683372  p_z
   52   2   1   1       0.95092830  p_x
   53   1   0   0       1.20488115  s
   53   2   1  -1       0.92930844  p_y
   53   2   1   0       0.95625547  p_z
   53   2   1   1       0.89718304  p_x
   54   1   0   0       1.21579984  s
   54   2   1  -1       0.95371552  p_y
   54   2   1   0       0.94623163  p_z
   54   2   1   1       0.89350488  p_x
   55   1   0   0       1.20160083  s
   55   2   1  -1       0.94728736  p_y
   55   2   1   0       0.93371849  p_z
   55   2   1   1       0.89539248  p_x
   56   1   0   0       1.21418956  s
   56   2   1  -1       0.95818614  p_y
   56   2   1   0       0.95892771  p_z
   56   2   1   1       0.91115611  p_x
   57   1   0   0       1.20588133  s
   57   2   1  -1       0.95266825  p_y
   57   2   1   0       0.97092650  p_z
   57   2   1   1       0.90224242  p_x
   58   1   0   0       1.17353840  s
   58   2   1  -1       0.94840411  p_y
   58   2   1   0       0.93952943  p_z
   58   2   1   1       0.91114167  p_x
   59   1   0   0       1.24124239  s
   59   2   1  -1       0.93968943  p_y
   59   2   1   0       0.94019399  p_z
   59   2   1   1       0.90429886  p_x
   60   1   0   0       1.22110568  s
   60   2   1  -1       0.92620131  p_y
   60   2   1   0       0.94498259  p_z
   60   2   1   1       0.89766402  p_x
   61   1   0   0       1.00114926  s
   62   1   0   0       1.00126944  s

Fermi level:                        -0.1764716356 H           -4.8020 eV
Band energy:                      -104.4103720582 H        -2841.1508 eV
TS:                                  0.0000000002 H            0.0000 eV
Band free energy (E-TS):          -104.4103720584 H        -2841.1508 eV
Extrapolated E(0K):               -104.4103720583 H        -2841.1508 eV
Input / Output electrons (q):    241.9999999994    241.9999999994

Energy H0:                        -104.2982832805 H        -2838.1007 eV
Energy SCC:                          0.0007866286 H            0.0214 eV
Total Electronic energy:          -104.2974966519 H        -2838.0793 eV
Repulsive energy:                    1.5709642902 H           42.7481 eV
Total energy:                     -102.7265323617 H        -2795.3312 eV
Extrapolated to 0:                -102.7265323618 H        -2795.3312 eV
Total Mermin free energy:         -102.7265323619 H        -2795.3312 eV
Force related energy:             -102.7265323619 H        -2795.3312 eV

SCC converged

Total Forces
    1      0.038901712959      0.008886915766      0.078928030883
    2      0.014089781407      0.034819518740     -0.001368688670
    3     -0.000860338104     -0.020777732046     -0.154239051892
    4     -0.022198642292      0.005064059389     -0.008006369336
    5      0.014003986857     -0.017313909555     -0.008885440323
    6     -0.000328553591     -0.065139316114     -0.032392663801
    7      0.036721853845      0.113034814832      0.034037063310
    8     -0.006742551944      0.051705046258      0.010151612980
    9     -0.010024953921      0.012890122545      0.006133433859
   10     -0.019024198461      0.023378567673     -0.003895388072
   11     -0.066731353356     -0.030157872191      0.010444884788
   12      0.022182280020      0.038091983813     -0.003183136567
   13      0.076791335875     -0.025526845084     -0.021815767772
   14     -0.029183309454     -0.032501564620      0.069598967949
   15     -0.010169029581     -0.053148984062     -0.033293307213
   16      0.034474675392      0.021404006331      0.051669153476
   17     -0.033242662342     -0.012133582739     -0.000889020833
   18      0.039860424462      0.032580303846      0.020297561122
   19     -0.013232085826      0.005001967580     -0.011243509361
   20      0.037965812578     -0.042068665778      0.055039184266
   21      0.054255860927     -0.086297722625      0.007120203752
   22      0.036753697801      0.001056102260     -0.009934299084
   23     -0.034409676782     -0.004618774108      0.069540831935
   24      0.036799636438     -0.091392212678      0.016433734205
   25     -0.036917730492     -0.004405523884     -0.009232522408
   26     -0.020136035610      0.030204744714      0.070338422806
   27     -0.014328919554     -0.075670622994     -0.015540259042
   28      0.040180262544      0.009135452503     -0.062842932165
   29      0.000355721701      0.030553593228     -0.026784493405
   30     -0.016730751280      0.021752680935     -0.004296074961
   31      0.050090447782      0.008442558968     -0.009163912461
   32      0.063764910646     -0.062962805988     -0.028840811469
   33      0.078777858124     -0.040261768516      0.027813131313
   34     -0.066455313403     -0.032945985207      0.022351936437
   35      0.024904201016     -0.017799844706      0.028289568062
   36      0.028472351923     -0.023131753122      0.002184827059
   37     -0.059176910716      0.034097570717      0.007376102355
   38      0.011655041793     -0.019505424996      0.011755854221
   39     -0.034113403955     -0.017137351872      0.010677550885
   40      0.065977280803     -0.022533147870      0.022485530098
   41     -0.070731106887      0.065904659015     -0.002516460861
   42      0.023760546165      0.028771154461     -0.014087091745
   43     -0.040329355316     -0.011202422775      0.004859502778
   44     -0.077625798463      0.091454240365     -0.037036309213
   45     -0.032100333335      0.028227802444      0.043742899322
   46     -0.047912766408      0.055918017035     -0.077151356640
   47      0.048585858263     -0.061899670583     -0.061895357084
   48     -0.021080618474      0.012005971764     -0.011708619776
   49     -0.018990436841      0.053793801798      0.006323711627
   50      0.009430446013     -0.098692397945     -0.044651699549
   51      0.004589664254      0.015951320787     -0.014066479167
   52     -0.057671113662      0.055931007609      0.068585580186
   53      0.033090171284      0.043751056061     -0.053221015292
   54     -0.031740127887     -0.004421620997     -0.012558151547
   55      0.070006490482      0.005998588036     -0.024861544918
   56     -0.073284175189      0.034134516416     -0.009905902789
   57     -0.059831963953      0.022730765488      0.017246254717
   58      0.029003652530      0.022090884159      0.029299526514
   59      0.024112727939     -0.005044376296     -0.015367392165
   60     -0.024216035836     -0.040192744007      0.022068506387
   61      0.023845448080      0.001265055127      0.000653336494
   62     -0.023883886988     -0.001144207304     -0.000571874207

Maximal derivative component:        0.154239E+00 au

Dipole moment:    0.02851485   -0.00090346   -0.01881731 au
Dipole moment:    0.07247752   -0.00229638   -0.04782882 Debye


