 Fermi distribution function

Calculation with static geometry


********************************************************************************
 iSCC Total electronic   Diff electronic      SCC error    
   17   -0.10436901E+03   -0.15660362E-09    0.60534479E-05
********************************************************************************

 Total charge:     0.00000000

 Atomic gross charges (e)
 Atom           Charge
    1       0.01881282
    2      -0.01567930
    3       0.02694984
    4       0.00652446
    5       0.02439703
    6       0.04419802
    7      -0.00516179
    8      -0.04453822
    9       0.00773384
   10      -0.02194656
   11       0.01250494
   12      -0.03035588
   13      -0.03719947
   14       0.01530009
   15       0.00764666
   16      -0.01298029
   17       0.00114842
   18      -0.01967146
   19      -0.00960377
   20       0.00965740
   21      -0.02337536
   22      -0.02376922
   23       0.00211313
   24      -0.00854640
   25       0.02477429
   26       0.00458451
   27      -0.04371792
   28       0.05128641
   29      -0.01428931
   30       0.03213541
   31      -0.01375291
   32       0.00701636
   33       0.01614689
   34      -0.01573270
   35       0.00409487
   36       0.04117918
   37      -0.01186912
   38       0.01921358
   39      -0.01509570
   40       0.00200693
   41      -0.02836483
   42       0.00612290
   43      -0.01543177
   44       0.04372866
   45      -0.05793325
   46       0.02456144
   47       0.03244545
   48      -0.02561066
   49       0.00351883
   50      -0.02908451
   51       0.02329573
   52       0.02819918
   53      -0.03037898
   54       0.00092190
   55       0.02755811
   56      -0.02664935
   57      -0.00410777
   58       0.02695231
   59      -0.04078567
   60       0.03188958
   61      -0.00260069
   62      -0.00038632

Nr. of electrons (up):    242.00000000
Atom populations (up)
 Atom       Population
    1       3.98118718
    2       4.01567930
    3       3.97305016
    4       3.99347554
    5       3.97560297
    6       3.95580198
    7       4.00516179
    8       4.04453822
    9       3.99226616
   10       4.02194656
   11       3.98749506
   12       4.03035588
   13       4.03719947
   14       3.98469991
   15       3.99235334
   16       4.01298029
   17       3.99885158
   18       4.01967146
   19       4.00960377
   20       3.99034260
   21       4.02337536
   22       4.02376922
   23       3.99788687
   24       4.00854640
   25       3.97522571
   26       3.99541549
   27       4.04371792
   28       3.94871359
   29       4.01428931
   30       3.96786459
   31       4.01375291
   32       3.99298364
   33       3.98385311
   34       4.01573270
   35       3.99590513
   36       3.95882082
   37       4.01186912
   38       3.98078642
   39       4.01509570
   40       3.99799307
   41       4.02836483
   42       3.99387710
   43       4.01543177
   44       3.95627134
   45       4.05793325
   46       3.97543856
   47       3.96755455
   48       4.02561066
   49       3.99648117
   50       4.02908451
   51       3.97670427
   52       3.97180082
   53       4.03037898
   54       3.99907810
   55       3.97244189
   56       4.02664935
   57       4.00410777
   58       3.97304769
   59       4.04078567
   60       3.96811042
   61       1.00260069
   62       1.00038632

l-shell populations (up)
 Atom Sh.   l       Population
    1   1   0       1.18020185
    1   2   1       2.80098533
    2   1   0       1.22064542
    2   2   1       2.79503387
    3   1   0       1.17189932
    3   2   1       2.80115084
    4   1   0       1.20165661
    4   2   1       2.79181893
    5   1   0       1.18122009
    5   2   1       2.79438288
    6   1   0       1.18977779
    6   2   1       2.76602419
    7   1   0       1.21803428
    7   2   1       2.78712751
    8   1   0       1.21433087
    8   2   1       2.83020735
    9   1   0       1.23830470
    9   2   1       2.75396147
   10   1   0       1.20773118
   10   2   1       2.81421538
   11   1   0       1.19223845
   11   2   1       2.79525661
   12   1   0       1.21803440
   12   2   1       2.81232148
   13   1   0       1.20732314
   13   2   1       2.82987633
   14   1   0       1.19055400
   14   2   1       2.79414591
   15   1   0       1.19061164
   15   2   1       2.80174170
   16   1   0       1.22292244
   16   2   1       2.79005785
   17   1   0       1.21975977
   17   2   1       2.77909180
   18   1   0       1.20407535
   18   2   1       2.81559611
   19   1   0       1.21656709
   19   2   1       2.79303668
   20   1   0       1.20810502
   20   2   1       2.78223758
   21   1   0       1.21414324
   21   2   1       2.80923212
   22   1   0       1.21206874
   22   2   1       2.81170048
   23   1   0       1.22637154
   23   2   1       2.77151533
   24   1   0       1.21904604
   24   2   1       2.78950036
   25   1   0       1.21559743
   25   2   1       2.75962828
   26   1   0       1.17447524
   26   2   1       2.82094026
   27   1   0       1.22697007
   27   2   1       2.81674785
   28   1   0       1.19872096
   28   2   1       2.74999263
   29   1   0       1.18395947
   29   2   1       2.83032984
   30   1   0       1.17451959
   30   2   1       2.79334500
   31   1   0       1.20528136
   31   2   1       2.80847155
   32   1   0       1.18635155
   32   2   1       2.80663209
   33   1   0       1.21514266
   33   2   1       2.76871046
   34   1   0       1.20051254
   34   2   1       2.81522016
   35   1   0       1.17940520
   35   2   1       2.81649993
   36   1   0       1.20790770
   36   2   1       2.75091313
   37   1   0       1.20059991
   37   2   1       2.81126921
   38   1   0       1.20152216
   38   2   1       2.77926427
   39   1   0       1.22708560
   39   2   1       2.78801010
   40   1   0       1.20174506
   40   2   1       2.79624802
   41   1   0       1.23127840
   41   2   1       2.79708643
   42   1   0       1.19600444
   42   2   1       2.79787266
   43   1   0       1.22147720
   43   2   1       2.79395456
   44   1   0       1.18422855
   44   2   1       2.77204279
   45   1   0       1.21560173
   45   2   1       2.84233152
   46   1   0       1.19112313
   46   2   1       2.78431543
   47   1   0       1.18662449
   47   2   1       2.78093006
   48   1   0       1.20095077
   48   2   1       2.82465989
   49   1   0       1.18303561
   49   2   1       2.81344556
   50   1   0       1.23088044
   50   2   1       2.79820407
   51   1   0       1.19120318
   51   2   1       2.78550109
   52   1   0       1.19903274
   52   2   1       2.77276808
   53   1   0       1.21821543
   53   2   1       2.81216355
   54   1   0       1.21543323
   54   2   1       2.78364488
   55   1   0       1.18540564
   55   2   1       2.78703626
   56   1   0       1.21163623
   56   2   1       2.81501312
   57   1   0       1.20139252
   57   2   1       2.80271525
   58   1   0       1.19686713
   58   2   1       2.77618056
   59   1   0       1.23119710
   59   2   1       2.80958857
   60   1   0       1.20484691
   60   2   1       2.76326350
   61   1   0       1.00260069
   62   1   0       1.00038632

Orbital populations (up)
 Atom Sh.   l   m       Population  Label
    1   1   0   0       1.18020185  s
    1   2   1  -1       0.99340607  p_y
    1   2   1   0       0.90185834  p_z
    1   2   1   1       0.90572092  p_x
    2   1   0   0       1.22064542  s
    2   2   1  -1       0.99238525  p_y
    2   2   1   0       0.89675774  p_z
    2   2   1   1       0.90589088  p_x
    3   1   0   0       1.17189932  s
    3   2   1  -1       0.99065514  p_y
    3   2   1   0       0.89678113  p_z
    3   2   1   1       0.91371457  p_x
    4   1   0   0       1.20165661  s
    4   2   1  -1       0.99095137  p_y
    4   2   1   0       0.89087559  p_z
    4   2   1   1       0.90999197  p_x
    5   1   0   0       1.18122009  s
    5   2   1  -1       0.89990873  p_y
    5   2   1   0       0.90932420  p_z
    5   2   1   1       0.98514996  p_x
    6   1   0   0       1.18977779  s
    6   2   1  -1       0.90872776  p_y
    6   2   1   0       0.90664803  p_z
    6   2   1   1       0.95064841  p_x
    7   1   0   0       1.21803428  s
    7   2   1  -1       0.88894876  p_y
    7   2   1   0       0.90459207  p_z
    7   2   1   1       0.99358668  p_x
    8   1   0   0       1.21433087  s
    8   2   1  -1       0.90377766  p_y
    8   2   1   0       0.90914224  p_z
    8   2   1   1       1.01728745  p_x
    9   1   0   0       1.23830470  s
    9   2   1  -1       0.90512820  p_y
    9   2   1   0       0.97358173  p_z
    9   2   1   1       0.87525154  p_x
   10   1   0   0       1.20773118  s
   10   2   1  -1       0.91462729  p_y
   10   2   1   0       1.02121526  p_z
   10   2   1   1       0.87837283  p_x
   11   1   0   0       1.19223845  s
   11   2   1  -1       0.91651236  p_y
   11   2   1   0       0.97996708  p_z
   11   2   1   1       0.89877717  p_x
   12   1   0   0       1.21803440  s
   12   2   1  -1       0.91077827  p_y
   12   2   1   0       1.00242082  p_z
   12   2   1   1       0.89912238  p_x
   13   1   0   0       1.20732314  s
   13   2   1  -1       0.99728903  p_y
   13   2   1   0       0.93417421  p_z
   13   2   1   1       0.89841309  p_x
   14   1   0   0       1.19055400  s
   14   2   1  -1       0.98083958  p_y
   14   2   1   0       0.91422570  p_z
   14   2   1   1       0.89908063  p_x
   15   1   0   0       1.19061164  s
   15   2   1  -1       0.98205689  p_y
   15   2   1   0       0.93501450  p_z
   15   2   1   1       0.88467031  p_x
   16   1   0   0       1.22292244  s
   16   2   1  -1       0.97817870  p_y
   16   2   1   0       0.92836015  p_z
   16   2   1   1       0.88351900  p_x
   17   1   0   0       1.21975977  s
   17   2   1  -1       0.97667331  p_y
   17   2   1   0       0.91411394  p_z
   17   2   1   1       0.88830456  p_x
   18   1   0   0       1.20407535  s
   18   2   1  -1       0.98945384  p_y
   18   2   1   0       0.93894834  p_z
   18   2   1   1       0.88719393  p_x
   19   1   0   0       1.21656709  s
   19   2   1  -1       0.97944967  p_y
   19   2   1   0       0.91762131  p_z
   19   2   1   1       0.89596570  p_x
   20   1   0   0       1.20810502  s
   20   2   1  -1       0.98313712  p_y
   20   2   1   0       0.91332187  p_z
   20   2   1   1       0.88577859  p_x
   21   1   0   0       1.21414324  s
   21   2   1  -1       0.91957967  p_y
   21   2   1   0       0.90595112  p_z
   21   2   1   1       0.98370133  p_x
   22   1   0   0       1.21206874  s
   22   2   1  -1       0.92594215  p_y
   22   2   1   0       0.89352812  p_z
   22   2   1   1       0.99223020  p_x
   23   1   0   0       1.22637154  s
   23   2   1  -1       0.91370680  p_y
   23   2   1   0       0.87637486  p_z
   23   2   1   1       0.98143367  p_x
   24   1   0   0       1.21904604  s
   24   2   1  -1       0.91909528  p_y
   24   2   1   0       0.89856989  p_z
   24   2   1   1       0.97183520  p_x
   25   1   0   0       1.21559743  s
   25   2   1  -1       0.92294126  p_y
   25   2   1   0       0.87903894  p_z
   25   2   1   1       0.95764808  p_x
   26   1   0   0       1.17447524  s
   26   2   1  -1       0.92326726  p_y
   26   2   1   0       0.90782784  p_z
   26   2   1   1       0.98984515  p_x
   27   1   0   0       1.22697007  s
   27   2   1  -1       0.91513465  p_y
   27   2   1   0       0.90592080  p_z
   27   2   1   1       0.99569240  p_x
   28   1   0   0       1.19872096  s
   28   2   1  -1       0.92489250  p_y
   28   2   1   0       0.88119575  p_z
   28   2   1   1       0.94390438  p_x
   29   1   0   0       1.18395947  s
   29   2   1  -1       0.89938610  p_y
   29   2   1   0       0.99585207  p_z
   29   2   1   1       0.93509167  p_x
   30   1   0   0       1.17451959  s
   30   2   1  -1       0.88653124  p_y
   30   2   1   0       0.97514013  p_z
   30   2   1   1       0.93167363  p_x
   31   1   0   0       1.20528136  s
   31   2   1  -1       0.89698135  p_y
   31   2   1   0       0.98829590  p_z
   31   2   1   1       0.92319430  p_x
   32   1   0   0       1.18635155  s
   32   2   1  -1       0.89784101  p_y
   32   2   1   0       0.97138452  p_z
   32   2   1   1       0.93740656  p_x
   33   1   0   0       1.21514266  s
   33   2   1  -1       0.88587828  p_y
   33   2   1   0       0.96578111  p_z
   33   2   1   1       0.91705107  p_x
   34   1   0   0       1.20051254  s
   34   2   1  -1       0.90501014  p_y
   34   2   1   0       0.98079495  p_z
   34   2   1   1       0.92941506  p_x
   35   1   0   0       1.17940520  s
   35   2   1  -1       0.88626515  p_y
   35   2   1   0       0.99092069  p_z
   35   2   1   1       0.93931409  p_x
   36   1   0   0       1.20790770  s
   36   2   1  -1       0.88030112  p_y
   36   2   1   0       0.96205176  p_z
   36   2   1   1       0.90856024  p_x
   37   1   0   0       1.20059991  s
   37   2   1  -1       0.94397882  p_y
   37   2   1   0       0.91070445  p_z
   37   2   1   1       0.95658594  p_x
   38   1   0   0       1.20152216  s
   38   2   1  -1       0.95796728  p_y
   38   2   1   0       0.89847142  p_z
   38   2   1   1       0.92282557  p_x
   39   1   0   0       1.22708560  s
   39   2   1  -1       0.93579072  p_y
   39   2   1   0       0.90327192  p_z
   39   2   1   1       0.94894746  p_x
   40   1   0   0       1.20174506  s
   40   2   1  -1       0.94061678  p_y
   40   2   1   0       0.89764954  p_z
   40   2   1   1       0.95798169  p_x
   41   1   0   0       1.23127840  s
   41   2   1  -1       0.93435558  p_y
   41   2   1   0       0.90548042  p_z
   41   2   1   1       0.95725044  p_x
   42   1   0   0       1.19600444  s
   42   2   1  -1       0.96419022  p_y
   42   2   1   0       0.90616474  p_z
   42   2   1   1       0.92751770  p_x
   43   1   0   0       1.22147720  s
   43   2   1  -1       0.93826167  p_y
   43   2   1   0       0.90093092  p_z
   43   2   1   1       0.95476198  p_x
   44   1   0   0       1.18422855  s
   44   2   1  -1       0.92620457  p_y
   44   2   1   0       0.90755098  p_z
   44   2   1   1       0.93828724  p_x
   45   1   0   0       1.21560173  s
   45   2   1  -1       0.91317843  p_y
   45   2   1   0       0.95877680  p_z
   45   2   1   1       0.97037628  p_x
   46   1   0   0       1.19112313  s
   46   2   1  -1       0.90030844  p_y
   46   2   1   0       0.94618514  p_z
   46   2   1   1       0.93782184  p_x
   47   1   0   0       1.18662449  s
   47   2   1  -1       0.90115961  p_y
   47   2   1   0       0.94303468  p_z
   47   2   1   1       0.93673577  p_x
   48   1   0   0       1.20095077  s
   48   2   1  -1       0.91606850  p_y
   48   2   1   0       0.95990153  p_z
   48   2   1   1       0.94868985  p_x
   49   1   0   0       1.18303561  s
   49   2   1  -1       0.90932865  p_y
   49   2   1   0       0.95844063  p_z
   49   2   1   1       0.94567628  p_x
   50   1   0   0       1.23088044  s
   50   2   1  -1       0.89594425  p_y
   50   2   1   0       0.94029479  p_z
   50   2   1   1       0.96196503  p_x
   51   1   0   0       1.19120318  s
   51   2   1  -1       0.90668199  p_y
   51   2   1   0       0.93553552  p_z
   51   2   1   1       0.94328358  p_x
   52   1   0   0       1.19903274  s
   52   2   1  -1       0.89015541  p_y
   52   2   1   0       0.93668179  p_z
   52   2   1   1       0.94593087  p_x
   53   1   0   0       1.21821543  s
   53   2   1  -1       0.94145963  p_y
   53   2   1   0       0.96312183  p_z
   53   2   1   1       0.90758209  p_x
   54   1   0   0       1.21543323  s
   54   2   1  -1       0.94632155  p_y
   54   2   1   0       0.92993464  p_z
   54   2   1   1       0.90738869  p_x
   55   1   0   0       1.18540564  s
   55   2   1  -1       0.93443220  p_y
   55   2   1   0       0.94432156  p_z
   55   2   1   1       0.90828250  p_x
   56   1   0   0       1.21163623  s
   56   2   1  -1       0.95498383  p_y
   56   2   1   0       0.95263873  p_z
   56   2   1   1       0.90739056  p_x
   57   1   0   0       1.20139252  s
   57   2   1  -1       0.94349335  p_y
   57   2   1   0       0.94736540  p_z
   57   2   1   1       0.91185650  p_x
   58   1   0   0       1.19686713  s
   58   2   1  -1       0.93846505  p_y
   58   2   1   0       0.93278162  p_z
   58   2   1   1       0.90493389  p_x
   59   1   0   0       1.23119710  s
   59   2   1  -1       0.95464180  p_y
   59   2   1   0       0.95729247  p_z
   59   2   1   1       0.89765430  p_x
   60   1   0   0       1.20484691  s
   60   2   1  -1       0.94244730  p_y
   60   2   1   0       0.93050744  p_z
   60   2   1   1       0.89030876  p_x
   61   1   0   0       1.00260069  s
   62   1   0   0       1.00038632  s

Fermi level:                        -0.1763314108 H           -4.7982 eV
Band energy:                      -104.4606258910 H        -2842.5183 eV
TS:                                  0.0000000001 H            0.0000 eV
Band free energy (E-TS):          -104.4606258911 H        -2842.5183 eV
Extrapolated E(0K):               -104.4606258911 H        -2842.5183 eV
Input / Output electrons (q):    241.9999999998    241.9999999998

Energy H0:                        -104.3697255386 H        -2840.0447 eV
Energy SCC:                          0.0007148538 H            0.0195 eV
Total Electronic energy:          -104.3690106848 H        -2840.0253 eV
Repulsive energy:                    1.6029850300 H           43.6194 eV
Total energy:                     -102.7660256548 H        -2796.4058 eV
Extrapolated to 0:                -102.7660256549 H        -2796.4058 eV
Total Mermin free energy:         -102.7660256549 H        -2796.4058 eV
Force related energy:             -102.7660256549 H        -2796.4058 eV

SCC converged

Total Forces
    1      0.020077816815      0.007592439405      0.065616888752
    2     -0.027209518661     -0.002117781655     -0.026405452983
    3      0.002786599863      0.012703332090     -0.067034606611
    4     -0.012288669045      0.009255877307      0.016239987993
    5     -0.005016579874      0.038793714123      0.000696980933
    6     -0.012303198428     -0.008194762003      0.022121163771
    7     -0.021850329471     -0.108920629065      0.007369501734
    8      0.020676080192     -0.021935600539      0.044416356230
    9     -0.079560169072      0.011883890961      0.027079892907
   10      0.116952441727     -0.046192762548      0.025844297777
   11     -0.013666701444     -0.013854945921     -0.014377385654
   12     -0.024540370100     -0.011555411387      0.023865662787
   13     -0.024176723679     -0.001097201919      0.010463631170
   14     -0.007669250073     -0.020092804537      0.047088467039
   15     -0.001300062482     -0.012652681009     -0.002330143428
   16      0.035043416175     -0.021299514467      0.000878106981
   17      0.060284605164     -0.022685315879      0.005605088277
   18     -0.061527625286     -0.032269292733      0.010404603448
   19      0.032036425184      0.016413037739     -0.042281193356
   20      0.000054616463      0.016548468936     -0.021608046516
   21     -0.006795091211     -0.013478046601      0.030064316231
   22      0.019597067122      0.034972905596      0.020756107924
   23      0.012738239998      0.084503375669      0.049808240840
   24     -0.006440888793      0.056293517940      0.031608880857
   25     -0.026917140859     -0.002239326953     -0.046654589368
   26     -0.019378522732      0.037908696410      0.037874540933
   27     -0.008940810345      0.056772759981     -0.010524929372
   28      0.022682543063     -0.028891138223     -0.071852635760
   29     -0.046398810892     -0.055465410432      0.038213622611
   30      0.015213541999      0.077227873499     -0.012306231403
   31     -0.005742059324     -0.016825687116     -0.019731230405
   32      0.006213319083      0.025753225988      0.000147605351
   33     -0.020405450624     -0.035046745192     -0.017495452446
   34      0.027917503600     -0.009451440517     -0.023209807364
   35     -0.049058494829     -0.015794394253     -0.031550367321
   36      0.008198499676     -0.015710380580     -0.021985703484
   37     -0.028371368357      0.010796722462      0.022622317596
   38     -0.032574876635     -0.032309704346      0.002855601489
   39      0.023760739980      0.032381283325      0.055292860313
   40      0.021698823745     -0.005515004667      0.025545284854
   41     -0.000571380245     -0.042065204783     -0.072647427530
   42     -0.005517408800      0.000001185278     -0.018105945579
   43     -0.036398083514     -0.010268656198     -0.054880310497
   44      0.008756421607      0.004223465382      0.006429409462
   45     -0.002718588233      0.026913750959      0.016603946837
   46      0.083225059285     -0.019277788129      0.057514342477
   47     -0.001190050030     -0.037430588308     -0.042055490699
   48      0.024864178538     -0.016523646720      0.013960577532
   49      0.003769225421     -0.009295194519     -0.025171294736
   50      0.008139856382      0.003197490022     -0.026999432089
   51     -0.061851084011      0.027443841802     -0.058817842488
   52      0.082045949556     -0.013078276376     -0.060572006241
   53     -0.015155494205      0.016321311754      0.013832034309
   54      0.000788812989     -0.037311074625      0.045880759570
   55     -0.016034807672     -0.000976073284     -0.029192936020
   56     -0.044466705207      0.037148757172     -0.003799557443
   57      0.033471621179      0.036483199585      0.029700857635
   58      0.034722488864      0.023277547589      0.024929162522
   59      0.036667967620     -0.006892691488     -0.000702697888
   60     -0.036531342429      0.041910451866     -0.009736418934
   61      0.023204330885     -0.010781966330     -0.001688130631
   62     -0.023020535613      0.010775020464      0.002386167103

Maximal derivative component:        0.116952E+00 au

Dipole moment:   -0.09612568    0.12254531   -0.03189922 au
Dipole moment:   -0.24432713    0.31147913   -0.08107975 Debye


