 Fermi distribution function

Calculation with static geometry


********************************************************************************
 iSCC Total electronic   Diff electronic      SCC error    
   17   -0.10437194E+03   -0.11488055E-09    0.68383798E-05
********************************************************************************

 Total charge:    -0.00000000

 Atomic gross charges (e)
 Atom           Charge
    1      -0.03020390
    2      -0.05554159
    3       0.03352208
    4       0.05689988
    5       0.00297773
    6       0.02048138
    7       0.02168710
    8       0.00251389
    9      -0.00261964
   10       0.01614742
   11      -0.00242862
   12      -0.03616185
   13       0.03990200
   14       0.02528335
   15       0.01370839
   16      -0.01857490
   17       0.05955180
   18      -0.02895915
   19      -0.01279498
   20      -0.04838697
   21       0.01950155
   22      -0.04233894
   23      -0.02438460
   24      -0.01311838
   25       0.02631329
   26      -0.01858007
   27      -0.01009838
   28       0.00172171
   29       0.02080941
   30       0.02468641
   31       0.01743770
   32       0.01678381
   33      -0.01852990
   34       0.00042482
   35      -0.00857417
   36       0.01488643
   37       0.02794471
   38       0.00345860
   39       0.03575067
   40      -0.04778757
   41       0.02141567
   42       0.00602989
   43       0.00830201
   44      -0.03706733
   45      -0.00589486
   46       0.00952938
   47       0.00930812
   48      -0.04543098
   49       0.00674842
   50      -0.00825483
   51       0.03415348
   52      -0.01821550
   53       0.01368454
   54       0.00446500
   55      -0.00418015
   56      -0.00967639
   57       0.00092962
   58      -0.00523855
   59      -0.02626492
   60      -0.03316834
   61      -0.00266599
   62      -0.00181884

Nr. of electrons (up):    242.00000000
Atom populations (up)
 Atom       Population
    1       4.03020390
    2       4.05554159
    3       3.96647792
    4       3.94310012
    5       3.99702227
    6       3.97951862
    7       3.97831290
    8       3.99748611
    9       4.00261964
   10       3.98385258
   11       4.00242862
   12       4.03616185
   13       3.96009800
   14       3.97471665
   15       3.98629161
   16       4.01857490
   17       3.94044820
   18       4.02895915
   19       4.01279498
   20       4.04838697
   21       3.98049845
   22       4.04233894
   23       4.02438460
   24       4.01311838
   25       3.97368671
   26       4.01858007
   27       4.01009838
   28       3.99827829
   29       3.97919059
   30       3.97531359
   31       3.98256230
   32       3.98321619
   33       4.01852990
   34       3.99957518
   35       4.00857417
   36       3.98511357
   37       3.97205529
   38       3.99654140
   39       3.96424933
   40       4.04778757
   41       3.97858433
   42       3.99397011
   43       3.99169799
   44       4.03706733
   45       4.00589486
   46       3.99047062
   47       3.99069188
   48       4.04543098
   49       3.99325158
   50       4.00825483
   51       3.96584652
   52       4.01821550
   53       3.98631546
   54       3.99553500
   55       4.00418015
   56       4.00967639
   57       3.99907038
   58       4.00523855
   59       4.02626492
   60       4.03316834
   61       1.00266599
   62       1.00181884

l-shell populations (up)
 Atom Sh.   l       Population
    1   1   0       1.19833044
    1   2   1       2.83187346
    2   1   0       1.21838727
    2   2   1       2.83715432
    3   1   0       1.20027390
    3   2   1       2.76620402
    4   1   0       1.18681714
    4   2   1       2.75628298
    5   1   0       1.19080665
    5   2   1       2.80621562
    6   1   0       1.19155535
    6   2   1       2.78796327
    7   1   0       1.18798290
    7   2   1       2.79032999
    8   1   0       1.19126367
    8   2   1       2.80622244
    9   1   0       1.21779905
    9   2   1       2.78482059
   10   1   0       1.17190796
   10   2   1       2.81194462
   11   1   0       1.21401605
   11   2   1       2.78841257
   12   1   0       1.24469340
   12   2   1       2.79146845
   13   1   0       1.19694627
   13   2   1       2.76315173
   14   1   0       1.18901944
   14   2   1       2.78569721
   15   1   0       1.19001956
   15   2   1       2.79627205
   16   1   0       1.21148121
   16   2   1       2.80709369
   17   1   0       1.18036206
   17   2   1       2.76008615
   18   1   0       1.20569307
   18   2   1       2.82326608
   19   1   0       1.19971669
   19   2   1       2.81307828
   20   1   0       1.20791705
   20   2   1       2.84046992
   21   1   0       1.21019595
   21   2   1       2.77030250
   22   1   0       1.23495374
   22   2   1       2.80738521
   23   1   0       1.22927320
   23   2   1       2.79511140
   24   1   0       1.22012252
   24   2   1       2.79299586
   25   1   0       1.21907595
   25   2   1       2.75461076
   26   1   0       1.19642613
   26   2   1       2.82215394
   27   1   0       1.21971863
   27   2   1       2.79037976
   28   1   0       1.20655260
   28   2   1       2.79172569
   29   1   0       1.20634429
   29   2   1       2.77284629
   30   1   0       1.16069553
   30   2   1       2.81461807
   31   1   0       1.20340405
   31   2   1       2.77915825
   32   1   0       1.18340121
   32   2   1       2.79981498
   33   1   0       1.21907485
   33   2   1       2.79945505
   34   1   0       1.21873235
   34   2   1       2.78084284
   35   1   0       1.21820001
   35   2   1       2.79037416
   36   1   0       1.20482925
   36   2   1       2.78028432
   37   1   0       1.20952974
   37   2   1       2.76252555
   38   1   0       1.20390307
   38   2   1       2.79263832
   39   1   0       1.19916129
   39   2   1       2.76508804
   40   1   0       1.21229828
   40   2   1       2.83548929
   41   1   0       1.18975443
   41   2   1       2.78882990
   42   1   0       1.20153126
   42   2   1       2.79243885
   43   1   0       1.17435345
   43   2   1       2.81734454
   44   1   0       1.22026129
   44   2   1       2.81680604
   45   1   0       1.21075536
   45   2   1       2.79513950
   46   1   0       1.19012444
   46   2   1       2.80034618
   47   1   0       1.21905011
   47   2   1       2.77164176
   48   1   0       1.21735360
   48   2   1       2.82807738
   49   1   0       1.18390601
   49   2   1       2.80934558
   50   1   0       1.23111772
   50   2   1       2.77713711
   51   1   0       1.17729472
   51   2   1       2.78855179
   52   1   0       1.21707081
   52   2   1       2.80114469
   53   1   0       1.19110694
   53   2   1       2.79520853
   54   1   0       1.20245399
   54   2   1       2.79308102
   55   1   0       1.22600162
   55   2   1       2.77817854
   56   1   0       1.20141565
   56   2   1       2.80826074
   57   1   0       1.19420036
   57   2   1       2.80487001
   58   1   0       1.21104539
   58   2   1       2.79419315
   59   1   0       1.21948975
   59   2   1       2.80677517
   60   1   0       1.23819574
   60   2   1       2.79497259
   61   1   0       1.00266599
   62   1   0       1.00181884

Orbital populations (up)
 Atom Sh.   l   m       Population  Label
    1   1   0   0       1.19833044  s
    1   2   1  -1       1.01650265  p_y
    1   2   1   0       0.90260561  p_z
    1   2   1   1       0.91276521  p_x
    2   1   0   0       1.21838727  s
    2   2   1  -1       1.02716320  p_y
    2   2   1   0       0.89769180  p_z
    2   2   1   1       0.91229933  p_x
    3   1   0   0       1.20027390  s
    3   2   1  -1       0.96476399  p_y
    3   2   1   0       0.89763113  p_z
    3   2   1   1       0.90380890  p_x
    4   1   0   0       1.18681714  s
    4   2   1  -1       0.96317753  p_y
    4   2   1   0       0.88592531  p_z
    4   2   1   1       0.90718013  p_x
    5   1   0   0       1.19080665  s
    5   2   1  -1       0.90560456  p_y
    5   2   1   0       0.90584143  p_z
    5   2   1   1       0.99476963  p_x
    6   1   0   0       1.19155535  s
    6   2   1  -1       0.90073441  p_y
    6   2   1   0       0.90769986  p_z
    6   2   1   1       0.97952900  p_x
    7   1   0   0       1.18798290  s
    7   2   1  -1       0.89149531  p_y
    7   2   1   0       0.91440212  p_z
    7   2   1   1       0.98443255  p_x
    8   1   0   0       1.19126367  s
    8   2   1  -1       0.90654355  p_y
    8   2   1   0       0.91216295  p_z
    8   2   1   1       0.98751594  p_x
    9   1   0   0       1.21779905  s
    9   2   1  -1       0.91147334  p_y
    9   2   1   0       0.98194187  p_z
    9   2   1   1       0.89140538  p_x
   10   1   0   0       1.17190796  s
   10   2   1  -1       0.92531753  p_y
   10   2   1   0       0.99506025  p_z
   10   2   1   1       0.89156685  p_x
   11   1   0   0       1.21401605  s
   11   2   1  -1       0.91252662  p_y
   11   2   1   0       0.97724886  p_z
   11   2   1   1       0.89863709  p_x
   12   1   0   0       1.24469340  s
   12   2   1  -1       0.90407686  p_y
   12   2   1   0       0.99285201  p_z
   12   2   1   1       0.89453958  p_x
   13   1   0   0       1.19694627  s
   13   2   1  -1       0.96057139  p_y
   13   2   1   0       0.92021011  p_z
   13   2   1   1       0.88237023  p_x
   14   1   0   0       1.18901944  s
   14   2   1  -1       0.97551628  p_y
   14   2   1   0       0.91185543  p_z
   14   2   1   1       0.89832550  p_x
   15   1   0   0       1.19001956  s
   15   2   1  -1       0.97262719  p_y
   15   2   1   0       0.92181729  p_z
   15   2   1   1       0.90182758  p_x
   16   1   0   0       1.21148121  s
   16   2   1  -1       0.98328864  p_y
   16   2   1   0       0.93070870  p_z
   16   2   1   1       0.89309636  p_x
   17   1   0   0       1.18036206  s
   17   2   1  -1       0.95668856  p_y
   17   2   1   0       0.92175908  p_z
   17   2   1   1       0.88163851  p_x
   18   1   0   0       1.20569307  s
   18   2   1  -1       0.98768372  p_y
   18   2   1   0       0.91903202  p_z
   18   2   1   1       0.91655034  p_x
   19   1   0   0       1.19971669  s
   19   2   1  -1       1.00491454  p_y
   19   2   1   0       0.91492754  p_z
   19   2   1   1       0.89323620  p_x
   20   1   0   0       1.20791705  s
   20   2   1  -1       1.00659951  p_y
   20   2   1   0       0.93488032  p_z
   20   2   1   1       0.89899009  p_x
   21   1   0   0       1.21019595  s
   21   2   1  -1       0.91251722  p_y
   21   2   1   0       0.88813592  p_z
   21   2   1   1       0.96964936  p_x
   22   1   0   0       1.23495374  s
   22   2   1  -1       0.91649101  p_y
   22   2   1   0       0.89636719  p_z
   22   2   1   1       0.99452700  p_x
   23   1   0   0       1.22927320  s
   23   2   1  -1       0.93431498  p_y
   23   2   1   0       0.88217110  p_z
   23   2   1   1       0.97862532  p_x
   24   1   0   0       1.22012252  s
   24   2   1  -1       0.92483559  p_y
   24   2   1   0       0.88922825  p_z
   24   2   1   1       0.97893203  p_x
   25   1   0   0       1.21907595  s
   25   2   1  -1       0.89559874  p_y
   25   2   1   0       0.88692523  p_z
   25   2   1   1       0.97208678  p_x
   26   1   0   0       1.19642613  s
   26   2   1  -1       0.94194881  p_y
   26   2   1   0       0.89066577  p_z
   26   2   1   1       0.98953937  p_x
   27   1   0   0       1.21971863  s
   27   2   1  -1       0.90899314  p_y
   27   2   1   0       0.88535861  p_z
   27   2   1   1       0.99602802  p_x
   28   1   0   0       1.20655260  s
   28   2   1  -1       0.93248125  p_y
   28   2   1   0       0.88690066  p_z
   28   2   1   1       0.97234377  p_x
   29   1   0   0       1.20634429  s
   29   2   1  -1       0.88762635  p_y
   29   2   1   0       0.97304213  p_z
   29   2   1   1       0.91217781  p_x
   30   1   0   0       1.16069553  s
   30   2   1  -1       0.89164657  p_y
   30   2   1   0       0.98646775  p_z
   30   2   1   1       0.93650375  p_x
   31   1   0   0       1.20340405  s
   31   2   1  -1       0.88482299  p_y
   31   2   1   0       0.97580442  p_z
   31   2   1   1       0.91853083  p_x
   32   1   0   0       1.18340121  s
   32   2   1  -1       0.89859398  p_y
   32   2   1   0       0.97985347  p_z
   32   2   1   1       0.92136754  p_x
   33   1   0   0       1.21907485  s
   33   2   1  -1       0.88672859  p_y
   33   2   1   0       0.98287564  p_z
   33   2   1   1       0.92985083  p_x
   34   1   0   0       1.21873235  s
   34   2   1  -1       0.88726014  p_y
   34   2   1   0       0.96917511  p_z
   34   2   1   1       0.92440759  p_x
   35   1   0   0       1.21820001  s
   35   2   1  -1       0.88466976  p_y
   35   2   1   0       0.98376784  p_z
   35   2   1   1       0.92193656  p_x
   36   1   0   0       1.20482925  s
   36   2   1  -1       0.89688082  p_y
   36   2   1   0       0.97277936  p_z
   36   2   1   1       0.91062414  p_x
   37   1   0   0       1.20952974  s
   37   2   1  -1       0.92204061  p_y
   37   2   1   0       0.88878974  p_z
   37   2   1   1       0.95169520  p_x
   38   1   0   0       1.20390307  s
   38   2   1  -1       0.94118397  p_y
   38   2   1   0       0.90398596  p_z
   38   2   1   1       0.94746839  p_x
   39   1   0   0       1.19916129  s
   39   2   1  -1       0.92388912  p_y
   39   2   1   0       0.90413882  p_z
   39   2   1   1       0.93706011  p_x
   40   1   0   0       1.21229828  s
   40   2   1  -1       0.99948352  p_y
   40   2   1   0       0.89730887  p_z
   40   2   1   1       0.93869691  p_x
   41   1   0   0       1.18975443  s
   41   2   1  -1       0.93442659  p_y
   41   2   1   0       0.90095419  p_z
   41   2   1   1       0.95344911  p_x
   42   1   0   0       1.20153126  s
   42   2   1  -1       0.94493951  p_y
   42   2   1   0       0.90393129  p_z
   42   2   1   1       0.94356805  p_x
   43   1   0   0       1.17435345  s
   43   2   1  -1       0.96740833  p_y
   43   2   1   0       0.91285323  p_z
   43   2   1   1       0.93708298  p_x
   44   1   0   0       1.22026129  s
   44   2   1  -1       0.95699924  p_y
   44   2   1   0       0.90917644  p_z
   44   2   1   1       0.95063037  p_x
   45   1   0   0       1.21075536  s
   45   2   1  -1       0.89698682  p_y
   45   2   1   0       0.94256080  p_z
   45   2   1   1       0.95559189  p_x
   46   1   0   0       1.19012444  s
   46   2   1  -1       0.91257360  p_y
   46   2   1   0       0.94558895  p_z
   46   2   1   1       0.94218363  p_x
   47   1   0   0       1.21905011  s
   47   2   1  -1       0.89429480  p_y
   47   2   1   0       0.94689014  p_z
   47   2   1   1       0.93045683  p_x
   48   1   0   0       1.21735360  s
   48   2   1  -1       0.90516629  p_y
   48   2   1   0       0.95859524  p_z
   48   2   1   1       0.96431585  p_x
   49   1   0   0       1.18390601  s
   49   2   1  -1       0.90671835  p_y
   49   2   1   0       0.95680357  p_z
   49   2   1   1       0.94582366  p_x
   50   1   0   0       1.23111772  s
   50   2   1  -1       0.89967370  p_y
   50   2   1   0       0.94070635  p_z
   50   2   1   1       0.93675705  p_x
   51   1   0   0       1.17729472  s
   51   2   1  -1       0.90517996  p_y
   51   2   1   0       0.93882167  p_z
   51   2   1   1       0.94455016  p_x
   52   1   0   0       1.21707081  s
   52   2   1  -1       0.89828407  p_y
   52   2   1   0       0.95819982  p_z
   52   2   1   1       0.94466080  p_x
   53   1   0   0       1.19110694  s
   53   2   1  -1       0.94578824  p_y
   53   2   1   0       0.95008717  p_z
   53   2   1   1       0.89933312  p_x
   54   1   0   0       1.20245399  s
   54   2   1  -1       0.93507364  p_y
   54   2   1   0       0.95276126  p_z
   54   2   1   1       0.90524612  p_x
   55   1   0   0       1.22600162  s
   55   2   1  -1       0.93814786  p_y
   55   2   1   0       0.94767189  p_z
   55   2   1   1       0.89235879  p_x
   56   1   0   0       1.20141565  s
   56   2   1  -1       0.94682316  p_y
   56   2   1   0       0.96228444  p_z
   56   2   1   1       0.89915315  p_x
   57   1   0   0       1.19420036  s
   57   2   1  -1       0.95467762  p_y
   57   2   1   0       0.95390770  p_z
   57   2   1   1       0.89628470  p_x
   58   1   0   0       1.21104539  s
   58   2   1  -1       0.94940076  p_y
   58   2   1   0       0.94108787  p_z
   58   2   1   1       0.90370452  p_x
   59   1   0   0       1.21948975  s
   59   2   1  -1       0.94475880  p_y
   59   2   1   0       0.96214520  p_z
   59   2   1   1       0.89987118  p_x
   60   1   0   0       1.23819574  s
   60   2   1  -1       0.95899769  p_y
   60   2   1   0       0.93775415  p_z
   60   2   1   1       0.89822076  p_x
   61   1   0   0       1.00266599  s
   62   1   0   0       1.00181884  s

Fermi level:                        -0.1745806465 H           -4.7506 eV
Band energy:                      -104.4730344677 H        -2842.8559 eV
TS:                                  0.0000000000 H            0.0000 eV
Band free energy (E-TS):          -104.4730344677 H        -2842.8559 eV
Extrapolated E(0K):               -104.4730344677 H        -2842.8559 eV
Input / Output electrons (q):    242.0000000002    242.0000000002

Energy H0:                        -104.3726680277 H        -2840.1248 eV
Energy SCC:                          0.0007293561 H            0.0198 eV
Total Electronic energy:          -104.3719386716 H        -2840.1050 eV
Repulsive energy:                    1.6607643970 H           45.1917 eV
Total energy:                     -102.7111742746 H        -2794.9133 eV
Extrapolated to 0:                -102.7111742746 H        -2794.9133 eV
Total Mermin free energy:         -102.7111742747 H        -2794.9133 eV
Force related energy:             -102.7111742747 H        -2794.9133 eV

SCC converged

Total Forces
    1     -0.023923334363     -0.000638032200      0.009043711855
    2     -0.013675655120      0.007420119588     -0.004510528274
    3      0.049887525686      0.007309945508     -0.000671002415
    4      0.013165857986     -0.042477757730      0.023139032630
    5     -0.005547737463      0.061136177045     -0.032705452317
    6      0.015019180455      0.132461310851      0.027067447413
    7     -0.007700249662     -0.103978162515     -0.040357594389
    8      0.016608382059     -0.129241698104     -0.004742237223
    9      0.032773292591      0.002972281411     -0.010034419278
   10      0.066020594805     -0.062253620511      0.029895975923
   11     -0.010811349715     -0.000700616741      0.000940152636
   12     -0.016878036424     -0.014177998506      0.039111928401
   13      0.025150139164     -0.018282101703      0.057839767092
   14      0.032214730801      0.039087866956     -0.011433444423
   15     -0.057384779263     -0.016595267064      0.028980475005
   16     -0.058637479625      0.025771307676     -0.003326793401
   17      0.009550571978     -0.058052422969     -0.041103845918
   18     -0.040309825063     -0.052899516510     -0.022735118890
   19      0.024970160519      0.021528167338     -0.004746032525
   20      0.022876501955      0.020723701215     -0.031983454132
   21     -0.010363327571      0.025462457622      0.000555777773
   22     -0.004886618112     -0.057477470716      0.042670709996
   23     -0.044042929626     -0.002888648037      0.073863612448
   24      0.019949790274     -0.003539763285      0.021453545003
   25     -0.027118062515      0.104299325793      0.036540675353
   26     -0.006173839649      0.002215430138      0.024302531669
   27      0.014129156081      0.022802503625      0.003723500201
   28      0.001950388149     -0.016361843926     -0.028353864212
   29     -0.001740995996      0.015454816750     -0.005381018087
   30      0.054875379988      0.111019472867      0.019575117637
   31      0.002129157137      0.035431323500      0.015982814268
   32      0.009022531422     -0.097018783191     -0.065566295472
   33     -0.030288836833     -0.059508726415     -0.022837120648
   34     -0.016453521609      0.013139922649      0.020218716273
   35     -0.004638282051     -0.032284153821      0.003806066261
   36      0.017160492066      0.087569949198     -0.058871861409
   37     -0.066838006288      0.010660836791      0.065127058566
   38     -0.011583741129     -0.007601861655      0.017394176765
   39     -0.015365580120      0.021024295626     -0.040213191712
   40      0.026446626366     -0.005333248652     -0.046767178436
   41      0.018018650797     -0.008837378379     -0.003774212108
   42      0.102331438226      0.057506559654     -0.036326183141
   43     -0.013782464370      0.006224585644     -0.005816399711
   44      0.006506955784     -0.034848894659      0.005530317497
   45     -0.007811665989      0.029894510047      0.019824438092
   46     -0.015911191100     -0.066915895181      0.002186596423
   47      0.045382082513     -0.034122994353     -0.062492026244
   48      0.021534870611     -0.112588652832     -0.010656191184
   49      0.015868851187      0.078572782519      0.040769712330
   50      0.001588064627      0.011397159522     -0.019508812594
   51     -0.125997646341      0.031785214765     -0.106976260709
   52     -0.015028265555     -0.022318659246     -0.002826343254
   53     -0.028199935092     -0.071301024060      0.047521145650
   54      0.026616929325      0.050951639691     -0.033766376990
   55      0.034011765930     -0.005912223577     -0.008117186497
   56      0.015532131368      0.075116791568      0.081076309278
   57     -0.054390982950      0.072375270294      0.031920094924
   58     -0.023782067495     -0.033216082288     -0.034972346991
   59      0.052306664489     -0.025786594554      0.025788195926
   60     -0.034400681265      0.016051400071     -0.014425716241
   61      0.051208105094     -0.013898415135     -0.021657151680
   62     -0.051139881078      0.013691382595      0.021806057218

Maximal derivative component:        0.132461E+00 au

Dipole moment:    0.01335677    0.05329252    0.04439200 au
Dipole moment:    0.03394952    0.13545608    0.11283321 Debye


