\BOOKMARK [0][-]{chapter.1}{Introduction}{}% 1
\BOOKMARK [0][-]{chapter.2}{Theoretical\040Background}{}% 2
\BOOKMARK [1][-]{section.2.1}{The\040Born-Oppenheimer\040Approximation}{chapter.2}% 3
\BOOKMARK [1][-]{section.2.2}{Diffusion\040Quantum\040Monte\040Carlo}{chapter.2}% 4
\BOOKMARK [1][-]{section.2.3}{The\040DQMC\040Algorithm}{chapter.2}% 5
\BOOKMARK [1][-]{section.2.4}{Gaussian\040Trial\040Wave\040Functions}{chapter.2}% 6
\BOOKMARK [1][-]{section.2.5}{Implementation\040Details\040and\040Improvements}{chapter.2}% 7
\BOOKMARK [2][-]{subsection.2.5.1}{Energy\040Calculations}{section.2.5}% 8
\BOOKMARK [2][-]{subsection.2.5.2}{Metropolis\040Step}{section.2.5}% 9
\BOOKMARK [2][-]{subsection.2.5.3}{Initial\040Configuration\040and\040Walker\040Initialization}{section.2.5}% 10
\BOOKMARK [2][-]{subsection.2.5.4}{Parallelization}{section.2.5}% 11
\BOOKMARK [1][-]{section.2.6}{Unguided\040DQMC}{chapter.2}% 12
\BOOKMARK [0][-]{chapter.3}{Results}{}% 13
\BOOKMARK [1][-]{section.3.1}{Ethane}{chapter.3}% 14
\BOOKMARK [1][-]{section.3.2}{Buckminsterfullerene}{chapter.3}% 15
\BOOKMARK [1][-]{section.3.3}{Endohedral\040Hydrogen\040Fullerene}{chapter.3}% 16
\BOOKMARK [0][-]{chapter.4}{Conclusion\040and\040Outlook}{}% 17
\BOOKMARK [0][-]{appendix.1.A}{The\040Box-Muller\040Algorithm}{}% 18
\BOOKMARK [0][-]{appendix.1.B}{The\040Metropolis\040Algorithm}{}% 19
\BOOKMARK [0][-]{appendix.1.C}{Numerical\040Derrivatives\040for\040EL\(x\),\040v\(x\)\040and\040the\040Hessian\040Matrix}{}% 20
\BOOKMARK [0][-]{appendix.1.D}{Gradient\040Descent}{}% 21
\BOOKMARK [0][-]{appendix.1.E}{Input\040and\040Output\040Files}{}% 22
\BOOKMARK [0][-]{appendix*.8}{Bibliography}{}% 23
