 KPT            1  SPIN            1  KWEIGHT    1.0000000000000000     
     1   -20.903  2.00000
     2   -20.519  2.00000
     3   -20.482  2.00000
     4   -20.400  2.00000
     5   -19.734  2.00000
     6   -19.685  2.00000
     7   -19.625  2.00000
     8   -19.599  2.00000
     9   -19.530  2.00000
    10   -18.719  2.00000
    11   -18.685  2.00000
    12   -18.648  2.00000
    13   -18.307  2.00000
    14   -18.274  2.00000
    15   -18.232  2.00000
    16   -18.150  2.00000
    17   -17.193  2.00000
    18   -17.113  2.00000
    19   -17.067  2.00000
    20   -17.035  2.00000
    21   -16.961  2.00000
    22   -16.881  2.00000
    23   -16.873  2.00000
    24   -16.846  2.00000
    25   -16.779  2.00000
    26   -15.959  2.00000
    27   -15.877  2.00000
    28   -15.820  2.00000
    29   -15.804  2.00000
    30   -15.736  2.00000
    31   -15.057  2.00000
    32   -14.960  2.00000
    33   -14.852  2.00000
    34   -13.951  2.00000
    35   -13.932  2.00000
    36   -13.831  2.00000
    37   -13.768  2.00000
    38   -13.650  2.00000
    39   -13.594  2.00000
    40   -13.454  2.00000
    41   -13.371  2.00000
    42   -13.335  2.00000
    43   -13.285  2.00000
    44   -13.220  2.00000
    45   -12.017  2.00000
    46   -11.942  2.00000
    47   -11.857  2.00000
    48   -11.822  2.00000
    49   -11.759  2.00000
    50   -11.726  2.00000
    51   -11.635  2.00000
    52   -11.606  2.00000
    53   -11.509  2.00000
    54   -11.483  2.00000
    55   -10.895  2.00000
    56   -10.735  2.00000
    57   -10.631  2.00000
    58   -10.596  2.00000
    59   -10.486  2.00000
    60   -10.440  2.00000
    61   -10.379  2.00000
    62   -10.342  2.00000
    63   -10.305  2.00000
    64   -10.269  2.00000
    65   -10.116  2.00000
    66   -10.077  2.00000
    67   -10.029  2.00000
    68    -9.892  2.00000
    69    -9.663  2.00000
    70    -9.633  2.00000
    71    -9.574  2.00000
    72    -9.518  2.00000
    73    -9.514  2.00000
    74    -9.483  2.00000
    75    -9.435  2.00000
    76    -9.394  2.00000
    77    -9.384  2.00000
    78    -9.358  2.00000
    79    -9.317  2.00000
    80    -9.288  2.00000
    81    -9.239  2.00000
    82    -9.186  2.00000
    83    -9.139  2.00000
    84    -9.116  2.00000
    85    -9.020  2.00000
    86    -8.890  2.00000
    87    -8.708  2.00000
    88    -8.561  2.00000
    89    -8.503  2.00000
    90    -8.473  2.00000
    91    -8.446  2.00000
    92    -8.386  2.00000
    93    -8.373  2.00000
    94    -8.117  2.00000
    95    -8.068  2.00000
    96    -8.038  2.00000
    97    -7.956  2.00000
    98    -7.945  2.00000
    99    -7.843  2.00000
   100    -7.788  2.00000
   101    -7.771  2.00000
   102    -7.689  2.00000
   103    -7.576  2.00000
   104    -7.523  2.00000
   105    -7.443  2.00000
   106    -7.285  2.00000
   107    -7.232  2.00000
   108    -6.887  2.00000
   109    -6.781  2.00000
   110    -6.769  2.00000
   111    -6.638  2.00000
   112    -6.622  2.00000
   113    -6.613  2.00000
   114    -6.545  2.00000
   115    -6.518  2.00000
   116    -6.433  2.00000
   117    -5.811  2.00000
   118    -5.770  2.00000
   119    -5.679  2.00000
   120    -5.630  2.00000
   121    -5.543  2.00000
   122    -4.098  0.00000
   123    -3.893  0.00000
   124    -3.745  0.00000
   125    -3.203  0.00000
   126    -3.130  0.00000
   127    -2.961  0.00000
   128    -2.099  0.00000
   129    -2.026  0.00000
   130    -1.908  0.00000
   131    -1.802  0.00000
   132    -1.753  0.00000
   133    -1.668  0.00000
   134    -1.504  0.00000
   135    -1.304  0.00000
   136    -0.820  0.00000
   137    -0.718  0.00000
   138    -0.526  0.00000
   139    -0.471  0.00000
   140    -0.264  0.00000
   141    -0.006  0.00000
   142     0.098  0.00000
   143     0.172  0.00000
   144     0.252  0.00000
   145     0.664  0.00000
   146     0.767  0.00000
   147     0.837  0.00000
   148     1.033  0.00000
   149     1.144  0.00000
   150     1.321  0.00000
   151     1.471  0.00000
   152     1.501  0.00000
   153     6.230  0.00000
   154     6.780  0.00000
   155     7.162  0.00000
   156     7.298  0.00000
   157     7.921  0.00000
   158     8.221  0.00000
   159     9.015  0.00000
   160     9.104  0.00000
   161     9.522  0.00000
   162    10.000  0.00000
   163    10.394  0.00000
   164    10.703  0.00000
   165    10.922  0.00000
   166    11.433  0.00000
   167    11.633  0.00000
   168    11.886  0.00000
   169    12.308  0.00000
   170    12.573  0.00000
   171    12.795  0.00000
   172    12.968  0.00000
   173    13.575  0.00000
   174    13.843  0.00000
   175    14.440  0.00000
   176    14.589  0.00000
   177    14.664  0.00000
   178    15.111  0.00000
   179    15.434  0.00000
   180    15.660  0.00000
   181    15.913  0.00000
   182    16.109  0.00000
   183    16.733  0.00000
   184    16.895  0.00000
   185    17.147  0.00000
   186    17.405  0.00000
   187    17.729  0.00000
   188    18.016  0.00000
   189    18.174  0.00000
   190    18.302  0.00000
   191    18.491  0.00000
   192    18.605  0.00000
   193    18.916  0.00000
   194    19.266  0.00000
   195    19.432  0.00000
   196    19.751  0.00000
   197    19.962  0.00000
   198    20.088  0.00000
   199    20.124  0.00000
   200    20.767  0.00000
   201    20.937  0.00000
   202    21.226  0.00000
   203    21.462  0.00000
   204    21.568  0.00000
   205    21.917  0.00000
   206    21.955  0.00000
   207    22.058  0.00000
   208    22.254  0.00000
   209    22.382  0.00000
   210    22.588  0.00000
   211    22.785  0.00000
   212    23.145  0.00000
   213    23.478  0.00000
   214    23.617  0.00000
   215    23.763  0.00000
   216    24.280  0.00000
   217    24.321  0.00000
   218    24.708  0.00000
   219    24.963  0.00000
   220    25.072  0.00000
   221    25.168  0.00000
   222    25.521  0.00000
   223    25.683  0.00000
   224    25.837  0.00000
   225    26.418  0.00000
   226    26.637  0.00000
   227    26.664  0.00000
   228    27.001  0.00000
   229    27.183  0.00000
   230    27.398  0.00000
   231    27.487  0.00000
   232    27.798  0.00000
   233    28.127  0.00000
   234    28.272  0.00000
   235    28.867  0.00000
   236    29.484  0.00000
   237    29.743  0.00000
   238    29.790  0.00000
   239    30.756  0.00000
   240    31.269  0.00000
   241    32.338  0.00000
   242    32.792  0.00000

