 Fermi distribution function

Calculation with static geometry


********************************************************************************
 iSCC Total electronic   Diff electronic      SCC error    
   17   -0.10438528E+03   -0.34769698E-09    0.94105548E-05
********************************************************************************

 Total charge:     0.00000000

 Atomic gross charges (e)
 Atom           Charge
    1       0.03302244
    2       0.00904200
    3      -0.00403558
    4      -0.01147403
    5      -0.01839189
    6      -0.04900357
    7       0.02843560
    8       0.05307930
    9      -0.00551647
   10       0.00070504
   11      -0.00242499
   12       0.00673988
   13      -0.02362220
   14      -0.03305579
   15       0.00308506
   16      -0.03751070
   17      -0.01051760
   18       0.00765746
   19      -0.04586331
   20       0.04657285
   21      -0.01464226
   22       0.05910162
   23      -0.02784028
   24      -0.00179380
   25      -0.01844422
   26       0.02297307
   27      -0.02571530
   28       0.00854191
   29      -0.01316885
   30      -0.02764866
   31      -0.01532066
   32      -0.00722947
   33       0.01857401
   34      -0.01667457
   35      -0.03120896
   36       0.02755129
   37      -0.07723146
   38       0.08114774
   39      -0.03925140
   40       0.03415847
   41       0.00092799
   42      -0.02423979
   43      -0.01226263
   44       0.02230698
   45      -0.00228681
   46      -0.00067325
   47      -0.00327692
   48       0.01524556
   49       0.02500378
   50       0.01537334
   51      -0.01681165
   52       0.01981725
   53      -0.02358175
   54       0.01239174
   55       0.02035387
   56      -0.04326037
   57       0.03656666
   58       0.03738521
   59       0.02591192
   60       0.01718643
   61      -0.00453248
   62      -0.00034678

Nr. of electrons (up):    242.00000000
Atom populations (up)
 Atom       Population
    1       3.96697756
    2       3.99095800
    3       4.00403558
    4       4.01147403
    5       4.01839189
    6       4.04900357
    7       3.97156440
    8       3.94692070
    9       4.00551647
   10       3.99929496
   11       4.00242499
   12       3.99326012
   13       4.02362220
   14       4.03305579
   15       3.99691494
   16       4.03751070
   17       4.01051760
   18       3.99234254
   19       4.04586331
   20       3.95342715
   21       4.01464226
   22       3.94089838
   23       4.02784028
   24       4.00179380
   25       4.01844422
   26       3.97702693
   27       4.02571530
   28       3.99145809
   29       4.01316885
   30       4.02764866
   31       4.01532066
   32       4.00722947
   33       3.98142599
   34       4.01667457
   35       4.03120896
   36       3.97244871
   37       4.07723146
   38       3.91885226
   39       4.03925140
   40       3.96584153
   41       3.99907201
   42       4.02423979
   43       4.01226263
   44       3.97769302
   45       4.00228681
   46       4.00067325
   47       4.00327692
   48       3.98475444
   49       3.97499622
   50       3.98462666
   51       4.01681165
   52       3.98018275
   53       4.02358175
   54       3.98760826
   55       3.97964613
   56       4.04326037
   57       3.96343334
   58       3.96261479
   59       3.97408808
   60       3.98281357
   61       1.00453248
   62       1.00034678

l-shell populations (up)
 Atom Sh.   l       Population
    1   1   0       1.19365883
    1   2   1       2.77331873
    2   1   0       1.20314168
    2   2   1       2.78781632
    3   1   0       1.20249156
    3   2   1       2.80154402
    4   1   0       1.21872100
    4   2   1       2.79275303
    5   1   0       1.19926897
    5   2   1       2.81912292
    6   1   0       1.19375191
    6   2   1       2.85525166
    7   1   0       1.21370068
    7   2   1       2.75786372
    8   1   0       1.18170073
    8   2   1       2.76521997
    9   1   0       1.22487911
    9   2   1       2.78063736
   10   1   0       1.21734244
   10   2   1       2.78195252
   11   1   0       1.19584282
   11   2   1       2.80658217
   12   1   0       1.19614900
   12   2   1       2.79711111
   13   1   0       1.19960712
   13   2   1       2.82401508
   14   1   0       1.22021825
   14   2   1       2.81283755
   15   1   0       1.19193809
   15   2   1       2.80497685
   16   1   0       1.21404463
   16   2   1       2.82346607
   17   1   0       1.21029607
   17   2   1       2.80022153
   18   1   0       1.20081350
   18   2   1       2.79152904
   19   1   0       1.22241379
   19   2   1       2.82344952
   20   1   0       1.20538279
   20   2   1       2.74804436
   21   1   0       1.20630775
   21   2   1       2.80833451
   22   1   0       1.16583947
   22   2   1       2.77505891
   23   1   0       1.20793585
   23   2   1       2.81990443
   24   1   0       1.21237096
   24   2   1       2.78942284
   25   1   0       1.20024080
   25   2   1       2.81820342
   26   1   0       1.20266603
   26   2   1       2.77436089
   27   1   0       1.19911745
   27   2   1       2.82659785
   28   1   0       1.19289589
   28   2   1       2.79856220
   29   1   0       1.19773834
   29   2   1       2.81543051
   30   1   0       1.22571665
   30   2   1       2.80193202
   31   1   0       1.20156410
   31   2   1       2.81375656
   32   1   0       1.19253306
   32   2   1       2.81469641
   33   1   0       1.18614471
   33   2   1       2.79528128
   34   1   0       1.20356130
   34   2   1       2.81311328
   35   1   0       1.22954211
   35   2   1       2.80166685
   36   1   0       1.19080232
   36   2   1       2.78164640
   37   1   0       1.25939110
   37   2   1       2.81784037
   38   1   0       1.16712694
   38   2   1       2.75172532
   39   1   0       1.22681010
   39   2   1       2.81244130
   40   1   0       1.20630485
   40   2   1       2.75953667
   41   1   0       1.21551011
   41   2   1       2.78356190
   42   1   0       1.21390407
   42   2   1       2.81033571
   43   1   0       1.24710759
   43   2   1       2.76515504
   44   1   0       1.19521624
   44   2   1       2.78247678
   45   1   0       1.20445070
   45   2   1       2.79783611
   46   1   0       1.23514330
   46   2   1       2.76552994
   47   1   0       1.18451748
   47   2   1       2.81875944
   48   1   0       1.21241845
   48   2   1       2.77233599
   49   1   0       1.18143031
   49   2   1       2.79356592
   50   1   0       1.20436678
   50   2   1       2.78025988
   51   1   0       1.20880926
   51   2   1       2.80800240
   52   1   0       1.19608062
   52   2   1       2.78410213
   53   1   0       1.20408742
   53   2   1       2.81949434
   54   1   0       1.21858909
   54   2   1       2.76901917
   55   1   0       1.16926253
   55   2   1       2.81038360
   56   1   0       1.23794585
   56   2   1       2.80531452
   57   1   0       1.16309901
   57   2   1       2.80033433
   58   1   0       1.17930078
   58   2   1       2.78331400
   59   1   0       1.20541807
   59   2   1       2.76867001
   60   1   0       1.19178747
   60   2   1       2.79102610
   61   1   0       1.00453248
   62   1   0       1.00034678

Orbital populations (up)
 Atom Sh.   l   m       Population  Label
    1   1   0   0       1.19365883  s
    1   2   1  -1       0.98284209  p_y
    1   2   1   0       0.87863603  p_z
    1   2   1   1       0.91184061  p_x
    2   1   0   0       1.20314168  s
    2   2   1  -1       0.99471349  p_y
    2   2   1   0       0.88728957  p_z
    2   2   1   1       0.90581326  p_x
    3   1   0   0       1.20249156  s
    3   2   1  -1       1.00328537  p_y
    3   2   1   0       0.88320912  p_z
    3   2   1   1       0.91504953  p_x
    4   1   0   0       1.21872100  s
    4   2   1  -1       1.00403175  p_y
    4   2   1   0       0.88479878  p_z
    4   2   1   1       0.90392250  p_x
    5   1   0   0       1.19926897  s
    5   2   1  -1       0.89677493  p_y
    5   2   1   0       0.90821484  p_z
    5   2   1   1       1.01413315  p_x
    6   1   0   0       1.19375191  s
    6   2   1  -1       0.90683444  p_y
    6   2   1   0       0.91863048  p_z
    6   2   1   1       1.02978674  p_x
    7   1   0   0       1.21370068  s
    7   2   1  -1       0.89895072  p_y
    7   2   1   0       0.89958647  p_z
    7   2   1   1       0.95932653  p_x
    8   1   0   0       1.18170073  s
    8   2   1  -1       0.90059687  p_y
    8   2   1   0       0.90144170  p_z
    8   2   1   1       0.96318139  p_x
    9   1   0   0       1.22487911  s
    9   2   1  -1       0.89474960  p_y
    9   2   1   0       1.00020391  p_z
    9   2   1   1       0.88568385  p_x
   10   1   0   0       1.21734244  s
   10   2   1  -1       0.90641629  p_y
   10   2   1   0       0.99437436  p_z
   10   2   1   1       0.88116187  p_x
   11   1   0   0       1.19584282  s
   11   2   1  -1       0.91702435  p_y
   11   2   1   0       0.99345986  p_z
   11   2   1   1       0.89609795  p_x
   12   1   0   0       1.19614900  s
   12   2   1  -1       0.90623812  p_y
   12   2   1   0       0.99308838  p_z
   12   2   1   1       0.89778461  p_x
   13   1   0   0       1.19960712  s
   13   2   1  -1       1.00110783  p_y
   13   2   1   0       0.92570565  p_z
   13   2   1   1       0.89720160  p_x
   14   1   0   0       1.22021825  s
   14   2   1  -1       0.99138536  p_y
   14   2   1   0       0.93167697  p_z
   14   2   1   1       0.88977522  p_x
   15   1   0   0       1.19193809  s
   15   2   1  -1       0.97284220  p_y
   15   2   1   0       0.93791392  p_z
   15   2   1   1       0.89422073  p_x
   16   1   0   0       1.21404463  s
   16   2   1  -1       0.99893737  p_y
   16   2   1   0       0.93559901  p_z
   16   2   1   1       0.88892969  p_x
   17   1   0   0       1.21029607  s
   17   2   1  -1       0.98169105  p_y
   17   2   1   0       0.92486936  p_z
   17   2   1   1       0.89366112  p_x
   18   1   0   0       1.20081350  s
   18   2   1  -1       0.96438998  p_y
   18   2   1   0       0.93766069  p_z
   18   2   1   1       0.88947837  p_x
   19   1   0   0       1.22241379  s
   19   2   1  -1       0.97301168  p_y
   19   2   1   0       0.93578681  p_z
   19   2   1   1       0.91465103  p_x
   20   1   0   0       1.20538279  s
   20   2   1  -1       0.95930307  p_y
   20   2   1   0       0.91666354  p_z
   20   2   1   1       0.87207775  p_x
   21   1   0   0       1.20630775  s
   21   2   1  -1       0.92942620  p_y
   21   2   1   0       0.90188360  p_z
   21   2   1   1       0.97702471  p_x
   22   1   0   0       1.16583947  s
   22   2   1  -1       0.92140432  p_y
   22   2   1   0       0.89602531  p_z
   22   2   1   1       0.95762927  p_x
   23   1   0   0       1.20793585  s
   23   2   1  -1       0.93554242  p_y
   23   2   1   0       0.89345424  p_z
   23   2   1   1       0.99090776  p_x
   24   1   0   0       1.21237096  s
   24   2   1  -1       0.92122271  p_y
   24   2   1   0       0.90299302  p_z
   24   2   1   1       0.96520711  p_x
   25   1   0   0       1.20024080  s
   25   2   1  -1       0.92447347  p_y
   25   2   1   0       0.89167309  p_z
   25   2   1   1       1.00205686  p_x
   26   1   0   0       1.20266603  s
   26   2   1  -1       0.92453734  p_y
   26   2   1   0       0.88804495  p_z
   26   2   1   1       0.96177860  p_x
   27   1   0   0       1.19911745  s
   27   2   1  -1       0.94024187  p_y
   27   2   1   0       0.88368984  p_z
   27   2   1   1       1.00266614  p_x
   28   1   0   0       1.19289589  s
   28   2   1  -1       0.91274892  p_y
   28   2   1   0       0.89423448  p_z
   28   2   1   1       0.99157879  p_x
   29   1   0   0       1.19773834  s
   29   2   1  -1       0.89211534  p_y
   29   2   1   0       0.99097747  p_z
   29   2   1   1       0.93233771  p_x
   30   1   0   0       1.22571665  s
   30   2   1  -1       0.88947408  p_y
   30   2   1   0       1.00359006  p_z
   30   2   1   1       0.90886787  p_x
   31   1   0   0       1.20156410  s
   31   2   1  -1       0.90876814  p_y
   31   2   1   0       0.97104145  p_z
   31   2   1   1       0.93394697  p_x
   32   1   0   0       1.19253306  s
   32   2   1  -1       0.91315211  p_y
   32   2   1   0       0.97958740  p_z
   32   2   1   1       0.92195690  p_x
   33   1   0   0       1.18614471  s
   33   2   1  -1       0.89197668  p_y
   33   2   1   0       0.98642856  p_z
   33   2   1   1       0.91687604  p_x
   34   1   0   0       1.20356130  s
   34   2   1  -1       0.90244248  p_y
   34   2   1   0       0.98987131  p_z
   34   2   1   1       0.92079948  p_x
   35   1   0   0       1.22954211  s
   35   2   1  -1       0.89871696  p_y
   35   2   1   0       0.98772766  p_z
   35   2   1   1       0.91522223  p_x
   36   1   0   0       1.19080232  s
   36   2   1  -1       0.89069045  p_y
   36   2   1   0       0.97039362  p_z
   36   2   1   1       0.92056232  p_x
   37   1   0   0       1.25939110  s
   37   2   1  -1       0.94961187  p_y
   37   2   1   0       0.90317202  p_z
   37   2   1   1       0.96505648  p_x
   38   1   0   0       1.16712694  s
   38   2   1  -1       0.92586513  p_y
   38   2   1   0       0.90269049  p_z
   38   2   1   1       0.92316970  p_x
   39   1   0   0       1.22681010  s
   39   2   1  -1       0.94406314  p_y
   39   2   1   0       0.90184878  p_z
   39   2   1   1       0.96652938  p_x
   40   1   0   0       1.20630485  s
   40   2   1  -1       0.91962717  p_y
   40   2   1   0       0.89942029  p_z
   40   2   1   1       0.94048921  p_x
   41   1   0   0       1.21551011  s
   41   2   1  -1       0.93647043  p_y
   41   2   1   0       0.89921305  p_z
   41   2   1   1       0.94787843  p_x
   42   1   0   0       1.21390407  s
   42   2   1  -1       0.95871105  p_y
   42   2   1   0       0.90287751  p_z
   42   2   1   1       0.94874716  p_x
   43   1   0   0       1.24710759  s
   43   2   1  -1       0.91798338  p_y
   43   2   1   0       0.89848975  p_z
   43   2   1   1       0.94868191  p_x
   44   1   0   0       1.19521624  s
   44   2   1  -1       0.93902618  p_y
   44   2   1   0       0.90109206  p_z
   44   2   1   1       0.94235854  p_x
   45   1   0   0       1.20445070  s
   45   2   1  -1       0.90656901  p_y
   45   2   1   0       0.95954830  p_z
   45   2   1   1       0.93171880  p_x
   46   1   0   0       1.23514330  s
   46   2   1  -1       0.90289283  p_y
   46   2   1   0       0.95760900  p_z
   46   2   1   1       0.90502811  p_x
   47   1   0   0       1.18451748  s
   47   2   1  -1       0.91066806  p_y
   47   2   1   0       0.94396562  p_z
   47   2   1   1       0.96412576  p_x
   48   1   0   0       1.21241845  s
   48   2   1  -1       0.90211575  p_y
   48   2   1   0       0.94607566  p_z
   48   2   1   1       0.92414458  p_x
   49   1   0   0       1.18143031  s
   49   2   1  -1       0.90031302  p_y
   49   2   1   0       0.94397310  p_z
   49   2   1   1       0.94927981  p_x
   50   1   0   0       1.20436678  s
   50   2   1  -1       0.89354157  p_y
   50   2   1   0       0.95686897  p_z
   50   2   1   1       0.92984933  p_x
   51   1   0   0       1.20880926  s
   51   2   1  -1       0.90768181  p_y
   51   2   1   0       0.93062786  p_z
   51   2   1   1       0.96969273  p_x
   52   1   0   0       1.19608062  s
   52   2   1  -1       0.89290670  p_y
   52   2   1   0       0.94034016  p_z
   52   2   1   1       0.95085527  p_x
   53   1   0   0       1.20408742  s
   53   2   1  -1       0.95797658  p_y
   53   2   1   0       0.94570925  p_z
   53   2   1   1       0.91580850  p_x
   54   1   0   0       1.21858909  s
   54   2   1  -1       0.93334530  p_y
   54   2   1   0       0.92822939  p_z
   54   2   1   1       0.90744448  p_x
   55   1   0   0       1.16926253  s
   55   2   1  -1       0.96017381  p_y
   55   2   1   0       0.94033738  p_z
   55   2   1   1       0.90987241  p_x
   56   1   0   0       1.23794585  s
   56   2   1  -1       0.95897950  p_y
   56   2   1   0       0.93683332  p_z
   56   2   1   1       0.90950170  p_x
   57   1   0   0       1.16309901  s
   57   2   1  -1       0.93347384  p_y
   57   2   1   0       0.96056079  p_z
   57   2   1   1       0.90629971  p_x
   58   1   0   0       1.17930078  s
   58   2   1  -1       0.94961759  p_y
   58   2   1   0       0.93084485  p_z
   58   2   1   1       0.90285156  p_x
   59   1   0   0       1.20541807  s
   59   2   1  -1       0.93133177  p_y
   59   2   1   0       0.94394357  p_z
   59   2   1   1       0.89339467  p_x
   60   1   0   0       1.19178747  s
   60   2   1  -1       0.95795752  p_y
   60   2   1   0       0.93915702  p_z
   60   2   1   1       0.89391157  p_x
   61   1   0   0       1.00453248  s
   62   1   0   0       1.00034678  s

Fermi level:                        -0.1771388771 H           -4.8202 eV
Band energy:                      -104.5413915272 H        -2844.7160 eV
TS:                                  0.0000000001 H            0.0000 eV
Band free energy (E-TS):          -104.5413915273 H        -2844.7160 eV
Extrapolated E(0K):               -104.5413915272 H        -2844.7160 eV
Input / Output electrons (q):    241.9999999998    241.9999999998

Energy H0:                        -104.3863656581 H        -2840.4975 eV
Energy SCC:                          0.0010897310 H            0.0297 eV
Total Electronic energy:          -104.3852759271 H        -2840.4679 eV
Repulsive energy:                    1.6614853464 H           45.2113 eV
Total energy:                     -102.7237905806 H        -2795.2566 eV
Extrapolated to 0:                -102.7237905807 H        -2795.2566 eV
Total Mermin free energy:         -102.7237905807 H        -2795.2566 eV
Force related energy:             -102.7237905807 H        -2795.2566 eV

SCC converged

Total Forces
    1      0.042987315274      0.018060420054     -0.021074354918
    2      0.002141190387     -0.014689935310     -0.074862138562
    3      0.030822234700      0.021149018732      0.025143977765
    4     -0.021144303908      0.006245816873      0.046234544264
    5     -0.020649251040      0.052697565064     -0.013645628069
    6     -0.005789750927     -0.042824921348     -0.084884499400
    7      0.012221865435     -0.052441248968      0.023546160385
    8     -0.042716070241      0.036796799889      0.032843863199
    9     -0.056069440693      0.025685944455      0.008614494217
   10      0.014946517697      0.049931491093      0.018240058406
   11      0.027774158304     -0.042920409755      0.007151678566
   12     -0.000166808624      0.074386230827     -0.019623923623
   13     -0.015676535610      0.006676212980     -0.000106326022
   14     -0.096511956042     -0.055677409944     -0.027752674831
   15      0.027786260967     -0.011443464211     -0.037899326649
   16      0.012589318154      0.011712777077      0.082617494540
   17      0.017515979654      0.035361330256      0.082164293849
   18     -0.017121154958     -0.006461410975     -0.003453970027
   19     -0.019531102864      0.040259613552     -0.054147005743
   20     -0.010280506836     -0.014227391000      0.002618590706
   21     -0.002358978874      0.004024640640     -0.004156052170
   22      0.030391011687      0.082130509653      0.071948614698
   23      0.015969245729     -0.029752513502     -0.087016020383
   24     -0.002521216592      0.020389598891      0.004822107788
   25      0.017379886884     -0.012141757524      0.004612472010
   26     -0.032048041369      0.056404885082      0.057489550898
   27      0.020579955388      0.102465491214     -0.008640145392
   28      0.029398089582     -0.106631144068      0.004346028284
   29     -0.028872793112     -0.063859950526      0.027037793662
   30      0.039963879424     -0.011933328164     -0.004927172149
   31      0.034940243785      0.039432302410     -0.013709064704
   32     -0.037246084450      0.001674299195     -0.029439634958
   33     -0.000024339344     -0.031332024653     -0.017910764800
   34      0.011851760449     -0.060035654146     -0.030470380496
   35      0.053303427695     -0.017116502019      0.022329081143
   36     -0.033770111415     -0.025464260119      0.013761423227
   37      0.006397862573      0.024087994266      0.022280915770
   38     -0.043250127125     -0.093465884684      0.017568128185
   39     -0.006384797845     -0.035101247699      0.017790584821
   40     -0.018423355966     -0.011329221336     -0.070326497397
   41     -0.005238893093      0.000640314645     -0.017849610436
   42      0.003160974939      0.013412986926      0.057846071177
   43      0.038394156541      0.043764362702     -0.023792508438
   44      0.023589620258      0.001641683229     -0.021146266797
   45      0.009426978122      0.018327895851     -0.021416086556
   46     -0.055766972326     -0.021562505074     -0.036295981249
   47     -0.000653502372     -0.036409346482     -0.025739024912
   48     -0.025376379767      0.037088658584     -0.013460429967
   49      0.040977041688     -0.010437369169      0.010174849372
   50     -0.023826226710      0.042765858926      0.060624762829
   51      0.018216426180     -0.042219246215      0.034231797409
   52      0.050055021780     -0.035360330283     -0.016212895661
   53     -0.000761079372      0.015754638424      0.009649320070
   54      0.021198381821     -0.017772076473      0.004792361015
   55     -0.078801114722      0.050511939931      0.018231002038
   56     -0.003945352282     -0.026131184168     -0.030706286525
   57      0.098055850408     -0.019493648176     -0.036681454697
   58     -0.023920046340     -0.004678211802      0.033376992076
   59      0.006433658555      0.000604324994      0.017314810452
   60     -0.028998552319      0.019011785374      0.008187063598
   61      0.046183153106     -0.030782200308     -0.001963091995
   62     -0.046806620038      0.030598406308      0.001718331104

Maximal derivative component:        0.106631E+00 au

Dipole moment:    0.03503023    0.05762946   -0.05474961 au
Dipole moment:    0.08903796    0.14647949   -0.13915964 Debye


