 Fermi distribution function

Calculation with static geometry


********************************************************************************
 iSCC Total electronic   Diff electronic      SCC error    
   17   -0.10435188E+03   -0.33095660E-09    0.60622796E-05
********************************************************************************

 Total charge:    -0.00000000

 Atomic gross charges (e)
 Atom           Charge
    1       0.00019583
    2       0.02428959
    3       0.02795314
    4       0.01929491
    5      -0.02031524
    6       0.00833669
    7       0.03995868
    8       0.00801438
    9      -0.02447239
   10       0.02755063
   11       0.01446425
   12      -0.01082504
   13       0.04195270
   14      -0.02215364
   15      -0.04944483
   16       0.00309526
   17      -0.03140945
   18      -0.04387210
   19      -0.00882472
   20      -0.03641831
   21       0.02220380
   22      -0.01340009
   23      -0.00526809
   24       0.03321940
   25      -0.00066752
   26      -0.01386196
   27      -0.00534568
   28       0.02703931
   29       0.03075328
   30      -0.00064900
   31       0.01633074
   32       0.01469283
   33      -0.00261485
   34      -0.00114024
   35      -0.02141892
   36       0.01426901
   37       0.02881396
   38      -0.01440502
   39       0.00592622
   40      -0.02081602
   41       0.00592126
   42       0.02558981
   43       0.01905935
   44      -0.05722096
   45      -0.07117661
   46       0.03355137
   47       0.03315842
   48       0.00867762
   49      -0.06532969
   50      -0.00484160
   51      -0.02137334
   52      -0.03007688
   53       0.02016028
   54       0.01209170
   55       0.02359290
   56       0.04628766
   57      -0.00851469
   58      -0.01434566
   59       0.01946919
   60      -0.03252540
   61      -0.00187003
   62      -0.00131620

Nr. of electrons (up):    242.00000000
Atom populations (up)
 Atom       Population
    1       3.99980417
    2       3.97571041
    3       3.97204686
    4       3.98070509
    5       4.02031524
    6       3.99166331
    7       3.96004132
    8       3.99198562
    9       4.02447239
   10       3.97244937
   11       3.98553575
   12       4.01082504
   13       3.95804730
   14       4.02215364
   15       4.04944483
   16       3.99690474
   17       4.03140945
   18       4.04387210
   19       4.00882472
   20       4.03641831
   21       3.97779620
   22       4.01340009
   23       4.00526809
   24       3.96678060
   25       4.00066752
   26       4.01386196
   27       4.00534568
   28       3.97296069
   29       3.96924672
   30       4.00064900
   31       3.98366926
   32       3.98530717
   33       4.00261485
   34       4.00114024
   35       4.02141892
   36       3.98573099
   37       3.97118604
   38       4.01440502
   39       3.99407378
   40       4.02081602
   41       3.99407874
   42       3.97441019
   43       3.98094065
   44       4.05722096
   45       4.07117661
   46       3.96644863
   47       3.96684158
   48       3.99132238
   49       4.06532969
   50       4.00484160
   51       4.02137334
   52       4.03007688
   53       3.97983972
   54       3.98790830
   55       3.97640710
   56       3.95371234
   57       4.00851469
   58       4.01434566
   59       3.98053081
   60       4.03252540
   61       1.00187003
   62       1.00131620

l-shell populations (up)
 Atom Sh.   l       Population
    1   1   0       1.17703992
    1   2   1       2.82276425
    2   1   0       1.19683607
    2   2   1       2.77887434
    3   1   0       1.18555801
    3   2   1       2.78648885
    4   1   0       1.17867996
    4   2   1       2.80202513
    5   1   0       1.19590523
    5   2   1       2.82441000
    6   1   0       1.20812664
    6   2   1       2.78353667
    7   1   0       1.20497541
    7   2   1       2.75506591
    8   1   0       1.19684196
    8   2   1       2.79514367
    9   1   0       1.18866443
    9   2   1       2.83580796
   10   1   0       1.18774124
   10   2   1       2.78470814
   11   1   0       1.19187795
   11   2   1       2.79365781
   12   1   0       1.19818459
   12   2   1       2.81264045
   13   1   0       1.19087685
   13   2   1       2.76717045
   14   1   0       1.21883589
   14   2   1       2.80331775
   15   1   0       1.25483615
   15   2   1       2.79460868
   16   1   0       1.19976703
   16   2   1       2.79713771
   17   1   0       1.24229459
   17   2   1       2.78911486
   18   1   0       1.22714879
   18   2   1       2.81672331
   19   1   0       1.21001480
   19   2   1       2.79880992
   20   1   0       1.23352872
   20   2   1       2.80288958
   21   1   0       1.20944600
   21   2   1       2.76835020
   22   1   0       1.22269541
   22   2   1       2.79070468
   23   1   0       1.19507495
   23   2   1       2.81019315
   24   1   0       1.20676873
   24   2   1       2.76001187
   25   1   0       1.21162327
   25   2   1       2.78904425
   26   1   0       1.19408778
   26   2   1       2.81977417
   27   1   0       1.18420659
   27   2   1       2.82113909
   28   1   0       1.20008756
   28   2   1       2.77287313
   29   1   0       1.20343161
   29   2   1       2.76581512
   30   1   0       1.19287649
   30   2   1       2.80777250
   31   1   0       1.20666501
   31   2   1       2.77700425
   32   1   0       1.19594801
   32   2   1       2.78935916
   33   1   0       1.18815110
   33   2   1       2.81446375
   34   1   0       1.19874499
   34   2   1       2.80239525
   35   1   0       1.21334667
   35   2   1       2.80807225
   36   1   0       1.21425202
   36   2   1       2.77147896
   37   1   0       1.19036171
   37   2   1       2.78082433
   38   1   0       1.22404126
   38   2   1       2.79036376
   39   1   0       1.21378665
   39   2   1       2.78028713
   40   1   0       1.22600672
   40   2   1       2.79480930
   41   1   0       1.19942380
   41   2   1       2.79465494
   42   1   0       1.20235992
   42   2   1       2.77205027
   43   1   0       1.20481457
   43   2   1       2.77612608
   44   1   0       1.23608950
   44   2   1       2.82113146
   45   1   0       1.25397881
   45   2   1       2.81719780
   46   1   0       1.19293503
   46   2   1       2.77351360
   47   1   0       1.19288064
   47   2   1       2.77396094
   48   1   0       1.19698708
   48   2   1       2.79433530
   49   1   0       1.23459477
   49   2   1       2.83073491
   50   1   0       1.21991126
   50   2   1       2.78493034
   51   1   0       1.23809654
   51   2   1       2.78327681
   52   1   0       1.22675747
   52   2   1       2.80331941
   53   1   0       1.18290709
   53   2   1       2.79693263
   54   1   0       1.19463759
   54   2   1       2.79327071
   55   1   0       1.18911898
   55   2   1       2.78728812
   56   1   0       1.17986935
   56   2   1       2.77384300
   57   1   0       1.19282378
   57   2   1       2.81569091
   58   1   0       1.21745946
   58   2   1       2.79688620
   59   1   0       1.19995153
   59   2   1       2.78057928
   60   1   0       1.20338202
   60   2   1       2.82914337
   61   1   0       1.00187003
   62   1   0       1.00131620

Orbital populations (up)
 Atom Sh.   l   m       Population  Label
    1   1   0   0       1.17703992  s
    1   2   1  -1       1.00101805  p_y
    1   2   1   0       0.89434085  p_z
    1   2   1   1       0.92740535  p_x
    2   1   0   0       1.19683607  s
    2   2   1  -1       0.98159558  p_y
    2   2   1   0       0.90319748  p_z
    2   2   1   1       0.89408128  p_x
    3   1   0   0       1.18555801  s
    3   2   1  -1       0.98119668  p_y
    3   2   1   0       0.89079135  p_z
    3   2   1   1       0.91450082  p_x
    4   1   0   0       1.17867996  s
    4   2   1  -1       0.99075062  p_y
    4   2   1   0       0.90710451  p_z
    4   2   1   1       0.90417001  p_x
    5   1   0   0       1.19590523  s
    5   2   1  -1       0.88737474  p_y
    5   2   1   0       0.91573777  p_z
    5   2   1   1       1.02129749  p_x
    6   1   0   0       1.20812664  s
    6   2   1  -1       0.88878974  p_y
    6   2   1   0       0.90393135  p_z
    6   2   1   1       0.99081558  p_x
    7   1   0   0       1.20497541  s
    7   2   1  -1       0.88690248  p_y
    7   2   1   0       0.90363388  p_z
    7   2   1   1       0.96452955  p_x
    8   1   0   0       1.19684196  s
    8   2   1  -1       0.88898431  p_y
    8   2   1   0       0.90790402  p_z
    8   2   1   1       0.99825534  p_x
    9   1   0   0       1.18866443  s
    9   2   1  -1       0.91883448  p_y
    9   2   1   0       1.02042083  p_z
    9   2   1   1       0.89655264  p_x
   10   1   0   0       1.18774124  s
   10   2   1  -1       0.90519939  p_y
   10   2   1   0       0.97739445  p_z
   10   2   1   1       0.90211429  p_x
   11   1   0   0       1.19187795  s
   11   2   1  -1       0.91563778  p_y
   11   2   1   0       0.98811425  p_z
   11   2   1   1       0.88990578  p_x
   12   1   0   0       1.19818459  s
   12   2   1  -1       0.91449324  p_y
   12   2   1   0       1.00172653  p_z
   12   2   1   1       0.89642069  p_x
   13   1   0   0       1.19087685  s
   13   2   1  -1       0.97398687  p_y
   13   2   1   0       0.91368250  p_z
   13   2   1   1       0.87950109  p_x
   14   1   0   0       1.21883589  s
   14   2   1  -1       0.97527358  p_y
   14   2   1   0       0.92382333  p_z
   14   2   1   1       0.90422085  p_x
   15   1   0   0       1.25483615  s
   15   2   1  -1       0.99050581  p_y
   15   2   1   0       0.91365486  p_z
   15   2   1   1       0.89044801  p_x
   16   1   0   0       1.19976703  s
   16   2   1  -1       0.98102836  p_y
   16   2   1   0       0.91813972  p_z
   16   2   1   1       0.89796963  p_x
   17   1   0   0       1.24229459  s
   17   2   1  -1       0.98987840  p_y
   17   2   1   0       0.92207921  p_z
   17   2   1   1       0.87715725  p_x
   18   1   0   0       1.22714879  s
   18   2   1  -1       0.99512942  p_y
   18   2   1   0       0.92736697  p_z
   18   2   1   1       0.89422692  p_x
   19   1   0   0       1.21001480  s
   19   2   1  -1       0.99537485  p_y
   19   2   1   0       0.91951554  p_z
   19   2   1   1       0.88391953  p_x
   20   1   0   0       1.23352872  s
   20   2   1  -1       0.98965262  p_y
   20   2   1   0       0.92264191  p_z
   20   2   1   1       0.89059505  p_x
   21   1   0   0       1.20944600  s
   21   2   1  -1       0.92151693  p_y
   21   2   1   0       0.88862609  p_z
   21   2   1   1       0.95820718  p_x
   22   1   0   0       1.22269541  s
   22   2   1  -1       0.93389615  p_y
   22   2   1   0       0.87808503  p_z
   22   2   1   1       0.97872350  p_x
   23   1   0   0       1.19507495  s
   23   2   1  -1       0.93405926  p_y
   23   2   1   0       0.88244425  p_z
   23   2   1   1       0.99368964  p_x
   24   1   0   0       1.20676873  s
   24   2   1  -1       0.92515435  p_y
   24   2   1   0       0.87610006  p_z
   24   2   1   1       0.95875745  p_x
   25   1   0   0       1.21162327  s
   25   2   1  -1       0.91125262  p_y
   25   2   1   0       0.88964203  p_z
   25   2   1   1       0.98814960  p_x
   26   1   0   0       1.19408778  s
   26   2   1  -1       0.93209116  p_y
   26   2   1   0       0.90450720  p_z
   26   2   1   1       0.98317582  p_x
   27   1   0   0       1.18420659  s
   27   2   1  -1       0.92043421  p_y
   27   2   1   0       0.90029203  p_z
   27   2   1   1       1.00041285  p_x
   28   1   0   0       1.20008756  s
   28   2   1  -1       0.93270280  p_y
   28   2   1   0       0.87887947  p_z
   28   2   1   1       0.96129085  p_x
   29   1   0   0       1.20343161  s
   29   2   1  -1       0.88250614  p_y
   29   2   1   0       0.97062438  p_z
   29   2   1   1       0.91268459  p_x
   30   1   0   0       1.19287649  s
   30   2   1  -1       0.89378747  p_y
   30   2   1   0       0.99948696  p_z
   30   2   1   1       0.91449808  p_x
   31   1   0   0       1.20666501  s
   31   2   1  -1       0.88766827  p_y
   31   2   1   0       0.98037656  p_z
   31   2   1   1       0.90895942  p_x
   32   1   0   0       1.19594801  s
   32   2   1  -1       0.88881278  p_y
   32   2   1   0       0.98608129  p_z
   32   2   1   1       0.91446510  p_x
   33   1   0   0       1.18815110  s
   33   2   1  -1       0.90666372  p_y
   33   2   1   0       0.98820227  p_z
   33   2   1   1       0.91959776  p_x
   34   1   0   0       1.19874499  s
   34   2   1  -1       0.90317929  p_y
   34   2   1   0       0.96581280  p_z
   34   2   1   1       0.93340317  p_x
   35   1   0   0       1.21334667  s
   35   2   1  -1       0.89305728  p_y
   35   2   1   0       0.98390680  p_z
   35   2   1   1       0.93110817  p_x
   36   1   0   0       1.21425202  s
   36   2   1  -1       0.90156246  p_y
   36   2   1   0       0.96675831  p_z
   36   2   1   1       0.90315819  p_x
   37   1   0   0       1.19036171  s
   37   2   1  -1       0.93971850  p_y
   37   2   1   0       0.90207772  p_z
   37   2   1   1       0.93902811  p_x
   38   1   0   0       1.22404126  s
   38   2   1  -1       0.94161124  p_y
   38   2   1   0       0.89459610  p_z
   38   2   1   1       0.95415642  p_x
   39   1   0   0       1.21378665  s
   39   2   1  -1       0.92621741  p_y
   39   2   1   0       0.90624405  p_z
   39   2   1   1       0.94782567  p_x
   40   1   0   0       1.22600672  s
   40   2   1  -1       0.92164836  p_y
   40   2   1   0       0.90305342  p_z
   40   2   1   1       0.97010751  p_x
   41   1   0   0       1.19942380  s
   41   2   1  -1       0.94553877  p_y
   41   2   1   0       0.90846118  p_z
   41   2   1   1       0.94065499  p_x
   42   1   0   0       1.20235992  s
   42   2   1  -1       0.93459090  p_y
   42   2   1   0       0.88761349  p_z
   42   2   1   1       0.94984588  p_x
   43   1   0   0       1.20481457  s
   43   2   1  -1       0.93541650  p_y
   43   2   1   0       0.90925850  p_z
   43   2   1   1       0.93145109  p_x
   44   1   0   0       1.23608950  s
   44   2   1  -1       0.97502868  p_y
   44   2   1   0       0.91032967  p_z
   44   2   1   1       0.93577311  p_x
   45   1   0   0       1.25397881  s
   45   2   1  -1       0.89977836  p_y
   45   2   1   0       0.96716350  p_z
   45   2   1   1       0.95025594  p_x
   46   1   0   0       1.19293503  s
   46   2   1  -1       0.90527148  p_y
   46   2   1   0       0.94127724  p_z
   46   2   1   1       0.92696488  p_x
   47   1   0   0       1.19288064  s
   47   2   1  -1       0.89913054  p_y
   47   2   1   0       0.95511414  p_z
   47   2   1   1       0.91971627  p_x
   48   1   0   0       1.19698708  s
   48   2   1  -1       0.90051143  p_y
   48   2   1   0       0.95570556  p_z
   48   2   1   1       0.93811831  p_x
   49   1   0   0       1.23459477  s
   49   2   1  -1       0.90854177  p_y
   49   2   1   0       0.95374162  p_z
   49   2   1   1       0.96845152  p_x
   50   1   0   0       1.21991126  s
   50   2   1  -1       0.90383514  p_y
   50   2   1   0       0.94530306  p_z
   50   2   1   1       0.93579213  p_x
   51   1   0   0       1.23809654  s
   51   2   1  -1       0.89401673  p_y
   51   2   1   0       0.95872592  p_z
   51   2   1   1       0.93053416  p_x
   52   1   0   0       1.22675747  s
   52   2   1  -1       0.89790454  p_y
   52   2   1   0       0.95450297  p_z
   52   2   1   1       0.95091190  p_x
   53   1   0   0       1.18290709  s
   53   2   1  -1       0.93626728  p_y
   53   2   1   0       0.94223493  p_z
   53   2   1   1       0.91843042  p_x
   54   1   0   0       1.19463759  s
   54   2   1  -1       0.92368378  p_y
   54   2   1   0       0.95033746  p_z
   54   2   1   1       0.91924947  p_x
   55   1   0   0       1.18911898  s
   55   2   1  -1       0.92775855  p_y
   55   2   1   0       0.95417034  p_z
   55   2   1   1       0.90535923  p_x
   56   1   0   0       1.17986935  s
   56   2   1  -1       0.92951137  p_y
   56   2   1   0       0.93163271  p_z
   56   2   1   1       0.91269892  p_x
   57   1   0   0       1.19282378  s
   57   2   1  -1       0.95168735  p_y
   57   2   1   0       0.95077383  p_z
   57   2   1   1       0.91322973  p_x
   58   1   0   0       1.21745946  s
   58   2   1  -1       0.93565669  p_y
   58   2   1   0       0.94612533  p_z
   58   2   1   1       0.91510418  p_x
   59   1   0   0       1.19995153  s
   59   2   1  -1       0.94034349  p_y
   59   2   1   0       0.93130867  p_z
   59   2   1   1       0.90892712  p_x
   60   1   0   0       1.20338202  s
   60   2   1  -1       0.95143940  p_y
   60   2   1   0       0.96433592  p_z
   60   2   1   1       0.91336806  p_x
   61   1   0   0       1.00187003  s
   62   1   0   0       1.00131620  s

Fermi level:                        -0.1767303448 H           -4.8091 eV
Band energy:                      -104.4908195785 H        -2843.3399 eV
TS:                                  0.0000000001 H            0.0000 eV
Band free energy (E-TS):          -104.4908195787 H        -2843.3399 eV
Extrapolated E(0K):               -104.4908195786 H        -2843.3399 eV
Input / Output electrons (q):    242.0000000004    242.0000000004

Energy H0:                        -104.3528645118 H        -2839.5859 eV
Energy SCC:                          0.0009834169 H            0.0268 eV
Total Electronic energy:          -104.3518810949 H        -2839.5592 eV
Repulsive energy:                    1.6220228797 H           44.1375 eV
Total energy:                     -102.7298582152 H        -2795.4217 eV
Extrapolated to 0:                -102.7298582153 H        -2795.4217 eV
Total Mermin free energy:         -102.7298582154 H        -2795.4217 eV
Force related energy:             -102.7298582154 H        -2795.4217 eV

SCC converged

Total Forces
    1      0.036523848261     -0.003664808666      0.040920611977
    2      0.020295146281      0.008056295301      0.189132665356
    3     -0.040874023283      0.010137135575     -0.059459769636
    4     -0.036175954501      0.002230578678     -0.154887549900
    5     -0.002255433350     -0.045311301321     -0.030827366910
    6     -0.004758113284     -0.018993457375     -0.012245058399
    7      0.043145423434      0.038835090302     -0.005873784654
    8     -0.020014571493      0.018842413947      0.062990420399
    9      0.044118389161     -0.018821191904     -0.008223766478
   10     -0.020310117249      0.037043758202      0.022270710761
   11     -0.025871300012      0.040230834870     -0.015829181378
   12      0.042088088311     -0.026160846511      0.001826481008
   13      0.068565802878      0.036521067567     -0.058145789271
   14     -0.081414685393     -0.049631327012      0.019573741060
   15     -0.057044165720      0.002698536536      0.028011585683
   16      0.042055064052     -0.016299557887     -0.011100388828
   17      0.018726386075      0.015526315592     -0.026816821631
   18     -0.022810236216     -0.008849425682      0.063075179798
   19      0.023573738738      0.009119556684      0.033189555913
   20      0.006777099647      0.003497467713     -0.002834802277
   21     -0.064565535375      0.052609920088      0.064602098558
   22      0.027521630628     -0.016125214259      0.014007854040
   23     -0.017061135683      0.012264222930      0.011238032015
   24     -0.001209584439     -0.030266925494     -0.064843433776
   25     -0.006336381153     -0.055670554780     -0.049821457554
   26     -0.014083781251      0.070244658240      0.092110542466
   27      0.014157190729     -0.018164347020      0.043260361768
   28      0.017465353178      0.030111564013     -0.063278649838
   29      0.004497776565      0.063896803353     -0.020192934217
   30     -0.045290504963     -0.056279748271      0.008376503490
   31     -0.032556785859     -0.056553067634      0.002654206234
   32      0.052770892249     -0.026827506195      0.002757940599
   33     -0.014376973630      0.006484391587      0.009661792575
   34     -0.040598160244      0.011646593336      0.006969423244
   35      0.009652621886     -0.071900164152      0.024231039918
   36     -0.044384498426      0.003886967296      0.004181589732
   37      0.011861296737     -0.023957318835     -0.021658910737
   38     -0.020751467102     -0.011671969820      0.019629966448
   39      0.011733905497     -0.000418851052     -0.078491935455
   40      0.027100400352      0.024693783382      0.040054755539
   41     -0.008917100490      0.016485331723      0.020249536128
   42     -0.013818347261     -0.035540114785     -0.034406415348
   43      0.016800728599      0.018098749840      0.060523961650
   44      0.001952031032     -0.016651478515      0.002566065840
   45      0.039484346025     -0.005317648492      0.026496953264
   46     -0.022985292061      0.033328679050     -0.058956607860
   47      0.035268814018     -0.064226550396     -0.095097365665
   48     -0.000765912930      0.060436322478      0.026950421834
   49     -0.007232146661      0.013595638052      0.032746154537
   50     -0.003698348571      0.052388555671     -0.001756746293
   51     -0.004932967645     -0.000810271711     -0.041489938148
   52      0.024677034211     -0.045567146540     -0.014246644341
   53     -0.112361613795     -0.009549445388      0.020680146715
   54      0.114258026874      0.044579148357     -0.014033730093
   55     -0.013125165006     -0.007647893663     -0.021318493130
   56     -0.086175277583     -0.027388084756     -0.025286765678
   57     -0.022419984465      0.041539266738      0.023675644894
   58      0.130379332831     -0.011836113498     -0.047702210708
   59      0.028932251011      0.062425381567     -0.026877281937
   60     -0.005236898919     -0.061022363937      0.046632392967
   61      0.039818674293      0.000219533337     -0.003696829303
   62     -0.039788829541     -0.000549866452      0.004152293035

Maximal derivative component:        0.189133E+00 au

Dipole moment:    0.00165409   -0.04506416    0.05553148 au
Dipole moment:    0.00420428   -0.11454168    0.14114695 Debye


