   8.3949461e-05  -1.4727240e-04  -2.1559975e-01  -4.0785741e-05  -2.1749228e-01   4.5537354e-05  -2.3188401e-05   1.6200726e-01  -6.4639063e-05  -4.1616007e-01  -6.3211577e-04  -3.3881696e-05   8.9814094e-05   1.6496364e-01  -3.3380354e-04  -6.6358296e-02  -2.3587646e-04  -2.6407926e-07
  -2.6560580e-08   4.2474610e-08  -3.1041989e-05   2.1556909e-01  -2.6862544e-05  -2.1751261e-01  -6.2115512e-08  -6.0550800e-04  -1.6202360e-01   1.3543258e-02  -4.1638406e-01   3.3885887e-07  -6.4525056e-08  -2.1601531e-04   1.6495190e-01   2.1339265e-04   6.6276819e-02   2.0406327e-05
   1.2024824e-01  -1.2040086e-01   8.3006851e-05   4.4524958e-08   4.7181269e-05  -1.6249404e-08   5.7947741e-01   3.1431172e-05   7.0070747e-08  -9.2293051e-05   2.7236767e-07   2.9682904e-01  -3.7712246e-01   3.1623238e-05  -2.8588216e-08  -1.3146449e-04   8.8663023e-07   8.2090855e-08
   8.4745110e-05   1.4867020e-04   2.1557904e-01   4.1104461e-05  -2.1750977e-01   4.5456474e-05   2.3374995e-05   1.6200728e-01  -6.4432177e-05   4.1616027e-01   6.3227923e-04  -3.2302359e-05  -8.9743116e-05   1.6496209e-01  -3.3269794e-04   6.6360947e-02   2.3866114e-04   2.0143201e-07
  -2.2474752e-08  -3.7063308e-08   3.0979290e-05  -2.1560216e-01  -2.7398094e-05  -2.1748291e-01   1.7451231e-08  -6.0594812e-04  -1.6202377e-01  -1.3543226e-02   4.1638393e-01  -4.0646867e-07  -2.5905364e-07  -2.1531064e-04   1.6495214e-01  -2.1514719e-04  -6.6276906e-02   2.0916906e-05
   1.2024848e-01   1.2040070e-01  -8.3279593e-05  -7.5099149e-08   4.7063149e-05  -5.4533028e-08  -5.7947740e-01   3.1255195e-05  -6.3871645e-08   9.0644600e-05   2.9435709e-07   2.9682909e-01   3.7712233e-01   3.1340363e-05   8.3084724e-07   1.3093301e-04  -1.3592666e-06   8.3194875e-08
   3.7753925e-01  -3.7714633e-01   5.1356135e-01   9.7225006e-05   5.1195835e-01  -1.0718986e-04   2.0394734e-02  -1.5160389e-01   6.0366676e-05   4.6765780e-02   7.0895012e-05  -1.4328552e-01   1.5955181e-01   1.2058075e-01  -2.4447039e-04  -1.1818400e-01  -4.2191915e-04  -6.1665652e-08
   1.7985200e-10  -5.0292575e-10  -1.9006784e-06   1.3268910e-02  -1.3542537e-06  -1.1068823e-02   5.1834650e-08   8.2764880e-04   2.2143475e-01  -7.3026201e-03   2.2452793e-01  -3.4074560e-07  -6.9660619e-09   6.5708875e-04  -5.0036855e-01  -1.5477901e-03  -4.7902549e-01  -4.0829303e-01
  -1.3835456e-01   1.3890669e-01  -1.9683933e-01  -3.7260944e-05  -1.9928346e-01   4.1725204e-05   2.3308071e-01  -4.9382313e-01   1.9674328e-04   4.0628168e-01   6.1683009e-04  -3.4167946e-01   3.0631284e-01   2.2410162e-01  -4.5492167e-04  -2.9462374e-01  -1.0519836e-03   3.3903372e-08
  -1.8891452e-01   1.8882943e-01   1.1829129e-01  -2.2796992e-01   1.1961677e-01   2.2641777e-01  -1.0197581e-02  -2.0406714e-01  -3.0208236e-02   1.8240307e-01  -7.6733226e-02   7.1700741e-02  -7.9916461e-02  -3.4550514e-01   2.6961585e-01   3.3057046e-01   2.5983022e-01  -3.5353677e-01
  -3.2721324e-01   3.2707479e-01   2.2785521e-01  -3.8157852e-01   2.2633660e-01   3.8109045e-01  -1.7662940e-02   3.0884176e-02   1.6905503e-01  -7.9884588e-02   9.1083094e-02   1.2405409e-01  -1.3803727e-01   2.6896536e-01  -3.5202413e-02  -2.5880877e-01  -3.2004659e-02   2.0411058e-01
  -1.3846870e-01   1.3910597e-01   9.8303021e-02  -1.7034415e-01   9.9581474e-02   1.7253318e-01   2.3305718e-01   2.4525840e-01  -4.2771559e-01  -1.9161697e-01  -3.5224342e-01  -3.4172784e-01   3.0627811e-01  -1.1184960e-01  -1.9392331e-01   1.4665696e-01  -2.5481730e-01   2.3373287e-05
  -1.8891462e-01   1.8882957e-01   1.1822566e-01   2.2801460e-01   1.1956088e-01  -2.2646785e-01  -1.0197570e-02  -2.0384069e-01   3.0370641e-02   1.7739391e-01   7.7279536e-02   7.1700328e-02  -7.9916371e-02  -3.4479865e-01  -2.6821639e-01   3.2889876e-01  -2.5747845e-01   3.5353684e-01
   3.2721334e-01  -3.2707494e-01  -2.2774532e-01  -3.8166450e-01  -2.2624248e-01   3.8118514e-01   1.7663034e-02  -2.9619985e-02   1.6907899e-01   7.3951862e-02   9.1316223e-02  -1.2405436e-01   1.3803739e-01  -2.6887452e-01  -3.4112198e-02   2.5860812e-01  -3.0160962e-02   2.0411057e-01
  -1.3846876e-01   1.3910605e-01   9.8253985e-02   1.7038126e-01   9.9538882e-02  -1.7257486e-01   2.3305744e-01   2.4845565e-01   4.2751853e-01  -2.1451136e-01   3.5162557e-01  -3.4172818e-01   3.0627826e-01  -1.1236085e-01   1.9437790e-01   1.4830867e-01   2.5586730e-01  -2.3748551e-05
   3.7753787e-01   3.7714234e-01  -5.1351331e-01  -9.8075427e-05   5.1199914e-01  -1.0712701e-04  -2.0394885e-02  -1.5160353e-01   6.0457613e-05  -4.6764809e-02  -7.1153967e-05  -1.4328561e-01  -1.5955195e-01   1.2057950e-01  -2.4306875e-04   1.1818638e-01   4.2416172e-04   1.1430515e-07
  -1.2683657e-08  -1.4000962e-08   1.9302475e-06  -1.3270637e-02  -1.4200939e-06  -1.1067044e-02  -5.1962452e-09   8.2799407e-04   2.2143469e-01   7.3027982e-03  -2.2452768e-01   5.7281004e-07   7.8789117e-07   6.5161882e-04  -5.0036645e-01   1.5531431e-03   4.7902588e-01  -4.0829090e-01
  -1.3835408e-01  -1.3890524e-01   1.9682074e-01   3.7589624e-05  -1.9929923e-01   4.1697421e-05  -2.3308134e-01  -4.9382254e-01   1.9678148e-04  -4.0627948e-01  -6.1753393e-04  -3.4168100e-01  -3.0631367e-01   2.2409931e-01  -4.5135162e-04   2.9462872e-01   1.0563083e-03   1.4490127e-07
  -1.8891529e-01  -1.8882989e-01  -1.1827951e-01   2.2800429e-01   1.1962737e-01   2.2638655e-01   1.0197328e-02  -2.0406743e-01  -3.0207881e-02  -1.8240386e-01   7.6732695e-02   7.1698992e-02   7.9915901e-02  -3.4549782e-01   2.6960940e-01  -3.3057899e-01  -2.5983586e-01  -3.5353546e-01
  -3.2721463e-01  -3.2707567e-01  -2.2783284e-01   3.8163616e-01   2.2635665e-01   3.8103805e-01   1.7663051e-02   3.0884064e-02   1.6905472e-01   7.9884193e-02  -9.1082555e-02   1.2405501e-01   1.3803727e-01   2.6896188e-01  -3.5198132e-02   2.5881340e-01   3.2008986e-02   2.0411012e-01
  -1.3846938e-01  -1.3910643e-01  -9.8293233e-02   1.7037033e-01   9.9590171e-02   1.7250987e-01  -2.3305704e-01   2.4525874e-01  -4.2771538e-01   1.9161908e-01   3.5224287e-01  -3.4172751e-01  -3.0627745e-01  -1.1185140e-01  -1.9392392e-01  -1.4665658e-01   2.5481546e-01   2.3354104e-05
  -1.8891531e-01  -1.8882995e-01  -1.1821396e-01  -2.2804922e-01   1.1957029e-01  -2.2643640e-01   1.0197330e-02  -2.0384118e-01   3.0370414e-02  -1.7739478e-01  -7.7279312e-02   7.1699644e-02   7.9916825e-02  -3.4479749e-01  -2.6821947e-01  -3.2890177e-01   2.5747224e-01   3.5353557e-01
   3.2721472e-01   3.2707582e-01   2.2772314e-01   3.8172280e-01  -2.2626060e-01   3.8113248e-01  -1.7663036e-02  -2.9619987e-02   1.6907903e-01  -7.3951757e-02  -9.1316571e-02  -1.2405474e-01  -1.3803706e-01  -2.6887180e-01  -3.4116218e-02  -2.5861204e-01   3.0156547e-02   2.0410998e-01
  -1.3846938e-01  -1.3910646e-01  -9.8244248e-02  -1.7040766e-01   9.9546675e-02  -1.7255137e-01  -2.3305698e-01   2.4845638e-01   4.2751889e-01   2.1451275e-01  -3.5162628e-01  -3.4172700e-01  -3.0627763e-01  -1.1235652e-01   1.9437284e-01  -1.4831219e-01  -2.5586815e-01  -2.3747225e-05
