    0.5347832536    0.0000000160   -0.0000144759   -0.0841682901
    0.0000000000    0.0000023328   -0.2571135899   -0.0000000155
    0.0741605081   -0.0997056122   -0.0908721893   -0.0370741639
   -0.0997056005    0.0908721886   -0.0370742124    0.0036398483
   -0.0000000000    0.0321730926    0.0011349936    0.0014459009
   -0.0160865420    0.0011349970   -0.0014459006   -0.0160865393
    0.0000000043    0.5347461623    0.0000000507   -0.0000000000
   -0.0841644516    0.0000000000    0.0000000000   -0.0472297882
   -0.0000000000   -0.0908712940   -0.2046298790   -0.0642142983
    0.0908712925   -0.2046298866    0.0642142484   -0.0000000000
    0.0002997675    0.0000000000    0.0014458656    0.0028040382
   -0.0278623528   -0.0014458684    0.0028040373    0.0278623520
   -0.0000147316    0.0000000089    0.4758725995    0.0000018197
   -0.0000000143   -0.2298158166    0.0759648075    0.0000000085
   -0.0734724432   -0.0379756226   -0.0657765532   -0.0734745290
   -0.0379756505    0.0657765469   -0.0734745569   -0.0055447442
    0.0000000025   -0.0085438563    0.0027720607    0.0048013379
   -0.0085456982    0.0027720611   -0.0048013372   -0.0085456993
   -0.0841682882   -0.0000000000    0.0000024045    0.5347832913
    0.0000000194   -0.0000144579    0.0036398310   -0.0000000000
    0.0321730925    0.0011350012    0.0014459109   -0.0160865356
    0.0011349959   -0.0014459103   -0.0160865393   -0.2571136132
    0.0000000052    0.0741605207   -0.0997056009   -0.0908722377
   -0.0370742233   -0.0997056171    0.0908722125   -0.0370742615
   -0.0000000000   -0.0841644535   -0.0000000000    0.0000000311
    0.5347460192    0.0000000312    0.0000000000    0.0002997685
   -0.0000000000    0.0014458680    0.0028040357   -0.0278623510
   -0.0014458669    0.0028040366    0.0278623551   -0.0000000000
   -0.0472298262    0.0000000000   -0.0908713159   -0.2046297934
   -0.0642142626    0.0908712836   -0.2046297870    0.0642142273
    0.0000018410   -0.0000000143   -0.2298158166   -0.0000146865
   -0.0000000422    0.4758726221   -0.0055447352   -0.0000000033
   -0.0085438627    0.0027720596    0.0048013410   -0.0085456991
    0.0027720609   -0.0048013410   -0.0085456952    0.0759647768
   -0.0000000069   -0.0734725181   -0.0379756518   -0.0657765023
   -0.0734745288   -0.0379756649    0.0657765691   -0.0734745016
   -0.2581222072   -0.0000000000    0.0754552074    0.0037707840
   -0.0000000000    0.0015699943    0.2754447352    0.0000000007
   -0.0865669597   -0.0110064147    0.0020017681    0.0044283885
   -0.0110064153   -0.0020017690    0.0044283905   -0.0005107595
   -0.0000000000    0.0002296686    0.0007151388    0.0007143662
    0.0002276552    0.0007151387   -0.0007143659    0.0002276551
   -0.0000000000   -0.0465243342    0.0000000000    0.0000000000
    0.0004723005    0.0000000000   -0.0000000024    0.0431783108
   -0.0000000001   -0.0235194838    0.0009442330    0.0087339505
    0.0235194857    0.0009442332   -0.0087339505    0.0000000000
    0.0009581670   -0.0000000000    0.0003042437    0.0000135448
    0.0001218317   -0.0003042433    0.0000135448   -0.0001218315
    0.0746001464    0.0000000085   -0.0719734564    0.0318044136
   -0.0000000033   -0.0100427025   -0.0857941217   -0.0000000059
    0.0829783689   -0.0103200601   -0.0001017401    0.0023617701
   -0.0103200599    0.0001017410    0.0023617707    0.0018061694
    0.0000000000   -0.0072752154   -0.0008882436   -0.0012615563
    0.0007947324   -0.0008882441    0.0012615561    0.0007947323
   -0.0994287810   -0.0916135237   -0.0377210338    0.0012970036
    0.0014278051   -0.0007854991   -0.0113602337   -0.0233151676
   -0.0097788005    0.1012491757    0.1005646852    0.0432781139
    0.0072738187    0.0129643781    0.0053495063    0.0006301096
    0.0003533913   -0.0002193317    0.0005910534   -0.0006358544
   -0.0001146232   -0.0002521463    0.0002542860   -0.0000083320
   -0.0916142340   -0.2052100898   -0.0653355615    0.0014277720
    0.0029452535   -0.0013603925    0.0022059600    0.0012980977
    0.0005316963    0.1005646420    0.2173667112    0.0749593833
   -0.0125558753   -0.0173364532   -0.0082021128    0.0007636050
    0.0000986723   -0.0001362411   -0.0006358609   -0.0001431598
   -0.0001987064   -0.0001560088    0.0009809680   -0.0002580652
   -0.0372937210   -0.0645947507   -0.0719757838   -0.0159020748
   -0.0275429332   -0.0100445178    0.0052473545    0.0088859722
    0.0023618276    0.0428915893    0.0742899061    0.0829818592
    0.0050715887    0.0089874322    0.0023616792    0.0015365799
    0.0001384619    0.0007947463   -0.0009029088   -0.0015640288
   -0.0072745255   -0.0006484078    0.0013999403    0.0007947147
   -0.0994287694    0.0916135229   -0.0377210823    0.0012969983
   -0.0014278045   -0.0007855028   -0.0113602342    0.0233151667
   -0.0097787985    0.0072738188   -0.0129643781    0.0053495063
    0.1012491697   -0.1005646842    0.0432781642    0.0006301098
   -0.0003533912   -0.0002193318   -0.0002521463   -0.0002542860
   -0.0000083320    0.0005910534    0.0006358544   -0.0001146232
    0.0916142432   -0.2052100671    0.0653355248   -0.0014277708
    0.0029452544    0.0013603967   -0.0022059581    0.0012980980
   -0.0005316963    0.0125558754   -0.0173364531    0.0082021128
   -0.1005646545    0.2173666873   -0.0749593507   -0.0007636048
    0.0000986722    0.0001362411    0.0001560088    0.0009809680
    0.0002580652    0.0006358609   -0.0001431597    0.0001987064
   -0.0372937488    0.0645947444   -0.0719758117   -0.0159020736
    0.0275429332   -0.0100445139    0.0052473546   -0.0088859713
    0.0023618282    0.0050715887   -0.0089874322    0.0023616792
    0.0428916159   -0.0742899007    0.0829818826    0.0015365798
   -0.0001384619    0.0007947463   -0.0006484078   -0.0013999403
    0.0007947147   -0.0009029088    0.0015640288   -0.0072745255
    0.0037707843    0.0000000034    0.0015699666   -0.2581223748
    0.0000000052    0.0754552852   -0.0005107387   -0.0000000000
    0.0002296585    0.0007151337    0.0007143566    0.0002276538
    0.0007151340   -0.0007143568    0.0002276538    0.2754448145
   -0.0000000092   -0.0865670148   -0.0110063765    0.0020017946
    0.0044283985   -0.0110063764   -0.0020017938    0.0044283983
    0.0000000000    0.0004722836   -0.0000000000    0.0000000000
   -0.0465244113    0.0000000000   -0.0000000000    0.0009581685
    0.0000000000    0.0003042465    0.0000135522    0.0001218339
   -0.0003042462    0.0000135521   -0.0001218340    0.0000000029
    0.0431783654   -0.0000000017   -0.0235194718    0.0009442430
    0.0087339507    0.0235194686    0.0009442463   -0.0087339490
    0.0318043821    0.0000000025   -0.0100427047    0.0746001094
   -0.0000000070   -0.0719735628    0.0018061551   -0.0000000000
   -0.0072752036   -0.0008882294   -0.0012615355    0.0007947415
   -0.0008882296    0.0012615355    0.0007947415   -0.0857940635
    0.0000000041    0.0829784394   -0.0103200609   -0.0001017456
    0.0023617727   -0.0103200632    0.0001017459    0.0023617760
    0.0012970060    0.0014278016   -0.0007855124   -0.0994286980
   -0.0916135030   -0.0377210603    0.0006301114    0.0003533919
   -0.0002193324    0.0005910487   -0.0006358615   -0.0001146286
   -0.0002521513    0.0002542919   -0.0000083344   -0.0113602548
   -0.0233151809   -0.0097788017    0.1012491212    0.1005646883
    0.0432781619    0.0072738167    0.0129643718    0.0053495081
    0.0014277691    0.0029452625   -0.0013604064   -0.0916142364
   -0.2052099857   -0.0653355426    0.0007636108    0.0000986724
   -0.0001362417   -0.0006358639   -0.0001431661   -0.0001987091
   -0.0001560098    0.0009809686   -0.0002580645    0.0022059436
    0.0012980893    0.0005316978    0.1005646569    0.2173666288
    0.0749593703   -0.0125558703   -0.0173364697   -0.0082021038
   -0.0159020842   -0.0275429432   -0.0100445126   -0.0372937474
   -0.0645947050   -0.0719757679    0.0015365929    0.0001384632
    0.0007947424   -0.0009029121   -0.0015640352   -0.0072745315
   -0.0006484135    0.0013999509    0.0007947095    0.0052473520
    0.0088859712    0.0023618272    0.0428916212    0.0742898667
    0.0829818576    0.0050715911    0.0089874313    0.0023616752
    0.0012970094   -0.0014278013   -0.0007855097   -0.0994287143
    0.0916134778   -0.0377210985    0.0006301113   -0.0003533916
   -0.0002193326   -0.0002521513   -0.0002542918   -0.0000083344
    0.0005910487    0.0006358615   -0.0001146286   -0.0113602547
    0.0233151817   -0.0097788019    0.0072738167   -0.0129643719
    0.0053495081    0.1012491341   -0.1005646643    0.0432781977
   -0.0014277687    0.0029452616    0.0013604053    0.0916142042
   -0.2052099792    0.0653355073   -0.0007636105    0.0000986723
    0.0001362419    0.0001560098    0.0009809686    0.0002580645
    0.0006358639   -0.0001431662    0.0001987091   -0.0022059468
    0.0012980926   -0.0005316961    0.0125558703   -0.0173364697
    0.0082021038   -0.1005646223    0.2173666200   -0.0749593360
   -0.0159020839    0.0275429439   -0.0100445137   -0.0372937604
    0.0645947717   -0.0719757407    0.0015365924   -0.0001384634
    0.0007947423   -0.0006484135   -0.0013999509    0.0007947095
   -0.0009029121    0.0015640352   -0.0072745315    0.0052473497
   -0.0088859709    0.0023618305    0.0050715911   -0.0089874313
    0.0023616752    0.0428916367   -0.0742899343    0.0829818283
