SLURM_NTASKS: 1
SLURM_NTASKS_PER_NODE: 1
SLURM_CPUS_PER_TASK: 20
 delta_t =   5.000000000000000E-004
 damping =   1.000000000000000E-002
 no_walkers_start =         1000
 n_steps =        20000
 debug_extended =  F
 restart =  T
 grad_descent =  T
 Number of threads =           20
Nat =    62 3*Nat =   186 3*Nat - 6 =   180
 rxyz0 (Bohr): 
 
   0.000    ,   0.000    ,   0.000    ,   0.000    ,   6.600    ,  -6.600    ,   6.600    ,  -6.600    ,   1.330    ,  -1.330    ,   1.330    ,  -1.330    ,   2.224    ,  -2.224    ,   2.224    ,   2.224    ,  -2.224    ,  -2.224    ,   2.224    ,  -2.224    ,   5.751    ,  -5.751    ,   5.751    ,   5.751    ,  -5.751    ,  -5.751    ,   5.751    ,  -5.751    ,   2.705    ,  -2.705    ,   2.705    ,   2.705    ,  -2.705    ,  -2.705    ,   2.705    ,  -2.705    ,  -4.376    ,   4.376    ,  -4.376    ,  -4.376    ,   4.376    ,   4.376    ,  -4.376    ,   4.376    ,  -4.929    ,   4.929    ,  -4.929    ,  -4.929    ,   4.929    ,   4.929    ,  -4.929    ,   4.929    ,  -1.374    ,   1.374    ,  -1.374    ,  -1.374    ,   1.374    ,   1.374    ,  -1.374    ,   1.374    , -0.7028    ,  0.7028    
   6.600    ,  -6.600    ,   6.600    ,  -6.600    ,   1.330    ,   1.330    ,  -1.330    ,  -1.330    ,   0.000    ,   0.000    ,   0.000    ,   0.000    ,   5.751    ,   5.751    ,  -5.751    ,   5.751    ,  -5.751    ,   5.751    ,  -5.751    ,  -5.751    ,   2.705    ,   2.705    ,  -2.705    ,   2.705    ,  -2.705    ,   2.705    ,  -2.705    ,  -2.705    ,   2.224    ,   2.224    ,  -2.224    ,   2.224    ,  -2.224    ,   2.224    ,  -2.224    ,  -2.224    ,  -4.929    ,  -4.929    ,   4.929    ,  -4.929    ,   4.929    ,  -4.929    ,   4.929    ,   4.929    ,  -1.374    ,  -1.374    ,   1.374    ,  -1.374    ,   1.374    ,  -1.374    ,   1.374    ,   1.374    ,  -4.377    ,  -4.377    ,   4.377    ,  -4.377    ,   4.377    ,  -4.377    ,   4.377    ,   4.377    ,   0.000    ,   0.000    
   1.330    ,   1.330    ,  -1.330    ,  -1.330    ,   0.000    ,   0.000    ,   0.000    ,   0.000    ,   6.600    ,   6.600    ,  -6.600    ,  -6.600    ,   2.705    ,   2.705    ,   2.705    ,  -2.705    ,   2.705    ,  -2.705    ,  -2.705    ,  -2.705    ,   2.224    ,   2.224    ,   2.224    ,  -2.224    ,   2.224    ,  -2.224    ,  -2.224    ,  -2.224    ,   5.751    ,   5.751    ,   5.751    ,  -5.751    ,   5.751    ,  -5.751    ,  -5.751    ,  -5.751    ,  -1.374    ,  -1.374    ,  -1.374    ,   1.374    ,  -1.374    ,   1.374    ,   1.374    ,   1.374    ,  -4.377    ,  -4.377    ,  -4.377    ,   4.377    ,  -4.377    ,   4.377    ,   4.377    ,   4.377    ,  -4.929    ,  -4.929    ,  -4.929    ,   4.929    ,  -4.929    ,   4.929    ,   4.929    ,   4.929    ,   0.000    ,   0.000    
 
 The energy in the given state is:   -102.915340200200     
 The energy after the minimization is:   -102.915340231900     
  160 iterations were needed to obtain a precision of 1d-6
 
 Sigma2 modifier = 1.0
 Equilibrium position energy:   -102.915340231900     
 E_0 from the harmonic approximation:   0.398482128194420     
      180000 old iterations detected
 Restart complete:          846  walkers,   -102.431092951878       et
Step 180100 of 200000--------------------------------
 number of walkers =          846
 et =   -102.430206975316     
 e0 =   -102.431028447831     
Step 180200 of 200000--------------------------------
 number of walkers =          846
 et =   -102.430286999996     
 e0 =   -102.431108463937     
Step 180300 of 200000--------------------------------
 number of walkers =          846
 et =   -102.430408531758     
 e0 =   -102.431229962204     
Step 180400 of 200000--------------------------------
 number of walkers =          846
 et =   -102.430562272760     
 e0 =   -102.431383708491     
Step 180500 of 200000--------------------------------
 number of walkers =          846
 et =   -102.430425639218     
 e0 =   -102.431247028629     
Step 180600 of 200000--------------------------------
 number of walkers =          846
 et =   -102.430764536514     
 e0 =   -102.431585817916     
Step 180700 of 200000--------------------------------
 number of walkers =          846
 et =   -102.430914451289     
 e0 =   -102.431735684738     
Step 180800 of 200000--------------------------------
 number of walkers =          846
 et =   -102.430498133251     
 e0 =   -102.431319313612     
Step 180900 of 200000--------------------------------
 number of walkers =          846
 et =   -102.429749086241     
 e0 =   -102.430570147104     
Step 181000 of 200000--------------------------------
 number of walkers =          845
 et =   -102.429424769158     
 e0 =   -102.430251220331     
Step 181100 of 200000--------------------------------
 number of walkers =          845
 et =   -102.429947913850     
 e0 =   -102.430774342307     
Step 181200 of 200000--------------------------------
 number of walkers =          845
 et =   -102.430092047031     
 e0 =   -102.430918393158     
Step 181300 of 200000--------------------------------
 number of walkers =          846
 et =   -102.429856564213     
 e0 =   -102.430682857691     
Step 181400 of 200000--------------------------------
 number of walkers =          846
 et =   -102.429954670139     
 e0 =   -102.430780906154     
Step 181500 of 200000--------------------------------
 number of walkers =          845
 et =   -102.429869878661     
 e0 =   -102.430697689224     
Step 181600 of 200000--------------------------------
 number of walkers =          845
 et =   -102.430112323961     
 e0 =   -102.430940196212     
Step 181700 of 200000--------------------------------
 number of walkers =          845
 et =   -102.430322846223     
 e0 =   -102.431150704313     
Step 181800 of 200000--------------------------------
 number of walkers =          845
 et =   -102.430336951203     
 e0 =   -102.431170235177     
Step 181900 of 200000--------------------------------
 number of walkers =          844
 et =   -102.430529645062     
 e0 =   -102.431363726844     
Step 182000 of 200000--------------------------------
 number of walkers =          844
 et =   -102.430968035829     
 e0 =   -102.431802052407     
Step 182100 of 200000--------------------------------
 number of walkers =          844
 et =   -102.430944406336     
 e0 =   -102.431778291321     
Step 182200 of 200000--------------------------------
 number of walkers =          844
 et =   -102.431095704821     
 e0 =   -102.431929492902     
Step 182300 of 200000--------------------------------
 number of walkers =          844
 et =   -102.430179919285     
 e0 =   -102.431013627827     
Step 182400 of 200000--------------------------------
 number of walkers =          844
 et =   -102.429800280779     
 e0 =   -102.430633914009     
Step 182500 of 200000--------------------------------
 number of walkers =          844
 et =   -102.430204699054     
 e0 =   -102.431038282293     
Step 182600 of 200000--------------------------------
 number of walkers =          845
 et =   -102.428584145682     
 e0 =   -102.429417594056     
Step 182700 of 200000--------------------------------
 number of walkers =          845
 et =   -102.427162520560     
 e0 =   -102.427995836578     
Step 182800 of 200000--------------------------------
 number of walkers =          844
 et =   -102.426947393129     
 e0 =   -102.427785985910     
Step 182900 of 200000--------------------------------
 number of walkers =          844
 et =   -102.427998986943     
 e0 =   -102.428837543982     
Step 183000 of 200000--------------------------------
 number of walkers =          844
 et =   -102.430538950340     
 e0 =   -102.431377500798     
Step 183100 of 200000--------------------------------
 number of walkers =          844
 et =   -102.430984484301     
 e0 =   -102.431823067805     
Step 183200 of 200000--------------------------------
 number of walkers =          844
 et =   -102.431142980662     
 e0 =   -102.431981572057     
Step 183300 of 200000--------------------------------
 number of walkers =          844
 et =   -102.430534581741     
 e0 =   -102.431373093750     
Step 183400 of 200000--------------------------------
 number of walkers =          843
 et =   -102.427812483945     
 e0 =   -102.428665362563     
Step 183500 of 200000--------------------------------
 number of walkers =          843
 et =   -102.428113917675     
 e0 =   -102.428966540948     
Step 183600 of 200000--------------------------------
 number of walkers =          843
 et =   -102.427961062660     
 e0 =   -102.428813639958     
Step 183700 of 200000--------------------------------
 number of walkers =          843
 et =   -102.427143821794     
 e0 =   -102.427996180803     
Step 183800 of 200000--------------------------------
 number of walkers =          843
 et =   -102.426070254714     
 e0 =   -102.426922358733     
Step 183900 of 200000--------------------------------
 number of walkers =          843
 et =   -102.426910479374     
 e0 =   -102.427762617027     
Step 184000 of 200000--------------------------------
 number of walkers =          842
 et =   -102.429395103963     
 e0 =   -102.430252494537     
Step 184100 of 200000--------------------------------
 number of walkers =          842
 et =   -102.428945969587     
 e0 =   -102.429803110166     
Step 184200 of 200000--------------------------------
 number of walkers =          842
 et =   -102.430052115269     
 e0 =   -102.430909295408     
Step 184300 of 200000--------------------------------
 number of walkers =          842
 et =   -102.429814590916     
 e0 =   -102.430671751414     
Step 184400 of 200000--------------------------------
 number of walkers =          842
 et =   -102.429790639616     
 e0 =   -102.430647685766     
Step 184500 of 200000--------------------------------
 number of walkers =          842
 et =   -102.427212155931     
 e0 =   -102.428069155497     
Step 184600 of 200000--------------------------------
 number of walkers =          842
 et =   -102.427963644773     
 e0 =   -102.428820766240     
Step 184700 of 200000--------------------------------
 number of walkers =          842
 et =   -102.426923752057     
 e0 =   -102.427780930949     
Step 184800 of 200000--------------------------------
 number of walkers =          842
 et =   -102.426142332203     
 e0 =   -102.426999600434     
Step 184900 of 200000--------------------------------
 number of walkers =          842
 et =   -102.424761887940     
 e0 =   -102.425619185645     
Step 185000 of 200000--------------------------------
 number of walkers =          842
 et =   -102.428358384937     
 e0 =   -102.429215469749     
Step 185100 of 200000--------------------------------
 number of walkers =          842
 et =   -102.428704947622     
 e0 =   -102.429561878316     
Step 185200 of 200000--------------------------------
 number of walkers =          842
 et =   -102.427679224369     
 e0 =   -102.428535941376     
Step 185300 of 200000--------------------------------
 number of walkers =          842
 et =   -102.428023171155     
 e0 =   -102.428879792135     
Step 185400 of 200000--------------------------------
 number of walkers =          842
 et =   -102.429666494837     
 e0 =   -102.430523144627     
Step 185500 of 200000--------------------------------
 number of walkers =          842
 et =   -102.431323098982     
 e0 =   -102.432179809948     
Step 185600 of 200000--------------------------------
 number of walkers =          842
 et =   -102.431966795433     
 e0 =   -102.432823433725     
Step 185700 of 200000--------------------------------
 number of walkers =          842
 et =   -102.430627963934     
 e0 =   -102.431492638134     
Step 185800 of 200000--------------------------------
 number of walkers =          842
 et =   -102.431664814145     
 e0 =   -102.432534821362     
Step 185900 of 200000--------------------------------
 number of walkers =          842
 et =   -102.431999801490     
 e0 =   -102.432869659504     
Step 186000 of 200000--------------------------------
 number of walkers =          841
 et =   -102.432544506484     
 e0 =   -102.433415721840     
Step 186100 of 200000--------------------------------
 number of walkers =          841
 et =   -102.431759796905     
 e0 =   -102.432630917322     
Step 186200 of 200000--------------------------------
 number of walkers =          841
 et =   -102.432176718678     
 e0 =   -102.433047779866     
Step 186300 of 200000--------------------------------
 number of walkers =          842
 et =   -102.431277538776     
 e0 =   -102.432148510223     
Step 186400 of 200000--------------------------------
 number of walkers =          842
 et =   -102.431061248528     
 e0 =   -102.431932088847     
Step 186500 of 200000--------------------------------
 number of walkers =          842
 et =   -102.430553480391     
 e0 =   -102.431424115690     
Step 186600 of 200000--------------------------------
 number of walkers =          841
 et =   -102.430817104203     
 e0 =   -102.431693165304     
Step 186700 of 200000--------------------------------
 number of walkers =          841
 et =   -102.429594774606     
 e0 =   -102.430470763162     
Step 186800 of 200000--------------------------------
 number of walkers =          841
 et =   -102.430670302436     
 e0 =   -102.431546180844     
Step 186900 of 200000--------------------------------
 number of walkers =          841
 et =   -102.431152530349     
 e0 =   -102.432028465304     
Step 187000 of 200000--------------------------------
 number of walkers =          841
 et =   -102.431740522548     
 e0 =   -102.432616365287     
Step 187100 of 200000--------------------------------
 number of walkers =          841
 et =   -102.430600909690     
 e0 =   -102.431476696631     
Step 187200 of 200000--------------------------------
 number of walkers =          841
 et =   -102.428553572259     
 e0 =   -102.429429351849     
Step 187300 of 200000--------------------------------
 number of walkers =          841
 et =   -102.428847227307     
 e0 =   -102.429722915674     
Step 187400 of 200000--------------------------------
 number of walkers =          841
 et =   -102.429797175291     
 e0 =   -102.430672843568     
Step 187500 of 200000--------------------------------
 number of walkers =          841
 et =   -102.432270965583     
 e0 =   -102.433146594811     
Step 187600 of 200000--------------------------------
 number of walkers =          841
 et =   -102.432449187111     
 e0 =   -102.433324852827     
Step 187700 of 200000--------------------------------
 number of walkers =          841
 et =   -102.432340296667     
 e0 =   -102.433215944570     
Step 187800 of 200000--------------------------------
 number of walkers =          841
 et =   -102.432530353687     
 e0 =   -102.433405910122     
Step 187900 of 200000--------------------------------
 number of walkers =          841
 et =   -102.432576927159     
 e0 =   -102.433452350527     
Step 188000 of 200000--------------------------------
 number of walkers =          841
 et =   -102.432036566583     
 e0 =   -102.432911884411     
Step 188100 of 200000--------------------------------
 number of walkers =          841
 et =   -102.432021496083     
 e0 =   -102.432896731717     
Step 188200 of 200000--------------------------------
 number of walkers =          841
 et =   -102.432053973160     
 e0 =   -102.432929100799     
Step 188300 of 200000--------------------------------
 number of walkers =          841
 et =   -102.432184111211     
 e0 =   -102.433059216142     
Step 188400 of 200000--------------------------------
 number of walkers =          841
 et =   -102.432188769253     
 e0 =   -102.433063848108     
Step 188500 of 200000--------------------------------
 number of walkers =          841
 et =   -102.431884226711     
 e0 =   -102.432759168580     
Step 188600 of 200000--------------------------------
 number of walkers =          841
 et =   -102.432517815234     
 e0 =   -102.433392593273     
Step 188700 of 200000--------------------------------
 number of walkers =          841
 et =   -102.432517639391     
 e0 =   -102.433392278367     
Step 188800 of 200000--------------------------------
 number of walkers =          841
 et =   -102.431913669021     
 e0 =   -102.432788309483     
Step 188900 of 200000--------------------------------
 number of walkers =          843
 et =   -102.431932095840     
 e0 =   -102.432806666268     
Step 189000 of 200000--------------------------------
 number of walkers =          843
 et =   -102.431777044034     
 e0 =   -102.432651689357     
Step 189100 of 200000--------------------------------
 number of walkers =          843
 et =   -102.432398986738     
 e0 =   -102.433273574212     
Step 189200 of 200000--------------------------------
 number of walkers =          843
 et =   -102.432418967605     
 e0 =   -102.433293517020     
Step 189300 of 200000--------------------------------
 number of walkers =          843
 et =   -102.432171171172     
 e0 =   -102.433045684032     
Step 189400 of 200000--------------------------------
 number of walkers =          843
 et =   -102.431997842671     
 e0 =   -102.432872336714     
Step 189500 of 200000--------------------------------
 number of walkers =          842
 et =   -102.431648995285     
 e0 =   -102.432528812225     
Step 189600 of 200000--------------------------------
 number of walkers =          842
 et =   -102.431980527489     
 e0 =   -102.432860247301     
Step 189700 of 200000--------------------------------
 number of walkers =          841
 et =   -102.432939696589     
 e0 =   -102.433824736765     
Step 189800 of 200000--------------------------------
 number of walkers =          841
 et =   -102.433201556755     
 e0 =   -102.434086499941     
Step 189900 of 200000--------------------------------
 number of walkers =          841
 et =   -102.432869280941     
 e0 =   -102.433754173863     
Step 190000 of 200000--------------------------------
 number of walkers =          841
 et =   -102.432292853369     
 e0 =   -102.433177718366     
Step 190100 of 200000--------------------------------
 number of walkers =          841
 et =   -102.431217760624     
 e0 =   -102.432102646584     
Step 190200 of 200000--------------------------------
 number of walkers =          841
 et =   -102.432344507157     
 e0 =   -102.433229467279     
Step 190300 of 200000--------------------------------
 number of walkers =          841
 et =   -102.431937642087     
 e0 =   -102.432822617836     
Step 190400 of 200000--------------------------------
 number of walkers =          841
 et =   -102.432150889745     
 e0 =   -102.433035867869     
Step 190500 of 200000--------------------------------
 number of walkers =          841
 et =   -102.431248967819     
 e0 =   -102.432133886284     
Step 190600 of 200000--------------------------------
 number of walkers =          841
 et =   -102.430953821810     
 e0 =   -102.431838752000     
Step 190700 of 200000--------------------------------
 number of walkers =          841
 et =   -102.431452636479     
 e0 =   -102.432337494577     
Step 190800 of 200000--------------------------------
 number of walkers =          840
 et =   -102.431450159092     
 e0 =   -102.432339332794     
Step 190900 of 200000--------------------------------
 number of walkers =          840
 et =   -102.430940018817     
 e0 =   -102.431829142269     
Step 191000 of 200000--------------------------------
 number of walkers =          840
 et =   -102.429271469201     
 e0 =   -102.430160560991     
Step 191100 of 200000--------------------------------
 number of walkers =          839
 et =   -102.433354003290     
 e0 =   -102.434248456428     
Step 191200 of 200000--------------------------------
 number of walkers =          839
 et =   -102.433559142242     
 e0 =   -102.434453536630     
Step 191300 of 200000--------------------------------
 number of walkers =          839
 et =   -102.433916644080     
 e0 =   -102.434811064857     
Step 191400 of 200000--------------------------------
 number of walkers =          839
 et =   -102.433781163089     
 e0 =   -102.434675481757     
Step 191500 of 200000--------------------------------
 number of walkers =          839
 et =   -102.433499389303     
 e0 =   -102.434393655507     
Step 191600 of 200000--------------------------------
 number of walkers =          839
 et =   -102.433775157960     
 e0 =   -102.434669355689     
Step 191700 of 200000--------------------------------
 number of walkers =          839
 et =   -102.433754371709     
 e0 =   -102.434648496218     
Step 191800 of 200000--------------------------------
 number of walkers =          839
 et =   -102.433483669654     
 e0 =   -102.434377693761     
Step 191900 of 200000--------------------------------
 number of walkers =          839
 et =   -102.433564093930     
 e0 =   -102.434458079729     
Step 192000 of 200000--------------------------------
 number of walkers =          838
 et =   -102.433072141256     
 e0 =   -102.433971040670     
Step 192100 of 200000--------------------------------
 number of walkers =          838
 et =   -102.432983659894     
 e0 =   -102.433882558789     
Step 192200 of 200000--------------------------------
 number of walkers =          838
 et =   -102.433033879228     
 e0 =   -102.433932733636     
Step 192300 of 200000--------------------------------
 number of walkers =          838
 et =   -102.433431175168     
 e0 =   -102.434329949056     
Step 192400 of 200000--------------------------------
 number of walkers =          838
 et =   -102.433484188527     
 e0 =   -102.434382899964     
Step 192500 of 200000--------------------------------
 number of walkers =          837
 et =   -102.432913571495     
 e0 =   -102.433817682327     
Step 192600 of 200000--------------------------------
 number of walkers =          837
 et =   -102.433253498173     
 e0 =   -102.434157498730     
Step 192700 of 200000--------------------------------
 number of walkers =          837
 et =   -102.433251148238     
 e0 =   -102.434155150543     
Step 192800 of 200000--------------------------------
 number of walkers =          837
 et =   -102.433216669818     
 e0 =   -102.434120666803     
Step 192900 of 200000--------------------------------
 number of walkers =          837
 et =   -102.433336817259     
 e0 =   -102.434240776707     
Step 193000 of 200000--------------------------------
 number of walkers =          837
 et =   -102.433538158322     
 e0 =   -102.434442096214     
Step 193100 of 200000--------------------------------
 number of walkers =          837
 et =   -102.433711595784     
 e0 =   -102.434615460705     
Step 193200 of 200000--------------------------------
 number of walkers =          837
 et =   -102.433418532431     
 e0 =   -102.434322362538     
Step 193300 of 200000--------------------------------
 number of walkers =          837
 et =   -102.433487731482     
 e0 =   -102.434391427797     
Step 193400 of 200000--------------------------------
 number of walkers =          837
 et =   -102.433648428852     
 e0 =   -102.434552038140     
Step 193500 of 200000--------------------------------
 number of walkers =          836
 et =   -102.433982062589     
 e0 =   -102.434890295937     
Step 193600 of 200000--------------------------------
 number of walkers =          836
 et =   -102.434217243681     
 e0 =   -102.435125440194     
Step 193700 of 200000--------------------------------
 number of walkers =          836
 et =   -102.434094084335     
 e0 =   -102.435002196779     
Step 193800 of 200000--------------------------------
 number of walkers =          836
 et =   -102.434008763553     
 e0 =   -102.434916882589     
Step 193900 of 200000--------------------------------
 number of walkers =          835
 et =   -102.434260034013     
 e0 =   -102.435173585643     
Step 194000 of 200000--------------------------------
 number of walkers =          835
 et =   -102.434235024656     
 e0 =   -102.435148468028     
Step 194100 of 200000--------------------------------
 number of walkers =          836
 et =   -102.434188427554     
 e0 =   -102.435101806957     
Step 194200 of 200000--------------------------------
 number of walkers =          837
 et =   -102.434157733446     
 e0 =   -102.435071103504     
Step 194300 of 200000--------------------------------
 number of walkers =          837
 et =   -102.434531303612     
 e0 =   -102.435444589076     
Step 194400 of 200000--------------------------------
 number of walkers =          837
 et =   -102.434061761960     
 e0 =   -102.434975030782     
Step 194500 of 200000--------------------------------
 number of walkers =          837
 et =   -102.434185843751     
 e0 =   -102.435099119651     
Step 194600 of 200000--------------------------------
 number of walkers =          837
 et =   -102.434604807518     
 e0 =   -102.435518042717     
Step 194700 of 200000--------------------------------
 number of walkers =          837
 et =   -102.434598930566     
 e0 =   -102.435512114763     
Step 194800 of 200000--------------------------------
 number of walkers =          838
 et =   -102.434470093309     
 e0 =   -102.435383238144     
Step 194900 of 200000--------------------------------
 number of walkers =          838
 et =   -102.434656706330     
 e0 =   -102.435569865094     
Step 195000 of 200000--------------------------------
 number of walkers =          838
 et =   -102.434109022706     
 e0 =   -102.435022047877     
Step 195100 of 200000--------------------------------
 number of walkers =          837
 et =   -102.434042095152     
 e0 =   -102.434970390858     
Step 195200 of 200000--------------------------------
 number of walkers =          837
 et =   -102.433634670310     
 e0 =   -102.434562954230     
Step 195300 of 200000--------------------------------
 number of walkers =          837
 et =   -102.433590865086     
 e0 =   -102.434519077974     
Step 195400 of 200000--------------------------------
 number of walkers =          837
 et =   -102.433208598899     
 e0 =   -102.434136817496     
Step 195500 of 200000--------------------------------
 number of walkers =          837
 et =   -102.433152739316     
 e0 =   -102.434080861864     
Step 195600 of 200000--------------------------------
 number of walkers =          837
 et =   -102.433258561837     
 e0 =   -102.434186636175     
Step 195700 of 200000--------------------------------
 number of walkers =          837
 et =   -102.433304904741     
 e0 =   -102.434232910381     
Step 195800 of 200000--------------------------------
 number of walkers =          836
 et =   -102.433012054987     
 e0 =   -102.433945452279     
Step 195900 of 200000--------------------------------
 number of walkers =          836
 et =   -102.433012023331     
 e0 =   -102.433945343988     
Step 196000 of 200000--------------------------------
 number of walkers =          836
 et =   -102.433147235960     
 e0 =   -102.434080437255     
Step 196100 of 200000--------------------------------
 number of walkers =          836
 et =   -102.433210250945     
 e0 =   -102.434143312480     
Step 196200 of 200000--------------------------------
 number of walkers =          836
 et =   -102.432893601790     
 e0 =   -102.433826682385     
Step 196300 of 200000--------------------------------
 number of walkers =          836
 et =   -102.433472550583     
 e0 =   -102.434405585339     
Step 196400 of 200000--------------------------------
 number of walkers =          836
 et =   -102.433749113439     
 e0 =   -102.434682104051     
Step 196500 of 200000--------------------------------
 number of walkers =          836
 et =   -102.433307742253     
 e0 =   -102.434240686278     
Step 196600 of 200000--------------------------------
 number of walkers =          836
 et =   -102.433291262493     
 e0 =   -102.434224155725     
Step 196700 of 200000--------------------------------
 number of walkers =          836
 et =   -102.433334824328     
 e0 =   -102.434267655341     
Step 196800 of 200000--------------------------------
 number of walkers =          836
 et =   -102.433307146193     
 e0 =   -102.434239880274     
Step 196900 of 200000--------------------------------
 number of walkers =          836
 et =   -102.432845403989     
 e0 =   -102.433778062463     
Step 197000 of 200000--------------------------------
 number of walkers =          835
 et =   -102.432937374255     
 e0 =   -102.433873141440     
Step 197100 of 200000--------------------------------
 number of walkers =          835
 et =   -102.432595714561     
 e0 =   -102.433531410275     
Step 197200 of 200000--------------------------------
 number of walkers =          835
 et =   -102.432494602151     
 e0 =   -102.433430230546     
Step 197300 of 200000--------------------------------
 number of walkers =          834
 et =   -102.432951089697     
 e0 =   -102.433892187991     
Step 197400 of 200000--------------------------------
 number of walkers =          834
 et =   -102.432776964747     
 e0 =   -102.433717974567     
Step 197500 of 200000--------------------------------
 number of walkers =          834
 et =   -102.432841290383     
 e0 =   -102.433782199228     
Step 197600 of 200000--------------------------------
 number of walkers =          834
 et =   -102.433014815685     
 e0 =   -102.433955712379     
Step 197700 of 200000--------------------------------
 number of walkers =          835
 et =   -102.432963308359     
 e0 =   -102.433904142140     
Step 197800 of 200000--------------------------------
 number of walkers =          835
 et =   -102.432939328303     
 e0 =   -102.433880140570     
Step 197900 of 200000--------------------------------
 number of walkers =          835
 et =   -102.432610654024     
 e0 =   -102.433551411060     
Step 198000 of 200000--------------------------------
 number of walkers =          835
 et =   -102.432727898131     
 e0 =   -102.433668548807     
Step 198100 of 200000--------------------------------
 number of walkers =          835
 et =   -102.433045350000     
 e0 =   -102.433985866285     
Step 198200 of 200000--------------------------------
 number of walkers =          835
 et =   -102.433235164560     
 e0 =   -102.434175637072     
Step 198300 of 200000--------------------------------
 number of walkers =          835
 et =   -102.433247561804     
 e0 =   -102.434187937619     
Step 198400 of 200000--------------------------------
 number of walkers =          835
 et =   -102.432901178669     
 e0 =   -102.433841518204     
Step 198500 of 200000--------------------------------
 number of walkers =          835
 et =   -102.433008685975     
 e0 =   -102.433948900088     
Step 198600 of 200000--------------------------------
 number of walkers =          835
 et =   -102.432894675454     
 e0 =   -102.433834736192     
Step 198700 of 200000--------------------------------
 number of walkers =          835
 et =   -102.432902261280     
 e0 =   -102.433842254623     
Step 198800 of 200000--------------------------------
 number of walkers =          835
 et =   -102.433124635459     
 e0 =   -102.434064625907     
Step 198900 of 200000--------------------------------
 number of walkers =          836
 et =   -102.432875371512     
 e0 =   -102.433815272223     
Step 199000 of 200000--------------------------------
 number of walkers =          836
 et =   -102.433078069862     
 e0 =   -102.434017945378     
Step 199100 of 200000--------------------------------
 number of walkers =          836
 et =   -102.433193388523     
 e0 =   -102.434133163380     
Step 199200 of 200000--------------------------------
 number of walkers =          836
 et =   -102.433167646880     
 e0 =   -102.434107260327     
Step 199300 of 200000--------------------------------
 number of walkers =          836
 et =   -102.433021983375     
 e0 =   -102.433961473650     
Step 199400 of 200000--------------------------------
 number of walkers =          837
 et =   -102.433204624838     
 e0 =   -102.434144120327     
Step 199500 of 200000--------------------------------
 number of walkers =          837
 et =   -102.433450991626     
 e0 =   -102.434390366042     
Step 199600 of 200000--------------------------------
 number of walkers =          837
 et =   -102.433495750118     
 e0 =   -102.434435032854     
Step 199700 of 200000--------------------------------
 number of walkers =          837
 et =   -102.433323304798     
 e0 =   -102.434262577865     
Step 199800 of 200000--------------------------------
 number of walkers =          837
 et =   -102.433226125965     
 e0 =   -102.434165360404     
Step 199900 of 200000--------------------------------
 number of walkers =          837
 et =   -102.432965404865     
 e0 =   -102.433904600000     
Step 200000 of 200000--------------------------------
 number of walkers =          837
 et =   -102.432899120277     
 e0 =   -102.433838272634     
 ZPE =   0.482661091772457     
 Number of energy calculations =     16798072
