    0.7292989656    0.0065322970   -0.0137872280   -0.1303442397
    0.0334521412    0.0027118747    0.0389739206    0.0271110534
    0.0002114336   -0.0166731467   -0.0324100284   -0.0010910205
   -0.0545353524    0.0272064541    0.0022668387   -0.3312405363
   -0.1273946181    0.0025222504   -0.0001964895   -0.0223918287
   -0.0006442654   -0.0005657218    0.0034301741    0.0003149673
   -0.0008764790   -0.0002521138    0.0001541772   -0.0000472189
   -0.0000904319    0.0002230245    0.0001008331    0.0001017140
    0.0000192644    0.0001042201    0.0001259841   -0.0000816524
    0.0002667045   -0.0003399164   -0.0002099683   -0.2345274199
    0.1083447682    0.0080373861    0.0012689049   -0.0276929986
   -0.0010589110   -0.0039399741    0.0027842849    0.0005485613
    0.0005554430   -0.0000872196   -0.0002674616    0.0023168916
    0.0015199348    0.0000589693    0.0000368986   -0.0000399969
   -0.0000036869    0.0000001022   -0.0000006977   -0.0000191850
    0.0000161483    0.0000015698    0.0000161930    0.0000304389
    0.0000347279    0.0000336899   -0.0000228930    0.0000547466
    0.0000447487
    0.0065320064    0.7918432959    0.0198570147   -0.0478888453
   -0.4122331551   -0.0121051852    0.0956261805   -0.0395406802
   -0.0041989429   -0.0405537980   -0.0537751544   -0.0008089571
   -0.0241081096    0.0634609903    0.0038258319   -0.0520890060
   -0.1720504985   -0.0017049008   -0.0515069851   -0.0410135640
    0.0002252862    0.0040947121   -0.0007258208   -0.0003738919
    0.0000291197    0.0006585044    0.0001454855   -0.0001908628
   -0.0000180771   -0.0001726209    0.0000719769    0.0001472789
    0.0000976411    0.0002448251    0.0003530787   -0.0002154629
    0.0000689862   -0.0005546355   -0.0007835650    0.1066680046
   -0.1246376673   -0.0039669937    0.0010315281   -0.0079612771
   -0.0002209865    0.0011355702    0.0008594252   -0.0001392321
   -0.0004867374    0.0002270871   -0.0001714007    0.0010916965
   -0.0050429823    0.0000926900    0.0000679683   -0.0001109264
    0.0001475369    0.0001378535    0.0000062878   -0.0000207253
    0.0000628643   -0.0000057399    0.0000698006    0.0000653382
    0.0000861158    0.0000831969   -0.0001042864    0.0000281144
    0.0003383812
   -0.0138032939    0.0198435952    0.1007541353   -0.0002804373
   -0.0126449007   -0.0434111557    0.0031073473   -0.0023545785
    0.0048110389   -0.0014930590   -0.0013007618   -0.0049053713
    0.0011110709    0.0011044475    0.0030949080    0.0048650030
   -0.0002954112   -0.0522646143   -0.0007328716    0.0005969881
    0.0033099991   -0.0005600580   -0.0006379896    0.0069781419
   -0.0005030777   -0.0004606473   -0.0003061892   -0.0004051473
    0.0001856821   -0.0001603050   -0.0000262299    0.0001028991
    0.0002087379    0.0001865912    0.0003830972   -0.0002541013
    0.0002252744    0.0004497029   -0.0003317105    0.0073689029
   -0.0050133796   -0.0268184197    0.0000390940    0.0003269067
    0.0002991607    0.0003756792   -0.0003288337    0.0069249400
   -0.0000694228    0.0000566574   -0.0007745762    0.0004986881
    0.0002201106    0.0025782700    0.0000263128   -0.0000911542
    0.0000781044   -0.0000590287   -0.0000178024    0.0000109369
    0.0000132312   -0.0000412817    0.0000428913    0.0000187832
    0.0000334258    0.0000027351    0.0000966481   -0.0001167721
    0.0001324434
   -0.1303546750   -0.0478996433   -0.0002838922    0.7407028145
   -0.0044783566   -0.0190206975   -0.3207152462    0.1608788453
    0.0151437885   -0.0733700092   -0.0318255871    0.0003592120
   -0.0099070519    0.0380621912    0.0021699856    0.0405560796
   -0.0317628871   -0.0012591018   -0.0079233422   -0.0021842983
    0.0002023616   -0.0018504025   -0.0006735531    0.0000109714
    0.0006207770   -0.0003879233   -0.0001386204   -0.0002754617
   -0.0001404393   -0.0001189402    0.0001467811    0.0001124455
    0.0000239017   -0.0002198943    0.0000254595    0.0000522002
    0.0004474693    0.0006773548    0.0000749752    0.0027076362
    0.0264613225    0.0008583474   -0.2436702770   -0.0998118464
    0.0019933359    0.0054488468   -0.0037840515   -0.0002373216
   -0.0024869869   -0.0021959777   -0.0000001380    0.0000546464
   -0.0010505070    0.0000306813    0.0000224671   -0.0000134757
    0.0000525908    0.0000238496    0.0000109945   -0.0000267393
    0.0000199971   -0.0000103110    0.0000234605    0.0000237088
    0.0000014224    0.0000253396   -0.0000017269   -0.0000111783
    0.0000642992
    0.0334623107   -0.4121781701   -0.0126072304   -0.0044788875
    0.7585448856    0.0244775301    0.0721786004   -0.1987197612
   -0.0087281899    0.0400071196    0.0740151511    0.0018907728
    0.0320959414   -0.0559359575   -0.0031253525   -0.0959807683
   -0.0320063354    0.0006423369    0.0042001761    0.0048974256
    0.0001116564    0.0000950265   -0.0005286665    0.0001875574
   -0.0001506934   -0.0000274704   -0.0000273482    0.0002811770
    0.0002108470   -0.0000362305   -0.0002422290   -0.0002118903
   -0.0000600061    0.0000194913   -0.0002290857    0.0001523834
   -0.0004762405    0.0000287182    0.0003234457   -0.0011027940
   -0.0087554753   -0.0008148104   -0.1001018947   -0.1147274885
   -0.0004335880    0.0251795154   -0.0127798234   -0.0013862458
   -0.0034974960   -0.0011670238    0.0000708753   -0.0012936970
   -0.0003213958   -0.0002491239   -0.0000680860    0.0000908919
   -0.0001108053   -0.0000959677   -0.0000113215    0.0000540597
   -0.0000620684   -0.0000066775   -0.0000487184   -0.0000634097
   -0.0000823557   -0.0000899685    0.0000948740   -0.0000990206
   -0.0001929999
    0.0027072517   -0.0120884493   -0.0434092332   -0.0190225259
    0.0244922286    0.1147491481    0.0122965569   -0.0110161530
   -0.0485250523    0.0034152681    0.0030203172    0.0038896103
    0.0012241736   -0.0024594341   -0.0053469455   -0.0038712160
   -0.0002956637   -0.0011457834    0.0004454288    0.0003377700
    0.0064077675   -0.0000702911    0.0000314062   -0.0008221054
    0.0000328999   -0.0000175333    0.0000349049    0.0000384526
   -0.0000148549    0.0000371423    0.0000168158   -0.0000270841
   -0.0000502751   -0.0000278933   -0.0000578146    0.0000317115
   -0.0000751074   -0.0000560242    0.0000427790   -0.0000660442
   -0.0007491586   -0.0016821243    0.0021018978   -0.0004466646
   -0.0315888892    0.0007807602   -0.0003387676   -0.0012545864
    0.0001009376   -0.0002868724    0.0076439662    0.0000262564
   -0.0000802964    0.0009740277   -0.0000213651    0.0000222019
    0.0000120495   -0.0000039172    0.0000036492    0.0000097747
   -0.0000048212    0.0000082352   -0.0000046348   -0.0000081694
   -0.0000019723    0.0000025509   -0.0000153486    0.0000209346
   -0.0000058029
    0.0389422534    0.0956202243    0.0031015423   -0.3206887613
    0.0721726281    0.0122888033    0.7530999776    0.0016928205
   -0.0187747294   -0.3369795927   -0.0712599477    0.0058197635
    0.0294558445   -0.0954301588   -0.0054832068   -0.0798748911
   -0.0009765227    0.0007202865    0.0050544692    0.0017252353
   -0.0000231096    0.0045654762    0.0029727324    0.0001422618
   -0.0015986502    0.0005320764    0.0002481761    0.0005403073
    0.0004238154    0.0001506465   -0.0004805814   -0.0003200555
   -0.0000735900    0.0006261644   -0.0001041164    0.0001271325
   -0.0008687797   -0.0015332766   -0.0001529111    0.0017067021
   -0.0020275449   -0.0002155394   -0.0169155007    0.0128461064
    0.0010931516   -0.0588418652   -0.0050358832    0.0006147295
   -0.0168738834   -0.0116865836    0.0006047129   -0.0004980600
    0.0003058614   -0.0000796934   -0.0001790659    0.0000972852
   -0.0000267906   -0.0000715671   -0.0000254335    0.0000992518
   -0.0000627645    0.0000228618   -0.0000405041   -0.0000672915
   -0.0000242687   -0.0000824451    0.0000100600    0.0000121444
   -0.0000579387
    0.0270991235   -0.0395196411   -0.0023444419    0.1608718343
   -0.1987275930   -0.0110241774    0.0016927892    0.7393055216
    0.0257694908   -0.1577952846   -0.1905129111   -0.0013121860
   -0.0302108935   -0.0318833753   -0.0004393299    0.0017752326
    0.0120666774    0.0004102739   -0.0002434280   -0.0053942257
   -0.0002032265    0.0017861600   -0.0038466386   -0.0007018210
   -0.0001640637    0.0002501050   -0.0002216755   -0.0000902659
    0.0000628198    0.0000027808   -0.0000382820   -0.0000046710
    0.0000333890    0.0000954940    0.0001248297   -0.0002693087
   -0.0010187299   -0.0005583979   -0.0001664284   -0.0007221380
   -0.0041424485   -0.0004094136   -0.0159484912    0.0105534290
    0.0008619610   -0.0048587505   -0.2983359107   -0.0105803054
    0.0172473205    0.0101963655    0.0000692611    0.0005362610
    0.0003808296    0.0001084412    0.0000028307    0.0000206540
    0.0002389170    0.0000056365    0.0000048265    0.0000243051
   -0.0000023698   -0.0000050504    0.0000325167   -0.0000467699
   -0.0000447122   -0.0000013483    0.0000267845    0.0000095172
    0.0001223258
    0.0002216963   -0.0042038071    0.0048116177    0.0151365242
   -0.0087063270   -0.0485240824   -0.0187882320    0.0257777077
    0.1050183249    0.0016152804   -0.0027549411   -0.0464007711
   -0.0014366463   -0.0004848988    0.0036581076    0.0019034825
    0.0010436079   -0.0065468747   -0.0001336514   -0.0003608001
   -0.0006664087   -0.0002455642   -0.0004653098    0.0075069308
   -0.0007892425   -0.0004668812   -0.0001461562   -0.0000049542
    0.0003374915   -0.0000422811   -0.0000119471   -0.0001781155
   -0.0001149745   -0.0003405431    0.0004038597    0.0000282746
    0.0009697285    0.0006539000   -0.0001876790    0.0000774757
   -0.0003027273    0.0077355094   -0.0001398594    0.0000053936
    0.0004984123    0.0007802521   -0.0106863760   -0.0271929335
    0.0010376291    0.0006174069    0.0003753125    0.0000284336
    0.0000210925   -0.0000155052   -0.0000246914   -0.0001157929
    0.0000656416   -0.0000176756   -0.0000212210    0.0000218471
    0.0000142780   -0.0000243018    0.0000269909    0.0000623906
    0.0000145751    0.0000110147    0.0000858362   -0.0001035351
    0.0000796819
   -0.0166493354   -0.0405437435   -0.0014859339   -0.0733841068
    0.0400094108    0.0033955720   -0.3369901561   -0.1578118966
    0.0016188368    0.7534242270    0.0228107252   -0.0139716923
   -0.1272020727    0.0307215904    0.0051020319    0.0445957461
    0.0289852040    0.0008125089   -0.0077256573    0.0027454857
    0.0001613804   -0.0028621067   -0.0340291803   -0.0020453284
   -0.0000381755   -0.0022449219   -0.0007442696   -0.0004614486
    0.0003828636   -0.0005584316    0.0003628200   -0.0001024477
   -0.0001882756   -0.0012040605    0.0001341860   -0.0010945521
   -0.0031270741   -0.0001204392    0.0010023091    0.0001774341
   -0.0004701843    0.0001835796   -0.0022190720    0.0022793591
    0.0004646307    0.0040771921    0.0027701259   -0.0000959886
   -0.2310420237    0.1059289557    0.0061368423   -0.0001094556
   -0.0006379609    0.0001189426    0.0002174436   -0.0004390078
    0.0007463111    0.0000354430    0.0000128164   -0.0000039632
    0.0000663048   -0.0001009978    0.0001377677   -0.0001475730
   -0.0000999905    0.0000136988    0.0002057072   -0.0001799522
    0.0002940235
   -0.0324024390   -0.0537343866   -0.0012631742   -0.0318566515
    0.0740061090    0.0030103161   -0.0712261448   -0.1905411833
   -0.0027772790    0.0228221407    0.7303161353    0.0257106824
   -0.0403476556   -0.3701601112   -0.0157082200    0.0863878960
   -0.0313291794   -0.0019190554   -0.0033565852    0.0005840657
   -0.0002266247   -0.0175231688   -0.0214510432   -0.0013849367
    0.0046104311   -0.0014572897   -0.0011892898   -0.0009740032
   -0.0008442766   -0.0005269889    0.0009793722    0.0004386798
   -0.0000342766   -0.0018400825   -0.0002389423   -0.0002359050
    0.0011501321    0.0033891045    0.0020532139   -0.0009364264
   -0.0000576331    0.0002516322    0.0036640815   -0.0013911326
   -0.0005487308   -0.0261367711   -0.0119507917    0.0002323364
    0.1060054415   -0.1248480779   -0.0053589959    0.0002349039
   -0.0008439155   -0.0000148176    0.0001882886    0.0000337097
   -0.0001723274    0.0001997644    0.0000558019   -0.0001561523
    0.0001277649    0.0000041672    0.0000255978    0.0000998547
    0.0001123917    0.0001166722    0.0001298562   -0.0000922016
    0.0001163234
   -0.0010933517   -0.0008052444   -0.0049040207    0.0003495555
    0.0019021928    0.0038900731    0.0058171262   -0.0013129511
   -0.0464011909   -0.0139648538    0.0257183337    0.1135060576
    0.0065240787   -0.0144623067   -0.0471456217    0.0008917789
   -0.0008200633   -0.0003940820   -0.0000131193   -0.0008195965
    0.0072953595   -0.0067344168   -0.0028782435    0.0000484615
    0.0025099683    0.0000932607   -0.0008192167   -0.0008308085
   -0.0005712151   -0.0000488267    0.0004400855    0.0003936180
    0.0002234361   -0.0004580086   -0.0001617251    0.0000683767
    0.0003885159    0.0002543138    0.0009158862   -0.0000644043
    0.0000285680   -0.0007811195    0.0004063155   -0.0004268084
    0.0073717769   -0.0012007407   -0.0005046735   -0.0012191736
    0.0069362793   -0.0060071269   -0.0311819531    0.0001233357
   -0.0000127045   -0.0002642836    0.0000547949    0.0003233396
   -0.0001314106   -0.0000304305    0.0000210711   -0.0000547009
    0.0000110548    0.0000170822    0.0000014911   -0.0000288269
    0.0000293556   -0.0000289899   -0.0000339281    0.0000015237
    0.0000536714
   -0.0545383761   -0.0241157948    0.0010947971   -0.0099208802
    0.0320949213    0.0012202719    0.0294431216   -0.0302188861
   -0.0014279723   -0.1271758174   -0.0403315360    0.0065245346
    0.6849559827   -0.0089175758   -0.0168178962   -0.2868105133
    0.1091808624    0.0007550615    0.0038805484    0.0188450808
    0.0019766172   -0.1977852590   -0.0523289172    0.0036883487
   -0.0363418444   -0.0072873611    0.0063288906    0.0028346645
    0.0025763357    0.0045001362   -0.0020535526   -0.0012214521
   -0.0005393944    0.0045504625   -0.0011497250    0.0013474298
   -0.0059911895   -0.0179773119   -0.0048553268   -0.0027407105
   -0.0023619342    0.0002161396    0.0004763365   -0.0000082368
   -0.0002398051   -0.0040696148   -0.0024166740   -0.0003291128
    0.0021770247    0.0261728192    0.0003970758   -0.0006985264
   -0.0020864742   -0.0007896363    0.0006180065   -0.0005871943
   -0.0021890508   -0.0004892016   -0.0003631090   -0.0000128433
   -0.0000086395    0.0002721960   -0.0002912006   -0.0000223573
    0.0003261664   -0.0001337682   -0.0002896648    0.0019038008
   -0.0004232962
    0.0272125750    0.0634828196    0.0011227598    0.0380612831
   -0.0559243808   -0.0024619518   -0.0954203559   -0.0318936689
   -0.0004969757    0.0307028774   -0.3701718609   -0.0144690565
   -0.0089205004    0.7315210293    0.0423975489    0.0476190762
   -0.1670804620   -0.0071021046    0.0401501733   -0.0427468636
   -0.0010777324   -0.0550990856   -0.1172185271   -0.0116893206
    0.0008754664    0.0103778598    0.0032328568    0.0012218881
    0.0042661955   -0.0045676145   -0.0012235517   -0.0011126957
    0.0003826558    0.0006590716    0.0020933676   -0.0059688918
   -0.0253015147   -0.0167658656   -0.0027966057   -0.0029350622
   -0.0010650686   -0.0001690588    0.0002759532    0.0000366034
    0.0001118861   -0.0009357404    0.0011152611   -0.0002265361
   -0.0010726816   -0.0100352142   -0.0008003657    0.0026179405
    0.0037253900   -0.0004602363    0.0011117591   -0.0014046809
    0.0016874066    0.0005747347    0.0000361329    0.0001371493
    0.0002818143   -0.0005040857    0.0005959988   -0.0007281090
   -0.0003482090   -0.0000627744    0.0002719886   -0.0003830761
    0.0026809630
    0.0022851346    0.0038440481    0.0030949973    0.0021887576
   -0.0031332477   -0.0053483228   -0.0054719055   -0.0004735597
    0.0036559255    0.0050830724   -0.0156735897   -0.0471436916
   -0.0168084052    0.0424008108    0.1392605460    0.0040252010
   -0.0079882258   -0.0538290360    0.0008819573   -0.0002991248
    0.0058335698    0.0058333878   -0.0136074186   -0.0647803525
    0.0193875462    0.0108044681    0.0034153994    0.0029029292
   -0.0048843714    0.0007542727   -0.0002814756    0.0007385704
   -0.0000017239    0.0023865469   -0.0053794765    0.0004579714
   -0.0202937777   -0.0095470520    0.0028732638    0.0000026460
   -0.0002822669    0.0069673346   -0.0000223067    0.0000027680
   -0.0007315747    0.0004027083   -0.0000977901    0.0071784937
    0.0001607205   -0.0008063992    0.0005169341   -0.0004845456
   -0.0000949876   -0.0011805512   -0.0006048323    0.0019965478
   -0.0002728863    0.0006504377    0.0003951837   -0.0000425343
   -0.0003068959    0.0005633053   -0.0004483455   -0.0007411793
   -0.0003668482   -0.0000243332   -0.0011757217    0.0018886560
   -0.0002053566
   -0.3312444881   -0.0521229381    0.0048593641    0.0405444458
   -0.0960037800   -0.0038738020   -0.0798767694    0.0017740318
    0.0019105991    0.0445919223    0.0864042671    0.0008970484
   -0.2867900179    0.0476236913    0.0040083229    0.7650410425
    0.0270168898   -0.0136547272   -0.1073537807    0.0314056807
    0.0032225418   -0.0333437423    0.0066867174    0.0027621322
    0.0006429986   -0.0021851213   -0.0024364879   -0.0011531222
   -0.0012378340    0.0006479216    0.0005371444    0.0004841027
    0.0000747638   -0.0007691288   -0.0007571712    0.0008137774
    0.0007731871    0.0035464859    0.0014731499   -0.0163657734
   -0.0115083773   -0.0007708706    0.0012301634    0.0023777681
    0.0002253246   -0.0003409596    0.0000721345    0.0001828786
    0.0008368293   -0.0026982928    0.0003743481    0.0028525533
   -0.0415377525   -0.0000969421    0.0000184380    0.0003053922
   -0.0002750318   -0.0000779293   -0.0000468742   -0.0000228225
    0.0000109028    0.0001416173   -0.0001193425    0.0001100766
    0.0000429862    0.0000863623    0.0001260076    0.0002163762
   -0.0002885083
   -0.1273966429   -0.1720437955   -0.0003258297   -0.0317651166
   -0.0320570441   -0.0002849541   -0.0009287580    0.0120400340
    0.0010126207    0.0289667758   -0.0313793914   -0.0008333086
    0.1091975510   -0.1671036298   -0.0079460735    0.0270555006
    0.7223439031    0.0057074067   -0.0224883917   -0.3284160146
    0.0064588486   -0.0046138730    0.0144113803    0.0011300448
   -0.0060881059   -0.0025970538    0.0013698386    0.0014871152
    0.0013551971    0.0008685381   -0.0005349343   -0.0009983119
   -0.0006581066   -0.0005898765   -0.0016134120    0.0006011544
   -0.0000732790   -0.0026792762    0.0025481183    0.0176022246
    0.0095542522   -0.0007636594    0.0008946989   -0.0046764612
   -0.0005276869   -0.0000322549    0.0004371328   -0.0001716718
   -0.0009403300   -0.0044042974   -0.0006729325    0.0107908800
   -0.0122143755   -0.0044290727    0.0000426605    0.0001794318
   -0.0005922469   -0.0004747708   -0.0000639232    0.0000470320
   -0.0000837314   -0.0000198084   -0.0002295740   -0.0001812263
   -0.0001081611   -0.0003402659    0.0001538846    0.0000536249
   -0.0019682197
    0.0025170847   -0.0017068026   -0.0522660945   -0.0012626366
    0.0006482500   -0.0011449054    0.0007141587    0.0004197738
   -0.0065459343    0.0008155028   -0.0019168710   -0.0003931274
    0.0007589220   -0.0070977160   -0.0538279463   -0.0136564701
    0.0056642587    0.1359754565    0.0042180554   -0.0019663491
   -0.0387651095    0.0056637389    0.0040425988    0.0009044591
   -0.0005447798   -0.0001211716    0.0009037175    0.0006211755
    0.0005548627    0.0000395838   -0.0004916931   -0.0002122883
    0.0000513725    0.0006365500    0.0001733126   -0.0001348866
   -0.0009541637   -0.0014417678   -0.0003351804    0.0008551496
    0.0005495277    0.0006818577    0.0002719706   -0.0004033040
    0.0085335011    0.0000041867    0.0000219941   -0.0003764452
    0.0002044220   -0.0005390023    0.0078681933   -0.0007490775
    0.0035219945   -0.0008759210    0.0001176810   -0.0000701519
   -0.0000055322   -0.0000201205    0.0000068458   -0.0000112024
    0.0000000883   -0.0000458017   -0.0000067632    0.0000346841
    0.0000167920   -0.0000520259    0.0002455711   -0.0000989846
   -0.0002170672
   -0.0001786614   -0.0514735298   -0.0007207327   -0.0079367611
    0.0041606179    0.0004430627    0.0050838517   -0.0002750181
   -0.0001554710   -0.0077252286   -0.0033601756   -0.0000250910
    0.0038789234    0.0401517204    0.0008802898   -0.1073377475
   -0.0224807119    0.0042537906    0.5215318656    0.1319428420
   -0.0410180966   -0.0010063019    0.0007693852   -0.0005053028
    0.0014573944    0.0003121839   -0.0008759245   -0.0007149206
   -0.0007100229   -0.0003233776   -0.0004525181    0.0005020788
    0.0009309298    0.0014064886    0.0011192073   -0.0006770472
   -0.0048500010    0.0017624096   -0.0017580245    0.0029154724
    0.0007100645   -0.0001639693   -0.0001154638   -0.0015295214
   -0.0000822835    0.0001738890   -0.0000384248   -0.0000075976
    0.0000053968    0.0014612289    0.0001027278   -0.4051284006
   -0.1028591512    0.0391299191   -0.0000395155    0.0000371747
    0.0001294781   -0.0000505050    0.0000044113    0.0000678078
   -0.0000671569   -0.0000818610    0.0000807198   -0.0000644315
   -0.0000685516   -0.0000548169   -0.0007856681   -0.0000563560
    0.0003490097
   -0.0224028422   -0.0410445765    0.0005703661   -0.0021975277
    0.0049366045    0.0003422625    0.0016787139   -0.0053859917
   -0.0003180077    0.0027942855    0.0006287479   -0.0008052467
    0.0188556582   -0.0427204562   -0.0003206521    0.0313731939
   -0.3284447341   -0.0019989578    0.1319366115    0.5065210325
   -0.0154194634   -0.0063568580   -0.0009461968   -0.0004302435
    0.0022713952    0.0009052477   -0.0009423330   -0.0011940908
   -0.0012691314   -0.0000133492    0.0004207670    0.0008602401
    0.0005031529    0.0008198657    0.0009376207   -0.0001961876
   -0.0002065088    0.0019398390   -0.0016094412    0.0010899338
    0.0011740713    0.0002011606   -0.0003279444   -0.0004626356
   -0.0000604681   -0.0000016845    0.0001869607    0.0001852162
    0.0002084037   -0.0009989624   -0.0000341489   -0.1592158804
   -0.0972494826    0.0182090499   -0.0000264078    0.0000438495
    0.0003433054    0.0002469834    0.0000229525    0.0000095660
    0.0000163277    0.0000715135    0.0001184807    0.0001584002
    0.0001219787    0.0002585275    0.0000592048    0.0001715088
    0.0014074114
   -0.0006472772    0.0002400726    0.0033102369    0.0001975861
    0.0001190539    0.0064087732   -0.0000164427   -0.0002157523
   -0.0006654462    0.0001741601   -0.0002180024    0.0072961538
    0.0019730171   -0.0010776658    0.0058348807    0.0032240179
    0.0064906980   -0.0387683936   -0.0409973533   -0.0154431827
    0.0351704527   -0.0006075974   -0.0008842682   -0.0020114390
    0.0001711806    0.0000938465    0.0000549396   -0.0000402224
   -0.0000216325    0.0002188804    0.0002356854   -0.0001148186
   -0.0001728825   -0.0003365471    0.0000723149    0.0002567133
   -0.0002155201   -0.0002125721   -0.0006472651   -0.0001325249
    0.0000832635   -0.0032650133   -0.0000142040    0.0000436156
   -0.0001344819   -0.0000278580    0.0000506148   -0.0009521573
    0.0000311149    0.0000451374   -0.0004032962    0.0384085192
    0.0101973715   -0.0116504621   -0.0000712193    0.0001534699
    0.0000319079   -0.0000032760    0.0000223399    0.0000143251
   -0.0000516978    0.0000250789    0.0000375317   -0.0000369883
    0.0000042402    0.0000282914   -0.0012165525    0.0005467767
    0.0000077505
   -0.0005539908    0.0040795655   -0.0005754996   -0.0018625410
    0.0000983855   -0.0000813175    0.0045427566    0.0017712159
   -0.0002360736   -0.0028499721   -0.0175191266   -0.0067420656
   -0.1977704302   -0.0550849306    0.0058360123   -0.0333522491
   -0.0046315414    0.0056575033   -0.0010143783   -0.0063753247
   -0.0006105117    0.6326688712    0.1054517926   -0.1267672625
   -0.2329898124    0.0545463510    0.1518893302   -0.0568120959
   -0.0200002170    0.0097748064    0.0005712747    0.0202390939
    0.0166939876    0.0087030460   -0.0229114998   -0.0276786851
   -0.1288723337   -0.0681766539   -0.0391829843   -0.0004431801
   -0.0004897621    0.0000376664    0.0002036876    0.0000876206
    0.0001120111    0.0002332106    0.0003767330    0.0003796547
   -0.0001179721    0.0013624672    0.0008383992    0.0016215921
    0.0008975720    0.0001220701    0.0072996329   -0.0027567851
   -0.0070203089   -0.0019112688   -0.0038310680    0.0009889729
    0.0004195183    0.0005130750   -0.0001579245   -0.0031432142
   -0.0039462910    0.0021127686    0.0054298490    0.0162993282
    0.0146094505
    0.0034447197   -0.0007271683   -0.0006395994   -0.0006734341
   -0.0005465089    0.0000335087    0.0029702474   -0.0038482623
   -0.0004634829   -0.0340360224   -0.0214479852   -0.0028801569
   -0.0523201025   -0.1172221279   -0.0136046224    0.0067041455
    0.0143951853    0.0040464922    0.0007691400   -0.0009503598
   -0.0008806885    0.1054481761    0.4728046290    0.2597461322
    0.0082680625   -0.1177907189   -0.0651454664    0.0242396898
    0.0400045754    0.0265392655    0.0200297349   -0.0283366991
   -0.0322608640   -0.0666675468   -0.0238043376    0.0062956314
   -0.0267725298   -0.2127020230   -0.1623335770    0.0008240291
    0.0003193515   -0.0000665358    0.0000536324    0.0001300190
    0.0001032370   -0.0009305458   -0.0003946168    0.0001166679
   -0.0013313834    0.0018083808    0.0001631507    0.0027497912
   -0.0000720568    0.0010702489    0.0150154162   -0.0049025925
   -0.0129701981   -0.0048329539    0.0027286131   -0.0035425795
    0.0004415544   -0.0002736465    0.0002400829   -0.0027747808
    0.0037831402   -0.0025812109   -0.0006190397   -0.0029547909
   -0.0009854355
    0.0003221118   -0.0003503422    0.0069886892   -0.0000007051
    0.0001933328   -0.0008140196    0.0001567008   -0.0007029050
    0.0075004288   -0.0020375730   -0.0013757379    0.0000490864
    0.0036881712   -0.0116889294   -0.0647771768    0.0027752988
    0.0011346142    0.0009117209   -0.0004930173   -0.0004483357
   -0.0020079922   -0.1267617519    0.2597361916    0.4638068396
    0.0987315237   -0.0915576936   -0.1947381216    0.0558675790
    0.0480089882    0.0252621265    0.0167766738   -0.0322050899
   -0.0499071642   -0.0729027366   -0.0165967766    0.0238666162
    0.0127022521   -0.1327470375   -0.2001426961    0.0000574438
    0.0000095458   -0.0005605924   -0.0000460260    0.0000424411
   -0.0011384608   -0.0000639218   -0.0001121787    0.0004006100
   -0.0001373036    0.0002093367   -0.0032585954    0.0006980705
   -0.0000545725   -0.0002228777    0.0121999777   -0.0037962395
   -0.0095553495    0.0002294979   -0.0035341977    0.0040818913
   -0.0001796087    0.0003835787   -0.0005089432    0.0027386741
   -0.0024255385    0.0042082504   -0.0043213314   -0.0121224541
   -0.0094442698
   -0.0008741291   -0.0000032697   -0.0005237688    0.0006462382
   -0.0001476030    0.0000375260   -0.0016127116   -0.0001300745
   -0.0007896965   -0.0000666170    0.0045954549    0.0025097782
   -0.0363340861    0.0008743806    0.0193842406    0.0006589630
   -0.0061525285   -0.0005651369    0.0014383465    0.0023113247
    0.0001669245   -0.2329824559    0.0083020639    0.0987379562
    0.6916898537    0.1560695672   -0.1329584061   -0.3397070196
   -0.0991551053    0.0470686065    0.0101419854   -0.0704618322
   -0.0761645984   -0.0704577610   -0.0045344554    0.0280124963
    0.0534339459    0.0587960556    0.0375366161   -0.0001701049
   -0.0000451132    0.0000310967    0.0000021611   -0.0000188324
    0.0001133377    0.0000097114    0.0000026392   -0.0001407238
    0.0002890042   -0.0001450883    0.0003791818   -0.0009836417
    0.0001413787    0.0000629835   -0.0642699564   -0.0378538632
   -0.0231431932   -0.0140261302   -0.0082822279   -0.0013006641
    0.0020676731   -0.0009234726    0.0017938472   -0.0001090154
    0.0001961257    0.0000701995    0.0012157467   -0.0034355243
   -0.0003186027
   -0.0002557662    0.0006613296   -0.0004588843   -0.0003884892
   -0.0000292014   -0.0000198448    0.0005242421    0.0002454026
   -0.0004743444   -0.0022437017   -0.0014621380    0.0000899982
   -0.0073013094    0.0103742992    0.0107888068   -0.0021849384
   -0.0025983081   -0.0001284792    0.0002998844    0.0009019355
    0.0000942442    0.0545437189   -0.1177949680   -0.0915871526
    0.1560748071    0.4508403828    0.2711346666   -0.1571150721
   -0.1474990529   -0.0227594476   -0.0232920455   -0.0252268247
   -0.0188429994   -0.0063309106   -0.0006686102    0.0098527779
    0.0200372553   -0.0045112623   -0.0202172472   -0.0001600553
   -0.0000685423    0.0000777685   -0.0000254247   -0.0000311261
    0.0000940021   -0.0000056883   -0.0000601047    0.0000554696
   -0.0000954919   -0.0002466017    0.0007450179   -0.0002448367
   -0.0001222987   -0.0001098005   -0.0381057723   -0.1706453379
   -0.1282267520    0.0105594058    0.0057877387    0.0001598408
   -0.0019641505    0.0012866544   -0.0056024738    0.0002661860
   -0.0000615337    0.0008192320   -0.0025918466    0.0009281680
   -0.0054843989
    0.0001520071    0.0001493561   -0.0002950914   -0.0001519898
   -0.0000270994    0.0000303622    0.0002343897   -0.0002351857
   -0.0001525103   -0.0007372520   -0.0011906756   -0.0008225420
    0.0063124376    0.0032378644    0.0034019727   -0.0024509682
    0.0013749859    0.0009067909   -0.0008833649   -0.0009515695
    0.0000583740    0.1518924404   -0.0651648524   -0.1947738980
   -0.1329534561    0.2711355641    0.4583083690   -0.0120439028
   -0.0511935494   -0.0950700100   -0.0274549247    0.0046082281
    0.0235941403    0.0263645925    0.0089048574   -0.0112434833
   -0.0055494311   -0.0415429316   -0.0366516628   -0.0000671705
   -0.0000174086    0.0000159261    0.0000022900   -0.0000233516
    0.0000366413   -0.0000430860   -0.0000670959    0.0000209927
    0.0001061639   -0.0001372497    0.0002157424    0.0008392587
   -0.0002226794   -0.0000858854   -0.0233811772   -0.1276471333
   -0.1515125317    0.0182435901    0.0097620855    0.0012241501
    0.0008877655   -0.0061438894    0.0010575122   -0.0000849872
    0.0007410143   -0.0000182744    0.0007667752   -0.0053492843
    0.0017549154
   -0.0000515338   -0.0001802288   -0.0004039335   -0.0002734317
    0.0002869319    0.0000534395    0.0005499643   -0.0000771501
   -0.0000138753   -0.0004704810   -0.0009803021   -0.0008233919
    0.0028394729    0.0012250167    0.0029180262   -0.0011353099
    0.0014956630    0.0006153065   -0.0007072418   -0.0011961775
   -0.0000374914   -0.0567907929    0.0242404782    0.0558528007
   -0.3397257721   -0.1571151898   -0.0120296062    0.6786628119
    0.1505898810   -0.1331888997   -0.1308131505   -0.0263079304
    0.0151745538    0.0569166930    0.0192267115   -0.0068546931
   -0.0305892365   -0.0332777680   -0.0233172341    0.0000210810
   -0.0000090949    0.0000302204    0.0000330682   -0.0000040344
    0.0000143108    0.0000305861    0.0000175893    0.0000432172
   -0.0000077404   -0.0001486659    0.0000830366    0.0005812869
    0.0000941338    0.0001886046    0.0000065358    0.0004803805
    0.0008227247   -0.1739792285    0.0414595325    0.1152999434
   -0.0033476491   -0.0195132721   -0.0182892151   -0.0019756133
   -0.0002424495    0.0045744537    0.0002256816   -0.0000640549
   -0.0007122978
   -0.0000831262   -0.0000063222    0.0001872474   -0.0001462039
    0.0002199302   -0.0000045294    0.0004235414    0.0000660669
    0.0003303902    0.0003880500   -0.0008391998   -0.0005634125
    0.0025756485    0.0042806557   -0.0048929391   -0.0012130074
    0.0013706961    0.0005362004   -0.0006853509   -0.0012961144
   -0.0000160412   -0.0199847236    0.0400125030    0.0480276487
   -0.0991624053   -0.1475019397   -0.0511751613    0.1505951838
    0.4637772151    0.2829356956   -0.0847355037   -0.2369645470
   -0.1489389305    0.0656687743   -0.0067812048   -0.0451280965
   -0.0358210056   -0.0395242476   -0.0161263891    0.0000130315
   -0.0000235196   -0.0000526012    0.0000171558    0.0000074349
   -0.0000461918    0.0000351209    0.0000290928    0.0000401284
   -0.0000290287   -0.0000099859   -0.0001634938    0.0006839042
    0.0000769286   -0.0000113736   -0.0182471099   -0.0081664389
    0.0011905260    0.0413978986   -0.0662075328   -0.0570679966
   -0.0004141623   -0.0064255695   -0.0061951331   -0.0012602511
    0.0043646629   -0.0032471915   -0.0000164303   -0.0004585640
    0.0003816447
    0.0002321469   -0.0001615251   -0.0001593402   -0.0001189787
   -0.0000407232    0.0000397441    0.0001574136   -0.0000000651
   -0.0000453662   -0.0005500725   -0.0005235178   -0.0000445179
    0.0044903915   -0.0045692767    0.0007379522    0.0006703646
    0.0008883318    0.0000240836   -0.0003066791   -0.0000391442
    0.0002234890    0.0097782215    0.0265413729    0.0252821478
    0.0470798514   -0.0227651441   -0.0950658604   -0.1331848253
    0.2829350957    0.4725473528   -0.0457557722   -0.1785975951
   -0.2090821510    0.0417104157   -0.0213991941   -0.0390503735
   -0.0251593925   -0.0171280670   -0.0118606794    0.0000797437
    0.0000295017   -0.0000048831    0.0000025694    0.0000064733
    0.0000067439   -0.0000121150   -0.0000034344    0.0000039087
   -0.0001377070    0.0000358058   -0.0000342966    0.0002483391
    0.0000700881   -0.0001314054   -0.0188865893   -0.0085355980
    0.0007364357    0.1153088064   -0.0569557627   -0.1488275202
    0.0012193076    0.0033843308    0.0028557339    0.0037260361
   -0.0036448416    0.0019462294   -0.0005914761    0.0004728890
   -0.0000974270
    0.0000799825    0.0000585524   -0.0000295315    0.0001599667
   -0.0002594841    0.0000150769   -0.0004805237   -0.0000321902
   -0.0000107461    0.0003533663    0.0009534875    0.0004404990
   -0.0020406133   -0.0012377121   -0.0002770624    0.0005284676
   -0.0005567854   -0.0004840721   -0.0004808333    0.0004835389
    0.0002329308    0.0005874852    0.0200390366    0.0167595685
    0.0101695681   -0.0232952802   -0.0274702558   -0.1308239981
   -0.0847353946   -0.0457488082    0.6730415593    0.1419533967
   -0.1430044649   -0.2542434270    0.0628209295    0.1720382920
   -0.0583370910   -0.0202334179    0.0119617100   -0.0000332660
    0.0000130375   -0.0000082411   -0.0000177437   -0.0000119699
    0.0000079068   -0.0000073679   -0.0000166814   -0.0000403319
    0.0000021967   -0.0000398579   -0.0000473258    0.0002507988
   -0.0001787870   -0.0000711883   -0.0030722905   -0.0038219348
    0.0017916962    0.0057562491    0.0173613295    0.0151384733
   -0.2473228632   -0.1025652231    0.0053382031    0.0078215317
   -0.0029229948   -0.0075356619   -0.0018911542   -0.0037755953
    0.0010033333
    0.0000946084    0.0001521432    0.0001129509    0.0000992224
   -0.0002146250   -0.0000203663   -0.0003177106   -0.0000114196
   -0.0001783262   -0.0001031672    0.0004293630    0.0003960632
   -0.0012114104   -0.0011035548    0.0007478690    0.0004848540
   -0.0009859820   -0.0002037362    0.0005032855    0.0008767624
   -0.0001072780    0.0202606155   -0.0283399119   -0.0321911804
   -0.0704483746   -0.0252205993    0.0046188977   -0.0263089966
   -0.2369645192   -0.1785938011    0.1419559312    0.4579366035
    0.2853662736    0.0051032018   -0.1127996658   -0.0701314045
    0.0268621374    0.0409381989    0.0250445663   -0.0000197221
    0.0000116192   -0.0000040456   -0.0000157241   -0.0000058130
    0.0000151375   -0.0000156357   -0.0000263413   -0.0000220097
    0.0000401138    0.0000069647    0.0000359247   -0.0005701830
   -0.0001041936    0.0000412630   -0.0029160279    0.0039062068
   -0.0029383363   -0.0016935613   -0.0026787696   -0.0021860297
   -0.1025927175   -0.0938627671   -0.0137819051    0.0156602418
   -0.0047531915   -0.0130184871   -0.0048509808    0.0028134919
   -0.0030020400
    0.0000220169    0.0001138883    0.0002206493   -0.0000080818
   -0.0000305109   -0.0000412241   -0.0000704820    0.0000223810
   -0.0001161305   -0.0001654794   -0.0000319794    0.0002248958
   -0.0005439011    0.0004062634    0.0000065589    0.0000709317
   -0.0006231092    0.0000559897    0.0009467864    0.0004656064
   -0.0001648589    0.0167177845   -0.0322844335   -0.0499032492
   -0.0761764218   -0.0188584183    0.0235947984    0.0151393424
   -0.1489430625   -0.2090657249   -0.1430051387    0.2853735648
    0.4793992307    0.1103853567   -0.0992081690   -0.2111950600
    0.0607651379    0.0489509266    0.0248121652    0.0000032962
   -0.0000098306   -0.0000082377   -0.0000044524   -0.0000038109
   -0.0000009793   -0.0000024631   -0.0000259598    0.0000016887
    0.0000225380   -0.0000025142    0.0000455634   -0.0006989869
   -0.0000021499    0.0000381755    0.0026334647   -0.0022423878
    0.0041056240   -0.0044256258   -0.0119949804   -0.0096174813
    0.0054125468   -0.0135700251   -0.0468329583    0.0127703930
   -0.0038961774   -0.0095587470    0.0002114377   -0.0036051119
    0.0039993115
    0.0001051194    0.0002339052    0.0001723498   -0.0002023071
    0.0000240415   -0.0000242596    0.0006260849    0.0001160823
   -0.0003403375   -0.0012027288   -0.0018373816   -0.0004469156
    0.0045438291    0.0006595394    0.0023812165   -0.0007507892
   -0.0006125345    0.0006065494    0.0014113154    0.0008338766
   -0.0003349778    0.0087069357   -0.0666641047   -0.0729007025
   -0.0704312098   -0.0063441324    0.0263538318    0.0569149164
    0.0656806487    0.0417157723   -0.2542336631    0.0050960616
    0.1103568252    0.6849747860    0.1442969313   -0.1440629903
   -0.3358593870   -0.0995888081    0.0460586650    0.0000245428
    0.0000227429   -0.0000158495    0.0000172449    0.0000339303
    0.0000159936   -0.0000199138    0.0000291202    0.0000426307
   -0.0000651654    0.0001377656    0.0001229046   -0.0016941620
    0.0001051085   -0.0002543945   -0.0003107244    0.0005095038
   -0.0000568887    0.0012965258   -0.0035296895   -0.0002289002
   -0.0150547053    0.0081245410    0.0159701416   -0.0646715315
   -0.0397514874   -0.0234622710   -0.0141250128   -0.0075756608
   -0.0016683933
    0.0001184441    0.0003499887    0.0003804174    0.0000252618
   -0.0002187794   -0.0000552797   -0.0000997269    0.0001301321
    0.0004067130    0.0001369366   -0.0002375595   -0.0001595861
   -0.0011416678    0.0020973524   -0.0053713417   -0.0007665412
   -0.0016143304    0.0001751247    0.0011266595    0.0009491237
    0.0000710039   -0.0229008852   -0.0237937440   -0.0165728117
   -0.0045304420   -0.0006698684    0.0089053260    0.0192182346
   -0.0067793622   -0.0214028172    0.0628163034   -0.1127997285
   -0.0992345313    0.1442807052    0.4458217290    0.2771865806
   -0.1552315645   -0.1448668473   -0.0225354439   -0.0000181738
    0.0000042161   -0.0000390511    0.0000000119    0.0000170104
   -0.0000620227    0.0000148902    0.0000050781    0.0000269254
   -0.0000011945    0.0000581117   -0.0001436926   -0.0010680954
    0.0000394262   -0.0004298808    0.0002622446    0.0001007115
    0.0007606512   -0.0026168779    0.0009839986   -0.0057005147
   -0.0108828116    0.0049253303    0.0108622251   -0.0391403010
   -0.1696737823   -0.1272431055    0.0103985900    0.0051717931
    0.0001751117
   -0.0000931635   -0.0002253971   -0.0002501179    0.0000475691
    0.0001536710    0.0000320956    0.0001251258   -0.0002697380
    0.0000317048   -0.0011017687   -0.0002461079    0.0000649481
    0.0013618276   -0.0059655209    0.0004693507    0.0007937320
    0.0005890549   -0.0001174073   -0.0006880159   -0.0001662883
    0.0002560402   -0.0276715375    0.0062955705    0.0238824205
    0.0280142047    0.0098605920   -0.0112401473   -0.0068627243
   -0.0451244888   -0.0390489526    0.1720350903   -0.0701301107
   -0.2112139597   -0.1440581598    0.2771800479    0.4814930423
   -0.0140293025   -0.0519256944   -0.0960676116    0.0000132320
    0.0000114629    0.0000243542   -0.0000075569   -0.0000004463
    0.0000183888   -0.0000650481   -0.0000473989   -0.0000189599
   -0.0000118934    0.0000034964    0.0000091006    0.0005093412
    0.0000407676   -0.0000525143   -0.0000301672    0.0007109503
   -0.0000687948    0.0006527634   -0.0052633689    0.0021017409
   -0.0037412276    0.0011583813    0.0030362177   -0.0240759749
   -0.1267940547   -0.1542989050    0.0188836545    0.0101546199
    0.0009579662
    0.0002799383    0.0000707387    0.0002255730    0.0004422352
   -0.0004815467   -0.0000676006   -0.0008661863   -0.0010162765
    0.0009700930   -0.0031240246    0.0011600068    0.0003937872
   -0.0059904015   -0.0252949855   -0.0203089291    0.0008075813
   -0.0000638381   -0.0009661472   -0.0048290002   -0.0002287057
   -0.0002088176   -0.1288569346   -0.0267717204    0.0127383494
    0.0534362032    0.0200424915   -0.0055277675   -0.0305909759
   -0.0358199002   -0.0251567894   -0.0583411269    0.0268486937
    0.0607375585   -0.3358581712   -0.1552284848   -0.0140320296
    0.6802091709    0.1616955346   -0.1331244148   -0.0000198117
    0.0000157322   -0.0000673334   -0.0000486412   -0.0000247323
   -0.0000662901   -0.0001814021   -0.0001689555   -0.0000080203
    0.0001773062   -0.0000014716   -0.0003898216    0.0002877590
    0.0011724050   -0.0015619439   -0.0019523656   -0.0002782510
    0.0046031515    0.0002489809   -0.0001395395   -0.0004880851
    0.0001519224   -0.0005929426    0.0033952606   -0.0006461059
    0.0006082073    0.0002815482   -0.1647359496    0.0344975405
    0.1186286687
   -0.0003341574   -0.0005539681    0.0004443757    0.0006705133
    0.0000488624   -0.0000414455   -0.0015308519   -0.0005463464
    0.0006523040   -0.0001255784    0.0033901921    0.0002556810
   -0.0179712341   -0.0167510534   -0.0095294957    0.0035668144
   -0.0026701981   -0.0014499586    0.0017766814    0.0019219463
   -0.0002102183   -0.0681605818   -0.2126934785   -0.1327292735
    0.0587875158   -0.0045160902   -0.0415361575   -0.0332729311
   -0.0395207473   -0.0171335919   -0.0202471717    0.0409344389
    0.0489585315   -0.0995925775   -0.1448643007   -0.0519218243
    0.1617041367    0.4387901199    0.2672949576    0.0000221688
    0.0000015713    0.0000203497    0.0000060683    0.0000013138
   -0.0001229692   -0.0000213815   -0.0000321711   -0.0000324665
    0.0000582419   -0.0000182835   -0.0002915300   -0.0012206638
   -0.0003097943    0.0006651313   -0.0011018694    0.0036574643
   -0.0031452416    0.0000162417   -0.0004537271    0.0005874494
    0.0003710180    0.0032787382   -0.0047342046   -0.0183788143
   -0.0076674812    0.0006688062    0.0349784127   -0.0614270072
   -0.0566692092
   -0.0002077621   -0.0007661664   -0.0003362140    0.0000646561
    0.0003523305    0.0000551078   -0.0001437769   -0.0001642345
   -0.0001902451    0.0010082349    0.0020618199    0.0009141194
   -0.0048506321   -0.0027828880    0.0029011482    0.0014822355
    0.0025748217   -0.0003368512   -0.0017458197   -0.0016387233
   -0.0006489052   -0.0391768486   -0.1623314014   -0.2001462796
    0.0375303322   -0.0202166500   -0.0366500002   -0.0233082913
   -0.0161146695   -0.0118603593    0.0119538029    0.0250454735
    0.0248328693    0.0460688719   -0.0225365154   -0.0960702839
   -0.1331153105    0.2672972137    0.4719836011    0.0001030103
    0.0000115734    0.0000397688    0.0000177451   -0.0000232207
    0.0000552824    0.0000433094    0.0000536862   -0.0000865235
    0.0001052580   -0.0000440104    0.0000269363   -0.0011701270
    0.0009455415    0.0001140213    0.0037311746   -0.0037131975
    0.0019510215   -0.0004989314    0.0004383609    0.0000279198
    0.0044227877   -0.0043317422    0.0009739742   -0.0192459565
   -0.0087474232    0.0008366797    0.1169320375   -0.0553699788
   -0.1583867879
   -0.2345279149    0.1066895707    0.0073891085    0.0027120531
   -0.0010788543   -0.0000743242    0.0016876030   -0.0007050442
    0.0000708118    0.0001539547   -0.0009307703   -0.0000715382
   -0.0027753704   -0.0029435101    0.0000176662   -0.0163740469
    0.0175855598    0.0008550456    0.0029292070    0.0010883796
   -0.0001312165   -0.0004872272    0.0008096028    0.0000524328
   -0.0001623843   -0.0001673261   -0.0000844335    0.0000447851
    0.0000202501    0.0000824408   -0.0000091004   -0.0000084529
   -0.0000102923    0.0000504492   -0.0000066708    0.0000129593
   -0.0000165113    0.0000283548    0.0001095163    0.2463028456
   -0.1202504412   -0.0080122012    0.0006884987   -0.0004116859
   -0.0001051237    0.0000261889   -0.0001062245   -0.0000074165
   -0.0000439417    0.0000558744   -0.0000159771   -0.0000931565
    0.0003587315   -0.0000309787   -0.0000095871    0.0000033541
   -0.0000143200   -0.0000399305   -0.0000066774    0.0000096800
   -0.0000328323   -0.0000114593   -0.0000052143   -0.0000233815
   -0.0000252351   -0.0000158125   -0.0000002004    0.0000126742
   -0.0000208127
    0.1083443131   -0.1246451759   -0.0050286138    0.0264313729
   -0.0087443759   -0.0007404273   -0.0020286956   -0.0041590203
   -0.0002973432   -0.0004364942   -0.0000442493    0.0000332163
   -0.0023605507   -0.0010490551   -0.0002873058   -0.0115139504
    0.0096192766    0.0005481225    0.0007080412    0.0011327925
    0.0000834181   -0.0004799092    0.0003098454    0.0000065507
   -0.0000033625   -0.0000536905   -0.0000216593    0.0000070582
    0.0000104247    0.0000516556   -0.0000051386   -0.0000083587
   -0.0000108983    0.0000644288    0.0000002642   -0.0000168996
    0.0000298785    0.0000268020    0.0000291088   -0.1202501596
    0.1264298544    0.0055689736    0.0004909621    0.0016971023
    0.0001302488    0.0009911983   -0.0005793154   -0.0000996948
    0.0001010874    0.0000165659    0.0000300315    0.0000131680
    0.0000394605   -0.0000099018   -0.0000098609    0.0000059805
    0.0000043415   -0.0000315968    0.0000058747    0.0000204261
   -0.0000386438   -0.0000150584    0.0000012430   -0.0000092437
   -0.0000083931   -0.0000043618   -0.0000139027    0.0000124492
    0.0000097693
    0.0080470247   -0.0039733391   -0.0268194051    0.0008608832
   -0.0008160724   -0.0016819744   -0.0002208379   -0.0004092370
    0.0077357898    0.0001841320    0.0002479209   -0.0007812375
    0.0002055943   -0.0001680350    0.0069676842   -0.0007722400
   -0.0007386711    0.0006820151   -0.0001644890    0.0001822745
   -0.0032655731    0.0000364360   -0.0000736175   -0.0005667901
    0.0000524804    0.0000812889    0.0000088388    0.0000358361
   -0.0000408246    0.0000041368   -0.0000117854   -0.0000109591
   -0.0000127994    0.0000062530   -0.0000384327    0.0000136361
   -0.0000581941    0.0000313006    0.0000451563   -0.0080205752
    0.0055735173    0.0215193047   -0.0001251115    0.0001458895
   -0.0032255865    0.0000369908   -0.0000307121    0.0003620737
   -0.0000233954    0.0000421353   -0.0010919482   -0.0000221054
    0.0000096613    0.0001360259   -0.0000146878   -0.0000047036
   -0.0000152352   -0.0000020490    0.0000047541    0.0000075272
   -0.0000158212   -0.0000018988   -0.0000067484   -0.0000035704
   -0.0000067178   -0.0000021051   -0.0000107684   -0.0000055214
   -0.0000127858
    0.0012641559    0.0010237294    0.0000382423   -0.2436610209
   -0.1000683831    0.0021128683   -0.0169144944   -0.0159334505
   -0.0001436816   -0.0022318364    0.0036641051    0.0004060828
    0.0004554954    0.0002759536   -0.0000028752    0.0011954390
    0.0008891275    0.0002733095   -0.0001071511   -0.0003276377
   -0.0000004427    0.0001730332    0.0000445542   -0.0000343034
   -0.0000166894   -0.0000343788   -0.0000120674    0.0000523124
    0.0000222309    0.0000046555   -0.0000092330   -0.0000022919
    0.0000040825    0.0000192990    0.0000094098   -0.0000066564
   -0.0000489671    0.0000122093    0.0000391061    0.0006927140
    0.0004980237   -0.0001227448    0.2585914863    0.1113802452
   -0.0023408436    0.0014342015   -0.0009292064   -0.0001521441
   -0.0008682083   -0.0004975286    0.0000009847    0.0000280459
    0.0000223732   -0.0000199772   -0.0000014388   -0.0000102872
   -0.0000265456   -0.0000166028   -0.0000049488    0.0000021433
   -0.0000150663   -0.0000094345   -0.0000024290   -0.0000143581
   -0.0000188983   -0.0000123525   -0.0000011162   -0.0000055162
   -0.0000044115
   -0.0277008326   -0.0079820114    0.0003211403   -0.0998346700
   -0.1146895392   -0.0004374176    0.0128275496    0.0105617544
    0.0000065405    0.0022750110   -0.0013992913   -0.0004269403
   -0.0000454852    0.0000501284    0.0000147194    0.0023396061
   -0.0047153925   -0.0004001517   -0.0015547198   -0.0004491950
    0.0000535473    0.0000555118    0.0000871267    0.0000216549
    0.0000052449   -0.0000403913   -0.0000529454    0.0000135690
    0.0000069787   -0.0000003958    0.0000130929   -0.0000131969
   -0.0000221613    0.0000786222    0.0000430275   -0.0000024806
   -0.0000412993    0.0000131246    0.0000023900   -0.0003862985
    0.0016930065    0.0001462590    0.1114113589    0.1158212586
    0.0005032121    0.0000103964    0.0009290675    0.0001682417
    0.0005770587    0.0002580184    0.0000033898    0.0000433281
   -0.0002053825   -0.0000036029   -0.0000098243   -0.0000009082
    0.0000121868   -0.0000206247    0.0000027066    0.0000148192
   -0.0000099778   -0.0000010439    0.0000061862   -0.0000060703
    0.0000121836    0.0000200685   -0.0000405473    0.0000179706
    0.0000517398
   -0.0010674656   -0.0002318076    0.0002982130    0.0019831624
   -0.0004447682   -0.0315890540    0.0011033122    0.0008700656
    0.0004986318    0.0004634423   -0.0005598725    0.0073716944
   -0.0002365386    0.0000943956   -0.0007316359    0.0002265447
   -0.0005687988    0.0085349194   -0.0001073670   -0.0000162317
   -0.0001329207    0.0001105620    0.0000857664   -0.0011581540
    0.0001280025    0.0000939417    0.0000293364    0.0000066464
   -0.0000543228    0.0000024566    0.0000181980    0.0000027664
   -0.0000188637    0.0000364777   -0.0000533801    0.0000165549
   -0.0000766501   -0.0001292266    0.0000518438   -0.0001038596
    0.0001327689   -0.0032256186   -0.0023250487    0.0005130923
    0.0232694739   -0.0001266785    0.0001925455   -0.0028817401
    0.0000353826    0.0000381288   -0.0001167598   -0.0000291546
   -0.0000429476   -0.0002350547    0.0000012253    0.0000202029
   -0.0000009179   -0.0000013194    0.0000081399    0.0000037225
    0.0000002704    0.0000068792   -0.0000015338   -0.0000042640
    0.0000119440    0.0000137498   -0.0000348804    0.0000307188
    0.0000016565
   -0.0039301187    0.0011182315    0.0003750391    0.0054420774
    0.0251861591    0.0007825251   -0.0588513329   -0.0048432288
    0.0007798323    0.0040628338   -0.0261365244   -0.0012007868
   -0.0040562285   -0.0009220690    0.0004048923   -0.0003520701
   -0.0000542938    0.0000040645    0.0001760537    0.0000065650
   -0.0000265023    0.0002452833   -0.0009285688   -0.0000655281
   -0.0000090855   -0.0000002083   -0.0000299752    0.0000160482
    0.0000172120   -0.0000218119    0.0000003521   -0.0000184617
   -0.0000096548   -0.0000373357    0.0000142135   -0.0000582863
   -0.0002006190   -0.0000433915    0.0000320168    0.0000299897
    0.0009896425    0.0000364974    0.0014524179    0.0000160703
   -0.0001264860    0.0544186932    0.0055951022   -0.0007535646
    0.0016272235   -0.0000118669   -0.0001280067   -0.0000492825
    0.0000477197   -0.0000102655    0.0000178581   -0.0000012665
    0.0000163380   -0.0000146675   -0.0000005036    0.0000078550
    0.0000040491   -0.0000030491    0.0000032714   -0.0000121110
   -0.0000099716   -0.0000007650    0.0000199715   -0.0000175119
   -0.0000106988
    0.0027884589    0.0008414687   -0.0003482691   -0.0037632462
   -0.0127676462   -0.0003210952   -0.0050411331   -0.2983258514
   -0.0106690132    0.0027700389   -0.0119251725   -0.0004924822
   -0.0024278224    0.0011012864   -0.0001229271    0.0000687192
    0.0004131767    0.0000369730   -0.0000454131    0.0002070603
    0.0000579296    0.0003522445   -0.0004153454   -0.0001025346
   -0.0000050786   -0.0000635691   -0.0000715498    0.0000383665
    0.0000469033   -0.0000010201   -0.0000195440   -0.0000127348
   -0.0000001391    0.0000421026    0.0000166436   -0.0000493155
   -0.0001641404   -0.0000139597    0.0000812963   -0.0001123713
   -0.0005392028   -0.0000272044   -0.0009431382    0.0009248579
    0.0001834338    0.0055923309    0.3196018725    0.0116655012
    0.0009851932    0.0009488986    0.0001533148   -0.0000078099
    0.0000304377   -0.0000082549    0.0000005554   -0.0000065412
    0.0000162858   -0.0000381671   -0.0000030332    0.0000190820
   -0.0000341621   -0.0000210068    0.0000040482   -0.0000282640
   -0.0000313868   -0.0000147558   -0.0000077198   -0.0000071560
    0.0000106963
    0.0005484020   -0.0001555910    0.0069232556   -0.0002398718
   -0.0013683629   -0.0012533761    0.0005940875   -0.0105846388
   -0.0271916202   -0.0001099460    0.0002099256   -0.0012203502
   -0.0003440053   -0.0002078442    0.0071785405    0.0001603158
   -0.0002138136   -0.0003750386   -0.0000274639    0.0002085527
   -0.0009498621    0.0003634028    0.0001079428    0.0004007452
   -0.0001349786    0.0000476682    0.0000100210    0.0000589893
    0.0000459126    0.0000018038   -0.0000322507   -0.0000150061
    0.0000049528    0.0000559849    0.0000370913   -0.0000156476
   -0.0000063003   -0.0000209324   -0.0000759844    0.0000103992
   -0.0001068453    0.0003615933   -0.0001320317    0.0001779620
   -0.0028823300   -0.0007498445    0.0116796723    0.0222307534
   -0.0000486141    0.0001688023   -0.0030845246   -0.0000016276
    0.0000068526   -0.0000466028    0.0000249221   -0.0000078572
   -0.0000218198    0.0000062540   -0.0000061466   -0.0000034934
    0.0000024086   -0.0000008879   -0.0000014736    0.0000050166
    0.0000020965    0.0000044553   -0.0000032482   -0.0000045530
    0.0000060025
    0.0005438404   -0.0004742836   -0.0000636101   -0.0024880890
   -0.0034962660    0.0001109718   -0.0168563368    0.0172417326
    0.0010210238   -0.2310625777    0.1059801629    0.0069299016
    0.0021896147   -0.0010721992    0.0001541465    0.0008307710
   -0.0009156781    0.0001988888    0.0000007483    0.0002051522
    0.0000304002   -0.0001101172   -0.0013221976   -0.0001319129
    0.0003094662   -0.0000865410    0.0001025372   -0.0000064056
   -0.0000183544   -0.0001199413   -0.0000037580    0.0000201034
    0.0000107099   -0.0000445486   -0.0000077606   -0.0000307726
    0.0001890759    0.0000589389    0.0000985391   -0.0000516919
    0.0000797565   -0.0000277949   -0.0008729149    0.0005622416
    0.0000484488    0.0016239338    0.0009894089   -0.0000613093
    0.2459851299   -0.1174157972   -0.0083523226   -0.0000056999
   -0.0000507566   -0.0000157645   -0.0001790961   -0.0002315333
    0.0001267014    0.0000144833   -0.0000135184    0.0000142230
   -0.0000072850   -0.0000140598   -0.0000050015    0.0000026479
    0.0000112407   -0.0000203831   -0.0000011907   -0.0000297916
   -0.0000176792
   -0.0000823655    0.0002249297    0.0000490763   -0.0021854397
   -0.0011685651   -0.0002905692   -0.0116973099    0.0101966128
    0.0006293876    0.1059352393   -0.1248326473   -0.0060020140
    0.0261608945   -0.0100355628   -0.0007995655   -0.0026917817
   -0.0043936522   -0.0005352039    0.0014701183   -0.0010137769
    0.0000459630    0.0013573119    0.0017952882    0.0002014661
   -0.0001394558   -0.0002422805   -0.0001348445   -0.0001481779
   -0.0000065164    0.0000337147   -0.0000426929    0.0000095906
   -0.0000002426    0.0001427015    0.0000613182    0.0000035578
   -0.0000015389   -0.0000111180   -0.0000346227    0.0000582228
    0.0000319732    0.0000444663   -0.0005057784    0.0002602730
    0.0000287423   -0.0000103395    0.0009480601    0.0001735038
   -0.1174121516    0.1281417209    0.0061221799    0.0000668081
    0.0002278439   -0.0000157198   -0.0002291612   -0.0002142958
    0.0003779961   -0.0000045892   -0.0000094402    0.0000310200
   -0.0000073021    0.0000062027    0.0000185428   -0.0000138454
   -0.0000013645    0.0000065838   -0.0000193665    0.0000254065
    0.0000465817
   -0.0002653188   -0.0001645305   -0.0007747423   -0.0000163521
    0.0001008477    0.0076453381    0.0006021109    0.0000578686
    0.0003755196    0.0061515696   -0.0053567721   -0.0311824734
    0.0003883183   -0.0007855625    0.0005184439    0.0003584083
   -0.0006595992    0.0078681493    0.0001075212   -0.0000577969
   -0.0004037434    0.0008421677    0.0001627030   -0.0032588394
    0.0003731603    0.0007347204    0.0002080329    0.0000861653
   -0.0001648268   -0.0000376968   -0.0000417140    0.0000428215
    0.0000492059    0.0001237502   -0.0001383673    0.0000139967
   -0.0003935270   -0.0002887740    0.0000315323   -0.0000051236
    0.0000223694   -0.0010921922   -0.0000023802   -0.0000019206
   -0.0001176769   -0.0001274645    0.0001389981   -0.0030848570
   -0.0083442969    0.0061161656    0.0235286709   -0.0000432458
    0.0000076952    0.0000498983    0.0002374635    0.0001904318
   -0.0002698532    0.0000209902    0.0000150704   -0.0000158352
   -0.0000076663    0.0000038152   -0.0000154006   -0.0000155923
   -0.0000120719   -0.0000033704   -0.0000289440    0.0000367150
   -0.0000321071
    0.0023186576    0.0010708022    0.0004918726    0.0000698006
   -0.0012613899    0.0000279325   -0.0005184984    0.0005629870
    0.0000466595   -0.0001104084    0.0002409380    0.0001341398
   -0.0007113763    0.0026172151   -0.0004839460    0.0028416120
    0.0107854700   -0.0007814718   -0.4051354173   -0.1592374548
    0.0384280466    0.0016069942    0.0027456623    0.0007082656
   -0.0010035983   -0.0002594907    0.0008284597    0.0005902078
    0.0007072502    0.0002645111    0.0002270533   -0.0005648050
   -0.0006809272   -0.0016878789   -0.0010592188    0.0005008717
    0.0003096228   -0.0012048969   -0.0011569443   -0.0000896839
    0.0000162676   -0.0000223542    0.0000315852    0.0000161581
   -0.0000512508   -0.0000497482   -0.0000099566   -0.0000219707
   -0.0000125069    0.0000775728   -0.0000401536    0.4021674870
    0.1438453246   -0.0361736205    0.0000288039   -0.0000896633
   -0.0001351403    0.0000416041   -0.0000006765   -0.0001056069
    0.0001023382    0.0000416763   -0.0000549285    0.0000433382
    0.0000831762    0.0000218830   -0.0010599884    0.0008770521
   -0.0017443276
    0.0015522296   -0.0050282946    0.0002247527   -0.0010195948
   -0.0003412567   -0.0000834419    0.0003326093    0.0003890286
    0.0000243147   -0.0006507268   -0.0008172313   -0.0000077456
   -0.0021037177    0.0036995026   -0.0001013291   -0.0415168080
   -0.0122185667    0.0035141166   -0.1028348621   -0.0972696961
    0.0102004718    0.0008635627   -0.0000739084   -0.0000392535
    0.0001093195   -0.0001264379   -0.0002137907    0.0000972494
    0.0000893104    0.0000814405   -0.0001927939   -0.0000847910
    0.0000249067    0.0000896898    0.0000339171    0.0000404174
    0.0011957162   -0.0003104894    0.0009353083    0.0003371550
    0.0000545397    0.0000112750    0.0000082075   -0.0002178843
   -0.0000480002    0.0000415220    0.0000530902    0.0000017336
   -0.0000730132    0.0002434674    0.0000087385    0.1438214572
    0.1119285981   -0.0145523740   -0.0000507951    0.0000078232
    0.0000476410   -0.0000544648   -0.0000200066   -0.0000057513
   -0.0000358440   -0.0000163850   -0.0000199711   -0.0001143666
   -0.0001046838   -0.0001031152    0.0001982689    0.0001303546
    0.0000596559
    0.0000639664    0.0000890849    0.0025782152    0.0000448595
   -0.0002720836    0.0009720839   -0.0000719780    0.0001101468
   -0.0000170615    0.0001066746   -0.0000164670   -0.0002645355
   -0.0007835999   -0.0004725133   -0.0011831944   -0.0000860202
   -0.0044428040   -0.0008730447    0.0391278851    0.0182275902
   -0.0116521045    0.0001151588    0.0010770877   -0.0002150374
    0.0000499023   -0.0001120986   -0.0000806464    0.0001895410
   -0.0000083526   -0.0001285303   -0.0000761343    0.0000532042
    0.0000516982   -0.0002626199   -0.0004315195   -0.0000485806
   -0.0015539873    0.0006663531    0.0001107575   -0.0000413355
   -0.0000040482    0.0001357729   -0.0000194495    0.0000010222
   -0.0002335958   -0.0000109370    0.0000083872   -0.0000437310
   -0.0000238705   -0.0000108500    0.0000497804   -0.0361715217
   -0.0145533649    0.0128050524    0.0000579381   -0.0001025490
   -0.0000716942    0.0000073517   -0.0000222719   -0.0000305190
    0.0000677027   -0.0000207583   -0.0000552063    0.0000229847
   -0.0000087814   -0.0000508775   -0.0007525114    0.0002455859
   -0.0017550017
    0.0000373135    0.0000862073    0.0000286194    0.0000103564
   -0.0000651646   -0.0000249073   -0.0001667950   -0.0000103902
   -0.0000235466    0.0002437753    0.0002008123    0.0000538315
    0.0006135386    0.0011082813   -0.0006063034    0.0000189592
    0.0000710071    0.0001195446   -0.0000384303   -0.0000525790
   -0.0000726249    0.0072952742    0.0150010043    0.0121900384
   -0.0642696225   -0.0381066691   -0.0233847237   -0.0000011998
   -0.0182445782   -0.0188798598   -0.0030636255   -0.0029084136
    0.0026300669   -0.0002921790    0.0002654728   -0.0000347770
   -0.0019499950   -0.0011023312    0.0037291839   -0.0000070484
   -0.0000041290   -0.0000118007   -0.0000122891   -0.0000125729
    0.0000007907    0.0000118265   -0.0000095966    0.0000288206
   -0.0001821887   -0.0002267092    0.0002371542    0.0000260955
   -0.0000541365    0.0000582923    0.0605897908    0.0428819847
    0.0255380919    0.0012536711    0.0010106336   -0.0011901943
   -0.0001962355   -0.0007650287   -0.0006917211   -0.0000722846
    0.0002665236   -0.0003070830    0.0001512923    0.0006703718
    0.0006131076
   -0.0000399443   -0.0000868505   -0.0000945823   -0.0000326485
    0.0000580371    0.0000083967    0.0001137186   -0.0000082983
   -0.0001089863   -0.0003840213    0.0000670142    0.0003219038
   -0.0005697218   -0.0014150264    0.0019900391    0.0003261847
    0.0001685261   -0.0000731078    0.0000175290    0.0000610367
    0.0001495668   -0.0027548690   -0.0049062060   -0.0038033270
   -0.0378419865   -0.1706508293   -0.1276681319    0.0004674848
   -0.0081573309   -0.0085228201   -0.0038317475    0.0038993956
   -0.0022669381    0.0005269543    0.0000875537    0.0006886211
   -0.0002689838    0.0036536967   -0.0037207617   -0.0000092293
    0.0000269320   -0.0000026789   -0.0000239861   -0.0000070131
    0.0000123152   -0.0000123495   -0.0000164531    0.0000044196
   -0.0002425320   -0.0002089412    0.0001893297   -0.0000748994
    0.0000171391   -0.0000982052    0.0428821699    0.1795213644
    0.1414109662    0.0016671258   -0.0008200303    0.0015934539
   -0.0000669934   -0.0003461112   -0.0003612988    0.0002608345
   -0.0006175674    0.0004785089   -0.0001080891   -0.0003200380
   -0.0001266830
   -0.0000252596    0.0001244876    0.0000730926    0.0000396325
   -0.0001499572   -0.0000008914   -0.0000522123    0.0002140138
    0.0000731319    0.0007593678   -0.0001950445   -0.0001343981
   -0.0021631063    0.0016922998   -0.0002800384   -0.0002808528
   -0.0006272381   -0.0000088351    0.0000867780    0.0004178956
    0.0000317937   -0.0070218150   -0.0129443061   -0.0095345931
   -0.0231175044   -0.1282253004   -0.1515319295    0.0008490155
    0.0012307725    0.0007612555    0.0017646929   -0.0029293923
    0.0041088461   -0.0000399079    0.0007420337   -0.0000966074
    0.0046484168   -0.0031123514    0.0019653502   -0.0000214598
    0.0000252949   -0.0000148280   -0.0000093300    0.0000221030
   -0.0000089233    0.0000132815    0.0000264991   -0.0000108138
    0.0001449226    0.0003721463   -0.0002719888   -0.0000995101
    0.0000577265   -0.0000706265    0.0255260658    0.1413710103
    0.1570188481   -0.0005131851    0.0019073781   -0.0009667821
    0.0000267906   -0.0000033277   -0.0000074027   -0.0003139877
    0.0004939196   -0.0005699895   -0.0002008330   -0.0005106630
   -0.0005236701
    0.0000242163    0.0001712130   -0.0000490972    0.0000341183
   -0.0001077575   -0.0000007356   -0.0000344332    0.0000080948
   -0.0000162899    0.0000417737    0.0002389522   -0.0000285481
   -0.0005129421    0.0005420539    0.0006552696   -0.0000541966
   -0.0004340292   -0.0000037881   -0.0000162241    0.0002051277
   -0.0000011354   -0.0019341928   -0.0048501222    0.0002524774
   -0.0140308212    0.0105569280    0.0182485661   -0.1739840501
    0.0414029571    0.1153183752    0.0057536773   -0.0016810239
   -0.0044347765    0.0013003655   -0.0026214223    0.0006508599
    0.0002499812    0.0000182456   -0.0004903424   -0.0000574682
   -0.0000006831    0.0000088160   -0.0000486216   -0.0000246773
    0.0000059516   -0.0000228133   -0.0000369795    0.0000008121
    0.0000018508    0.0000086985    0.0000176893    0.0000084587
   -0.0000765127   -0.0000007007    0.0012547533    0.0016859980
   -0.0005019614    0.1817737139   -0.0459182843   -0.1281982163
    0.0002863371    0.0006655189   -0.0010090458    0.0001174875
   -0.0000935124   -0.0002103190   -0.0001509705    0.0003412166
   -0.0002138608
    0.0000103944    0.0000385183   -0.0000203295    0.0000136549
   -0.0000326498   -0.0000002923   -0.0000000019   -0.0000060825
   -0.0000221836    0.0000322966    0.0000897386    0.0000220220
   -0.0003632340    0.0000179596    0.0003906975   -0.0000205307
   -0.0000533638    0.0000009666    0.0000097321    0.0000079571
    0.0000192784   -0.0038405359    0.0027458792   -0.0035262576
   -0.0082931244    0.0057879209    0.0097631559    0.0414637951
   -0.0661919453   -0.0569433426    0.0173416711   -0.0026726894
   -0.0119711027   -0.0035421605    0.0009766122   -0.0052646198
   -0.0001215496   -0.0004448477    0.0004391743   -0.0000265395
    0.0000093668    0.0000029179   -0.0000301659   -0.0000144525
    0.0000042333   -0.0000066635   -0.0000126621   -0.0000028665
   -0.0000260896   -0.0000080992    0.0000165396   -0.0000056602
   -0.0000128852   -0.0000174305    0.0010121283   -0.0008283992
    0.0019067564   -0.0459118154    0.0618966680    0.0632655509
    0.0012787681   -0.0004353772    0.0019871454    0.0006560475
   -0.0002966039   -0.0005692747    0.0003695831   -0.0005605629
    0.0005192619
   -0.0000226316    0.0000066513    0.0000032611   -0.0000147220
   -0.0000122082    0.0000020030    0.0001301530    0.0000157292
    0.0000194223    0.0000208548   -0.0001239473   -0.0000525815
    0.0000216929    0.0001043278   -0.0000507419    0.0000333899
   -0.0000207157   -0.0000250452    0.0000276167    0.0000823633
    0.0000119738    0.0009876952   -0.0035262505    0.0040657886
   -0.0013042757    0.0001678298    0.0012267368    0.1153043703
   -0.0570520032   -0.1488160722    0.0151266966   -0.0021974164
   -0.0096028485   -0.0002239579   -0.0057131306    0.0020840571
   -0.0004687104    0.0005773489    0.0000025287   -0.0000331993
    0.0000290086    0.0000011302   -0.0000226112   -0.0000038635
   -0.0000035183    0.0000014719    0.0000182895    0.0000030604
   -0.0000184375    0.0000402859   -0.0000117827   -0.0000705512
    0.0000200397   -0.0000226617   -0.0011858878    0.0015916581
   -0.0009581334   -0.1282125639    0.0632772841    0.1536402134
   -0.0003827725    0.0022874206   -0.0004395885    0.0005231355
   -0.0001430298   -0.0005279855   -0.0002167559    0.0005743284
   -0.0005492159
    0.0000176966    0.0000706563    0.0000173359    0.0000254222
   -0.0000595645   -0.0000068455   -0.0000492652   -0.0000006164
    0.0000190292    0.0000674625    0.0001454579    0.0000055927
   -0.0000133230    0.0002598501   -0.0002909099   -0.0000029956
   -0.0000629600    0.0000276130   -0.0000508859    0.0000022336
   -0.0000567552    0.0003903003    0.0004364613   -0.0001704486
    0.0020326948   -0.0019685096    0.0008819762   -0.0033454921
   -0.0004200027    0.0012094697   -0.2473176731   -0.1025651875
    0.0054293888   -0.0150627329   -0.0108875815   -0.0037274265
    0.0001585712    0.0003654678    0.0044302032   -0.0000284400
    0.0000003428   -0.0000004142   -0.0000265155   -0.0000142462
   -0.0000016724   -0.0000108865   -0.0000227784    0.0000003629
   -0.0000058769    0.0000022927   -0.0000088424    0.0000884156
   -0.0000433109    0.0000667346   -0.0001808610   -0.0000441941
    0.0000595317    0.0003021329    0.0012836149   -0.0003627219
    0.2629398289    0.1135605211   -0.0058117460    0.0007650796
    0.0003530617   -0.0016379930   -0.0006926568   -0.0003910081
   -0.0000714624
    0.0000233341    0.0000029877   -0.0000412312    0.0000219578
   -0.0000263537    0.0000043935    0.0000561116    0.0000170463
   -0.0000210838   -0.0001135913    0.0000346284    0.0000161654
    0.0002559427   -0.0005502996    0.0005673475    0.0001572929
   -0.0000395408   -0.0000327389   -0.0000682846    0.0000634424
    0.0000212583    0.0004693247   -0.0002753478    0.0003971221
   -0.0009600942    0.0012794273   -0.0061437659   -0.0195158800
   -0.0064318358    0.0033779920   -0.1025800586   -0.0938450821
   -0.0135478782    0.0080961537    0.0049179920    0.0011722903
   -0.0005884916    0.0032742721   -0.0043291468   -0.0000159006
    0.0000060118    0.0000052878   -0.0000155597   -0.0000035183
    0.0000036675   -0.0000145241    0.0000087727   -0.0000005883
   -0.0000455447    0.0000289636    0.0000046270    0.0000310919
   -0.0000132353   -0.0000196716   -0.0007539855   -0.0003357468
    0.0000139030    0.0006887937   -0.0004350958    0.0022850744
    0.1135858145    0.0931168051    0.0146891482    0.0009286681
   -0.0009592749    0.0016405580    0.0003574292    0.0001649814
   -0.0000627305
    0.0000284379    0.0000770654    0.0000416932    0.0000151187
   -0.0000274319   -0.0000045759   -0.0000493693    0.0000275184
    0.0000272174    0.0001437214    0.0000451395    0.0000014310
   -0.0002999068    0.0006132048   -0.0004481374   -0.0001268834
   -0.0002051733   -0.0000084503    0.0001018407    0.0000755335
    0.0000346569   -0.0001591703    0.0002449878   -0.0005049264
    0.0017972001   -0.0055872388    0.0010697886   -0.0182843532
   -0.0061976779    0.0028502192    0.0053282275   -0.0137876149
   -0.0468327551    0.0159538055    0.0108492734    0.0030301649
    0.0033858275   -0.0047313591    0.0009825090    0.0000021681
   -0.0000076597   -0.0000076324   -0.0000034996   -0.0000008359
   -0.0000041189    0.0000030832   -0.0000084074   -0.0000017228
    0.0000060344    0.0000084503   -0.0000157193   -0.0000719373
   -0.0000198133   -0.0000518373   -0.0006934348   -0.0003709678
   -0.0000126778   -0.0010132214    0.0019919775   -0.0004345029
   -0.0058033145    0.0146950209    0.0406924170   -0.0009723907
    0.0020213039   -0.0004017546    0.0007120163    0.0002947047
   -0.0000012862
    0.0000363363    0.0000852433    0.0000196189    0.0000286777
   -0.0000687978   -0.0000098191   -0.0000494997   -0.0000496413
    0.0000622167   -0.0001376520    0.0001163627   -0.0000292973
   -0.0000229655   -0.0007415222   -0.0007392856    0.0001159322
   -0.0001663449    0.0000400316   -0.0000570785    0.0001460798
   -0.0000397966   -0.0031396448   -0.0027683420    0.0027342995
   -0.0001011909    0.0002776363   -0.0000826744   -0.0019755150
   -0.0012602330    0.0037270976    0.0078142719    0.0156460630
    0.0127645039   -0.0646780313   -0.0391528258   -0.0240841825
   -0.0006519279   -0.0183848818   -0.0192459368   -0.0000333866
    0.0000027180    0.0000002253   -0.0000349658   -0.0000184369
   -0.0000059954   -0.0000199022   -0.0000338652    0.0000050026
   -0.0000040416   -0.0000097215   -0.0000154264    0.0000370640
   -0.0001147495    0.0000253590   -0.0000691061    0.0002703163
   -0.0002987853    0.0001039091    0.0006671921    0.0005426720
    0.0007602735    0.0009253332   -0.0009733725    0.0608069849
    0.0435469959    0.0268167364    0.0012714582    0.0010854214
   -0.0012131915
    0.0000417243    0.0000935636    0.0000275418    0.0000161470
   -0.0000702464   -0.0000060726   -0.0000171346   -0.0000358422
    0.0000167711   -0.0000947035    0.0001307422    0.0000278116
    0.0003052643   -0.0003681385   -0.0003622652    0.0000344435
   -0.0000933942    0.0000265764   -0.0000632877    0.0001002222
   -0.0000046871   -0.0039716304    0.0037709498   -0.0024596438
    0.0002063830   -0.0000639805    0.0007197986   -0.0002364480
    0.0043655222   -0.0036441268   -0.0029088714   -0.0047533279
   -0.0038882130   -0.0397443626   -0.1696750917   -0.1268019888
    0.0005998541   -0.0076657638   -0.0087410124   -0.0000289964
   -0.0000009116   -0.0000033404   -0.0000319464   -0.0000180346
   -0.0000027589   -0.0000216693   -0.0000324139   -0.0000015451
    0.0000039672    0.0000018754   -0.0000114024    0.0000813758
   -0.0000946660    0.0000022200    0.0002682991   -0.0006115832
    0.0005210209   -0.0000963372   -0.0002703201   -0.0001207666
    0.0003506262   -0.0009564024    0.0020196796    0.0435459241
    0.1770842804    0.1412117824    0.0017613790   -0.0008370390
    0.0014746207
    0.0000398738    0.0000581814   -0.0000051357    0.0000760063
   -0.0001066074   -0.0000036824   -0.0000667375    0.0000352263
    0.0000145292   -0.0000159679    0.0001016579   -0.0000299643
   -0.0001512393   -0.0001108539   -0.0000234276    0.0000826708
   -0.0003712414   -0.0000430579   -0.0000612386    0.0002758294
    0.0000214563    0.0020844846   -0.0025864611    0.0041811718
    0.0000416215    0.0007915096   -0.0000435979    0.0045651102
   -0.0032765781    0.0019239031   -0.0075146086   -0.0130053936
   -0.0095432045   -0.0234960427   -0.1272421551   -0.1542851560
    0.0002584506    0.0006536842    0.0008346732   -0.0000159573
    0.0000022113   -0.0000004794    0.0000023566    0.0000096842
   -0.0000007837   -0.0000100036    0.0000346030    0.0000024425
   -0.0000614993    0.0000348006   -0.0000011775    0.0000305362
   -0.0000878815   -0.0000420087   -0.0002989252    0.0004942074
   -0.0005380880   -0.0001856959   -0.0005504475   -0.0005284236
   -0.0015946301    0.0016669483   -0.0004031205    0.0268259343
    0.1412307798    0.1593578876   -0.0005344989    0.0019482960
   -0.0008447558
   -0.0000204433   -0.0000787961    0.0001087196   -0.0000096451
    0.0000637334   -0.0000183616    0.0000299148    0.0000109419
    0.0000802658    0.0002105662    0.0001420426   -0.0000385752
   -0.0002705758    0.0002620357   -0.0011731735    0.0001434396
    0.0001442562    0.0002521444   -0.0007932352    0.0000666699
   -0.0012140856    0.0054338440   -0.0006112010   -0.0043229546
    0.0011771053   -0.0025847397    0.0007869526    0.0002166078
   -0.0000219670   -0.0005887687   -0.0019020296   -0.0048429509
    0.0002444669   -0.0141390636    0.0103728105    0.0188781171
   -0.1647375531    0.0349642571    0.1169232750    0.0000034576
    0.0000028560   -0.0000015283   -0.0000043981   -0.0000065272
   -0.0000163734    0.0000101129    0.0000034842    0.0000102244
   -0.0000084579   -0.0000097147   -0.0000276111   -0.0010534789
    0.0001946754   -0.0007592677    0.0001646235   -0.0000968441
   -0.0001929866   -0.0001531520    0.0003498788   -0.0002246907
   -0.0006940398    0.0003413460    0.0006939342    0.0012619557
    0.0017643834   -0.0005370744    0.1751344452   -0.0404306303
   -0.1288626486
    0.0000614714    0.0000445069   -0.0001193742   -0.0000023918
   -0.0001060615    0.0000195327    0.0000274395    0.0000079383
   -0.0001020413   -0.0001712696   -0.0000685759    0.0000047303
    0.0018997458   -0.0003975364    0.0018832668    0.0002294052
    0.0000772724   -0.0001010430   -0.0000353119    0.0001519544
    0.0005443378    0.0162799852   -0.0029394260   -0.0120979718
   -0.0034462264    0.0009272904   -0.0053439792   -0.0000467642
   -0.0004370876    0.0004851871   -0.0037757370    0.0028304741
   -0.0035944468   -0.0075900654    0.0051633676    0.0101485938
    0.0345042597   -0.0614193505   -0.0553644411   -0.0000038598
    0.0000163041   -0.0000069785   -0.0000252843   -0.0000050287
    0.0000225241   -0.0000207598   -0.0000131820   -0.0000084957
   -0.0000371081    0.0000260872    0.0000364247    0.0008574256
    0.0001280450    0.0002492274    0.0006650183   -0.0003381403
   -0.0005216940    0.0003535828   -0.0005586033    0.0005637399
   -0.0004017700    0.0001613655    0.0002982024    0.0010866221
   -0.0008514185    0.0019324249   -0.0404084072    0.0575998046
    0.0610722737
    0.0000684065    0.0003386154    0.0001219550    0.0000985475
   -0.0001841023   -0.0000064926   -0.0000402952    0.0001464799
    0.0000850955    0.0002868846    0.0001402752    0.0000605573
   -0.0004432828    0.0026613405   -0.0002140538   -0.0002809637
   -0.0019473229   -0.0002233179    0.0003885800    0.0013630656
    0.0000029901    0.0145808945   -0.0009642599   -0.0094047324
   -0.0003555141   -0.0055058233    0.0017563351   -0.0006989374
    0.0003807222   -0.0001083010    0.0010023511   -0.0029678362
    0.0040152444   -0.0017244379    0.0001778674    0.0009766594
    0.1186276858   -0.0566634673   -0.1583799577   -0.0000363799
   -0.0000004415   -0.0000202183   -0.0000176071    0.0000108763
   -0.0000180955   -0.0000093547    0.0000167695   -0.0000054816
   -0.0000419358    0.0000539231   -0.0000328528   -0.0017789494
    0.0000621841   -0.0017468768    0.0006066587   -0.0001460890
   -0.0005360064   -0.0001742866    0.0005272186   -0.0005740814
   -0.0000410927   -0.0000387642    0.0000101804   -0.0011998304
    0.0014588578   -0.0008614132   -0.1288171411    0.0610799111
    0.1651028643
