 Fermi distribution function

Calculation with static geometry


********************************************************************************
 iSCC Total electronic   Diff electronic      SCC error    
   17   -0.10438044E+03   -0.72617468E-10    0.53774559E-05
********************************************************************************

 Total charge:     0.00000000

 Atomic gross charges (e)
 Atom           Charge
    1       0.00086438
    2      -0.05238144
    3       0.01222983
    4       0.01643931
    5      -0.03204856
    6       0.01729240
    7       0.04838055
    8       0.01831117
    9       0.00232145
   10       0.00509640
   11       0.04916776
   12      -0.04208462
   13      -0.02119305
   14      -0.00411924
   15       0.02232097
   16      -0.03588997
   17       0.01916551
   18       0.01243393
   19       0.01331284
   20       0.01912016
   21       0.02238224
   22      -0.00269327
   23      -0.03216655
   24      -0.00559141
   25      -0.01635474
   26      -0.03419707
   27      -0.04116078
   28      -0.02203048
   29       0.00430126
   30      -0.01299162
   31      -0.04442076
   32      -0.01494269
   33       0.00273743
   34       0.03954099
   35      -0.03161866
   36      -0.00938204
   37       0.01927173
   38       0.00338306
   39      -0.01708438
   40      -0.03087603
   41       0.02948210
   42      -0.00448127
   43       0.00935150
   44      -0.00255857
   45       0.01674958
   46       0.04991829
   47       0.00047518
   48      -0.00031663
   49      -0.02751596
   50       0.03840810
   51       0.01394498
   52      -0.03075142
   53      -0.01394549
   54       0.01628397
   55      -0.02267040
   56       0.02244014
   57       0.02581200
   58       0.00927654
   59       0.00710690
   60       0.02120486
   61      -0.00206963
   62      -0.00099077

Nr. of electrons (up):    242.00000000
Atom populations (up)
 Atom       Population
    1       3.99913562
    2       4.05238144
    3       3.98777017
    4       3.98356069
    5       4.03204856
    6       3.98270760
    7       3.95161945
    8       3.98168883
    9       3.99767855
   10       3.99490360
   11       3.95083224
   12       4.04208462
   13       4.02119305
   14       4.00411924
   15       3.97767903
   16       4.03588997
   17       3.98083449
   18       3.98756607
   19       3.98668716
   20       3.98087984
   21       3.97761776
   22       4.00269327
   23       4.03216655
   24       4.00559141
   25       4.01635474
   26       4.03419707
   27       4.04116078
   28       4.02203048
   29       3.99569874
   30       4.01299162
   31       4.04442076
   32       4.01494269
   33       3.99726257
   34       3.96045901
   35       4.03161866
   36       4.00938204
   37       3.98072827
   38       3.99661694
   39       4.01708438
   40       4.03087603
   41       3.97051790
   42       4.00448127
   43       3.99064850
   44       4.00255857
   45       3.98325042
   46       3.95008171
   47       3.99952482
   48       4.00031663
   49       4.02751596
   50       3.96159190
   51       3.98605502
   52       4.03075142
   53       4.01394549
   54       3.98371603
   55       4.02267040
   56       3.97755986
   57       3.97418800
   58       3.99072346
   59       3.99289310
   60       3.97879514
   61       1.00206963
   62       1.00099077

l-shell populations (up)
 Atom Sh.   l       Population
    1   1   0       1.20446951
    1   2   1       2.79466611
    2   1   0       1.23412193
    2   2   1       2.81825951
    3   1   0       1.19432524
    3   2   1       2.79344493
    4   1   0       1.19532239
    4   2   1       2.78823830
    5   1   0       1.20902933
    5   2   1       2.82301923
    6   1   0       1.20583027
    6   2   1       2.77687732
    7   1   0       1.19196275
    7   2   1       2.75965669
    8   1   0       1.18757864
    8   2   1       2.79411018
    9   1   0       1.20335931
    9   2   1       2.79431925
   10   1   0       1.20333528
   10   2   1       2.79156832
   11   1   0       1.17817063
   11   2   1       2.77266161
   12   1   0       1.22601675
   12   2   1       2.81606787
   13   1   0       1.21562258
   13   2   1       2.80557047
   14   1   0       1.18956470
   14   2   1       2.81455454
   15   1   0       1.19552607
   15   2   1       2.78215296
   16   1   0       1.23530472
   16   2   1       2.80058525
   17   1   0       1.20140543
   17   2   1       2.77942906
   18   1   0       1.21478634
   18   2   1       2.77277974
   19   1   0       1.16323210
   19   2   1       2.82345506
   20   1   0       1.16332566
   20   2   1       2.81755419
   21   1   0       1.20711523
   21   2   1       2.77050252
   22   1   0       1.18337863
   22   2   1       2.81931463
   23   1   0       1.20939078
   23   2   1       2.82277577
   24   1   0       1.21415039
   24   2   1       2.79144102
   25   1   0       1.23887665
   25   2   1       2.77747808
   26   1   0       1.24685924
   26   2   1       2.78733782
   27   1   0       1.20515452
   27   2   1       2.83600626
   28   1   0       1.21959441
   28   2   1       2.80243607
   29   1   0       1.20329895
   29   2   1       2.79239980
   30   1   0       1.20775464
   30   2   1       2.80523698
   31   1   0       1.23795970
   31   2   1       2.80646106
   32   1   0       1.19079318
   32   2   1       2.82414952
   33   1   0       1.18838587
   33   2   1       2.80887670
   34   1   0       1.20183589
   34   2   1       2.75862313
   35   1   0       1.18349419
   35   2   1       2.84812447
   36   1   0       1.22796895
   36   2   1       2.78141309
   37   1   0       1.21317532
   37   2   1       2.76755295
   38   1   0       1.21329531
   38   2   1       2.78332164
   39   1   0       1.23199251
   39   2   1       2.78509187
   40   1   0       1.22726937
   40   2   1       2.80360666
   41   1   0       1.20078620
   41   2   1       2.76973170
   42   1   0       1.20836659
   42   2   1       2.79611467
   43   1   0       1.19780913
   43   2   1       2.79283938
   44   1   0       1.21317882
   44   2   1       2.78937975
   45   1   0       1.21513615
   45   2   1       2.76811427
   46   1   0       1.17033327
   46   2   1       2.77974844
   47   1   0       1.21036247
   47   2   1       2.78916236
   48   1   0       1.20034056
   48   2   1       2.79997606
   49   1   0       1.21966922
   49   2   1       2.80784673
   50   1   0       1.19810623
   50   2   1       2.76348567
   51   1   0       1.18947746
   51   2   1       2.79657757
   52   1   0       1.20490808
   52   2   1       2.82584334
   53   1   0       1.19528031
   53   2   1       2.81866519
   54   1   0       1.19819284
   54   2   1       2.78552320
   55   1   0       1.21918113
   55   2   1       2.80348927
   56   1   0       1.17395001
   56   2   1       2.80360986
   57   1   0       1.20728450
   57   2   1       2.76690349
   58   1   0       1.19946280
   58   2   1       2.79126066
   59   1   0       1.18637031
   59   2   1       2.80652279
   60   1   0       1.18762396
   60   2   1       2.79117118
   61   1   0       1.00206963
   62   1   0       1.00099077

Orbital populations (up)
 Atom Sh.   l   m       Population  Label
    1   1   0   0       1.20446951  s
    1   2   1  -1       0.99366268  p_y
    1   2   1   0       0.89882688  p_z
    1   2   1   1       0.90217655  p_x
    2   1   0   0       1.23412193  s
    2   2   1  -1       1.01828752  p_y
    2   2   1   0       0.89028744  p_z
    2   2   1   1       0.90968455  p_x
    3   1   0   0       1.19432524  s
    3   2   1  -1       0.99682396  p_y
    3   2   1   0       0.89391639  p_z
    3   2   1   1       0.90270458  p_x
    4   1   0   0       1.19532239  s
    4   2   1  -1       0.97681845  p_y
    4   2   1   0       0.89452509  p_z
    4   2   1   1       0.91689477  p_x
    5   1   0   0       1.20902933  s
    5   2   1  -1       0.89880915  p_y
    5   2   1   0       0.91032892  p_z
    5   2   1   1       1.01388116  p_x
    6   1   0   0       1.20583027  s
    6   2   1  -1       0.89053778  p_y
    6   2   1   0       0.89581413  p_z
    6   2   1   1       0.99052541  p_x
    7   1   0   0       1.19196275  s
    7   2   1  -1       0.89631079  p_y
    7   2   1   0       0.89768558  p_z
    7   2   1   1       0.96566032  p_x
    8   1   0   0       1.18757864  s
    8   2   1  -1       0.90138156  p_y
    8   2   1   0       0.90595359  p_z
    8   2   1   1       0.98677504  p_x
    9   1   0   0       1.20335931  s
    9   2   1  -1       0.90724350  p_y
    9   2   1   0       0.98750567  p_z
    9   2   1   1       0.89957008  p_x
   10   1   0   0       1.20333528  s
   10   2   1  -1       0.90860642  p_y
   10   2   1   0       0.97773438  p_z
   10   2   1   1       0.90522751  p_x
   11   1   0   0       1.17817063  s
   11   2   1  -1       0.91164583  p_y
   11   2   1   0       0.96515577  p_z
   11   2   1   1       0.89586000  p_x
   12   1   0   0       1.22601675  s
   12   2   1  -1       0.90340137  p_y
   12   2   1   0       1.02379773  p_z
   12   2   1   1       0.88886876  p_x
   13   1   0   0       1.21562258  s
   13   2   1  -1       0.99940782  p_y
   13   2   1   0       0.92275258  p_z
   13   2   1   1       0.88341007  p_x
   14   1   0   0       1.18956470  s
   14   2   1  -1       0.99394913  p_y
   14   2   1   0       0.92068683  p_z
   14   2   1   1       0.89991858  p_x
   15   1   0   0       1.19552607  s
   15   2   1  -1       0.97406939  p_y
   15   2   1   0       0.92725374  p_z
   15   2   1   1       0.88082983  p_x
   16   1   0   0       1.23530472  s
   16   2   1  -1       1.00368632  p_y
   16   2   1   0       0.90746814  p_z
   16   2   1   1       0.88943079  p_x
   17   1   0   0       1.20140543  s
   17   2   1  -1       0.96072386  p_y
   17   2   1   0       0.93180038  p_z
   17   2   1   1       0.88690482  p_x
   18   1   0   0       1.21478634  s
   18   2   1  -1       0.97760963  p_y
   18   2   1   0       0.89949101  p_z
   18   2   1   1       0.89567910  p_x
   19   1   0   0       1.16323210  s
   19   2   1  -1       0.99688662  p_y
   19   2   1   0       0.93683858  p_z
   19   2   1   1       0.88972987  p_x
   20   1   0   0       1.16332566  s
   20   2   1  -1       0.98353703  p_y
   20   2   1   0       0.93256791  p_z
   20   2   1   1       0.90144925  p_x
   21   1   0   0       1.20711523  s
   21   2   1  -1       0.91746845  p_y
   21   2   1   0       0.88253408  p_z
   21   2   1   1       0.97049999  p_x
   22   1   0   0       1.18337863  s
   22   2   1  -1       0.93096967  p_y
   22   2   1   0       0.89469353  p_z
   22   2   1   1       0.99365143  p_x
   23   1   0   0       1.20939078  s
   23   2   1  -1       0.90507972  p_y
   23   2   1   0       0.90505124  p_z
   23   2   1   1       1.01264480  p_x
   24   1   0   0       1.21415039  s
   24   2   1  -1       0.91827025  p_y
   24   2   1   0       0.89243265  p_z
   24   2   1   1       0.98073812  p_x
   25   1   0   0       1.23887665  s
   25   2   1  -1       0.91246005  p_y
   25   2   1   0       0.89256050  p_z
   25   2   1   1       0.97245753  p_x
   26   1   0   0       1.24685924  s
   26   2   1  -1       0.92102878  p_y
   26   2   1   0       0.87413317  p_z
   26   2   1   1       0.99217587  p_x
   27   1   0   0       1.20515452  s
   27   2   1  -1       0.91948873  p_y
   27   2   1   0       0.90559719  p_z
   27   2   1   1       1.01092034  p_x
   28   1   0   0       1.21959441  s
   28   2   1  -1       0.92348298  p_y
   28   2   1   0       0.89842245  p_z
   28   2   1   1       0.98053064  p_x
   29   1   0   0       1.20329895  s
   29   2   1  -1       0.89835531  p_y
   29   2   1   0       0.98040702  p_z
   29   2   1   1       0.91363747  p_x
   30   1   0   0       1.20775464  s
   30   2   1  -1       0.89372776  p_y
   30   2   1   0       0.98600998  p_z
   30   2   1   1       0.92549923  p_x
   31   1   0   0       1.23795970  s
   31   2   1  -1       0.89451382  p_y
   31   2   1   0       0.98135736  p_z
   31   2   1   1       0.93058988  p_x
   32   1   0   0       1.19079318  s
   32   2   1  -1       0.89448095  p_y
   32   2   1   0       0.99115717  p_z
   32   2   1   1       0.93851140  p_x
   33   1   0   0       1.18838587  s
   33   2   1  -1       0.89674315  p_y
   33   2   1   0       0.98157131  p_z
   33   2   1   1       0.93056224  p_x
   34   1   0   0       1.20183589  s
   34   2   1  -1       0.87960910  p_y
   34   2   1   0       0.97230862  p_z
   34   2   1   1       0.90670541  p_x
   35   1   0   0       1.18349419  s
   35   2   1  -1       0.90603981  p_y
   35   2   1   0       1.00401262  p_z
   35   2   1   1       0.93807203  p_x
   36   1   0   0       1.22796895  s
   36   2   1  -1       0.88075441  p_y
   36   2   1   0       0.96787610  p_z
   36   2   1   1       0.93278259  p_x
   37   1   0   0       1.21317532  s
   37   2   1  -1       0.93090915  p_y
   37   2   1   0       0.90091402  p_z
   37   2   1   1       0.93572978  p_x
   38   1   0   0       1.21329531  s
   38   2   1  -1       0.95171954  p_y
   38   2   1   0       0.89441712  p_z
   38   2   1   1       0.93718497  p_x
   39   1   0   0       1.23199251  s
   39   2   1  -1       0.95188288  p_y
   39   2   1   0       0.89423984  p_z
   39   2   1   1       0.93896915  p_x
   40   1   0   0       1.22726937  s
   40   2   1  -1       0.94776441  p_y
   40   2   1   0       0.89554079  p_z
   40   2   1   1       0.96030147  p_x
   41   1   0   0       1.20078620  s
   41   2   1  -1       0.93422564  p_y
   41   2   1   0       0.89285709  p_z
   41   2   1   1       0.94264897  p_x
   42   1   0   0       1.20836659  s
   42   2   1  -1       0.95799150  p_y
   42   2   1   0       0.89559185  p_z
   42   2   1   1       0.94253132  p_x
   43   1   0   0       1.19780913  s
   43   2   1  -1       0.95645319  p_y
   43   2   1   0       0.89569568  p_z
   43   2   1   1       0.94069050  p_x
   44   1   0   0       1.21317882  s
   44   2   1  -1       0.93692047  p_y
   44   2   1   0       0.89524747  p_z
   44   2   1   1       0.95721181  p_x
   45   1   0   0       1.21513615  s
   45   2   1  -1       0.90346612  p_y
   45   2   1   0       0.94223456  p_z
   45   2   1   1       0.92241359  p_x
   46   1   0   0       1.17033327  s
   46   2   1  -1       0.89645693  p_y
   46   2   1   0       0.95086291  p_z
   46   2   1   1       0.93242859  p_x
   47   1   0   0       1.21036247  s
   47   2   1  -1       0.90615393  p_y
   47   2   1   0       0.95005587  p_z
   47   2   1   1       0.93295255  p_x
   48   1   0   0       1.20034056  s
   48   2   1  -1       0.89567345  p_y
   48   2   1   0       0.94894131  p_z
   48   2   1   1       0.95536130  p_x
   49   1   0   0       1.21966922  s
   49   2   1  -1       0.89773797  p_y
   49   2   1   0       0.97058238  p_z
   49   2   1   1       0.93952638  p_x
   50   1   0   0       1.19810623  s
   50   2   1  -1       0.89871631  p_y
   50   2   1   0       0.93488742  p_z
   50   2   1   1       0.92988194  p_x
   51   1   0   0       1.18947746  s
   51   2   1  -1       0.90522457  p_y
   51   2   1   0       0.95076638  p_z
   51   2   1   1       0.94058662  p_x
   52   1   0   0       1.20490808  s
   52   2   1  -1       0.91375413  p_y
   52   2   1   0       0.94595499  p_z
   52   2   1   1       0.96613422  p_x
   53   1   0   0       1.19528031  s
   53   2   1  -1       0.96000858  p_y
   53   2   1   0       0.94606631  p_z
   53   2   1   1       0.91259029  p_x
   54   1   0   0       1.19819284  s
   54   2   1  -1       0.94217663  p_y
   54   2   1   0       0.94608644  p_z
   54   2   1   1       0.89726012  p_x
   55   1   0   0       1.21918113  s
   55   2   1  -1       0.94478660  p_y
   55   2   1   0       0.95514962  p_z
   55   2   1   1       0.90355305  p_x
   56   1   0   0       1.17395001  s
   56   2   1  -1       0.94733735  p_y
   56   2   1   0       0.94828372  p_z
   56   2   1   1       0.90798879  p_x
   57   1   0   0       1.20728450  s
   57   2   1  -1       0.93030470  p_y
   57   2   1   0       0.94420290  p_z
   57   2   1   1       0.89239589  p_x
   58   1   0   0       1.19946280  s
   58   2   1  -1       0.95594127  p_y
   58   2   1   0       0.94263690  p_z
   58   2   1   1       0.89268249  p_x
   59   1   0   0       1.18637031  s
   59   2   1  -1       0.93898064  p_y
   59   2   1   0       0.96702447  p_z
   59   2   1   1       0.90051768  p_x
   60   1   0   0       1.18762396  s
   60   2   1  -1       0.92236239  p_y
   60   2   1   0       0.96865579  p_z
   60   2   1   1       0.90015300  p_x
   61   1   0   0       1.00206963  s
   62   1   0   0       1.00099077  s

Fermi level:                        -0.1759218063 H           -4.7871 eV
Band energy:                      -104.4839906373 H        -2843.1540 eV
TS:                                  0.0000000001 H            0.0000 eV
Band free energy (E-TS):          -104.4839906374 H        -2843.1540 eV
Extrapolated E(0K):               -104.4839906373 H        -2843.1540 eV
Input / Output electrons (q):    241.9999999998    241.9999999998

Energy H0:                        -104.3812098295 H        -2840.3572 eV
Energy SCC:                          0.0007733007 H            0.0210 eV
Total Electronic energy:          -104.3804365289 H        -2840.3362 eV
Repulsive energy:                    1.6505434850 H           44.9136 eV
Total energy:                     -102.7298930439 H        -2795.4226 eV
Extrapolated to 0:                -102.7298930439 H        -2795.4226 eV
Total Mermin free energy:         -102.7298930439 H        -2795.4226 eV
Force related energy:             -102.7298930439 H        -2795.4226 eV

SCC converged

Total Forces
    1      0.009741914988     -0.000405217844      0.114711100926
    2      0.004087158419      0.011015254028     -0.020533722617
    3      0.039869669754     -0.003141375142     -0.123278904600
    4      0.040467232921     -0.042208411865      0.091997651133
    5     -0.009146023750      0.053680303272     -0.015517335764
    6     -0.013048485192      0.075592552330     -0.049210528614
    7      0.025083460462     -0.018852613293      0.019500961473
    8      0.006813882225     -0.027072346570      0.042875533783
    9      0.039846436019     -0.030796116687     -0.014136461599
   10     -0.031943107026      0.012631709760     -0.003801240550
   11     -0.103518920428     -0.011454670373     -0.051360598349
   12     -0.012056680832     -0.020345432977      0.019330895271
   13      0.023455640184      0.019432024215     -0.103450377969
   14     -0.008245715795      0.042833448735     -0.084775858168
   15     -0.008220696641     -0.020270821561     -0.022894713625
   16     -0.017324485842     -0.000627199050      0.037958225443
   17      0.003172732752     -0.035380400067     -0.056529700767
   18     -0.048405096030     -0.020324458062      0.022026132794
   19     -0.003883580791     -0.067390605078      0.061328082364
   20     -0.033414612837      0.005870233627     -0.045922789741
   21      0.006568848591      0.000244842684      0.017722097139
   22     -0.020536080520     -0.028147785526     -0.020940609589
   23      0.001423547012      0.021986934924     -0.009896001556
   24      0.008689879139     -0.030009547397      0.027630768827
   25     -0.005466720023     -0.019891722188     -0.020461096477
   26      0.032852355259      0.002439889291      0.013849081848
   27     -0.014389051246     -0.048311169520      0.046064271676
   28      0.043396328800     -0.034777771896     -0.020584767342
   29      0.002719318921      0.031803921275     -0.002855253965
   30     -0.001933716602     -0.011824202192      0.022793817860
   31     -0.005102030491      0.013144077650     -0.008017321275
   32      0.055921813039      0.015625626230      0.014193220800
   33     -0.013363243441      0.058465873393      0.020014798508
   34      0.004805015222      0.006106809563     -0.001252274042
   35     -0.067070960642     -0.086579198745     -0.021810220019
   36     -0.027522802853      0.029075369818      0.012521027195
   37     -0.083552027971      0.040000706841      0.047564569109
   38      0.029257415586      0.018742180518      0.009551680647
   39      0.002911998179      0.001153761749      0.001424778380
   40     -0.020160236323      0.056480491928      0.022469902826
   41     -0.015863242713      0.012637526033     -0.023130276012
   42     -0.024904380461     -0.001138938739     -0.014586705676
   43     -0.001523177973      0.030645957003     -0.043543650025
   44     -0.012044144910     -0.002741289462      0.024265403701
   45      0.031287829516     -0.037848025964     -0.040023819100
   46      0.099734180021      0.074568572447      0.035752037912
   47     -0.012258188440      0.021443088598      0.052371718804
   48     -0.023871884918     -0.045058701478     -0.035531690640
   49     -0.017466821853      0.020073002789     -0.016665693190
   50      0.003212169796     -0.053742120584      0.009197420545
   51      0.028073291722     -0.015151738682      0.046180689564
   52     -0.012890127054      0.020469408493     -0.024264599236
   53      0.044825562687     -0.014092435198     -0.004530489169
   54     -0.003535386587      0.105442463789     -0.131032420802
   55      0.030691945801      0.009831082833      0.028263303842
   56      0.033369523539     -0.062022895067     -0.014146013780
   57     -0.011954971046     -0.006967543998     -0.001808288463
   58      0.030743453919      0.066582901629      0.062067578506
   59      0.022887768401     -0.042906543441      0.052960651271
   60     -0.021143421316     -0.038735197178      0.069681376366
   61      0.036449017754      0.001007293991      0.019134493618
   62     -0.036599368082     -0.000810813612     -0.018909849411

Maximal derivative component:        0.131032E+00 au

Dipole moment:   -0.05032101   -0.07006531   -0.00598428 au
Dipole moment:   -0.12790326   -0.17808827   -0.01521052 Debye


