 Fermi distribution function

Calculation with static geometry


********************************************************************************
 iSCC Total electronic   Diff electronic      SCC error    
   17   -0.10432347E+03   -0.23916868E-09    0.48383424E-05
********************************************************************************

 Total charge:     0.00000000

 Atomic gross charges (e)
 Atom           Charge
    1       0.00566150
    2       0.02643223
    3       0.01056196
    4      -0.00792915
    5       0.03226679
    6      -0.01805444
    7      -0.03352695
    8       0.01189365
    9       0.02874573
   10      -0.02626879
   11      -0.03533948
   12       0.05050191
   13      -0.03409500
   14       0.02985698
   15      -0.01500722
   16       0.00886697
   17      -0.03916637
   18      -0.01930816
   19       0.02205930
   20      -0.00161520
   21      -0.02330091
   22      -0.00531348
   23       0.01121728
   24       0.01840330
   25       0.03002381
   26       0.03873553
   27      -0.00615958
   28      -0.01885124
   29       0.00159636
   30       0.00826465
   31      -0.04117025
   32       0.02060668
   33       0.02930910
   34      -0.01046932
   35       0.01268324
   36      -0.07304491
   37      -0.01292667
   38      -0.04550763
   39       0.00401935
   40       0.01300768
   41      -0.00152602
   42       0.03970962
   43      -0.02378737
   44      -0.00582681
   45       0.03782309
   46       0.01572520
   47      -0.01556996
   48      -0.04406902
   49      -0.00895062
   50       0.00177820
   51       0.01301308
   52       0.01555627
   53       0.03675071
   54      -0.01771880
   55       0.02525408
   56       0.00236958
   57      -0.03380295
   58       0.01641278
   59      -0.03262350
   60       0.03396913
   61      -0.00081888
   62      -0.00132707

Nr. of electrons (up):    242.00000000
Atom populations (up)
 Atom       Population
    1       3.99433850
    2       3.97356777
    3       3.98943804
    4       4.00792915
    5       3.96773321
    6       4.01805444
    7       4.03352695
    8       3.98810635
    9       3.97125427
   10       4.02626879
   11       4.03533948
   12       3.94949809
   13       4.03409500
   14       3.97014302
   15       4.01500722
   16       3.99113303
   17       4.03916637
   18       4.01930816
   19       3.97794070
   20       4.00161520
   21       4.02330091
   22       4.00531348
   23       3.98878272
   24       3.98159670
   25       3.96997619
   26       3.96126447
   27       4.00615958
   28       4.01885124
   29       3.99840364
   30       3.99173535
   31       4.04117025
   32       3.97939332
   33       3.97069090
   34       4.01046932
   35       3.98731676
   36       4.07304491
   37       4.01292667
   38       4.04550763
   39       3.99598065
   40       3.98699232
   41       4.00152602
   42       3.96029038
   43       4.02378737
   44       4.00582681
   45       3.96217691
   46       3.98427480
   47       4.01556996
   48       4.04406902
   49       4.00895062
   50       3.99822180
   51       3.98698692
   52       3.98444373
   53       3.96324929
   54       4.01771880
   55       3.97474592
   56       3.99763042
   57       4.03380295
   58       3.98358722
   59       4.03262350
   60       3.96603087
   61       1.00081888
   62       1.00132707

l-shell populations (up)
 Atom Sh.   l       Population
    1   1   0       1.20450082
    1   2   1       2.78983768
    2   1   0       1.19249705
    2   2   1       2.78107073
    3   1   0       1.19311143
    3   2   1       2.79632661
    4   1   0       1.19778972
    4   2   1       2.81013943
    5   1   0       1.19520261
    5   2   1       2.77253060
    6   1   0       1.19720376
    6   2   1       2.82085067
    7   1   0       1.21852878
    7   2   1       2.81499817
    8   1   0       1.19321474
    8   2   1       2.79489161
    9   1   0       1.19804654
    9   2   1       2.77320773
   10   1   0       1.21497420
   10   2   1       2.81129460
   11   1   0       1.20599725
   11   2   1       2.82934223
   12   1   0       1.19795323
   12   2   1       2.75154485
   13   1   0       1.23586043
   13   2   1       2.79823457
   14   1   0       1.20108816
   14   2   1       2.76905486
   15   1   0       1.19417968
   15   2   1       2.82082754
   16   1   0       1.21470430
   16   2   1       2.77642873
   17   1   0       1.23352257
   17   2   1       2.80564379
   18   1   0       1.21843772
   18   2   1       2.80087044
   19   1   0       1.19475295
   19   2   1       2.78318775
   20   1   0       1.22145967
   20   2   1       2.78015553
   21   1   0       1.21420911
   21   2   1       2.80909180
   22   1   0       1.22281230
   22   2   1       2.78250117
   23   1   0       1.19440205
   23   2   1       2.79438067
   24   1   0       1.18930775
   24   2   1       2.79228895
   25   1   0       1.19532628
   25   2   1       2.77464991
   26   1   0       1.16570684
   26   2   1       2.79555763
   27   1   0       1.23670195
   27   2   1       2.76945763
   28   1   0       1.20233511
   28   2   1       2.81651613
   29   1   0       1.18721044
   29   2   1       2.81119320
   30   1   0       1.22146249
   30   2   1       2.77027286
   31   1   0       1.22566194
   31   2   1       2.81550831
   32   1   0       1.20905528
   32   2   1       2.77033805
   33   1   0       1.20914719
   33   2   1       2.76154371
   34   1   0       1.18936228
   34   2   1       2.82110704
   35   1   0       1.21259742
   35   2   1       2.77471934
   36   1   0       1.23730294
   36   2   1       2.83574197
   37   1   0       1.22735774
   37   2   1       2.78556893
   38   1   0       1.22459421
   38   2   1       2.82091343
   39   1   0       1.20254749
   39   2   1       2.79343316
   40   1   0       1.19628967
   40   2   1       2.79070265
   41   1   0       1.18851886
   41   2   1       2.81300717
   42   1   0       1.18802618
   42   2   1       2.77226420
   43   1   0       1.21196351
   43   2   1       2.81182386
   44   1   0       1.23234916
   44   2   1       2.77347764
   45   1   0       1.19739907
   45   2   1       2.76477784
   46   1   0       1.17816068
   46   2   1       2.80611412
   47   1   0       1.18888563
   47   2   1       2.82668433
   48   1   0       1.22452080
   48   2   1       2.81954822
   49   1   0       1.18646924
   49   2   1       2.82248138
   50   1   0       1.21449817
   50   2   1       2.78372362
   51   1   0       1.20900547
   51   2   1       2.77798144
   52   1   0       1.21058123
   52   2   1       2.77386250
   53   1   0       1.19976196
   53   2   1       2.76348733
   54   1   0       1.20371839
   54   2   1       2.81400042
   55   1   0       1.20345059
   55   2   1       2.77129533
   56   1   0       1.18631574
   56   2   1       2.81131468
   57   1   0       1.21342389
   57   2   1       2.82037906
   58   1   0       1.21811928
   58   2   1       2.76546793
   59   1   0       1.22783844
   59   2   1       2.80478506
   60   1   0       1.19327191
   60   2   1       2.77275896
   61   1   0       1.00081888
   62   1   0       1.00132707

Orbital populations (up)
 Atom Sh.   l   m       Population  Label
    1   1   0   0       1.20450082  s
    1   2   1  -1       0.97788518  p_y
    1   2   1   0       0.89623234  p_z
    1   2   1   1       0.91572016  p_x
    2   1   0   0       1.19249705  s
    2   2   1  -1       0.97885417  p_y
    2   2   1   0       0.89022347  p_z
    2   2   1   1       0.91199309  p_x
    3   1   0   0       1.19311143  s
    3   2   1  -1       0.98981310  p_y
    3   2   1   0       0.90320483  p_z
    3   2   1   1       0.90330867  p_x
    4   1   0   0       1.19778972  s
    4   2   1  -1       0.99580732  p_y
    4   2   1   0       0.90097612  p_z
    4   2   1   1       0.91335599  p_x
    5   1   0   0       1.19520261  s
    5   2   1  -1       0.90045795  p_y
    5   2   1   0       0.91481798  p_z
    5   2   1   1       0.95725467  p_x
    6   1   0   0       1.19720376  s
    6   2   1  -1       0.89553297  p_y
    6   2   1   0       0.91704930  p_z
    6   2   1   1       1.00826841  p_x
    7   1   0   0       1.21852878  s
    7   2   1  -1       0.89563707  p_y
    7   2   1   0       0.90998338  p_z
    7   2   1   1       1.00937771  p_x
    8   1   0   0       1.19321474  s
    8   2   1  -1       0.89495960  p_y
    8   2   1   0       0.91798119  p_z
    8   2   1   1       0.98195082  p_x
    9   1   0   0       1.19804654  s
    9   2   1  -1       0.90640590  p_y
    9   2   1   0       0.97576059  p_z
    9   2   1   1       0.89104124  p_x
   10   1   0   0       1.21497420  s
   10   2   1  -1       0.91298882  p_y
   10   2   1   0       1.00835400  p_z
   10   2   1   1       0.88995177  p_x
   11   1   0   0       1.20599725  s
   11   2   1  -1       0.92085092  p_y
   11   2   1   0       1.01750422  p_z
   11   2   1   1       0.89098709  p_x
   12   1   0   0       1.19795323  s
   12   2   1  -1       0.90713979  p_y
   12   2   1   0       0.96171083  p_z
   12   2   1   1       0.88269424  p_x
   13   1   0   0       1.23586043  s
   13   2   1  -1       0.99646398  p_y
   13   2   1   0       0.92120832  p_z
   13   2   1   1       0.88056227  p_x
   14   1   0   0       1.20108816  s
   14   2   1  -1       0.98166055  p_y
   14   2   1   0       0.90672835  p_z
   14   2   1   1       0.88066596  p_x
   15   1   0   0       1.19417968  s
   15   2   1  -1       0.98941432  p_y
   15   2   1   0       0.92299912  p_z
   15   2   1   1       0.90841410  p_x
   16   1   0   0       1.21470430  s
   16   2   1  -1       0.96552382  p_y
   16   2   1   0       0.92615246  p_z
   16   2   1   1       0.88475245  p_x
   17   1   0   0       1.23352257  s
   17   2   1  -1       1.00271262  p_y
   17   2   1   0       0.92170600  p_z
   17   2   1   1       0.88122517  p_x
   18   1   0   0       1.21843772  s
   18   2   1  -1       0.97943178  p_y
   18   2   1   0       0.93035143  p_z
   18   2   1   1       0.89108722  p_x
   19   1   0   0       1.19475295  s
   19   2   1  -1       0.96897845  p_y
   19   2   1   0       0.92982886  p_z
   19   2   1   1       0.88438043  p_x
   20   1   0   0       1.22145967  s
   20   2   1  -1       0.97137677  p_y
   20   2   1   0       0.92889994  p_z
   20   2   1   1       0.87987882  p_x
   21   1   0   0       1.21420911  s
   21   2   1  -1       0.92837244  p_y
   21   2   1   0       0.89522346  p_z
   21   2   1   1       0.98549589  p_x
   22   1   0   0       1.22281230  s
   22   2   1  -1       0.91408037  p_y
   22   2   1   0       0.88547739  p_z
   22   2   1   1       0.98294342  p_x
   23   1   0   0       1.19440205  s
   23   2   1  -1       0.92547008  p_y
   23   2   1   0       0.89008991  p_z
   23   2   1   1       0.97882068  p_x
   24   1   0   0       1.18930775  s
   24   2   1  -1       0.91743070  p_y
   24   2   1   0       0.88997341  p_z
   24   2   1   1       0.98488484  p_x
   25   1   0   0       1.19532628  s
   25   2   1  -1       0.92353517  p_y
   25   2   1   0       0.88056515  p_z
   25   2   1   1       0.97054960  p_x
   26   1   0   0       1.16570684  s
   26   2   1  -1       0.91745946  p_y
   26   2   1   0       0.89866018  p_z
   26   2   1   1       0.97943800  p_x
   27   1   0   0       1.23670195  s
   27   2   1  -1       0.92464450  p_y
   27   2   1   0       0.89184659  p_z
   27   2   1   1       0.95296653  p_x
   28   1   0   0       1.20233511  s
   28   2   1  -1       0.90390947  p_y
   28   2   1   0       0.91297141  p_z
   28   2   1   1       0.99963525  p_x
   29   1   0   0       1.18721044  s
   29   2   1  -1       0.89710783  p_y
   29   2   1   0       0.98979560  p_z
   29   2   1   1       0.92428977  p_x
   30   1   0   0       1.22146249  s
   30   2   1  -1       0.87886562  p_y
   30   2   1   0       0.97438567  p_z
   30   2   1   1       0.91702157  p_x
   31   1   0   0       1.22566194  s
   31   2   1  -1       0.89177704  p_y
   31   2   1   0       1.00335765  p_z
   31   2   1   1       0.92037362  p_x
   32   1   0   0       1.20905528  s
   32   2   1  -1       0.89592535  p_y
   32   2   1   0       0.96136095  p_z
   32   2   1   1       0.91305174  p_x
   33   1   0   0       1.20914719  s
   33   2   1  -1       0.89156163  p_y
   33   2   1   0       0.96663627  p_z
   33   2   1   1       0.90334581  p_x
   34   1   0   0       1.18936228  s
   34   2   1  -1       0.90364488  p_y
   34   2   1   0       0.99161821  p_z
   34   2   1   1       0.92584394  p_x
   35   1   0   0       1.21259742  s
   35   2   1  -1       0.89228544  p_y
   35   2   1   0       0.96521699  p_z
   35   2   1   1       0.91721690  p_x
   36   1   0   0       1.23730294  s
   36   2   1  -1       0.89188247  p_y
   36   2   1   0       1.00475533  p_z
   36   2   1   1       0.93910417  p_x
   37   1   0   0       1.22735774  s
   37   2   1  -1       0.94123583  p_y
   37   2   1   0       0.89770599  p_z
   37   2   1   1       0.94662711  p_x
   38   1   0   0       1.22459421  s
   38   2   1  -1       0.95091610  p_y
   38   2   1   0       0.90363372  p_z
   38   2   1   1       0.96636360  p_x
   39   1   0   0       1.20254749  s
   39   2   1  -1       0.94138608  p_y
   39   2   1   0       0.89545506  p_z
   39   2   1   1       0.95659201  p_x
   40   1   0   0       1.19628967  s
   40   2   1  -1       0.94283342  p_y
   40   2   1   0       0.90118214  p_z
   40   2   1   1       0.94668710  p_x
   41   1   0   0       1.18851886  s
   41   2   1  -1       0.95038746  p_y
   41   2   1   0       0.90453498  p_z
   41   2   1   1       0.95808473  p_x
   42   1   0   0       1.18802618  s
   42   2   1  -1       0.94830712  p_y
   42   2   1   0       0.90287557  p_z
   42   2   1   1       0.92108152  p_x
   43   1   0   0       1.21196351  s
   43   2   1  -1       0.96526196  p_y
   43   2   1   0       0.90570044  p_z
   43   2   1   1       0.94086146  p_x
   44   1   0   0       1.23234916  s
   44   2   1  -1       0.93269409  p_y
   44   2   1   0       0.89582957  p_z
   44   2   1   1       0.94495398  p_x
   45   1   0   0       1.19739907  s
   45   2   1  -1       0.89941060  p_y
   45   2   1   0       0.92470730  p_z
   45   2   1   1       0.94065994  p_x
   46   1   0   0       1.17816068  s
   46   2   1  -1       0.91512730  p_y
   46   2   1   0       0.93665440  p_z
   46   2   1   1       0.95433242  p_x
   47   1   0   0       1.18888563  s
   47   2   1  -1       0.91554183  p_y
   47   2   1   0       0.93562999  p_z
   47   2   1   1       0.97551251  p_x
   48   1   0   0       1.22452080  s
   48   2   1  -1       0.89905839  p_y
   48   2   1   0       0.95683549  p_z
   48   2   1   1       0.96365435  p_x
   49   1   0   0       1.18646924  s
   49   2   1  -1       0.91117732  p_y
   49   2   1   0       0.94142975  p_z
   49   2   1   1       0.96987431  p_x
   50   1   0   0       1.21449817  s
   50   2   1  -1       0.89575332  p_y
   50   2   1   0       0.91946830  p_z
   50   2   1   1       0.96850201  p_x
   51   1   0   0       1.20900547  s
   51   2   1  -1       0.89206786  p_y
   51   2   1   0       0.92642453  p_z
   51   2   1   1       0.95948906  p_x
   52   1   0   0       1.21058123  s
   52   2   1  -1       0.89391300  p_y
   52   2   1   0       0.94296984  p_z
   52   2   1   1       0.93697966  p_x
   53   1   0   0       1.19976196  s
   53   2   1  -1       0.94657514  p_y
   53   2   1   0       0.91337533  p_z
   53   2   1   1       0.90353686  p_x
   54   1   0   0       1.20371839  s
   54   2   1  -1       0.94696508  p_y
   54   2   1   0       0.95719260  p_z
   54   2   1   1       0.90984274  p_x
   55   1   0   0       1.20345059  s
   55   2   1  -1       0.93959074  p_y
   55   2   1   0       0.93512232  p_z
   55   2   1   1       0.89658227  p_x
   56   1   0   0       1.18631574  s
   56   2   1  -1       0.93817755  p_y
   56   2   1   0       0.96959464  p_z
   56   2   1   1       0.90354250  p_x
   57   1   0   0       1.21342389  s
   57   2   1  -1       0.96481421  p_y
   57   2   1   0       0.95883707  p_z
   57   2   1   1       0.89672778  p_x
   58   1   0   0       1.21811928  s
   58   2   1  -1       0.93816446  p_y
   58   2   1   0       0.93048787  p_z
   58   2   1   1       0.89681560  p_x
   59   1   0   0       1.22783844  s
   59   2   1  -1       0.95376420  p_y
   59   2   1   0       0.95132611  p_z
   59   2   1   1       0.89969475  p_x
   60   1   0   0       1.19327191  s
   60   2   1  -1       0.93294378  p_y
   60   2   1   0       0.94024716  p_z
   60   2   1   1       0.89956802  p_x
   61   1   0   0       1.00081888  s
   62   1   0   0       1.00132707  s

Fermi level:                        -0.1762878565 H           -4.7970 eV
Band energy:                      -104.4711917811 H        -2842.8058 eV
TS:                                  0.0000000006 H            0.0000 eV
Band free energy (E-TS):          -104.4711917817 H        -2842.8058 eV
Extrapolated E(0K):               -104.4711917814 H        -2842.8058 eV
Input / Output electrons (q):    241.9999999997    241.9999999997

Energy H0:                        -104.3242725325 H        -2838.8079 eV
Energy SCC:                          0.0008021552 H            0.0218 eV
Total Electronic energy:          -104.3234703772 H        -2838.7861 eV
Repulsive energy:                    1.5746221241 H           42.8476 eV
Total energy:                     -102.7488482532 H        -2795.9384 eV
Extrapolated to 0:                -102.7488482535 H        -2795.9384 eV
Total Mermin free energy:         -102.7488482538 H        -2795.9384 eV
Force related energy:             -102.7488482538 H        -2795.9384 eV

SCC converged

Total Forces
    1     -0.011201477998     -0.012478800068      0.095833231444
    2     -0.107857623740     -0.010419556056      0.038864352527
    3      0.037535534184     -0.009863213627     -0.047258263870
    4      0.025035196261      0.006826805944     -0.031393394464
    5      0.014739421874     -0.004284129316     -0.025245097427
    6      0.002710462098      0.010208357713      0.052970117885
    7     -0.035061524237     -0.019149212888      0.005008706037
    8     -0.009817153882     -0.022402468181     -0.025983915781
    9      0.033472465601      0.014465873754      0.002012782558
   10     -0.066797503960     -0.037409608085     -0.017429537732
   11      0.044163994232     -0.008640965396      0.016005820206
   12     -0.044528201570     -0.018577615124     -0.019634153797
   13      0.019858380532     -0.005755921674     -0.054335599293
   14      0.007053086125      0.022870157866     -0.000397601704
   15      0.088201787344      0.036266718577      0.023193803388
   16     -0.027875997861      0.025580564875     -0.009750553391
   17      0.019110302181     -0.011337220519     -0.030827098855
   18     -0.028944289406     -0.029679201766     -0.010321142636
   19     -0.042523263828     -0.027751209107     -0.001039674594
   20     -0.036665899102      0.016819084180     -0.000610949587
   21     -0.031055682396      0.041352546880      0.020760187392
   22      0.010799967120     -0.001150902326      0.022106220221
   23      0.045116806587      0.082163348314      0.019777878682
   24      0.053304219802     -0.012782118489      0.029713873615
   25     -0.007203208297      0.025966803960      0.044119057401
   26     -0.047867912111     -0.046043809412     -0.036636132832
   27     -0.024778713734     -0.057776595061     -0.015538207644
   28     -0.006276428260      0.003465173998      0.011506808041
   29      0.012936066468     -0.032611430225      0.019171632999
   30      0.074174753363      0.061310051552     -0.012019505231
   31     -0.058058542552     -0.038085486764     -0.028009499328
   32     -0.053079419493      0.004403268929     -0.026211996852
   33      0.010802997428      0.036786799498      0.045364568872
   34     -0.000118421684     -0.002563487533      0.001084791526
   35     -0.070150854416     -0.072798202024     -0.004956594702
   36      0.028624540261      0.019107330737      0.024209453324
   37      0.062955071606     -0.013461150931     -0.019712494873
   38      0.071316966507      0.077795369610     -0.009916200631
   39      0.082710128899      0.077041040221      0.014301837134
   40     -0.005059101747     -0.008272422434     -0.019075240373
   41     -0.047897248057      0.032706610073      0.002383085386
   42     -0.060338687257     -0.080059833337     -0.009865132945
   43     -0.034246562182     -0.037412871858     -0.015436782271
   44      0.002140227014     -0.037755838579      0.063397102377
   45     -0.003544375091     -0.038674215069     -0.025500119897
   46      0.037255824685     -0.017002106867      0.027271576682
   47     -0.016721639656     -0.018442300576     -0.004736988579
   48      0.011320966601      0.025325308604     -0.018142539121
   49     -0.007586468467      0.041691746151      0.002825154299
   50      0.001667457221      0.024458536129      0.005809861509
   51     -0.027652291706     -0.032923111374     -0.020146825015
   52      0.032288893379     -0.035182460945     -0.014763213414
   53     -0.059964745359      0.007674694029      0.006245166719
   54      0.079794000374      0.031447529147     -0.020469949541
   55      0.059509889104      0.062493556156      0.010608577893
   56     -0.007883454885     -0.020320620730     -0.013904845869
   57      0.013250953005     -0.000003427725      0.008083085548
   58      0.036365548326      0.020152340095      0.011261234146
   59     -0.032107569899     -0.045431219364      0.008625807504
   60     -0.005233592096      0.057979786540     -0.042983718277
   61     -0.002150285392     -0.000548775865      0.000102974727
   62      0.002032232141      0.000692105766     -0.000365779516

Maximal derivative component:        0.107858E+00 au

Dipole moment:    0.02987017    0.07185620   -0.02412264 au
Dipole moment:    0.07592241    0.18264025   -0.06131365 Debye


