 Fermi distribution function

Calculation with static geometry


********************************************************************************
 iSCC Total electronic   Diff electronic      SCC error    
   17   -0.10438004E+03   -0.20075674E-09    0.70822004E-05
********************************************************************************

 Total charge:     0.00000000

 Atomic gross charges (e)
 Atom           Charge
    1       0.01874448
    2       0.02471747
    3      -0.00739983
    4      -0.02499679
    5       0.02096400
    6       0.01135072
    7      -0.01471172
    8      -0.01572606
    9      -0.00331002
   10       0.00699454
   11      -0.00796566
   12       0.00988657
   13       0.01782994
   14       0.01637082
   15      -0.01881930
   16      -0.02554996
   17       0.00676821
   18      -0.01756972
   19      -0.00348947
   20       0.03868806
   21      -0.01272841
   22       0.01226376
   23      -0.00158442
   24       0.00521973
   25       0.00553916
   26      -0.02429897
   27      -0.00093294
   28       0.04017560
   29      -0.01041945
   30       0.00149196
   31      -0.02939976
   32       0.01941396
   33       0.00188001
   34      -0.01742784
   35       0.04250487
   36       0.01321780
   37      -0.04536196
   38      -0.01429371
   39       0.02740759
   40      -0.01240990
   41       0.02886725
   42       0.02199656
   43      -0.02506566
   44      -0.02632212
   45      -0.05902833
   46      -0.00014860
   47       0.04939797
   48       0.00008644
   49      -0.03680444
   50       0.02857551
   51      -0.01073036
   52       0.00798043
   53       0.00960211
   54      -0.02850449
   55       0.00674258
   56      -0.00265680
   57      -0.00283650
   58       0.02268755
   59      -0.00708361
   60      -0.00563156
   61      -0.00066744
   62      -0.00348983

Nr. of electrons (up):    242.00000000
Atom populations (up)
 Atom       Population
    1       3.98125552
    2       3.97528253
    3       4.00739983
    4       4.02499679
    5       3.97903600
    6       3.98864928
    7       4.01471172
    8       4.01572606
    9       4.00331002
   10       3.99300546
   11       4.00796566
   12       3.99011343
   13       3.98217006
   14       3.98362918
   15       4.01881930
   16       4.02554996
   17       3.99323179
   18       4.01756972
   19       4.00348947
   20       3.96131194
   21       4.01272841
   22       3.98773624
   23       4.00158442
   24       3.99478027
   25       3.99446084
   26       4.02429897
   27       4.00093294
   28       3.95982440
   29       4.01041945
   30       3.99850804
   31       4.02939976
   32       3.98058604
   33       3.99811999
   34       4.01742784
   35       3.95749513
   36       3.98678220
   37       4.04536196
   38       4.01429371
   39       3.97259241
   40       4.01240990
   41       3.97113275
   42       3.97800344
   43       4.02506566
   44       4.02632212
   45       4.05902833
   46       4.00014860
   47       3.95060203
   48       3.99991356
   49       4.03680444
   50       3.97142449
   51       4.01073036
   52       3.99201957
   53       3.99039789
   54       4.02850449
   55       3.99325742
   56       4.00265680
   57       4.00283650
   58       3.97731245
   59       4.00708361
   60       4.00563156
   61       1.00066744
   62       1.00348983

l-shell populations (up)
 Atom Sh.   l       Population
    1   1   0       1.16973868
    1   2   1       2.81151684
    2   1   0       1.19546935
    2   2   1       2.77981318
    3   1   0       1.21906683
    3   2   1       2.78833300
    4   1   0       1.21328349
    4   2   1       2.81171330
    5   1   0       1.18760066
    5   2   1       2.79143534
    6   1   0       1.19460623
    6   2   1       2.79404305
    7   1   0       1.22438312
    7   2   1       2.79032860
    8   1   0       1.20657507
    8   2   1       2.80915099
    9   1   0       1.21558160
    9   2   1       2.78772843
   10   1   0       1.20326877
   10   2   1       2.78973669
   11   1   0       1.18766857
   11   2   1       2.82029709
   12   1   0       1.18151897
   12   2   1       2.80859446
   13   1   0       1.19436789
   13   2   1       2.78780216
   14   1   0       1.20200876
   14   2   1       2.78162043
   15   1   0       1.21453208
   15   2   1       2.80428722
   16   1   0       1.22695725
   16   2   1       2.79859272
   17   1   0       1.20301908
   17   2   1       2.79021271
   18   1   0       1.20001771
   18   2   1       2.81755201
   19   1   0       1.23839899
   19   2   1       2.76509048
   20   1   0       1.20847552
   20   2   1       2.75283642
   21   1   0       1.20404835
   21   2   1       2.80868006
   22   1   0       1.21026174
   22   2   1       2.77747450
   23   1   0       1.18661232
   23   2   1       2.81497210
   24   1   0       1.20820758
   24   2   1       2.78657269
   25   1   0       1.19880786
   25   2   1       2.79565298
   26   1   0       1.19666955
   26   2   1       2.82762943
   27   1   0       1.20579354
   27   2   1       2.79513940
   28   1   0       1.20173860
   28   2   1       2.75808580
   29   1   0       1.22627976
   29   2   1       2.78413969
   30   1   0       1.19322480
   30   2   1       2.80528324
   31   1   0       1.21192715
   31   2   1       2.81747261
   32   1   0       1.20286243
   32   2   1       2.77772362
   33   1   0       1.20396272
   33   2   1       2.79415727
   34   1   0       1.19203283
   34   2   1       2.82539501
   35   1   0       1.17929595
   35   2   1       2.77819918
   36   1   0       1.19192911
   36   2   1       2.79485309
   37   1   0       1.22575895
   37   2   1       2.81960301
   38   1   0       1.22121893
   38   2   1       2.79307478
   39   1   0       1.20414248
   39   2   1       2.76844993
   40   1   0       1.23510764
   40   2   1       2.77730226
   41   1   0       1.18555896
   41   2   1       2.78557378
   42   1   0       1.17997270
   42   2   1       2.79803074
   43   1   0       1.20326349
   43   2   1       2.82180217
   44   1   0       1.22461943
   44   2   1       2.80170269
   45   1   0       1.21902399
   45   2   1       2.84000434
   46   1   0       1.20671922
   46   2   1       2.79342938
   47   1   0       1.17190182
   47   2   1       2.77870021
   48   1   0       1.19705048
   48   2   1       2.80286308
   49   1   0       1.23025548
   49   2   1       2.80654896
   50   1   0       1.18151032
   50   2   1       2.78991417
   51   1   0       1.20047329
   51   2   1       2.81025707
   52   1   0       1.19560703
   52   2   1       2.79641254
   53   1   0       1.17337524
   53   2   1       2.81702265
   54   1   0       1.21068559
   54   2   1       2.81781890
   55   1   0       1.21419347
   55   2   1       2.77906396
   56   1   0       1.18412983
   56   2   1       2.81852696
   57   1   0       1.20758880
   57   2   1       2.79524770
   58   1   0       1.20808181
   58   2   1       2.76923064
   59   1   0       1.23046720
   59   2   1       2.77661641
   60   1   0       1.19951975
   60   2   1       2.80611181
   61   1   0       1.00066744
   62   1   0       1.00348983

Orbital populations (up)
 Atom Sh.   l   m       Population  Label
    1   1   0   0       1.16973868  s
    1   2   1  -1       0.99725903  p_y
    1   2   1   0       0.90544719  p_z
    1   2   1   1       0.90881061  p_x
    2   1   0   0       1.19546935  s
    2   2   1  -1       0.97305125  p_y
    2   2   1   0       0.89532029  p_z
    2   2   1   1       0.91144163  p_x
    3   1   0   0       1.21906683  s
    3   2   1  -1       0.98510536  p_y
    3   2   1   0       0.89614733  p_z
    3   2   1   1       0.90708031  p_x
    4   1   0   0       1.21328349  s
    4   2   1  -1       0.99510984  p_y
    4   2   1   0       0.88916275  p_z
    4   2   1   1       0.92744070  p_x
    5   1   0   0       1.18760066  s
    5   2   1  -1       0.88641292  p_y
    5   2   1   0       0.91288839  p_z
    5   2   1   1       0.99213403  p_x
    6   1   0   0       1.19460623  s
    6   2   1  -1       0.90254866  p_y
    6   2   1   0       0.90724030  p_z
    6   2   1   1       0.98425409  p_x
    7   1   0   0       1.22438312  s
    7   2   1  -1       0.88397417  p_y
    7   2   1   0       0.90824678  p_z
    7   2   1   1       0.99810764  p_x
    8   1   0   0       1.20657507  s
    8   2   1  -1       0.90055420  p_y
    8   2   1   0       0.91271955  p_z
    8   2   1   1       0.99587723  p_x
    9   1   0   0       1.21558160  s
    9   2   1  -1       0.90706004  p_y
    9   2   1   0       0.99614246  p_z
    9   2   1   1       0.88452592  p_x
   10   1   0   0       1.20326877  s
   10   2   1  -1       0.90929522  p_y
   10   2   1   0       0.99400589  p_z
   10   2   1   1       0.88643558  p_x
   11   1   0   0       1.18766857  s
   11   2   1  -1       0.92963214  p_y
   11   2   1   0       0.99529790  p_z
   11   2   1   1       0.89536706  p_x
   12   1   0   0       1.18151897  s
   12   2   1  -1       0.91647354  p_y
   12   2   1   0       0.99282586  p_z
   12   2   1   1       0.89929506  p_x
   13   1   0   0       1.19436789  s
   13   2   1  -1       0.98153908  p_y
   13   2   1   0       0.91073776  p_z
   13   2   1   1       0.89552533  p_x
   14   1   0   0       1.20200876  s
   14   2   1  -1       0.95835950  p_y
   14   2   1   0       0.93712123  p_z
   14   2   1   1       0.88613969  p_x
   15   1   0   0       1.21453208  s
   15   2   1  -1       0.96918111  p_y
   15   2   1   0       0.94469125  p_z
   15   2   1   1       0.89041485  p_x
   16   1   0   0       1.22695725  s
   16   2   1  -1       0.98834741  p_y
   16   2   1   0       0.91453637  p_z
   16   2   1   1       0.89570894  p_x
   17   1   0   0       1.20301908  s
   17   2   1  -1       0.98426351  p_y
   17   2   1   0       0.92366589  p_z
   17   2   1   1       0.88228331  p_x
   18   1   0   0       1.20001771  s
   18   2   1  -1       0.99849877  p_y
   18   2   1   0       0.91081622  p_z
   18   2   1   1       0.90823702  p_x
   19   1   0   0       1.23839899  s
   19   2   1  -1       0.96042956  p_y
   19   2   1   0       0.91083840  p_z
   19   2   1   1       0.89382253  p_x
   20   1   0   0       1.20847552  s
   20   2   1  -1       0.96040429  p_y
   20   2   1   0       0.92323778  p_z
   20   2   1   1       0.86919435  p_x
   21   1   0   0       1.20404835  s
   21   2   1  -1       0.92825190  p_y
   21   2   1   0       0.90699815  p_z
   21   2   1   1       0.97343001  p_x
   22   1   0   0       1.21026174  s
   22   2   1  -1       0.90776468  p_y
   22   2   1   0       0.88992727  p_z
   22   2   1   1       0.97978255  p_x
   23   1   0   0       1.18661232  s
   23   2   1  -1       0.91689460  p_y
   23   2   1   0       0.90057024  p_z
   23   2   1   1       0.99750725  p_x
   24   1   0   0       1.20820758  s
   24   2   1  -1       0.93757648  p_y
   24   2   1   0       0.87401708  p_z
   24   2   1   1       0.97497913  p_x
   25   1   0   0       1.19880786  s
   25   2   1  -1       0.91523058  p_y
   25   2   1   0       0.89958232  p_z
   25   2   1   1       0.98084008  p_x
   26   1   0   0       1.19666955  s
   26   2   1  -1       0.93660795  p_y
   26   2   1   0       0.89954530  p_z
   26   2   1   1       0.99147618  p_x
   27   1   0   0       1.20579354  s
   27   2   1  -1       0.94218152  p_y
   27   2   1   0       0.87711932  p_z
   27   2   1   1       0.97583855  p_x
   28   1   0   0       1.20173860  s
   28   2   1  -1       0.90394159  p_y
   28   2   1   0       0.88377218  p_z
   28   2   1   1       0.97037204  p_x
   29   1   0   0       1.22627976  s
   29   2   1  -1       0.87923930  p_y
   29   2   1   0       0.97877147  p_z
   29   2   1   1       0.92612892  p_x
   30   1   0   0       1.19322480  s
   30   2   1  -1       0.90468844  p_y
   30   2   1   0       0.97452679  p_z
   30   2   1   1       0.92606801  p_x
   31   1   0   0       1.21192715  s
   31   2   1  -1       0.90848958  p_y
   31   2   1   0       0.97636246  p_z
   31   2   1   1       0.93262058  p_x
   32   1   0   0       1.20286243  s
   32   2   1  -1       0.88821571  p_y
   32   2   1   0       0.98181034  p_z
   32   2   1   1       0.90769757  p_x
   33   1   0   0       1.20396272  s
   33   2   1  -1       0.88850793  p_y
   33   2   1   0       0.97368389  p_z
   33   2   1   1       0.93196544  p_x
   34   1   0   0       1.19203283  s
   34   2   1  -1       0.89435952  p_y
   34   2   1   0       0.99217205  p_z
   34   2   1   1       0.93886344  p_x
   35   1   0   0       1.17929595  s
   35   2   1  -1       0.88826804  p_y
   35   2   1   0       0.98229703  p_z
   35   2   1   1       0.90763412  p_x
   36   1   0   0       1.19192911  s
   36   2   1  -1       0.89944065  p_y
   36   2   1   0       0.97729502  p_z
   36   2   1   1       0.91811742  p_x
   37   1   0   0       1.22575895  s
   37   2   1  -1       0.98417812  p_y
   37   2   1   0       0.89459914  p_z
   37   2   1   1       0.94082575  p_x
   38   1   0   0       1.22121893  s
   38   2   1  -1       0.95571563  p_y
   38   2   1   0       0.90524052  p_z
   38   2   1   1       0.93211864  p_x
   39   1   0   0       1.20414248  s
   39   2   1  -1       0.93643384  p_y
   39   2   1   0       0.89565143  p_z
   39   2   1   1       0.93636466  p_x
   40   1   0   0       1.23510764  s
   40   2   1  -1       0.94344853  p_y
   40   2   1   0       0.88941804  p_z
   40   2   1   1       0.94443570  p_x
   41   1   0   0       1.18555896  s
   41   2   1  -1       0.93914555  p_y
   41   2   1   0       0.90017285  p_z
   41   2   1   1       0.94625538  p_x
   42   1   0   0       1.17997270  s
   42   2   1  -1       0.95164247  p_y
   42   2   1   0       0.90994540  p_z
   42   2   1   1       0.93644287  p_x
   43   1   0   0       1.20326349  s
   43   2   1  -1       0.93295921  p_y
   43   2   1   0       0.90891781  p_z
   43   2   1   1       0.97992516  p_x
   44   1   0   0       1.22461943  s
   44   2   1  -1       0.94774952  p_y
   44   2   1   0       0.89935462  p_z
   44   2   1   1       0.95459855  p_x
   45   1   0   0       1.21902399  s
   45   2   1  -1       0.90115189  p_y
   45   2   1   0       0.96556008  p_z
   45   2   1   1       0.97329237  p_x
   46   1   0   0       1.20671922  s
   46   2   1  -1       0.90197475  p_y
   46   2   1   0       0.94692271  p_z
   46   2   1   1       0.94453192  p_x
   47   1   0   0       1.17190182  s
   47   2   1  -1       0.90007998  p_y
   47   2   1   0       0.93589362  p_z
   47   2   1   1       0.94272661  p_x
   48   1   0   0       1.19705048  s
   48   2   1  -1       0.91013597  p_y
   48   2   1   0       0.94227483  p_z
   48   2   1   1       0.95045229  p_x
   49   1   0   0       1.23025548  s
   49   2   1  -1       0.90222857  p_y
   49   2   1   0       0.95542616  p_z
   49   2   1   1       0.94889423  p_x
   50   1   0   0       1.18151032  s
   50   2   1  -1       0.90460484  p_y
   50   2   1   0       0.93930631  p_z
   50   2   1   1       0.94600302  p_x
   51   1   0   0       1.20047329  s
   51   2   1  -1       0.91342222  p_y
   51   2   1   0       0.94432814  p_z
   51   2   1   1       0.95250671  p_x
   52   1   0   0       1.19560703  s
   52   2   1  -1       0.90367170  p_y
   52   2   1   0       0.95784332  p_z
   52   2   1   1       0.93489752  p_x
   53   1   0   0       1.17337524  s
   53   2   1  -1       0.94980047  p_y
   53   2   1   0       0.96084157  p_z
   53   2   1   1       0.90638061  p_x
   54   1   0   0       1.21068559  s
   54   2   1  -1       0.94990373  p_y
   54   2   1   0       0.95286236  p_z
   54   2   1   1       0.91505281  p_x
   55   1   0   0       1.21419347  s
   55   2   1  -1       0.93244245  p_y
   55   2   1   0       0.94804128  p_z
   55   2   1   1       0.89858022  p_x
   56   1   0   0       1.18412983  s
   56   2   1  -1       0.95898526  p_y
   56   2   1   0       0.95753004  p_z
   56   2   1   1       0.90201167  p_x
   57   1   0   0       1.20758880  s
   57   2   1  -1       0.91930672  p_y
   57   2   1   0       0.97283720  p_z
   57   2   1   1       0.90310378  p_x
   58   1   0   0       1.20808181  s
   58   2   1  -1       0.94831459  p_y
   58   2   1   0       0.92732840  p_z
   58   2   1   1       0.89358765  p_x
   59   1   0   0       1.23046720  s
   59   2   1  -1       0.94531477  p_y
   59   2   1   0       0.92556514  p_z
   59   2   1   1       0.90573651  p_x
   60   1   0   0       1.19951975  s
   60   2   1  -1       0.93679930  p_y
   60   2   1   0       0.95655141  p_z
   60   2   1   1       0.91276110  p_x
   61   1   0   0       1.00066744  s
   62   1   0   0       1.00348983  s

Fermi level:                        -0.1760914782 H           -4.7917 eV
Band energy:                      -104.4498264547 H        -2842.2244 eV
TS:                                  0.0000000000 H            0.0000 eV
Band free energy (E-TS):          -104.4498264547 H        -2842.2244 eV
Extrapolated E(0K):               -104.4498264547 H        -2842.2244 eV
Input / Output electrons (q):    241.9999999997    241.9999999997

Energy H0:                        -104.3806632415 H        -2840.3424 eV
Energy SCC:                          0.0006254227 H            0.0170 eV
Total Electronic energy:          -104.3800378189 H        -2840.3253 eV
Repulsive energy:                    1.6369597469 H           44.5439 eV
Total energy:                     -102.7430780720 H        -2795.7814 eV
Extrapolated to 0:                -102.7430780720 H        -2795.7814 eV
Total Mermin free energy:         -102.7430780720 H        -2795.7814 eV
Force related energy:             -102.7430780720 H        -2795.7814 eV

SCC converged

Total Forces
    1      0.010294176716      0.013762994763      0.039830088906
    2     -0.006584441171      0.006904624161      0.002261923970
    3      0.018963454691     -0.008447247243     -0.130256734709
    4     -0.004659377344      0.038855250411     -0.058989539208
    5      0.027595576417     -0.079627449962     -0.050612531116
    6      0.001709393825      0.018573055331      0.005440182980
    7      0.020535366187      0.024997272526      0.025462458429
    8      0.008278404709     -0.046256024205     -0.012604531289
    9     -0.005956248898      0.051774682968     -0.003673337422
   10      0.048005918381     -0.057611587021      0.007866944673
   11      0.066018862958      0.008004990176     -0.007343050682
   12      0.002496409832     -0.029217479229     -0.007455786915
   13      0.042732180997      0.008995431266     -0.043698542454
   14      0.041337849868     -0.025888986117      0.098811241821
   15      0.004310454058      0.008016937656      0.021246845813
   16     -0.045830845121      0.024246879661      0.046475200979
   17     -0.041207442871     -0.009375329228     -0.036884121187
   18      0.004030959102      0.008846722694      0.030766638067
   19      0.072089782246     -0.001297212482      0.035608763584
   20     -0.060622724877     -0.033419619755      0.062951461221
   21     -0.051621060328      0.070895107193      0.027783846319
   22     -0.007123300768      0.016365417761      0.012306472034
   23      0.062861140687      0.056909887654     -0.063723263024
   24     -0.008491431983     -0.015046688638     -0.036624791633
   25     -0.001288657227     -0.010785295502      0.002639858969
   26     -0.007251134733      0.017684892988      0.036400588031
   27     -0.029621009795     -0.028537905453     -0.001925949108
   28     -0.035759407055      0.064365679350     -0.013871753292
   29      0.013811041861      0.009652243761     -0.012055358582
   30     -0.006082763167      0.041507070701     -0.025676080339
   31     -0.021664808558      0.012504464560     -0.003124889766
   32     -0.003092782920      0.055070788486     -0.004676377831
   33     -0.031396891123      0.051096535770      0.010652017505
   34      0.061314859200      0.091350062434     -0.003854433358
   35     -0.040326584412     -0.019504471562     -0.031505147814
   36     -0.046037371471      0.025620402029     -0.020358469516
   37      0.058844609538     -0.031389042721      0.035396658229
   38     -0.024322991665     -0.016731517520     -0.092223990118
   39     -0.026169071477      0.017706990939     -0.006370162391
   40      0.011294342179      0.001520061723     -0.020757402526
   41      0.029117813617     -0.011560159790     -0.005429424381
   42     -0.060916619473     -0.043768899230      0.016475548296
   43     -0.042197648728     -0.049477233911     -0.051743228867
   44      0.002410778676     -0.010319898372      0.049590559389
   45      0.005024487957     -0.035252376527      0.025452079366
   46      0.036485339917      0.049148421850      0.042036979663
   47     -0.051449418412     -0.044315167098      0.005360360576
   48      0.003049975560     -0.034479934079      0.008888506448
   49     -0.017732153626     -0.020157914525      0.009709275250
   50     -0.030114690199     -0.008999984682      0.067184191873
   51     -0.000350873990      0.021432858140     -0.016519066791
   52     -0.003045909479      0.025921636026      0.011325395519
   53      0.024907157728      0.001055680196     -0.035487057887
   54      0.000894138110     -0.050054160857      0.062149841234
   55      0.003736014389     -0.046263370091     -0.037625380869
   56      0.036469152077     -0.013207483644     -0.001698590165
   57      0.009789228271      0.001407570767      0.012724893635
   58      0.017958884774     -0.035514693377     -0.005758774496
   59     -0.025450624167      0.033553809647     -0.004891574549
   60     -0.010234657133     -0.061160867817      0.034603952897
   61      0.043871932807     -0.028543906622      0.016156801431
   62     -0.043636745164      0.028463483674     -0.016140234820

Maximal derivative component:        0.130257E+00 au

Dipole moment:    0.04961991    0.01416407    0.00450801 au
Dipole moment:    0.12612125    0.03600148    0.01145823 Debye


