 Fermi distribution function

Calculation with static geometry


********************************************************************************
 iSCC Total electronic   Diff electronic      SCC error    
   17   -0.10434400E+03   -0.21869084E-09    0.88747693E-05
********************************************************************************

 Total charge:    -0.00000000

 Atomic gross charges (e)
 Atom           Charge
    1      -0.02629786
    2      -0.02356551
    3       0.02513913
    4       0.03425053
    5       0.02604537
    6       0.01433562
    7      -0.02192187
    8       0.01028339
    9       0.01798493
   10       0.00927707
   11      -0.00889585
   12       0.03065285
   13       0.02704712
   14       0.04018422
   15       0.02437535
   16       0.01050550
   17       0.02390004
   18      -0.03055801
   19      -0.08260439
   20      -0.06535456
   21       0.01356771
   22      -0.02806890
   23       0.02476089
   24      -0.02843026
   25       0.01141712
   26       0.01875380
   27       0.00569325
   28      -0.05416707
   29       0.00658117
   30       0.00159692
   31      -0.03699412
   32       0.00950037
   33       0.02135717
   34       0.00500191
   35       0.01363509
   36      -0.05765409
   37       0.07647964
   38       0.05454713
   39       0.02104638
   40      -0.05357780
   41      -0.03378203
   42      -0.02261654
   43      -0.03959828
   44       0.00274502
   45       0.01699438
   46      -0.04364212
   47       0.00503779
   48      -0.01857471
   49       0.03735729
   50       0.00679753
   51       0.02645252
   52      -0.02850059
   53       0.05486803
   54       0.02524939
   55       0.00805805
   56      -0.00889128
   57      -0.02210589
   58       0.01148685
   59      -0.01680839
   60      -0.01483467
   61      -0.00694883
   62       0.00142714

Nr. of electrons (up):    242.00000000
Atom populations (up)
 Atom       Population
    1       4.02629786
    2       4.02356551
    3       3.97486087
    4       3.96574947
    5       3.97395463
    6       3.98566438
    7       4.02192187
    8       3.98971661
    9       3.98201507
   10       3.99072293
   11       4.00889585
   12       3.96934715
   13       3.97295288
   14       3.95981578
   15       3.97562465
   16       3.98949450
   17       3.97609996
   18       4.03055801
   19       4.08260439
   20       4.06535456
   21       3.98643229
   22       4.02806890
   23       3.97523911
   24       4.02843026
   25       3.98858288
   26       3.98124620
   27       3.99430675
   28       4.05416707
   29       3.99341883
   30       3.99840308
   31       4.03699412
   32       3.99049963
   33       3.97864283
   34       3.99499809
   35       3.98636491
   36       4.05765409
   37       3.92352036
   38       3.94545287
   39       3.97895362
   40       4.05357780
   41       4.03378203
   42       4.02261654
   43       4.03959828
   44       3.99725498
   45       3.98300562
   46       4.04364212
   47       3.99496221
   48       4.01857471
   49       3.96264271
   50       3.99320247
   51       3.97354748
   52       4.02850059
   53       3.94513197
   54       3.97475061
   55       3.99194195
   56       4.00889128
   57       4.02210589
   58       3.98851315
   59       4.01680839
   60       4.01483467
   61       1.00694883
   62       0.99857286

l-shell populations (up)
 Atom Sh.   l       Population
    1   1   0       1.21129506
    1   2   1       2.81500280
    2   1   0       1.20743610
    2   2   1       2.81612941
    3   1   0       1.19141286
    3   2   1       2.78344801
    4   1   0       1.21700577
    4   2   1       2.74874370
    5   1   0       1.19598110
    5   2   1       2.77797353
    6   1   0       1.18804033
    6   2   1       2.79762405
    7   1   0       1.21072478
    7   2   1       2.81119709
    8   1   0       1.19703492
    8   2   1       2.79268169
    9   1   0       1.20959783
    9   2   1       2.77241724
   10   1   0       1.17040462
   10   2   1       2.82031831
   11   1   0       1.18061653
   11   2   1       2.82827932
   12   1   0       1.18683865
   12   2   1       2.78250850
   13   1   0       1.18810000
   13   2   1       2.78485288
   14   1   0       1.18927930
   14   2   1       2.77053648
   15   1   0       1.20298200
   15   2   1       2.77264265
   16   1   0       1.21838103
   16   2   1       2.77111347
   17   1   0       1.21025340
   17   2   1       2.76584657
   18   1   0       1.22692495
   18   2   1       2.80363306
   19   1   0       1.25299893
   19   2   1       2.82960546
   20   1   0       1.22725582
   20   2   1       2.83809874
   21   1   0       1.19824072
   21   2   1       2.78819157
   22   1   0       1.22110903
   22   2   1       2.80695986
   23   1   0       1.18820451
   23   2   1       2.78703460
   24   1   0       1.23941350
   24   2   1       2.78901676
   25   1   0       1.21089190
   25   2   1       2.77769099
   26   1   0       1.16985327
   26   2   1       2.81139294
   27   1   0       1.20771883
   27   2   1       2.78658792
   28   1   0       1.22227919
   28   2   1       2.83188788
   29   1   0       1.21588018
   29   2   1       2.77753865
   30   1   0       1.21287044
   30   2   1       2.78553264
   31   1   0       1.23445832
   31   2   1       2.80253581
   32   1   0       1.19400150
   32   2   1       2.79649813
   33   1   0       1.19857319
   33   2   1       2.78006964
   34   1   0       1.18114779
   34   2   1       2.81385030
   35   1   0       1.18237844
   35   2   1       2.80398647
   36   1   0       1.23430496
   36   2   1       2.82334913
   37   1   0       1.21311737
   37   2   1       2.71040299
   38   1   0       1.17419065
   38   2   1       2.77126222
   39   1   0       1.19725904
   39   2   1       2.78169458
   40   1   0       1.23406636
   40   2   1       2.81951144
   41   1   0       1.24805163
   41   2   1       2.78573040
   42   1   0       1.18974797
   42   2   1       2.83286857
   43   1   0       1.22910623
   43   2   1       2.81049204
   44   1   0       1.20848054
   44   2   1       2.78877444
   45   1   0       1.23383713
   45   2   1       2.74916849
   46   1   0       1.23105484
   46   2   1       2.81258728
   47   1   0       1.19730270
   47   2   1       2.79765951
   48   1   0       1.19572562
   48   2   1       2.82284909
   49   1   0       1.18793406
   49   2   1       2.77470865
   50   1   0       1.20924237
   50   2   1       2.78396009
   51   1   0       1.16707020
   51   2   1       2.80647728
   52   1   0       1.23473126
   52   2   1       2.79376934
   53   1   0       1.17041847
   53   2   1       2.77471351
   54   1   0       1.17876171
   54   2   1       2.79598890
   55   1   0       1.20249807
   55   2   1       2.78944388
   56   1   0       1.19250062
   56   2   1       2.81639066
   57   1   0       1.22741909
   57   2   1       2.79468680
   58   1   0       1.20316408
   58   2   1       2.78534907
   59   1   0       1.20792399
   59   2   1       2.80888440
   60   1   0       1.21813625
   60   2   1       2.79669842
   61   1   0       1.00694883
   62   1   0       0.99857286

Orbital populations (up)
 Atom Sh.   l   m       Population  Label
    1   1   0   0       1.21129506  s
    1   2   1  -1       1.00016442  p_y
    1   2   1   0       0.90400046  p_z
    1   2   1   1       0.91083792  p_x
    2   1   0   0       1.20743610  s
    2   2   1  -1       1.01074112  p_y
    2   2   1   0       0.89643794  p_z
    2   2   1   1       0.90895035  p_x
    3   1   0   0       1.19141286  s
    3   2   1  -1       0.97575378  p_y
    3   2   1   0       0.88864106  p_z
    3   2   1   1       0.91905317  p_x
    4   1   0   0       1.21700577  s
    4   2   1  -1       0.96024545  p_y
    4   2   1   0       0.88536818  p_z
    4   2   1   1       0.90313007  p_x
    5   1   0   0       1.19598110  s
    5   2   1  -1       0.88109773  p_y
    5   2   1   0       0.90875848  p_z
    5   2   1   1       0.98811732  p_x
    6   1   0   0       1.18804033  s
    6   2   1  -1       0.91480388  p_y
    6   2   1   0       0.89430733  p_z
    6   2   1   1       0.98851284  p_x
    7   1   0   0       1.21072478  s
    7   2   1  -1       0.88579110  p_y
    7   2   1   0       0.92100466  p_z
    7   2   1   1       1.00440133  p_x
    8   1   0   0       1.19703492  s
    8   2   1  -1       0.90164178  p_y
    8   2   1   0       0.89986429  p_z
    8   2   1   1       0.99117562  p_x
    9   1   0   0       1.20959783  s
    9   2   1  -1       0.90544906  p_y
    9   2   1   0       0.96453490  p_z
    9   2   1   1       0.90243328  p_x
   10   1   0   0       1.17040462  s
   10   2   1  -1       0.92116119  p_y
   10   2   1   0       0.99245882  p_z
   10   2   1   1       0.90669830  p_x
   11   1   0   0       1.18061653  s
   11   2   1  -1       0.92729768  p_y
   11   2   1   0       1.00214758  p_z
   11   2   1   1       0.89883406  p_x
   12   1   0   0       1.18683865  s
   12   2   1  -1       0.89668371  p_y
   12   2   1   0       0.98260679  p_z
   12   2   1   1       0.90321800  p_x
   13   1   0   0       1.18810000  s
   13   2   1  -1       0.96909737  p_y
   13   2   1   0       0.92367233  p_z
   13   2   1   1       0.89208318  p_x
   14   1   0   0       1.18927930  s
   14   2   1  -1       0.96568997  p_y
   14   2   1   0       0.92195498  p_z
   14   2   1   1       0.88289153  p_x
   15   1   0   0       1.20298200  s
   15   2   1  -1       0.95838392  p_y
   15   2   1   0       0.92777813  p_z
   15   2   1   1       0.88648061  p_x
   16   1   0   0       1.21838103  s
   16   2   1  -1       0.97780708  p_y
   16   2   1   0       0.91030339  p_z
   16   2   1   1       0.88300300  p_x
   17   1   0   0       1.21025340  s
   17   2   1  -1       0.97259948  p_y
   17   2   1   0       0.91995692  p_z
   17   2   1   1       0.87329017  p_x
   18   1   0   0       1.22692495  s
   18   2   1  -1       0.99189341  p_y
   18   2   1   0       0.91436446  p_z
   18   2   1   1       0.89737519  p_x
   19   1   0   0       1.25299893  s
   19   2   1  -1       0.99622197  p_y
   19   2   1   0       0.93678638  p_z
   19   2   1   1       0.89659711  p_x
   20   1   0   0       1.22725582  s
   20   2   1  -1       1.00079450  p_y
   20   2   1   0       0.92327102  p_z
   20   2   1   1       0.91403322  p_x
   21   1   0   0       1.19824072  s
   21   2   1  -1       0.92434029  p_y
   21   2   1   0       0.89121361  p_z
   21   2   1   1       0.97263766  p_x
   22   1   0   0       1.22110903  s
   22   2   1  -1       0.91525382  p_y
   22   2   1   0       0.89569330  p_z
   22   2   1   1       0.99601274  p_x
   23   1   0   0       1.18820451  s
   23   2   1  -1       0.92303554  p_y
   23   2   1   0       0.90623547  p_z
   23   2   1   1       0.95776358  p_x
   24   1   0   0       1.23941350  s
   24   2   1  -1       0.90886820  p_y
   24   2   1   0       0.89006948  p_z
   24   2   1   1       0.99007908  p_x
   25   1   0   0       1.21089190  s
   25   2   1  -1       0.90829618  p_y
   25   2   1   0       0.89609277  p_z
   25   2   1   1       0.97330204  p_x
   26   1   0   0       1.16985327  s
   26   2   1  -1       0.93936757  p_y
   26   2   1   0       0.89956628  p_z
   26   2   1   1       0.97245908  p_x
   27   1   0   0       1.20771883  s
   27   2   1  -1       0.94003901  p_y
   27   2   1   0       0.86855495  p_z
   27   2   1   1       0.97799395  p_x
   28   1   0   0       1.22227919  s
   28   2   1  -1       0.93811903  p_y
   28   2   1   0       0.89077922  p_z
   28   2   1   1       1.00298963  p_x
   29   1   0   0       1.21588018  s
   29   2   1  -1       0.88492482  p_y
   29   2   1   0       0.98253153  p_z
   29   2   1   1       0.91008230  p_x
   30   1   0   0       1.21287044  s
   30   2   1  -1       0.88301445  p_y
   30   2   1   0       0.96964474  p_z
   30   2   1   1       0.93287345  p_x
   31   1   0   0       1.23445832  s
   31   2   1  -1       0.89100177  p_y
   31   2   1   0       0.97550716  p_z
   31   2   1   1       0.93602688  p_x
   32   1   0   0       1.19400150  s
   32   2   1  -1       0.88366196  p_y
   32   2   1   0       0.98835100  p_z
   32   2   1   1       0.92448517  p_x
   33   1   0   0       1.19857319  s
   33   2   1  -1       0.89085386  p_y
   33   2   1   0       0.96022632  p_z
   33   2   1   1       0.92898946  p_x
   34   1   0   0       1.18114779  s
   34   2   1  -1       0.89914646  p_y
   34   2   1   0       0.97919562  p_z
   34   2   1   1       0.93550822  p_x
   35   1   0   0       1.18237844  s
   35   2   1  -1       0.91240291  p_y
   35   2   1   0       0.98056348  p_z
   35   2   1   1       0.91102008  p_x
   36   1   0   0       1.23430496  s
   36   2   1  -1       0.90147793  p_y
   36   2   1   0       0.99928109  p_z
   36   2   1   1       0.92259011  p_x
   37   1   0   0       1.21311737  s
   37   2   1  -1       0.90797496  p_y
   37   2   1   0       0.88397822  p_z
   37   2   1   1       0.91844982  p_x
   38   1   0   0       1.17419065  s
   38   2   1  -1       0.93201469  p_y
   38   2   1   0       0.90144990  p_z
   38   2   1   1       0.93779762  p_x
   39   1   0   0       1.19725904  s
   39   2   1  -1       0.93786138  p_y
   39   2   1   0       0.90676855  p_z
   39   2   1   1       0.93706465  p_x
   40   1   0   0       1.23406636  s
   40   2   1  -1       0.95774244  p_y
   40   2   1   0       0.89975376  p_z
   40   2   1   1       0.96201523  p_x
   41   1   0   0       1.24805163  s
   41   2   1  -1       0.95378711  p_y
   41   2   1   0       0.89460444  p_z
   41   2   1   1       0.93733886  p_x
   42   1   0   0       1.18974797  s
   42   2   1  -1       0.95940140  p_y
   42   2   1   0       0.91726602  p_z
   42   2   1   1       0.95620115  p_x
   43   1   0   0       1.22910623  s
   43   2   1  -1       0.96145777  p_y
   43   2   1   0       0.90297995  p_z
   43   2   1   1       0.94605433  p_x
   44   1   0   0       1.20848054  s
   44   2   1  -1       0.94779962  p_y
   44   2   1   0       0.90036086  p_z
   44   2   1   1       0.94061396  p_x
   45   1   0   0       1.23383713  s
   45   2   1  -1       0.89253270  p_y
   45   2   1   0       0.94723534  p_z
   45   2   1   1       0.90940044  p_x
   46   1   0   0       1.23105484  s
   46   2   1  -1       0.90110343  p_y
   46   2   1   0       0.95356817  p_z
   46   2   1   1       0.95791568  p_x
   47   1   0   0       1.19730270  s
   47   2   1  -1       0.89922222  p_y
   47   2   1   0       0.95299130  p_z
   47   2   1   1       0.94544599  p_x
   48   1   0   0       1.19572562  s
   48   2   1  -1       0.92025447  p_y
   48   2   1   0       0.95687527  p_z
   48   2   1   1       0.94571935  p_x
   49   1   0   0       1.18793406  s
   49   2   1  -1       0.89308354  p_y
   49   2   1   0       0.94320173  p_z
   49   2   1   1       0.93842338  p_x
   50   1   0   0       1.20924237  s
   50   2   1  -1       0.90194250  p_y
   50   2   1   0       0.92804312  p_z
   50   2   1   1       0.95397448  p_x
   51   1   0   0       1.16707020  s
   51   2   1  -1       0.91796118  p_y
   51   2   1   0       0.95808897  p_z
   51   2   1   1       0.93042713  p_x
   52   1   0   0       1.23473126  s
   52   2   1  -1       0.90537981  p_y
   52   2   1   0       0.93837670  p_z
   52   2   1   1       0.95001283  p_x
   53   1   0   0       1.17041847  s
   53   2   1  -1       0.93788736  p_y
   53   2   1   0       0.92319111  p_z
   53   2   1   1       0.91363505  p_x
   54   1   0   0       1.17876171  s
   54   2   1  -1       0.92438170  p_y
   54   2   1   0       0.95502182  p_z
   54   2   1   1       0.91658538  p_x
   55   1   0   0       1.20249807  s
   55   2   1  -1       0.95977528  p_y
   55   2   1   0       0.92135943  p_z
   55   2   1   1       0.90830917  p_x
   56   1   0   0       1.19250062  s
   56   2   1  -1       0.94174335  p_y
   56   2   1   0       0.96609750  p_z
   56   2   1   1       0.90854981  p_x
   57   1   0   0       1.22741909  s
   57   2   1  -1       0.93210850  p_y
   57   2   1   0       0.95799027  p_z
   57   2   1   1       0.90458803  p_x
   58   1   0   0       1.20316408  s
   58   2   1  -1       0.96017825  p_y
   58   2   1   0       0.92577385  p_z
   58   2   1   1       0.89939698  p_x
   59   1   0   0       1.20792399  s
   59   2   1  -1       0.95261883  p_y
   59   2   1   0       0.95649841  p_z
   59   2   1   1       0.89976716  p_x
   60   1   0   0       1.21813625  s
   60   2   1  -1       0.94761602  p_y
   60   2   1   0       0.94988022  p_z
   60   2   1   1       0.89920218  p_x
   61   1   0   0       1.00694883  s
   62   1   0   0       0.99857286  s

Fermi level:                        -0.1745936271 H           -4.7509 eV
Band energy:                      -104.4905403449 H        -2843.3323 eV
TS:                                  0.0000000000 H            0.0000 eV
Band free energy (E-TS):          -104.4905403449 H        -2843.3323 eV
Extrapolated E(0K):               -104.4905403449 H        -2843.3323 eV
Input / Output electrons (q):    242.0000000000    242.0000000000

Energy H0:                        -104.3451755817 H        -2839.3767 eV
Energy SCC:                          0.0011737410 H            0.0319 eV
Total Electronic energy:          -104.3440018407 H        -2839.3448 eV
Repulsive energy:                    1.6395770408 H           44.6152 eV
Total energy:                     -102.7044247999 H        -2794.7296 eV
Extrapolated to 0:                -102.7044247999 H        -2794.7296 eV
Total Mermin free energy:         -102.7044247999 H        -2794.7296 eV
Force related energy:             -102.7044247999 H        -2794.7296 eV

SCC converged

Total Forces
    1     -0.020692587091     -0.019410273317      0.019742933851
    2     -0.031869764827      0.008553708213      0.025645518661
    3     -0.014304363391     -0.014346220531     -0.046942406370
    4      0.048539837220      0.015401013543     -0.046772330443
    5      0.006956381072     -0.020273974725     -0.074753823620
    6     -0.009353711237      0.056649832098      0.057497327247
    7     -0.006753502060      0.007552972999     -0.053913293171
    8      0.000513641598     -0.112994058742     -0.038748069902
    9      0.126579012114      0.004964891891     -0.021430184987
   10     -0.061560401848      0.024803335964     -0.011519468203
   11      0.066211573391      0.037414259055     -0.004813933379
   12     -0.030214256187     -0.075524348631     -0.010812492821
   13      0.004130722161      0.007774882156     -0.000410382240
   14     -0.007502569970      0.055758300594     -0.056256939271
   15     -0.017687128308     -0.019496047954      0.010944785581
   16      0.046888636895     -0.024619542102      0.008883925913
   17     -0.007952646605     -0.011830547001     -0.044288330647
   18     -0.036404688364     -0.011359489264     -0.017247155122
   19     -0.028663677628      0.011536502504      0.013078522832
   20     -0.012841585122      0.021012442781      0.033499032800
   21     -0.045417451142      0.004087823021      0.119638155188
   22     -0.004928994257      0.072287034809     -0.108434212576
   23      0.018142393763      0.008463306560      0.029245933225
   24     -0.022222284754      0.023015115051      0.027929985189
   25      0.014404377829     -0.027004141212      0.011974317065
   26     -0.018607617917      0.049162975084      0.058278380324
   27      0.015142521024      0.062056224730     -0.034210844674
   28      0.009670552283      0.024262345451      0.035886221476
   29      0.007547341915     -0.013636193038      0.000542971145
   30      0.002055283141      0.066006988242     -0.011149710573
   31     -0.012372679583      0.040794134878      0.001519485385
   32     -0.093747243205      0.085135155635     -0.034947148032
   33     -0.046726009552     -0.059985520637     -0.020008855020
   34     -0.046963728192     -0.021017425740      0.016525246283
   35      0.020326049035     -0.033166268279      0.000287369059
   36     -0.060682352115      0.069971297638      0.013413332398
   37      0.016533118679     -0.056130436957     -0.004287112279
   38     -0.040641984582     -0.057600508487     -0.060791790776
   39      0.011961012067      0.034533183142      0.000238145535
   40      0.001693760367      0.043628677434     -0.008449679452
   41     -0.007364403928     -0.021024994207     -0.000438524608
   42      0.001461861824      0.020524154434      0.055695537443
   43      0.002978979340     -0.035652576426      0.031609766338
   44      0.022854828049      0.003174114292     -0.064114211044
   45      0.027379764532      0.018754098873     -0.040086342690
   46     -0.004900154718      0.031831813105      0.014021178094
   47      0.016575288334     -0.085272474535     -0.087510339155
   48      0.001163489155     -0.044284859380      0.010931742757
   49      0.088868880499     -0.056126873508      0.048451835869
   50     -0.036176503854     -0.005572171233      0.050654705298
   51      0.017745640702     -0.004695193475      0.053284874262
   52      0.001699549046      0.001958435715     -0.033050382568
   53     -0.074344930168     -0.017738435644      0.006873833531
   54      0.088327021990     -0.062006404127      0.029365502462
   55      0.035288452196      0.080089257227      0.065058610532
   56     -0.001135022726      0.018018612838      0.020183459972
   57      0.030667678929     -0.021230702945      0.005562317655
   58      0.028987373130     -0.012031953817     -0.020951285442
   59      0.053431879634     -0.058411784304      0.073046217584
   60     -0.032362846320     -0.006372867997      0.007040837129
   61      0.048043021476      0.008472232656      0.029148564468
   62     -0.048374833740     -0.008832834395     -0.029361323487

Maximal derivative component:        0.126579E+00 au

Dipole moment:   -0.04710717    0.06294522    0.07181676 au
Dipole moment:   -0.11973450    0.15999080    0.18254001 Debye


