 KPT            1  SPIN            1  KWEIGHT    1.0000000000000000     
     1   -20.837  2.00000
     2   -20.432  2.00000
     3   -20.418  2.00000
     4   -20.383  2.00000
     5   -19.674  2.00000
     6   -19.609  2.00000
     7   -19.581  2.00000
     8   -19.555  2.00000
     9   -19.535  2.00000
    10   -18.714  2.00000
    11   -18.658  2.00000
    12   -18.612  2.00000
    13   -18.233  2.00000
    14   -18.211  2.00000
    15   -18.196  2.00000
    16   -18.100  2.00000
    17   -17.130  2.00000
    18   -17.103  2.00000
    19   -17.085  2.00000
    20   -17.010  2.00000
    21   -16.935  2.00000
    22   -16.887  2.00000
    23   -16.827  2.00000
    24   -16.786  2.00000
    25   -16.712  2.00000
    26   -15.960  2.00000
    27   -15.854  2.00000
    28   -15.778  2.00000
    29   -15.762  2.00000
    30   -15.728  2.00000
    31   -15.046  2.00000
    32   -14.943  2.00000
    33   -14.906  2.00000
    34   -13.861  2.00000
    35   -13.830  2.00000
    36   -13.774  2.00000
    37   -13.745  2.00000
    38   -13.723  2.00000
    39   -13.701  2.00000
    40   -13.436  2.00000
    41   -13.396  2.00000
    42   -13.290  2.00000
    43   -13.231  2.00000
    44   -13.125  2.00000
    45   -11.950  2.00000
    46   -11.850  2.00000
    47   -11.821  2.00000
    48   -11.806  2.00000
    49   -11.780  2.00000
    50   -11.713  2.00000
    51   -11.661  2.00000
    52   -11.611  2.00000
    53   -11.595  2.00000
    54   -11.474  2.00000
    55   -10.822  2.00000
    56   -10.656  2.00000
    57   -10.611  2.00000
    58   -10.600  2.00000
    59   -10.373  2.00000
    60   -10.345  2.00000
    61   -10.314  2.00000
    62   -10.272  2.00000
    63   -10.240  2.00000
    64   -10.189  2.00000
    65   -10.093  2.00000
    66   -10.071  2.00000
    67   -10.026  2.00000
    68    -9.926  2.00000
    69    -9.641  2.00000
    70    -9.568  2.00000
    71    -9.526  2.00000
    72    -9.490  2.00000
    73    -9.455  2.00000
    74    -9.442  2.00000
    75    -9.413  2.00000
    76    -9.398  2.00000
    77    -9.365  2.00000
    78    -9.338  2.00000
    79    -9.315  2.00000
    80    -9.237  2.00000
    81    -9.216  2.00000
    82    -9.174  2.00000
    83    -9.141  2.00000
    84    -9.098  2.00000
    85    -9.069  2.00000
    86    -9.041  2.00000
    87    -8.649  2.00000
    88    -8.587  2.00000
    89    -8.564  2.00000
    90    -8.457  2.00000
    91    -8.409  2.00000
    92    -8.375  2.00000
    93    -8.332  2.00000
    94    -8.026  2.00000
    95    -8.003  2.00000
    96    -7.966  2.00000
    97    -7.945  2.00000
    98    -7.913  2.00000
    99    -7.809  2.00000
   100    -7.762  2.00000
   101    -7.733  2.00000
   102    -7.662  2.00000
   103    -7.656  2.00000
   104    -7.595  2.00000
   105    -7.515  2.00000
   106    -7.468  2.00000
   107    -7.368  2.00000
   108    -6.850  2.00000
   109    -6.802  2.00000
   110    -6.789  2.00000
   111    -6.646  2.00000
   112    -6.596  2.00000
   113    -6.570  2.00000
   114    -6.473  2.00000
   115    -6.436  2.00000
   116    -6.417  2.00000
   117    -5.870  2.00000
   118    -5.742  2.00000
   119    -5.616  2.00000
   120    -5.582  2.00000
   121    -5.557  2.00000
   122    -4.143  0.00000
   123    -3.983  0.00000
   124    -3.837  0.00000
   125    -3.245  0.00000
   126    -3.213  0.00000
   127    -3.136  0.00000
   128    -2.089  0.00000
   129    -1.987  0.00000
   130    -1.955  0.00000
   131    -1.790  0.00000
   132    -1.755  0.00000
   133    -1.684  0.00000
   134    -1.584  0.00000
   135    -1.507  0.00000
   136    -0.912  0.00000
   137    -0.806  0.00000
   138    -0.631  0.00000
   139    -0.569  0.00000
   140    -0.374  0.00000
   141    -0.176  0.00000
   142    -0.103  0.00000
   143     0.123  0.00000
   144     0.158  0.00000
   145     0.682  0.00000
   146     0.769  0.00000
   147     0.801  0.00000
   148     0.884  0.00000
   149     0.905  0.00000
   150     1.031  0.00000
   151     1.058  0.00000
   152     3.590  0.00000
   153     6.587  0.00000
   154     7.069  0.00000
   155     7.503  0.00000
   156     7.982  0.00000
   157     8.291  0.00000
   158     8.546  0.00000
   159     9.150  0.00000
   160     9.614  0.00000
   161     9.769  0.00000
   162    10.300  0.00000
   163    10.744  0.00000
   164    10.812  0.00000
   165    11.060  0.00000
   166    11.204  0.00000
   167    11.606  0.00000
   168    11.888  0.00000
   169    12.172  0.00000
   170    12.496  0.00000
   171    12.534  0.00000
   172    13.361  0.00000
   173    13.517  0.00000
   174    13.751  0.00000
   175    13.860  0.00000
   176    14.020  0.00000
   177    14.270  0.00000
   178    14.386  0.00000
   179    14.492  0.00000
   180    14.630  0.00000
   181    15.219  0.00000
   182    15.511  0.00000
   183    15.695  0.00000
   184    15.777  0.00000
   185    16.109  0.00000
   186    16.382  0.00000
   187    16.578  0.00000
   188    16.786  0.00000
   189    17.101  0.00000
   190    17.215  0.00000
   191    17.552  0.00000
   192    17.762  0.00000
   193    17.934  0.00000
   194    18.338  0.00000
   195    18.595  0.00000
   196    18.911  0.00000
   197    19.256  0.00000
   198    19.445  0.00000
   199    19.595  0.00000
   200    19.638  0.00000
   201    19.825  0.00000
   202    20.336  0.00000
   203    20.549  0.00000
   204    20.726  0.00000
   205    20.856  0.00000
   206    21.252  0.00000
   207    21.469  0.00000
   208    21.616  0.00000
   209    21.897  0.00000
   210    22.177  0.00000
   211    22.281  0.00000
   212    22.708  0.00000
   213    22.777  0.00000
   214    22.889  0.00000
   215    22.982  0.00000
   216    23.179  0.00000
   217    23.293  0.00000
   218    23.458  0.00000
   219    23.606  0.00000
   220    23.807  0.00000
   221    24.042  0.00000
   222    24.378  0.00000
   223    24.722  0.00000
   224    24.776  0.00000
   225    24.912  0.00000
   226    25.078  0.00000
   227    25.401  0.00000
   228    25.662  0.00000
   229    25.831  0.00000
   230    26.213  0.00000
   231    26.485  0.00000
   232    26.951  0.00000
   233    27.178  0.00000
   234    27.610  0.00000
   235    27.783  0.00000
   236    28.138  0.00000
   237    28.407  0.00000
   238    28.706  0.00000
   239    28.911  0.00000
   240    29.223  0.00000
   241    30.034  0.00000
   242    32.820  0.00000

