 Fermi distribution function

Calculation with static geometry


********************************************************************************
 iSCC Total electronic   Diff electronic      SCC error    
   17   -0.10432190E+03   -0.17895729E-09    0.68119565E-05
********************************************************************************

 Total charge:     0.00000001

 Atomic gross charges (e)
 Atom           Charge
    1      -0.03578856
    2      -0.02988616
    3       0.04673529
    4       0.03080970
    5      -0.01570995
    6      -0.00739785
    7       0.00138836
    8       0.01210871
    9       0.01217096
   10      -0.05142773
   11       0.04868310
   12      -0.04025174
   13       0.01934613
   14      -0.00066766
   15       0.01339601
   16       0.00675930
   17       0.02147885
   18       0.01670599
   19      -0.05119857
   20       0.00567627
   21       0.00682728
   22       0.01729401
   23       0.02175893
   24       0.00504830
   25      -0.02485363
   26       0.02837791
   27      -0.01127828
   28       0.02112130
   29       0.00812937
   30      -0.00807038
   31       0.00329290
   32      -0.04699344
   33       0.03678911
   34       0.02757825
   35      -0.00983280
   36       0.04164606
   37      -0.00670477
   38       0.03228295
   39      -0.00827203
   40      -0.01763690
   41      -0.00816931
   42      -0.01787822
   43      -0.02788809
   44      -0.00543239
   45      -0.03231442
   46       0.01088762
   47      -0.01401270
   48       0.00693366
   49       0.00048592
   50      -0.01912000
   51       0.00554515
   52      -0.00036200
   53      -0.01234638
   54       0.01204975
   55      -0.06583770
   56      -0.00458434
   57       0.03404082
   58       0.00136059
   59      -0.00229649
   60       0.02170570
   61      -0.00113718
   62      -0.00106454

Nr. of electrons (up):    241.99999999
Atom populations (up)
 Atom       Population
    1       4.03578856
    2       4.02988616
    3       3.95326471
    4       3.96919030
    5       4.01570995
    6       4.00739785
    7       3.99861164
    8       3.98789129
    9       3.98782904
   10       4.05142773
   11       3.95131690
   12       4.04025174
   13       3.98065387
   14       4.00066766
   15       3.98660399
   16       3.99324070
   17       3.97852115
   18       3.98329401
   19       4.05119857
   20       3.99432373
   21       3.99317272
   22       3.98270599
   23       3.97824107
   24       3.99495170
   25       4.02485363
   26       3.97162209
   27       4.01127828
   28       3.97887870
   29       3.99187063
   30       4.00807038
   31       3.99670710
   32       4.04699344
   33       3.96321089
   34       3.97242175
   35       4.00983280
   36       3.95835394
   37       4.00670477
   38       3.96771705
   39       4.00827203
   40       4.01763690
   41       4.00816931
   42       4.01787822
   43       4.02788809
   44       4.00543239
   45       4.03231442
   46       3.98911238
   47       4.01401270
   48       3.99306634
   49       3.99951408
   50       4.01912000
   51       3.99445485
   52       4.00036200
   53       4.01234638
   54       3.98795025
   55       4.06583770
   56       4.00458434
   57       3.96595918
   58       3.99863941
   59       4.00229649
   60       3.97829430
   61       1.00113718
   62       1.00106454

l-shell populations (up)
 Atom Sh.   l       Population
    1   1   0       1.21203044
    1   2   1       2.82375812
    2   1   0       1.23116179
    2   2   1       2.79872437
    3   1   0       1.15855122
    3   2   1       2.79471349
    4   1   0       1.21459471
    4   2   1       2.75459560
    5   1   0       1.20649139
    5   2   1       2.80921857
    6   1   0       1.19914833
    6   2   1       2.80824952
    7   1   0       1.21335541
    7   2   1       2.78525623
    8   1   0       1.20665168
    8   2   1       2.78123961
    9   1   0       1.21084127
    9   2   1       2.77698777
   10   1   0       1.23938257
   10   2   1       2.81204516
   11   1   0       1.18923018
   11   2   1       2.76208672
   12   1   0       1.20836546
   12   2   1       2.83188628
   13   1   0       1.18148040
   13   2   1       2.79917347
   14   1   0       1.22431227
   14   2   1       2.77635539
   15   1   0       1.22121077
   15   2   1       2.76539322
   16   1   0       1.18671210
   16   2   1       2.80652860
   17   1   0       1.20699271
   17   2   1       2.77152844
   18   1   0       1.18324602
   18   2   1       2.80004799
   19   1   0       1.25438919
   19   2   1       2.79680938
   20   1   0       1.21175673
   20   2   1       2.78256700
   21   1   0       1.19679576
   21   2   1       2.79637696
   22   1   0       1.20438878
   22   2   1       2.77831722
   23   1   0       1.18678132
   23   2   1       2.79145976
   24   1   0       1.23168516
   24   2   1       2.76326655
   25   1   0       1.22617162
   25   2   1       2.79868200
   26   1   0       1.19284691
   26   2   1       2.77877518
   27   1   0       1.21143089
   27   2   1       2.79984739
   28   1   0       1.18029710
   28   2   1       2.79858160
   29   1   0       1.19457406
   29   2   1       2.79729657
   30   1   0       1.22189766
   30   2   1       2.78617273
   31   1   0       1.21046946
   31   2   1       2.78623764
   32   1   0       1.21604700
   32   2   1       2.83094645
   33   1   0       1.18131050
   33   2   1       2.78190039
   34   1   0       1.23087190
   34   2   1       2.74154985
   35   1   0       1.18144699
   35   2   1       2.82838581
   36   1   0       1.19328542
   36   2   1       2.76506852
   37   1   0       1.21312206
   37   2   1       2.79358271
   38   1   0       1.20565057
   38   2   1       2.76206648
   39   1   0       1.21794958
   39   2   1       2.79032245
   40   1   0       1.22555642
   40   2   1       2.79208048
   41   1   0       1.20269071
   41   2   1       2.80547860
   42   1   0       1.20923181
   42   2   1       2.80864641
   43   1   0       1.21424150
   43   2   1       2.81364659
   44   1   0       1.19737859
   44   2   1       2.80805380
   45   1   0       1.21919097
   45   2   1       2.81312345
   46   1   0       1.19104217
   46   2   1       2.79807021
   47   1   0       1.21610677
   47   2   1       2.79790593
   48   1   0       1.18963999
   48   2   1       2.80342635
   49   1   0       1.19445518
   49   2   1       2.80505890
   50   1   0       1.21377539
   50   2   1       2.80534462
   51   1   0       1.19464005
   51   2   1       2.79981481
   52   1   0       1.19740054
   52   2   1       2.80296146
   53   1   0       1.20304943
   53   2   1       2.80929695
   54   1   0       1.20472432
   54   2   1       2.78322593
   55   1   0       1.25311300
   55   2   1       2.81272470
   56   1   0       1.19546803
   56   2   1       2.80911631
   57   1   0       1.20254843
   57   2   1       2.76341075
   58   1   0       1.20476280
   58   2   1       2.79387661
   59   1   0       1.20557350
   59   2   1       2.79672299
   60   1   0       1.16466201
   60   2   1       2.81363229
   61   1   0       1.00113718
   62   1   0       1.00106454

Orbital populations (up)
 Atom Sh.   l   m       Population  Label
    1   1   0   0       1.21203044  s
    1   2   1  -1       1.00548647  p_y
    1   2   1   0       0.90343832  p_z
    1   2   1   1       0.91483333  p_x
    2   1   0   0       1.23116179  s
    2   2   1  -1       1.00194557  p_y
    2   2   1   0       0.88878722  p_z
    2   2   1   1       0.90799158  p_x
    3   1   0   0       1.15855122  s
    3   2   1  -1       0.97684626  p_y
    3   2   1   0       0.90786270  p_z
    3   2   1   1       0.91000452  p_x
    4   1   0   0       1.21459471  s
    4   2   1  -1       0.96841728  p_y
    4   2   1   0       0.88901629  p_z
    4   2   1   1       0.89716202  p_x
    5   1   0   0       1.20649139  s
    5   2   1  -1       0.89790189  p_y
    5   2   1   0       0.91251177  p_z
    5   2   1   1       0.99880491  p_x
    6   1   0   0       1.19914833  s
    6   2   1  -1       0.89374792  p_y
    6   2   1   0       0.91770172  p_z
    6   2   1   1       0.99679988  p_x
    7   1   0   0       1.21335541  s
    7   2   1  -1       0.89881801  p_y
    7   2   1   0       0.90962225  p_z
    7   2   1   1       0.97681596  p_x
    8   1   0   0       1.20665168  s
    8   2   1  -1       0.88750233  p_y
    8   2   1   0       0.90574933  p_z
    8   2   1   1       0.98798796  p_x
    9   1   0   0       1.21084127  s
    9   2   1  -1       0.90787339  p_y
    9   2   1   0       0.97575010  p_z
    9   2   1   1       0.89336428  p_x
   10   1   0   0       1.23938257  s
   10   2   1  -1       0.91799511  p_y
   10   2   1   0       1.00768475  p_z
   10   2   1   1       0.88636530  p_x
   11   1   0   0       1.18923018  s
   11   2   1  -1       0.92424051  p_y
   11   2   1   0       0.95151412  p_z
   11   2   1   1       0.88633209  p_x
   12   1   0   0       1.20836546  s
   12   2   1  -1       0.90888771  p_y
   12   2   1   0       1.02789006  p_z
   12   2   1   1       0.89510851  p_x
   13   1   0   0       1.18148040  s
   13   2   1  -1       0.97702774  p_y
   13   2   1   0       0.92144907  p_z
   13   2   1   1       0.90069666  p_x
   14   1   0   0       1.22431227  s
   14   2   1  -1       0.97736346  p_y
   14   2   1   0       0.91914268  p_z
   14   2   1   1       0.87984925  p_x
   15   1   0   0       1.22121077  s
   15   2   1  -1       0.96801653  p_y
   15   2   1   0       0.92272761  p_z
   15   2   1   1       0.87464908  p_x
   16   1   0   0       1.18671210  s
   16   2   1  -1       0.98808936  p_y
   16   2   1   0       0.93546408  p_z
   16   2   1   1       0.88297517  p_x
   17   1   0   0       1.20699271  s
   17   2   1  -1       0.96465346  p_y
   17   2   1   0       0.91879548  p_z
   17   2   1   1       0.88807950  p_x
   18   1   0   0       1.18324602  s
   18   2   1  -1       0.98690054  p_y
   18   2   1   0       0.91742292  p_z
   18   2   1   1       0.89572453  p_x
   19   1   0   0       1.25438919  s
   19   2   1  -1       0.97908154  p_y
   19   2   1   0       0.92680856  p_z
   19   2   1   1       0.89091928  p_x
   20   1   0   0       1.21175673  s
   20   2   1  -1       0.97809714  p_y
   20   2   1   0       0.91586308  p_z
   20   2   1   1       0.88860678  p_x
   21   1   0   0       1.19679576  s
   21   2   1  -1       0.92540672  p_y
   21   2   1   0       0.90744901  p_z
   21   2   1   1       0.96352123  p_x
   22   1   0   0       1.20438878  s
   22   2   1  -1       0.91865729  p_y
   22   2   1   0       0.89082866  p_z
   22   2   1   1       0.96883127  p_x
   23   1   0   0       1.18678132  s
   23   2   1  -1       0.92308858  p_y
   23   2   1   0       0.88975941  p_z
   23   2   1   1       0.97861177  p_x
   24   1   0   0       1.23168516  s
   24   2   1  -1       0.90426521  p_y
   24   2   1   0       0.88085163  p_z
   24   2   1   1       0.97814970  p_x
   25   1   0   0       1.22617162  s
   25   2   1  -1       0.92303147  p_y
   25   2   1   0       0.88523934  p_z
   25   2   1   1       0.99041119  p_x
   26   1   0   0       1.19284691  s
   26   2   1  -1       0.91350584  p_y
   26   2   1   0       0.89639871  p_z
   26   2   1   1       0.96887063  p_x
   27   1   0   0       1.21143089  s
   27   2   1  -1       0.91650453  p_y
   27   2   1   0       0.89058139  p_z
   27   2   1   1       0.99276146  p_x
   28   1   0   0       1.18029710  s
   28   2   1  -1       0.92725098  p_y
   28   2   1   0       0.88965428  p_z
   28   2   1   1       0.98167634  p_x
   29   1   0   0       1.19457406  s
   29   2   1  -1       0.89261565  p_y
   29   2   1   0       0.97268985  p_z
   29   2   1   1       0.93199107  p_x
   30   1   0   0       1.22189766  s
   30   2   1  -1       0.88047951  p_y
   30   2   1   0       0.97760135  p_z
   30   2   1   1       0.92809187  p_x
   31   1   0   0       1.21046946  s
   31   2   1  -1       0.89476860  p_y
   31   2   1   0       0.96936769  p_z
   31   2   1   1       0.92210135  p_x
   32   1   0   0       1.21604700  s
   32   2   1  -1       0.90004198  p_y
   32   2   1   0       1.01565153  p_z
   32   2   1   1       0.91525294  p_x
   33   1   0   0       1.18131050  s
   33   2   1  -1       0.89270017  p_y
   33   2   1   0       0.97616951  p_z
   33   2   1   1       0.91303071  p_x
   34   1   0   0       1.23087190  s
   34   2   1  -1       0.86926501  p_y
   34   2   1   0       0.95020504  p_z
   34   2   1   1       0.92207979  p_x
   35   1   0   0       1.18144699  s
   35   2   1  -1       0.89510574  p_y
   35   2   1   0       1.00300678  p_z
   35   2   1   1       0.93027329  p_x
   36   1   0   0       1.19328542  s
   36   2   1  -1       0.89765475  p_y
   36   2   1   0       0.95220011  p_z
   36   2   1   1       0.91521365  p_x
   37   1   0   0       1.21312206  s
   37   2   1  -1       0.94521148  p_y
   37   2   1   0       0.89151842  p_z
   37   2   1   1       0.95685281  p_x
   38   1   0   0       1.20565057  s
   38   2   1  -1       0.93496146  p_y
   38   2   1   0       0.88878366  p_z
   38   2   1   1       0.93832137  p_x
   39   1   0   0       1.21794958  s
   39   2   1  -1       0.92365465  p_y
   39   2   1   0       0.90994363  p_z
   39   2   1   1       0.95672417  p_x
   40   1   0   0       1.22555642  s
   40   2   1  -1       0.95904698  p_y
   40   2   1   0       0.89369114  p_z
   40   2   1   1       0.93934237  p_x
   41   1   0   0       1.20269071  s
   41   2   1  -1       0.95784509  p_y
   41   2   1   0       0.90334695  p_z
   41   2   1   1       0.94428656  p_x
   42   1   0   0       1.20923181  s
   42   2   1  -1       0.96139369  p_y
   42   2   1   0       0.90583781  p_z
   42   2   1   1       0.94141492  p_x
   43   1   0   0       1.21424150  s
   43   2   1  -1       0.96214887  p_y
   43   2   1   0       0.90782310  p_z
   43   2   1   1       0.94367463  p_x
   44   1   0   0       1.19737859  s
   44   2   1  -1       0.95245607  p_y
   44   2   1   0       0.90148231  p_z
   44   2   1   1       0.95411542  p_x
   45   1   0   0       1.21919097  s
   45   2   1  -1       0.91572396  p_y
   45   2   1   0       0.95667395  p_z
   45   2   1   1       0.94072554  p_x
   46   1   0   0       1.19104217  s
   46   2   1  -1       0.91030808  p_y
   46   2   1   0       0.95503725  p_z
   46   2   1   1       0.93272488  p_x
   47   1   0   0       1.21610677  s
   47   2   1  -1       0.91496895  p_y
   47   2   1   0       0.94084061  p_z
   47   2   1   1       0.94209637  p_x
   48   1   0   0       1.18963999  s
   48   2   1  -1       0.90245539  p_y
   48   2   1   0       0.94745262  p_z
   48   2   1   1       0.95351833  p_x
   49   1   0   0       1.19445518  s
   49   2   1  -1       0.91415984  p_y
   49   2   1   0       0.92564661  p_z
   49   2   1   1       0.96525244  p_x
   50   1   0   0       1.21377539  s
   50   2   1  -1       0.90146123  p_y
   50   2   1   0       0.96229012  p_z
   50   2   1   1       0.94159327  p_x
   51   1   0   0       1.19464005  s
   51   2   1  -1       0.90607547  p_y
   51   2   1   0       0.93938317  p_z
   51   2   1   1       0.95435616  p_x
   52   1   0   0       1.19740054  s
   52   2   1  -1       0.89430306  p_y
   52   2   1   0       0.96218961  p_z
   52   2   1   1       0.94646879  p_x
   53   1   0   0       1.20304943  s
   53   2   1  -1       0.93357778  p_y
   53   2   1   0       0.96446116  p_z
   53   2   1   1       0.91125801  p_x
   54   1   0   0       1.20472432  s
   54   2   1  -1       0.92274409  p_y
   54   2   1   0       0.95334787  p_z
   54   2   1   1       0.90713396  p_x
   55   1   0   0       1.25311300  s
   55   2   1  -1       0.96207526  p_y
   55   2   1   0       0.94772370  p_z
   55   2   1   1       0.90292575  p_x
   56   1   0   0       1.19546803  s
   56   2   1  -1       0.93365803  p_y
   56   2   1   0       0.97416629  p_z
   56   2   1   1       0.90129199  p_x
   57   1   0   0       1.20254843  s
   57   2   1  -1       0.93138579  p_y
   57   2   1   0       0.93222458  p_z
   57   2   1   1       0.89980038  p_x
   58   1   0   0       1.20476280  s
   58   2   1  -1       0.94828480  p_y
   58   2   1   0       0.94603478  p_z
   58   2   1   1       0.89955703  p_x
   59   1   0   0       1.20557350  s
   59   2   1  -1       0.93701623  p_y
   59   2   1   0       0.95376720  p_z
   59   2   1   1       0.90593956  p_x
   60   1   0   0       1.16466201  s
   60   2   1  -1       0.95333592  p_y
   60   2   1   0       0.95544981  p_z
   60   2   1   1       0.90484656  p_x
   61   1   0   0       1.00113718  s
   62   1   0   0       1.00106454  s

Fermi level:                        -0.1785514638 H           -4.8586 eV
Band energy:                      -104.4305142462 H        -2841.6989 eV
TS:                                  0.0000000005 H            0.0000 eV
Band free energy (E-TS):          -104.4305142468 H        -2841.6989 eV
Extrapolated E(0K):               -104.4305142465 H        -2841.6989 eV
Input / Output electrons (q):    241.9999999940    241.9999999940

Energy H0:                        -104.3227715850 H        -2838.7670 eV
Energy SCC:                          0.0008752738 H            0.0238 eV
Total Electronic energy:          -104.3218963112 H        -2838.7432 eV
Repulsive energy:                    1.5842212268 H           43.1089 eV
Total energy:                     -102.7376750845 H        -2795.6344 eV
Extrapolated to 0:                -102.7376750847 H        -2795.6344 eV
Total Mermin free energy:         -102.7376750850 H        -2795.6344 eV
Force related energy:             -102.7376750850 H        -2795.6344 eV

SCC converged

Total Forces
    1     -0.041622383492     -0.010513941258      0.099688459232
    2      0.030583300224      0.034884657496      0.048182957321
    3      0.077444773733      0.036381878496      0.012920235225
    4      0.001851243615      0.017268584471     -0.006411894092
    5     -0.016291667448      0.039991995350     -0.047838869071
    6     -0.005402289720     -0.056633768020      0.020552250800
    7     -0.000086555992     -0.036487231924     -0.032853654470
    8     -0.017640611742      0.043415830128      0.050685957974
    9     -0.070337257804      0.021338347063      0.007170302245
   10      0.001917598469      0.024129336812     -0.022371952264
   11     -0.040396996881      0.015536831398     -0.043979712325
   12      0.056127872838      0.050775536303      0.017572514149
   13     -0.010281025121      0.056220874905     -0.057922836113
   14     -0.000813239622      0.010457317502     -0.022023790193
   15      0.012332747995     -0.018405639784     -0.033015614074
   16      0.026908582885      0.026974703444      0.029089654788
   17     -0.037419076984     -0.017012418028     -0.072565247556
   18     -0.066586759155     -0.055054879415     -0.102135658148
   19      0.016178627614      0.023652201977      0.025194310691
   20     -0.008909115181      0.003537273226      0.025578080339
   21      0.019906176555      0.009988552646     -0.015380025032
   22     -0.005359620848     -0.019891720164      0.025370036468
   23      0.011073071304     -0.016187222273     -0.030318209242
   24      0.016148009394     -0.038626835900     -0.024480686148
   25      0.015443366053      0.001543378527      0.010540250380
   26      0.038414081080      0.064268329256     -0.059872914514
   27      0.040465285046      0.068882891022      0.017494079001
   28     -0.002009777053      0.005397966925     -0.036396301611
   29      0.015708539438     -0.084648396794      0.051923525935
   30      0.039308601669      0.026313880247      0.006196159795
   31      0.052183776268     -0.024523842944     -0.031587080374
   32     -0.024338436253      0.051414804917      0.026272962377
   33      0.079360992847     -0.003390083538      0.066596963992
   34     -0.014027837848      0.038187296851      0.027457081869
   35      0.047452618923     -0.016594142086     -0.004086628276
   36     -0.063504839119     -0.054597584057      0.019450330904
   37      0.046700775900     -0.048608664269      0.024195802739
   38     -0.082852067873     -0.062126785727     -0.043220550024
   39     -0.011879992024      0.002710045194      0.041044350512
   40      0.009681547075     -0.008275170253     -0.009387469740
   41     -0.013324720779     -0.009517531783      0.008776271462
   42     -0.008318949294      0.008802860509      0.011735886809
   43      0.012647165667     -0.010975342628     -0.002118005186
   44      0.041673861484     -0.021329483992      0.002052648342
   45      0.002730266686      0.009663258393      0.016408135909
   46     -0.006078514269     -0.104214866157      0.021248935041
   47      0.016152940893      0.000622747126     -0.015102614685
   48     -0.074207451346     -0.025791059069     -0.091945716461
   49      0.011078233765      0.089208970496      0.042987602961
   50     -0.065410439822      0.036209592155      0.076380550443
   51      0.004017880117      0.048516865160      0.003337332199
   52      0.010118548829      0.007827893850     -0.002129877300
   53      0.012600304096      0.039996031125     -0.034348987127
   54     -0.007336766378     -0.053506008832      0.042237087643
   55     -0.001264030743     -0.044441910657      0.002127235134
   56      0.030653692623      0.007335288696      0.020709365406
   57     -0.021025503967     -0.045380656318     -0.082488338843
   58     -0.026726326046     -0.003573871648      0.003653051928
   59     -0.062656485912     -0.022284517307     -0.003540754455
   60      0.009515669186     -0.008058384219      0.022880330176
   61     -0.020097651412     -0.001132126671      0.006381429779
   62      0.019826237858      0.000328064045     -0.006568742646

Maximal derivative component:        0.104215E+00 au

Dipole moment:    0.06218247    0.06073994    0.09485199 au
Dipole moment:    0.15805210    0.15438554    0.24108973 Debye


