 Fermi distribution function

Calculation with static geometry


********************************************************************************
 iSCC Total electronic   Diff electronic      SCC error    
   17   -0.10442850E+03   -0.11687007E-09    0.57328308E-05
********************************************************************************

 Total charge:    -0.00000000

 Atomic gross charges (e)
 Atom           Charge
    1       0.00768624
    2       0.05835093
    3      -0.00385175
    4      -0.01987117
    5       0.00413814
    6      -0.02393137
    7      -0.00257073
    8      -0.00991204
    9       0.05222554
   10      -0.06202525
   11       0.02158643
   12      -0.03156992
   13      -0.00379739
   14      -0.01077147
   15      -0.02763046
   16       0.03675253
   17      -0.05875202
   18      -0.00999649
   19      -0.01502063
   20       0.02671092
   21       0.01192617
   22       0.00562411
   23       0.01715992
   24       0.01186599
   25      -0.02406063
   26       0.00690948
   27      -0.01463625
   28       0.02542290
   29      -0.00471832
   30       0.03761504
   31      -0.02683512
   32      -0.01987980
   33      -0.02467920
   34       0.02191564
   35      -0.02896169
   36       0.01533882
   37      -0.04109075
   38       0.00428857
   39       0.02260910
   40       0.05500058
   41      -0.05524209
   42      -0.01030631
   43      -0.00411664
   44       0.01762576
   45      -0.03069782
   46       0.02241794
   47       0.00380773
   48       0.03979669
   49       0.00237596
   50       0.01047584
   51       0.00321175
   52      -0.04560700
   53      -0.00839228
   54       0.02986006
   55      -0.00527602
   56      -0.00792365
   57       0.00290865
   58       0.04709153
   59      -0.00515402
   60       0.01879383
   61      -0.00146294
   62      -0.00275159

Nr. of electrons (up):    242.00000000
Atom populations (up)
 Atom       Population
    1       3.99231376
    2       3.94164907
    3       4.00385175
    4       4.01987117
    5       3.99586186
    6       4.02393137
    7       4.00257073
    8       4.00991204
    9       3.94777446
   10       4.06202525
   11       3.97841357
   12       4.03156992
   13       4.00379739
   14       4.01077147
   15       4.02763046
   16       3.96324747
   17       4.05875202
   18       4.00999649
   19       4.01502063
   20       3.97328908
   21       3.98807383
   22       3.99437589
   23       3.98284008
   24       3.98813401
   25       4.02406063
   26       3.99309052
   27       4.01463625
   28       3.97457710
   29       4.00471832
   30       3.96238496
   31       4.02683512
   32       4.01987980
   33       4.02467920
   34       3.97808436
   35       4.02896169
   36       3.98466118
   37       4.04109075
   38       3.99571143
   39       3.97739090
   40       3.94499942
   41       4.05524209
   42       4.01030631
   43       4.00411664
   44       3.98237424
   45       4.03069782
   46       3.97758206
   47       3.99619227
   48       3.96020331
   49       3.99762404
   50       3.98952416
   51       3.99678825
   52       4.04560700
   53       4.00839228
   54       3.97013994
   55       4.00527602
   56       4.00792365
   57       3.99709135
   58       3.95290847
   59       4.00515402
   60       3.98120617
   61       1.00146294
   62       1.00275159

l-shell populations (up)
 Atom Sh.   l       Population
    1   1   0       1.19826855
    1   2   1       2.79404521
    2   1   0       1.17154362
    2   2   1       2.77010545
    3   1   0       1.19237193
    3   2   1       2.81147982
    4   1   0       1.19718339
    4   2   1       2.82268778
    5   1   0       1.19581550
    5   2   1       2.80004635
    6   1   0       1.23034736
    6   2   1       2.79358401
    7   1   0       1.20964706
    7   2   1       2.79292366
    8   1   0       1.22073579
    8   2   1       2.78917625
    9   1   0       1.16764061
    9   2   1       2.78013385
   10   1   0       1.23034037
   10   2   1       2.83168487
   11   1   0       1.22633329
   11   2   1       2.75208028
   12   1   0       1.21025830
   12   2   1       2.82131162
   13   1   0       1.19506148
   13   2   1       2.80873591
   14   1   0       1.21188352
   14   2   1       2.79888795
   15   1   0       1.20316256
   15   2   1       2.82446790
   16   1   0       1.18978048
   16   2   1       2.77346699
   17   1   0       1.21928105
   17   2   1       2.83947097
   18   1   0       1.19010765
   18   2   1       2.81988884
   19   1   0       1.22386904
   19   2   1       2.79115160
   20   1   0       1.20471936
   20   2   1       2.76856972
   21   1   0       1.21030760
   21   2   1       2.77776623
   22   1   0       1.22889640
   22   2   1       2.76547949
   23   1   0       1.18699066
   23   2   1       2.79584942
   24   1   0       1.21118103
   24   2   1       2.77695299
   25   1   0       1.20542837
   25   2   1       2.81863227
   26   1   0       1.19340735
   26   2   1       2.79968317
   27   1   0       1.21540123
   27   2   1       2.79923501
   28   1   0       1.20629545
   28   2   1       2.76828165
   29   1   0       1.20342635
   29   2   1       2.80129197
   30   1   0       1.17446239
   30   2   1       2.78792257
   31   1   0       1.19773874
   31   2   1       2.82909638
   32   1   0       1.21867183
   32   2   1       2.80120797
   33   1   0       1.22971140
   33   2   1       2.79496780
   34   1   0       1.18863628
   34   2   1       2.78944808
   35   1   0       1.20586232
   35   2   1       2.82309937
   36   1   0       1.21871554
   36   2   1       2.76594564
   37   1   0       1.21349791
   37   2   1       2.82759284
   38   1   0       1.21133839
   38   2   1       2.78437304
   39   1   0       1.19214713
   39   2   1       2.78524377
   40   1   0       1.18665693
   40   2   1       2.75834249
   41   1   0       1.23945371
   41   2   1       2.81578838
   42   1   0       1.24739884
   42   2   1       2.76290747
   43   1   0       1.19473312
   43   2   1       2.80938352
   44   1   0       1.19721841
   44   2   1       2.78515583
   45   1   0       1.22845312
   45   2   1       2.80224469
   46   1   0       1.20251889
   46   2   1       2.77506316
   47   1   0       1.19293329
   47   2   1       2.80325898
   48   1   0       1.20149308
   48   2   1       2.75871023
   49   1   0       1.19347357
   49   2   1       2.80415048
   50   1   0       1.20802638
   50   2   1       2.78149779
   51   1   0       1.16933255
   51   2   1       2.82745571
   52   1   0       1.23306427
   52   2   1       2.81254273
   53   1   0       1.19584709
   53   2   1       2.81254519
   54   1   0       1.19214453
   54   2   1       2.77799541
   55   1   0       1.20742537
   55   2   1       2.79785065
   56   1   0       1.21951418
   56   2   1       2.78840946
   57   1   0       1.19791395
   57   2   1       2.79917741
   58   1   0       1.16669765
   58   2   1       2.78621081
   59   1   0       1.16977371
   59   2   1       2.83538031
   60   1   0       1.17840023
   60   2   1       2.80280595
   61   1   0       1.00146294
   62   1   0       1.00275159

Orbital populations (up)
 Atom Sh.   l   m       Population  Label
    1   1   0   0       1.19826855  s
    1   2   1  -1       0.98305533  p_y
    1   2   1   0       0.90089056  p_z
    1   2   1   1       0.91009932  p_x
    2   1   0   0       1.17154362  s
    2   2   1  -1       0.96518514  p_y
    2   2   1   0       0.89205273  p_z
    2   2   1   1       0.91286758  p_x
    3   1   0   0       1.19237193  s
    3   2   1  -1       0.99480708  p_y
    3   2   1   0       0.90222639  p_z
    3   2   1   1       0.91444636  p_x
    4   1   0   0       1.19718339  s
    4   2   1  -1       1.02430259  p_y
    4   2   1   0       0.89814420  p_z
    4   2   1   1       0.90024100  p_x
    5   1   0   0       1.19581550  s
    5   2   1  -1       0.89907628  p_y
    5   2   1   0       0.90445612  p_z
    5   2   1   1       0.99651396  p_x
    6   1   0   0       1.23034736  s
    6   2   1  -1       0.89164170  p_y
    6   2   1   0       0.90091439  p_z
    6   2   1   1       1.00102791  p_x
    7   1   0   0       1.20964706  s
    7   2   1  -1       0.89968750  p_y
    7   2   1   0       0.90192513  p_z
    7   2   1   1       0.99131103  p_x
    8   1   0   0       1.22073579  s
    8   2   1  -1       0.88421081  p_y
    8   2   1   0       0.92218846  p_z
    8   2   1   1       0.98277698  p_x
    9   1   0   0       1.16764061  s
    9   2   1  -1       0.91128239  p_y
    9   2   1   0       0.96703516  p_z
    9   2   1   1       0.90181631  p_x
   10   1   0   0       1.23034037  s
   10   2   1  -1       0.91289829  p_y
   10   2   1   0       1.01762978  p_z
   10   2   1   1       0.90115680  p_x
   11   1   0   0       1.22633329  s
   11   2   1  -1       0.89881946  p_y
   11   2   1   0       0.96757005  p_z
   11   2   1   1       0.88569077  p_x
   12   1   0   0       1.21025830  s
   12   2   1  -1       0.91368050  p_y
   12   2   1   0       1.01972437  p_z
   12   2   1   1       0.88790675  p_x
   13   1   0   0       1.19506148  s
   13   2   1  -1       0.97476475  p_y
   13   2   1   0       0.93583255  p_z
   13   2   1   1       0.89813861  p_x
   14   1   0   0       1.21188352  s
   14   2   1  -1       0.97469602  p_y
   14   2   1   0       0.92780693  p_z
   14   2   1   1       0.89638500  p_x
   15   1   0   0       1.20316256  s
   15   2   1  -1       1.00064256  p_y
   15   2   1   0       0.93957007  p_z
   15   2   1   1       0.88425527  p_x
   16   1   0   0       1.18978048  s
   16   2   1  -1       0.96035308  p_y
   16   2   1   0       0.92777159  p_z
   16   2   1   1       0.88534231  p_x
   17   1   0   0       1.21928105  s
   17   2   1  -1       1.00204204  p_y
   17   2   1   0       0.93163500  p_z
   17   2   1   1       0.90579394  p_x
   18   1   0   0       1.19010765  s
   18   2   1  -1       0.98573343  p_y
   18   2   1   0       0.93427037  p_z
   18   2   1   1       0.89988504  p_x
   19   1   0   0       1.22386904  s
   19   2   1  -1       0.97717148  p_y
   19   2   1   0       0.93661064  p_z
   19   2   1   1       0.87736947  p_x
   20   1   0   0       1.20471936  s
   20   2   1  -1       0.95736180  p_y
   20   2   1   0       0.92683951  p_z
   20   2   1   1       0.88436842  p_x
   21   1   0   0       1.21030760  s
   21   2   1  -1       0.92922556  p_y
   21   2   1   0       0.87957602  p_z
   21   2   1   1       0.96896464  p_x
   22   1   0   0       1.22889640  s
   22   2   1  -1       0.92114854  p_y
   22   2   1   0       0.88433321  p_z
   22   2   1   1       0.95999774  p_x
   23   1   0   0       1.18699066  s
   23   2   1  -1       0.92066133  p_y
   23   2   1   0       0.90283980  p_z
   23   2   1   1       0.97234829  p_x
   24   1   0   0       1.21118103  s
   24   2   1  -1       0.91428204  p_y
   24   2   1   0       0.88839346  p_z
   24   2   1   1       0.97427748  p_x
   25   1   0   0       1.20542837  s
   25   2   1  -1       0.92307909  p_y
   25   2   1   0       0.89770061  p_z
   25   2   1   1       0.99785256  p_x
   26   1   0   0       1.19340735  s
   26   2   1  -1       0.93833003  p_y
   26   2   1   0       0.90494425  p_z
   26   2   1   1       0.95640889  p_x
   27   1   0   0       1.21540123  s
   27   2   1  -1       0.90682625  p_y
   27   2   1   0       0.89872140  p_z
   27   2   1   1       0.99368737  p_x
   28   1   0   0       1.20629545  s
   28   2   1  -1       0.91263238  p_y
   28   2   1   0       0.88912504  p_z
   28   2   1   1       0.96652424  p_x
   29   1   0   0       1.20342635  s
   29   2   1  -1       0.90669186  p_y
   29   2   1   0       0.99245357  p_z
   29   2   1   1       0.90214655  p_x
   30   1   0   0       1.17446239  s
   30   2   1  -1       0.89904849  p_y
   30   2   1   0       0.96724633  p_z
   30   2   1   1       0.92162774  p_x
   31   1   0   0       1.19773874  s
   31   2   1  -1       0.91024375  p_y
   31   2   1   0       0.98553397  p_z
   31   2   1   1       0.93331865  p_x
   32   1   0   0       1.21867183  s
   32   2   1  -1       0.88697546  p_y
   32   2   1   0       0.98684455  p_z
   32   2   1   1       0.92738797  p_x
   33   1   0   0       1.22971140  s
   33   2   1  -1       0.89751632  p_y
   33   2   1   0       0.95885742  p_z
   33   2   1   1       0.93859407  p_x
   34   1   0   0       1.18863628  s
   34   2   1  -1       0.89738460  p_y
   34   2   1   0       0.96571999  p_z
   34   2   1   1       0.92634349  p_x
   35   1   0   0       1.20586232  s
   35   2   1  -1       0.90732880  p_y
   35   2   1   0       0.98415574  p_z
   35   2   1   1       0.93161482  p_x
   36   1   0   0       1.21871554  s
   36   2   1  -1       0.88684575  p_y
   36   2   1   0       0.95296054  p_z
   36   2   1   1       0.92613936  p_x
   37   1   0   0       1.21349791  s
   37   2   1  -1       0.95241733  p_y
   37   2   1   0       0.91513771  p_z
   37   2   1   1       0.96003781  p_x
   38   1   0   0       1.21133839  s
   38   2   1  -1       0.93689503  p_y
   38   2   1   0       0.89174046  p_z
   38   2   1   1       0.95573754  p_x
   39   1   0   0       1.19214713  s
   39   2   1  -1       0.92665941  p_y
   39   2   1   0       0.90028512  p_z
   39   2   1   1       0.95829924  p_x
   40   1   0   0       1.18665693  s
   40   2   1  -1       0.92765294  p_y
   40   2   1   0       0.90327525  p_z
   40   2   1   1       0.92741430  p_x
   41   1   0   0       1.23945371  s
   41   2   1  -1       0.96155655  p_y
   41   2   1   0       0.90438060  p_z
   41   2   1   1       0.94985122  p_x
   42   1   0   0       1.24739884  s
   42   2   1  -1       0.92323410  p_y
   42   2   1   0       0.88812715  p_z
   42   2   1   1       0.95154622  p_x
   43   1   0   0       1.19473312  s
   43   2   1  -1       0.94211368  p_y
   43   2   1   0       0.89932630  p_z
   43   2   1   1       0.96794354  p_x
   44   1   0   0       1.19721841  s
   44   2   1  -1       0.93635792  p_y
   44   2   1   0       0.90140535  p_z
   44   2   1   1       0.94739256  p_x
   45   1   0   0       1.22845312  s
   45   2   1  -1       0.90860451  p_y
   45   2   1   0       0.94245206  p_z
   45   2   1   1       0.95118813  p_x
   46   1   0   0       1.20251889  s
   46   2   1  -1       0.90166991  p_y
   46   2   1   0       0.94698283  p_z
   46   2   1   1       0.92641042  p_x
   47   1   0   0       1.19293329  s
   47   2   1  -1       0.90647629  p_y
   47   2   1   0       0.95948456  p_z
   47   2   1   1       0.93729813  p_x
   48   1   0   0       1.20149308  s
   48   2   1  -1       0.89174483  p_y
   48   2   1   0       0.93177553  p_z
   48   2   1   1       0.93518986  p_x
   49   1   0   0       1.19347357  s
   49   2   1  -1       0.90482596  p_y
   49   2   1   0       0.94460605  p_z
   49   2   1   1       0.95471847  p_x
   50   1   0   0       1.20802638  s
   50   2   1  -1       0.90873454  p_y
   50   2   1   0       0.93943891  p_z
   50   2   1   1       0.93332434  p_x
   51   1   0   0       1.16933255  s
   51   2   1  -1       0.89745731  p_y
   51   2   1   0       0.96961215  p_z
   51   2   1   1       0.96038624  p_x
   52   1   0   0       1.23306427  s
   52   2   1  -1       0.90971103  p_y
   52   2   1   0       0.97528866  p_z
   52   2   1   1       0.92754304  p_x
   53   1   0   0       1.19584709  s
   53   2   1  -1       0.94108489  p_y
   53   2   1   0       0.95223548  p_z
   53   2   1   1       0.91922482  p_x
   54   1   0   0       1.19214453  s
   54   2   1  -1       0.95149538  p_y
   54   2   1   0       0.92041794  p_z
   54   2   1   1       0.90608209  p_x
   55   1   0   0       1.20742537  s
   55   2   1  -1       0.94171890  p_y
   55   2   1   0       0.95445437  p_z
   55   2   1   1       0.90167738  p_x
   56   1   0   0       1.21951418  s
   56   2   1  -1       0.93757566  p_y
   56   2   1   0       0.94196035  p_z
   56   2   1   1       0.90887345  p_x
   57   1   0   0       1.19791395  s
   57   2   1  -1       0.96297894  p_y
   57   2   1   0       0.93496201  p_z
   57   2   1   1       0.90123646  p_x
   58   1   0   0       1.16669765  s
   58   2   1  -1       0.93238951  p_y
   58   2   1   0       0.93335677  p_z
   58   2   1   1       0.92046453  p_x
   59   1   0   0       1.16977371  s
   59   2   1  -1       0.95281996  p_y
   59   2   1   0       0.96146989  p_z
   59   2   1   1       0.92109046  p_x
   60   1   0   0       1.17840023  s
   60   2   1  -1       0.95508153  p_y
   60   2   1   0       0.93824280  p_z
   60   2   1   1       0.90948162  p_x
   61   1   0   0       1.00146294  s
   62   1   0   0       1.00275159  s

Fermi level:                        -0.1736529227 H           -4.7253 eV
Band energy:                      -104.5653985017 H        -2845.3693 eV
TS:                                  0.0000000000 H            0.0000 eV
Band free energy (E-TS):          -104.5653985018 H        -2845.3693 eV
Extrapolated E(0K):               -104.5653985018 H        -2845.3693 eV
Input / Output electrons (q):    242.0000000000    242.0000000000

Energy H0:                        -104.4293881990 H        -2841.6682 eV
Energy SCC:                          0.0008897155 H            0.0242 eV
Total Electronic energy:          -104.4284984836 H        -2841.6440 eV
Repulsive energy:                    1.6917712138 H           46.0354 eV
Total energy:                     -102.7367272698 H        -2795.6086 eV
Extrapolated to 0:                -102.7367272698 H        -2795.6086 eV
Total Mermin free energy:         -102.7367272698 H        -2795.6086 eV
Force related energy:             -102.7367272698 H        -2795.6086 eV

SCC converged

Total Forces
    1     -0.027283502724      0.005106391310      0.031820142421
    2      0.015979544430     -0.024040033868      0.029739420370
    3     -0.024491207864      0.000319611256     -0.018733974697
    4      0.038416819584      0.006447427349     -0.054697144744
    5      0.003617269508      0.011808456812      0.007126323970
    6      0.014453152723     -0.044999907119      0.071757682449
    7     -0.006120160232     -0.025671348809     -0.059686577656
    8      0.008671664320     -0.007324409082      0.019318479385
    9     -0.041542609750      0.025638642798      0.031538549760
   10     -0.043174432215      0.010518972993     -0.027566410589
   11     -0.038953584897      0.027010422641     -0.007038247686
   12      0.040960721429     -0.011734965112      0.013446010583
   13     -0.046789282042      0.015053750026      0.028366311361
   14      0.046866128423      0.008586742007      0.023700068829
   15      0.051211142808      0.013791293722     -0.033066142465
   16      0.073420827722      0.004581572059      0.005288736755
   17     -0.034993010085      0.047611645393      0.041139089657
   18      0.071130705315      0.012221227449     -0.034846362605
   19     -0.057362074743      0.007237381146     -0.045050782816
   20     -0.033506255005      0.013671761936      0.004856748183
   21     -0.011757135536      0.006716291922     -0.001610894760
   22     -0.046025521463      0.027960455976     -0.098721785893
   23     -0.006971249487     -0.049553623625     -0.003136609410
   24      0.000347133482      0.040412906336      0.032496843679
   25     -0.030082878311      0.074196925798      0.002537369096
   26      0.018017338114      0.045221809977      0.011604174215
   27      0.016840678477      0.025640201739      0.021788876367
   28      0.006839302724      0.005310860925     -0.051916411251
   29      0.089999471425     -0.025912550639      0.001633982771
   30      0.040444953512     -0.077028612844      0.101497803722
   31      0.076199214008     -0.009317471150     -0.033067421339
   32      0.000027090995     -0.052295526364     -0.002936204096
   33      0.030886438650     -0.025462885929     -0.014808206978
   34     -0.012865726654      0.012864901132     -0.009949902165
   35      0.045709078939      0.065641072195      0.007278510065
   36     -0.027800126789     -0.024331628498      0.026164215597
   37      0.002233801238      0.023126694624     -0.015741564787
   38     -0.008665761916     -0.003900032060      0.078179877349
   39     -0.093213689859     -0.038786976458      0.035976249798
   40      0.032466573688     -0.049625298473      0.014651875883
   41     -0.004368637662     -0.032193099200     -0.008458545995
   42      0.013453662480      0.006527426585     -0.027645110207
   43     -0.026246535068     -0.016572521781      0.004214581811
   44      0.042053836210     -0.018915704398     -0.035478011893
   45      0.021585831541     -0.014071568535     -0.006718266745
   46      0.003813672666     -0.044895842390     -0.004538847314
   47     -0.003067876780     -0.039666446228     -0.017052466263
   48      0.013553573621     -0.041434244811      0.038964070596
   49     -0.028935744481      0.038722885755     -0.017915532675
   50     -0.026410979239      0.004273680453      0.049912505525
   51     -0.059335905697     -0.021995421669     -0.048106299138
   52     -0.037863905468      0.006907823552     -0.009862996234
   53     -0.040781678666      0.008169456023     -0.001629037538
   54      0.046520375284     -0.042631622554      0.017976669653
   55      0.031913306893      0.009219925838     -0.021425973438
   56     -0.111734188182      0.020670231625     -0.003071807496
   57     -0.037026018302      0.015065917036      0.001849609407
   58      0.017923774273     -0.024546086629      0.016942352739
   59     -0.011766180145      0.083958186459     -0.041007437757
   60      0.063581978100      0.036459949669     -0.016622882899
   61      0.048301081663      0.023373805128     -0.004758460106
   62     -0.048304284984     -0.023138879421      0.005099187638

Maximal derivative component:        0.111734E+00 au

Dipole moment:   -0.02284213    0.12909871    0.02673438 au
Dipole moment:   -0.05805891    0.32813622    0.06795201 Debye


