 Fermi distribution function

Calculation with static geometry


********************************************************************************
 iSCC Total electronic   Diff electronic      SCC error    
   17   -0.10433103E+03   -0.11669954E-09    0.88400197E-05
********************************************************************************

 Total charge:     0.00000000

 Atomic gross charges (e)
 Atom           Charge
    1      -0.01751045
    2       0.00063776
    3       0.02600403
    4       0.02286201
    5       0.01859740
    6      -0.03257688
    7       0.00529515
    8       0.02913930
    9       0.03226376
   10      -0.00973380
   11       0.01691968
   12      -0.01159895
   13      -0.00431397
   14       0.02171733
   15       0.01208149
   16      -0.01449606
   17      -0.00251451
   18      -0.03877130
   19       0.03142683
   20      -0.06357671
   21      -0.00086546
   22       0.00620296
   23       0.00978227
   24      -0.00015972
   25      -0.02476808
   26       0.02214337
   27       0.01629549
   28       0.00381965
   29       0.01506115
   30      -0.02709462
   31       0.01480933
   32       0.01370742
   33      -0.02150948
   34      -0.01959534
   35       0.00846401
   36      -0.00468607
   37       0.04235974
   38      -0.04566453
   39       0.01972950
   40      -0.03389639
   41       0.01784815
   42       0.00946934
   43      -0.01238234
   44      -0.01029499
   45      -0.00395072
   46      -0.00326306
   47      -0.00030335
   48       0.03500630
   49      -0.03499301
   50      -0.02884467
   51      -0.00573304
   52      -0.01155793
   53       0.02192562
   54      -0.01763993
   55       0.02249172
   56       0.03016625
   57       0.00320033
   58      -0.03535425
   59      -0.00043649
   60       0.01410063
   61       0.00030636
   62      -0.00574823

Nr. of electrons (up):    242.00000000
Atom populations (up)
 Atom       Population
    1       4.01751045
    2       3.99936224
    3       3.97399597
    4       3.97713799
    5       3.98140260
    6       4.03257688
    7       3.99470485
    8       3.97086070
    9       3.96773624
   10       4.00973380
   11       3.98308032
   12       4.01159895
   13       4.00431397
   14       3.97828267
   15       3.98791851
   16       4.01449606
   17       4.00251451
   18       4.03877130
   19       3.96857317
   20       4.06357671
   21       4.00086546
   22       3.99379704
   23       3.99021773
   24       4.00015972
   25       4.02476808
   26       3.97785663
   27       3.98370451
   28       3.99618035
   29       3.98493885
   30       4.02709462
   31       3.98519067
   32       3.98629258
   33       4.02150948
   34       4.01959534
   35       3.99153599
   36       4.00468607
   37       3.95764026
   38       4.04566453
   39       3.98027050
   40       4.03389639
   41       3.98215185
   42       3.99053066
   43       4.01238234
   44       4.01029499
   45       4.00395072
   46       4.00326306
   47       4.00030335
   48       3.96499370
   49       4.03499301
   50       4.02884467
   51       4.00573304
   52       4.01155793
   53       3.97807438
   54       4.01763993
   55       3.97750828
   56       3.96983375
   57       3.99679967
   58       4.03535425
   59       4.00043649
   60       3.98589937
   61       0.99969364
   62       1.00574823

l-shell populations (up)
 Atom Sh.   l       Population
    1   1   0       1.20490396
    1   2   1       2.81260650
    2   1   0       1.20419485
    2   2   1       2.79516740
    3   1   0       1.19067904
    3   2   1       2.78331693
    4   1   0       1.19072422
    4   2   1       2.78641377
    5   1   0       1.18840527
    5   2   1       2.79299733
    6   1   0       1.21350107
    6   2   1       2.81907581
    7   1   0       1.18943399
    7   2   1       2.80527086
    8   1   0       1.19319879
    8   2   1       2.77766192
    9   1   0       1.17403055
    9   2   1       2.79370569
   10   1   0       1.21870364
   10   2   1       2.79103016
   11   1   0       1.18996259
   11   2   1       2.79311773
   12   1   0       1.21923837
   12   2   1       2.79236058
   13   1   0       1.20924392
   13   2   1       2.79507005
   14   1   0       1.19024156
   14   2   1       2.78804112
   15   1   0       1.19254487
   15   2   1       2.79537365
   16   1   0       1.20325032
   16   2   1       2.81124574
   17   1   0       1.20747629
   17   2   1       2.79503822
   18   1   0       1.22029597
   18   2   1       2.81847533
   19   1   0       1.19477238
   19   2   1       2.77380078
   20   1   0       1.25195587
   20   2   1       2.81162085
   21   1   0       1.19807035
   21   2   1       2.80279511
   22   1   0       1.21538735
   22   2   1       2.77840969
   23   1   0       1.19873780
   23   2   1       2.79147993
   24   1   0       1.20813708
   24   2   1       2.79202264
   25   1   0       1.22536532
   25   2   1       2.79940277
   26   1   0       1.17911343
   26   2   1       2.79874320
   27   1   0       1.19909825
   27   2   1       2.78460625
   28   1   0       1.19313082
   28   2   1       2.80304953
   29   1   0       1.16809414
   29   2   1       2.81684471
   30   1   0       1.23814572
   30   2   1       2.78894890
   31   1   0       1.20507319
   31   2   1       2.78011748
   32   1   0       1.18797218
   32   2   1       2.79832040
   33   1   0       1.21078692
   33   2   1       2.81072257
   34   1   0       1.21848442
   34   2   1       2.80111092
   35   1   0       1.20248938
   35   2   1       2.78904661
   36   1   0       1.20840318
   36   2   1       2.79628289
   37   1   0       1.20015855
   37   2   1       2.75748172
   38   1   0       1.23518196
   38   2   1       2.81048257
   39   1   0       1.19378671
   39   2   1       2.78648379
   40   1   0       1.23438675
   40   2   1       2.79950964
   41   1   0       1.19050813
   41   2   1       2.79164372
   42   1   0       1.19641171
   42   2   1       2.79411894
   43   1   0       1.19978809
   43   2   1       2.81259424
   44   1   0       1.20029180
   44   2   1       2.81000319
   45   1   0       1.22958572
   45   2   1       2.77436500
   46   1   0       1.20905549
   46   2   1       2.79420757
   47   1   0       1.21246020
   47   2   1       2.78784315
   48   1   0       1.20447129
   48   2   1       2.76052241
   49   1   0       1.24100304
   49   2   1       2.79398997
   50   1   0       1.23068066
   50   2   1       2.79816401
   51   1   0       1.19563363
   51   2   1       2.81009941
   52   1   0       1.21746562
   52   2   1       2.79409231
   53   1   0       1.20894893
   53   2   1       2.76912546
   54   1   0       1.21361644
   54   2   1       2.80402349
   55   1   0       1.19904050
   55   2   1       2.77846778
   56   1   0       1.19946945
   56   2   1       2.77036430
   57   1   0       1.19483701
   57   2   1       2.80196266
   58   1   0       1.21674964
   58   2   1       2.81860460
   59   1   0       1.21080578
   59   2   1       2.78963071
   60   1   0       1.19084866
   60   2   1       2.79505071
   61   1   0       0.99969364
   62   1   0       1.00574823

Orbital populations (up)
 Atom Sh.   l   m       Population  Label
    1   1   0   0       1.20490396  s
    1   2   1  -1       1.00382523  p_y
    1   2   1   0       0.90029349  p_z
    1   2   1   1       0.90848777  p_x
    2   1   0   0       1.20419485  s
    2   2   1  -1       0.99551012  p_y
    2   2   1   0       0.89236992  p_z
    2   2   1   1       0.90728736  p_x
    3   1   0   0       1.19067904  s
    3   2   1  -1       0.97554047  p_y
    3   2   1   0       0.90169956  p_z
    3   2   1   1       0.90607690  p_x
    4   1   0   0       1.19072422  s
    4   2   1  -1       0.99172202  p_y
    4   2   1   0       0.89199411  p_z
    4   2   1   1       0.90269764  p_x
    5   1   0   0       1.18840527  s
    5   2   1  -1       0.88680491  p_y
    5   2   1   0       0.91944267  p_z
    5   2   1   1       0.98674975  p_x
    6   1   0   0       1.21350107  s
    6   2   1  -1       0.89725010  p_y
    6   2   1   0       0.91016689  p_z
    6   2   1   1       1.01165882  p_x
    7   1   0   0       1.18943399  s
    7   2   1  -1       0.89400697  p_y
    7   2   1   0       0.90989767  p_z
    7   2   1   1       1.00136622  p_x
    8   1   0   0       1.19319879  s
    8   2   1  -1       0.88839466  p_y
    8   2   1   0       0.91748967  p_z
    8   2   1   1       0.97177760  p_x
    9   1   0   0       1.17403055  s
    9   2   1  -1       0.90743064  p_y
    9   2   1   0       0.98287313  p_z
    9   2   1   1       0.90340193  p_x
   10   1   0   0       1.21870364  s
   10   2   1  -1       0.89922568  p_y
   10   2   1   0       0.99911797  p_z
   10   2   1   1       0.89268651  p_x
   11   1   0   0       1.18996259  s
   11   2   1  -1       0.90723537  p_y
   11   2   1   0       0.99276484  p_z
   11   2   1   1       0.89311753  p_x
   12   1   0   0       1.21923837  s
   12   2   1  -1       0.90481449  p_y
   12   2   1   0       0.99328753  p_z
   12   2   1   1       0.89425856  p_x
   13   1   0   0       1.20924392  s
   13   2   1  -1       0.97848792  p_y
   13   2   1   0       0.92310957  p_z
   13   2   1   1       0.89347255  p_x
   14   1   0   0       1.19024156  s
   14   2   1  -1       0.97933989  p_y
   14   2   1   0       0.91648807  p_z
   14   2   1   1       0.89221315  p_x
   15   1   0   0       1.19254487  s
   15   2   1  -1       0.98614751  p_y
   15   2   1   0       0.91165149  p_z
   15   2   1   1       0.89757465  p_x
   16   1   0   0       1.20325032  s
   16   2   1  -1       0.99439091  p_y
   16   2   1   0       0.91645076  p_z
   16   2   1   1       0.90040408  p_x
   17   1   0   0       1.20747629  s
   17   2   1  -1       0.99665540  p_y
   17   2   1   0       0.92734679  p_z
   17   2   1   1       0.87103602  p_x
   18   1   0   0       1.22029597  s
   18   2   1  -1       0.98774313  p_y
   18   2   1   0       0.92735712  p_z
   18   2   1   1       0.90337508  p_x
   19   1   0   0       1.19477238  s
   19   2   1  -1       0.97720502  p_y
   19   2   1   0       0.91062132  p_z
   19   2   1   1       0.88597445  p_x
   20   1   0   0       1.25195587  s
   20   2   1  -1       0.98862828  p_y
   20   2   1   0       0.93417841  p_z
   20   2   1   1       0.88881416  p_x
   21   1   0   0       1.19807035  s
   21   2   1  -1       0.93098959  p_y
   21   2   1   0       0.88540977  p_z
   21   2   1   1       0.98639575  p_x
   22   1   0   0       1.21538735  s
   22   2   1  -1       0.92340551  p_y
   22   2   1   0       0.88444653  p_z
   22   2   1   1       0.97055765  p_x
   23   1   0   0       1.19873780  s
   23   2   1  -1       0.92584969  p_y
   23   2   1   0       0.89149642  p_z
   23   2   1   1       0.97413382  p_x
   24   1   0   0       1.20813708  s
   24   2   1  -1       0.92573274  p_y
   24   2   1   0       0.88729258  p_z
   24   2   1   1       0.97899732  p_x
   25   1   0   0       1.22536532  s
   25   2   1  -1       0.90891949  p_y
   25   2   1   0       0.90743133  p_z
   25   2   1   1       0.98305195  p_x
   26   1   0   0       1.17911343  s
   26   2   1  -1       0.94204900  p_y
   26   2   1   0       0.89791217  p_z
   26   2   1   1       0.95878203  p_x
   27   1   0   0       1.19909825  s
   27   2   1  -1       0.91363497  p_y
   27   2   1   0       0.88703752  p_z
   27   2   1   1       0.98393376  p_x
   28   1   0   0       1.19313082  s
   28   2   1  -1       0.92429151  p_y
   28   2   1   0       0.88962716  p_z
   28   2   1   1       0.98913086  p_x
   29   1   0   0       1.16809414  s
   29   2   1  -1       0.90084995  p_y
   29   2   1   0       0.98878584  p_z
   29   2   1   1       0.92720892  p_x
   30   1   0   0       1.23814572  s
   30   2   1  -1       0.88705697  p_y
   30   2   1   0       0.99129425  p_z
   30   2   1   1       0.91059768  p_x
   31   1   0   0       1.20507319  s
   31   2   1  -1       0.88206042  p_y
   31   2   1   0       0.97837809  p_z
   31   2   1   1       0.91967897  p_x
   32   1   0   0       1.18797218  s
   32   2   1  -1       0.88892182  p_y
   32   2   1   0       0.98506650  p_z
   32   2   1   1       0.92433208  p_x
   33   1   0   0       1.21078692  s
   33   2   1  -1       0.89278111  p_y
   33   2   1   0       0.98334433  p_z
   33   2   1   1       0.93459713  p_x
   34   1   0   0       1.21848442  s
   34   2   1  -1       0.89865776  p_y
   34   2   1   0       0.98166882  p_z
   34   2   1   1       0.92078434  p_x
   35   1   0   0       1.20248938  s
   35   2   1  -1       0.88395685  p_y
   35   2   1   0       0.98879575  p_z
   35   2   1   1       0.91629400  p_x
   36   1   0   0       1.20840318  s
   36   2   1  -1       0.90698568  p_y
   36   2   1   0       0.97266452  p_z
   36   2   1   1       0.91663269  p_x
   37   1   0   0       1.20015855  s
   37   2   1  -1       0.92445756  p_y
   37   2   1   0       0.89583360  p_z
   37   2   1   1       0.93719056  p_x
   38   1   0   0       1.23518196  s
   38   2   1  -1       0.95340498  p_y
   38   2   1   0       0.90229653  p_z
   38   2   1   1       0.95478106  p_x
   39   1   0   0       1.19378671  s
   39   2   1  -1       0.93972787  p_y
   39   2   1   0       0.89400815  p_z
   39   2   1   1       0.95274777  p_x
   40   1   0   0       1.23438675  s
   40   2   1  -1       0.93684737  p_y
   40   2   1   0       0.90900865  p_z
   40   2   1   1       0.95365362  p_x
   41   1   0   0       1.19050813  s
   41   2   1  -1       0.94139215  p_y
   41   2   1   0       0.90737479  p_z
   41   2   1   1       0.94287678  p_x
   42   1   0   0       1.19641171  s
   42   2   1  -1       0.94783819  p_y
   42   2   1   0       0.90136253  p_z
   42   2   1   1       0.94491822  p_x
   43   1   0   0       1.19978809  s
   43   2   1  -1       0.95063138  p_y
   43   2   1   0       0.90461469  p_z
   43   2   1   1       0.95734816  p_x
   44   1   0   0       1.20029180  s
   44   2   1  -1       0.94955542  p_y
   44   2   1   0       0.91244457  p_z
   44   2   1   1       0.94800319  p_x
   45   1   0   0       1.22958572  s
   45   2   1  -1       0.89391762  p_y
   45   2   1   0       0.94204416  p_z
   45   2   1   1       0.93840321  p_x
   46   1   0   0       1.20905549  s
   46   2   1  -1       0.89673046  p_y
   46   2   1   0       0.94522880  p_z
   46   2   1   1       0.95224830  p_x
   47   1   0   0       1.21246020  s
   47   2   1  -1       0.89453653  p_y
   47   2   1   0       0.94155094  p_z
   47   2   1   1       0.95175569  p_x
   48   1   0   0       1.20447129  s
   48   2   1  -1       0.90396715  p_y
   48   2   1   0       0.91933113  p_z
   48   2   1   1       0.93722413  p_x
   49   1   0   0       1.24100304  s
   49   2   1  -1       0.89680052  p_y
   49   2   1   0       0.95168491  p_z
   49   2   1   1       0.94550454  p_x
   50   1   0   0       1.23068066  s
   50   2   1  -1       0.89667007  p_y
   50   2   1   0       0.94757055  p_z
   50   2   1   1       0.95392339  p_x
   51   1   0   0       1.19563363  s
   51   2   1  -1       0.91090655  p_y
   51   2   1   0       0.93365630  p_z
   51   2   1   1       0.96553656  p_x
   52   1   0   0       1.21746562  s
   52   2   1  -1       0.90301775  p_y
   52   2   1   0       0.94768494  p_z
   52   2   1   1       0.94338962  p_x
   53   1   0   0       1.20894893  s
   53   2   1  -1       0.94002155  p_y
   53   2   1   0       0.93381969  p_z
   53   2   1   1       0.89528422  p_x
   54   1   0   0       1.21361644  s
   54   2   1  -1       0.94574129  p_y
   54   2   1   0       0.95352996  p_z
   54   2   1   1       0.90475223  p_x
   55   1   0   0       1.19904050  s
   55   2   1  -1       0.93908705  p_y
   55   2   1   0       0.94511945  p_z
   55   2   1   1       0.89426128  p_x
   56   1   0   0       1.19946945  s
   56   2   1  -1       0.93454556  p_y
   56   2   1   0       0.93254819  p_z
   56   2   1   1       0.90327054  p_x
   57   1   0   0       1.19483701  s
   57   2   1  -1       0.94280989  p_y
   57   2   1   0       0.95291872  p_z
   57   2   1   1       0.90623405  p_x
   58   1   0   0       1.21674964  s
   58   2   1  -1       0.94647858  p_y
   58   2   1   0       0.96603354  p_z
   58   2   1   1       0.90609249  p_x
   59   1   0   0       1.21080578  s
   59   2   1  -1       0.95132447  p_y
   59   2   1   0       0.94751099  p_z
   59   2   1   1       0.89079525  p_x
   60   1   0   0       1.19084866  s
   60   2   1  -1       0.95648088  p_y
   60   2   1   0       0.93587730  p_z
   60   2   1   1       0.90269253  p_x
   61   1   0   0       0.99969364  s
   62   1   0   0       1.00574823  s

Fermi level:                        -0.1757468196 H           -4.7823 eV
Band energy:                      -104.4035867752 H        -2840.9661 eV
TS:                                  0.0000000001 H            0.0000 eV
Band free energy (E-TS):          -104.4035867753 H        -2840.9661 eV
Extrapolated E(0K):               -104.4035867752 H        -2840.9661 eV
Input / Output electrons (q):    242.0000000000    242.0000000000

Energy H0:                        -104.3317759330 H        -2839.0121 eV
Energy SCC:                          0.0007481235 H            0.0204 eV
Total Electronic energy:          -104.3310278095 H        -2838.9917 eV
Repulsive energy:                    1.5718199575 H           42.7714 eV
Total energy:                     -102.7592078520 H        -2796.2203 eV
Extrapolated to 0:                -102.7592078521 H        -2796.2203 eV
Total Mermin free energy:         -102.7592078521 H        -2796.2203 eV
Force related energy:             -102.7592078521 H        -2796.2203 eV

SCC converged

Total Forces
    1     -0.009606897110     -0.017294890191      0.105406416697
    2     -0.021991500886     -0.007438771839      0.031564460668
    3      0.008264332958      0.000157605636     -0.064719320411
    4     -0.047387900118     -0.005225905222     -0.008648139056
    5      0.004214426402      0.023362609294      0.028611190875
    6      0.012262920415     -0.020887746861      0.062966276002
    7      0.009266819665      0.006617061915     -0.033658790640
    8     -0.002314763074      0.007481171008     -0.027362080805
    9      0.005879559440     -0.016491910682      0.027025916825
   10     -0.077966424916      0.023061150899     -0.012314017363
   11     -0.021636589911     -0.003269786932     -0.022366918678
   12     -0.007182435497      0.023022004929      0.014901336275
   13      0.011541903132      0.005665804617     -0.006013698224
   14      0.020003326723      0.040620375822     -0.050139509150
   15     -0.013967657127     -0.011012245842      0.003817402921
   16     -0.016229453251     -0.001158610686     -0.005802086347
   17     -0.004283279557     -0.002376270595     -0.033638126392
   18      0.009378783484     -0.004216830632      0.023412521738
   19      0.062056089445      0.014548573773      0.015009215079
   20     -0.004201435888      0.039302794582     -0.005104695722
   21     -0.016150926419      0.021936204102      0.025074943891
   22     -0.009967415250      0.023480366249     -0.026056266997
   23     -0.003485532003      0.025446914902      0.047517794891
   24     -0.019516408193     -0.029643647283     -0.064545878386
   25      0.051665962911     -0.044884600727      0.082195937393
   26     -0.016851993907     -0.008980401847     -0.012928271256
   27     -0.005725678474     -0.047822080169      0.019461037953
   28     -0.017417900712      0.048125200130     -0.027197599449
   29      0.081089674181     -0.068551806426      0.011013527803
   30      0.044636208615      0.005811149311     -0.005292314482
   31     -0.005545931748     -0.048013615306     -0.006645982490
   32      0.036830570677     -0.017358130705     -0.004627313123
   33      0.038005619972     -0.014287444809     -0.008390821952
   34     -0.002432419003     -0.037603656880     -0.002244968486
   35     -0.004395044133     -0.051940907957      0.025757559977
   36     -0.033445898940      0.048772414112      0.004484181163
   37      0.069603836013     -0.067860793314     -0.008333573021
   38     -0.021176246127      0.006848041020      0.004113462565
   39      0.010469098780      0.029146503038     -0.027328940303
   40     -0.011694366984      0.047759532410     -0.001053176320
   41      0.026446735272     -0.004023763845     -0.001633430816
   42      0.011731973917     -0.009164031367     -0.031421129306
   43     -0.020846909659     -0.016550292791     -0.009344579610
   44      0.017045713058     -0.003065687234     -0.005752250818
   45      0.025644828500      0.006896659464     -0.017861597972
   46      0.013438173192      0.076630049641     -0.006209221654
   47      0.026444796783     -0.020990635344     -0.030841616023
   48     -0.061073070325     -0.013148940395     -0.032625108531
   49      0.003159246285     -0.013149362666      0.011451968151
   50      0.022976894343      0.009901782087     -0.040896855094
   51      0.010381480144     -0.009987500136     -0.002620186523
   52      0.003591282688     -0.076820918044      0.029623410412
   53      0.001427484860     -0.064780844607      0.030707482177
   54     -0.025243041174      0.040795145216     -0.024904702880
   55     -0.028880429671      0.019831031915      0.010974381863
   56     -0.020142626463      0.022464645182      0.022834330343
   57     -0.023600149591      0.015241245796      0.007746808220
   58      0.032882963038      0.049877113902      0.008103172125
   59      0.019002851621     -0.069411444022      0.079902238834
   60     -0.115010165136      0.144661326432     -0.065404901344
   61      0.047841099893      0.018048783755      0.028548029981
   62     -0.047814165159     -0.018099785785     -0.028296935196

Maximal derivative component:        0.144661E+00 au

Dipole moment:    0.10898120    0.11028801    0.04190468 au
Dipole moment:    0.27700260    0.28032419    0.10651108 Debye


