 Fermi distribution function

Calculation with static geometry


********************************************************************************
 iSCC Total electronic   Diff electronic      SCC error    
   17   -0.10431589E+03   -0.26487612E-09    0.56349455E-05
********************************************************************************

 Total charge:    -0.00000000

 Atomic gross charges (e)
 Atom           Charge
    1       0.00581573
    2      -0.02505538
    3       0.04686686
    4       0.01680960
    5       0.03986510
    6      -0.06926628
    7      -0.02084890
    8       0.05622165
    9      -0.00734863
   10      -0.00570632
   11       0.00380879
   12      -0.00211948
   13      -0.06061492
   14       0.00536951
   15       0.01759380
   16      -0.01797757
   17      -0.02341818
   18      -0.01791942
   19      -0.01459072
   20      -0.02498412
   21      -0.03059329
   22       0.02200603
   23       0.01829912
   24      -0.03276135
   25      -0.04765274
   26       0.03485147
   27       0.02170433
   28      -0.04854860
   29      -0.00344112
   30       0.01341482
   31       0.00987752
   32      -0.01039850
   33      -0.03471819
   34       0.02673890
   35       0.00719056
   36      -0.00742568
   37       0.03002571
   38       0.02045709
   39       0.00674573
   40       0.01901854
   41      -0.00527462
   42      -0.02103447
   43       0.00177645
   44       0.03155110
   45       0.01381142
   46      -0.03380180
   47      -0.02848291
   48       0.04646200
   49       0.02321268
   50      -0.02589273
   51      -0.01083804
   52       0.03463898
   53       0.02133925
   54       0.00610494
   55      -0.03395289
   56       0.04382790
   57       0.02694369
   58      -0.01312508
   59      -0.03509394
   60       0.04211561
   61      -0.00041541
   62      -0.00116361

Nr. of electrons (up):    242.00000000
Atom populations (up)
 Atom       Population
    1       3.99418427
    2       4.02505538
    3       3.95313314
    4       3.98319040
    5       3.96013490
    6       4.06926628
    7       4.02084890
    8       3.94377835
    9       4.00734863
   10       4.00570632
   11       3.99619121
   12       4.00211948
   13       4.06061492
   14       3.99463049
   15       3.98240620
   16       4.01797757
   17       4.02341818
   18       4.01791942
   19       4.01459072
   20       4.02498412
   21       4.03059329
   22       3.97799397
   23       3.98170088
   24       4.03276135
   25       4.04765274
   26       3.96514853
   27       3.97829567
   28       4.04854860
   29       4.00344112
   30       3.98658518
   31       3.99012248
   32       4.01039850
   33       4.03471819
   34       3.97326110
   35       3.99280944
   36       4.00742568
   37       3.96997429
   38       3.97954291
   39       3.99325427
   40       3.98098146
   41       4.00527462
   42       4.02103447
   43       3.99822355
   44       3.96844890
   45       3.98618858
   46       4.03380180
   47       4.02848291
   48       3.95353800
   49       3.97678732
   50       4.02589273
   51       4.01083804
   52       3.96536102
   53       3.97866075
   54       3.99389506
   55       4.03395289
   56       3.95617210
   57       3.97305631
   58       4.01312508
   59       4.03509394
   60       3.95788439
   61       1.00041541
   62       1.00116361

l-shell populations (up)
 Atom Sh.   l       Population
    1   1   0       1.18936476
    1   2   1       2.80481951
    2   1   0       1.21047453
    2   2   1       2.81458085
    3   1   0       1.17958280
    3   2   1       2.77355034
    4   1   0       1.21545599
    4   2   1       2.76773441
    5   1   0       1.20236798
    5   2   1       2.75776692
    6   1   0       1.23550461
    6   2   1       2.83376167
    7   1   0       1.19861877
    7   2   1       2.82223013
    8   1   0       1.21429189
    8   2   1       2.72948646
    9   1   0       1.21014675
    9   2   1       2.79720188
   10   1   0       1.21788010
   10   2   1       2.78782622
   11   1   0       1.20396634
   11   2   1       2.79222488
   12   1   0       1.18929427
   12   2   1       2.81282521
   13   1   0       1.25268898
   13   2   1       2.80792594
   14   1   0       1.20121571
   14   2   1       2.79341478
   15   1   0       1.22198271
   15   2   1       2.76042348
   16   1   0       1.19723815
   16   2   1       2.82073942
   17   1   0       1.22111925
   17   2   1       2.80229893
   18   1   0       1.19970398
   18   2   1       2.81821544
   19   1   0       1.20480942
   19   2   1       2.80978130
   20   1   0       1.21604904
   20   2   1       2.80893508
   21   1   0       1.20482313
   21   2   1       2.82577016
   22   1   0       1.21585401
   22   2   1       2.76213996
   23   1   0       1.20231458
   23   2   1       2.77938630
   24   1   0       1.22559962
   24   2   1       2.80716173
   25   1   0       1.20716217
   25   2   1       2.84049057
   26   1   0       1.22154087
   26   2   1       2.74360765
   27   1   0       1.19269179
   27   2   1       2.78560388
   28   1   0       1.22968088
   28   2   1       2.81886771
   29   1   0       1.18148255
   29   2   1       2.82195857
   30   1   0       1.19986196
   30   2   1       2.78672322
   31   1   0       1.20517428
   31   2   1       2.78494820
   32   1   0       1.21011072
   32   2   1       2.80028778
   33   1   0       1.21379730
   33   2   1       2.82092089
   34   1   0       1.20783162
   34   2   1       2.76542948
   35   1   0       1.20354203
   35   2   1       2.78926742
   36   1   0       1.19647138
   36   2   1       2.81095430
   37   1   0       1.18749239
   37   2   1       2.78248190
   38   1   0       1.17975585
   38   2   1       2.79978706
   39   1   0       1.19625291
   39   2   1       2.79700136
   40   1   0       1.20553651
   40   2   1       2.77544494
   41   1   0       1.23054476
   41   2   1       2.77472986
   42   1   0       1.20433083
   42   2   1       2.81670364
   43   1   0       1.18164048
   43   2   1       2.81658307
   44   1   0       1.20555643
   44   2   1       2.76289247
   45   1   0       1.24155157
   45   2   1       2.74463701
   46   1   0       1.22016314
   46   2   1       2.81363866
   47   1   0       1.22299865
   47   2   1       2.80548425
   48   1   0       1.20213138
   48   2   1       2.75140663
   49   1   0       1.19591677
   49   2   1       2.78087055
   50   1   0       1.20536660
   50   2   1       2.82052613
   51   1   0       1.20399661
   51   2   1       2.80684143
   52   1   0       1.18847011
   52   2   1       2.77689091
   53   1   0       1.19922656
   53   2   1       2.77943419
   54   1   0       1.18891463
   54   2   1       2.80498044
   55   1   0       1.22666301
   55   2   1       2.80728988
   56   1   0       1.19475328
   56   2   1       2.76141883
   57   1   0       1.19447140
   57   2   1       2.77858491
   58   1   0       1.19669724
   58   2   1       2.81642784
   59   1   0       1.24023778
   59   2   1       2.79485616
   60   1   0       1.18988542
   60   2   1       2.76799897
   61   1   0       1.00041541
   62   1   0       1.00116361

Orbital populations (up)
 Atom Sh.   l   m       Population  Label
    1   1   0   0       1.18936476  s
    1   2   1  -1       1.01125467  p_y
    1   2   1   0       0.89768273  p_z
    1   2   1   1       0.89588211  p_x
    2   1   0   0       1.21047453  s
    2   2   1  -1       0.99960614  p_y
    2   2   1   0       0.89804011  p_z
    2   2   1   1       0.91693461  p_x
    3   1   0   0       1.17958280  s
    3   2   1  -1       0.96791250  p_y
    3   2   1   0       0.89730314  p_z
    3   2   1   1       0.90833469  p_x
    4   1   0   0       1.21545599  s
    4   2   1  -1       0.97266472  p_y
    4   2   1   0       0.89649652  p_z
    4   2   1   1       0.89857317  p_x
    5   1   0   0       1.20236798  s
    5   2   1  -1       0.89135524  p_y
    5   2   1   0       0.89732117  p_z
    5   2   1   1       0.96909052  p_x
    6   1   0   0       1.23550461  s
    6   2   1  -1       0.87307040  p_y
    6   2   1   0       0.91332346  p_z
    6   2   1   1       1.04736781  p_x
    7   1   0   0       1.19861877  s
    7   2   1  -1       0.89952657  p_y
    7   2   1   0       0.91000823  p_z
    7   2   1   1       1.01269534  p_x
    8   1   0   0       1.21429189  s
    8   2   1  -1       0.87394668  p_y
    8   2   1   0       0.90982599  p_z
    8   2   1   1       0.94571378  p_x
    9   1   0   0       1.21014675  s
    9   2   1  -1       0.91251924  p_y
    9   2   1   0       0.99670061  p_z
    9   2   1   1       0.88798203  p_x
   10   1   0   0       1.21788010  s
   10   2   1  -1       0.90517874  p_y
   10   2   1   0       0.99600475  p_z
   10   2   1   1       0.88664273  p_x
   11   1   0   0       1.20396634  s
   11   2   1  -1       0.90620504  p_y
   11   2   1   0       0.98357801  p_z
   11   2   1   1       0.90244183  p_x
   12   1   0   0       1.18929427  s
   12   2   1  -1       0.90752125  p_y
   12   2   1   0       0.99820278  p_z
   12   2   1   1       0.90710118  p_x
   13   1   0   0       1.25268898  s
   13   2   1  -1       0.99961040  p_y
   13   2   1   0       0.92710974  p_z
   13   2   1   1       0.88120580  p_x
   14   1   0   0       1.20121571  s
   14   2   1  -1       0.96227749  p_y
   14   2   1   0       0.92460982  p_z
   14   2   1   1       0.90652748  p_x
   15   1   0   0       1.22198271  s
   15   2   1  -1       0.96030635  p_y
   15   2   1   0       0.91411460  p_z
   15   2   1   1       0.88600253  p_x
   16   1   0   0       1.19723815  s
   16   2   1  -1       1.00623281  p_y
   16   2   1   0       0.93006906  p_z
   16   2   1   1       0.88443754  p_x
   17   1   0   0       1.22111925  s
   17   2   1  -1       0.97096253  p_y
   17   2   1   0       0.93063755  p_z
   17   2   1   1       0.90069885  p_x
   18   1   0   0       1.19970398  s
   18   2   1  -1       1.00149808  p_y
   18   2   1   0       0.91974404  p_z
   18   2   1   1       0.89697332  p_x
   19   1   0   0       1.20480942  s
   19   2   1  -1       0.99305178  p_y
   19   2   1   0       0.92065303  p_z
   19   2   1   1       0.89607649  p_x
   20   1   0   0       1.21604904  s
   20   2   1  -1       0.98616440  p_y
   20   2   1   0       0.92656210  p_z
   20   2   1   1       0.89620858  p_x
   21   1   0   0       1.20482313  s
   21   2   1  -1       0.91546330  p_y
   21   2   1   0       0.89756255  p_z
   21   2   1   1       1.01274430  p_x
   22   1   0   0       1.21585401  s
   22   2   1  -1       0.92037441  p_y
   22   2   1   0       0.88910295  p_z
   22   2   1   1       0.95266261  p_x
   23   1   0   0       1.20231458  s
   23   2   1  -1       0.93153396  p_y
   23   2   1   0       0.88507998  p_z
   23   2   1   1       0.96277237  p_x
   24   1   0   0       1.22559962  s
   24   2   1  -1       0.92843536  p_y
   24   2   1   0       0.88589991  p_z
   24   2   1   1       0.99282646  p_x
   25   1   0   0       1.20716217  s
   25   2   1  -1       0.93345192  p_y
   25   2   1   0       0.90101180  p_z
   25   2   1   1       1.00602686  p_x
   26   1   0   0       1.22154087  s
   26   2   1  -1       0.92306869  p_y
   26   2   1   0       0.87175257  p_z
   26   2   1   1       0.94878640  p_x
   27   1   0   0       1.19269179  s
   27   2   1  -1       0.93079612  p_y
   27   2   1   0       0.88650150  p_z
   27   2   1   1       0.96830626  p_x
   28   1   0   0       1.22968088  s
   28   2   1  -1       0.92195188  p_y
   28   2   1   0       0.89838631  p_z
   28   2   1   1       0.99852953  p_x
   29   1   0   0       1.18148255  s
   29   2   1  -1       0.90395061  p_y
   29   2   1   0       0.99883160  p_z
   29   2   1   1       0.91917637  p_x
   30   1   0   0       1.19986196  s
   30   2   1  -1       0.88621361  p_y
   30   2   1   0       0.97542241  p_z
   30   2   1   1       0.92508721  p_x
   31   1   0   0       1.20517428  s
   31   2   1  -1       0.88991369  p_y
   31   2   1   0       0.97848013  p_z
   31   2   1   1       0.91655438  p_x
   32   1   0   0       1.21011072  s
   32   2   1  -1       0.89859187  p_y
   32   2   1   0       0.99019302  p_z
   32   2   1   1       0.91150290  p_x
   33   1   0   0       1.21379730  s
   33   2   1  -1       0.90500242  p_y
   33   2   1   0       0.98309366  p_z
   33   2   1   1       0.93282481  p_x
   34   1   0   0       1.20783162  s
   34   2   1  -1       0.87928357  p_y
   34   2   1   0       0.96649482  p_z
   34   2   1   1       0.91965110  p_x
   35   1   0   0       1.20354203  s
   35   2   1  -1       0.89347063  p_y
   35   2   1   0       0.97960317  p_z
   35   2   1   1       0.91619362  p_x
   36   1   0   0       1.19647138  s
   36   2   1  -1       0.89513097  p_y
   36   2   1   0       0.98468200  p_z
   36   2   1   1       0.93114133  p_x
   37   1   0   0       1.18749239  s
   37   2   1  -1       0.94371549  p_y
   37   2   1   0       0.90082512  p_z
   37   2   1   1       0.93794128  p_x
   38   1   0   0       1.17975585  s
   38   2   1  -1       0.93031274  p_y
   38   2   1   0       0.90911106  p_z
   38   2   1   1       0.96036326  p_x
   39   1   0   0       1.19625291  s
   39   2   1  -1       0.94182502  p_y
   39   2   1   0       0.91101771  p_z
   39   2   1   1       0.94415863  p_x
   40   1   0   0       1.20553651  s
   40   2   1  -1       0.94095943  p_y
   40   2   1   0       0.89720332  p_z
   40   2   1   1       0.93728219  p_x
   41   1   0   0       1.23054476  s
   41   2   1  -1       0.93204516  p_y
   41   2   1   0       0.89278031  p_z
   41   2   1   1       0.94990439  p_x
   42   1   0   0       1.20433083  s
   42   2   1  -1       0.96846096  p_y
   42   2   1   0       0.90772939  p_z
   42   2   1   1       0.94051329  p_x
   43   1   0   0       1.18164048  s
   43   2   1  -1       0.95039650  p_y
   43   2   1   0       0.91128753  p_z
   43   2   1   1       0.95489904  p_x
   44   1   0   0       1.20555643  s
   44   2   1  -1       0.92603437  p_y
   44   2   1   0       0.89336098  p_z
   44   2   1   1       0.94349712  p_x
   45   1   0   0       1.24155157  s
   45   2   1  -1       0.88611542  p_y
   45   2   1   0       0.93365698  p_z
   45   2   1   1       0.92486460  p_x
   46   1   0   0       1.22016314  s
   46   2   1  -1       0.90357574  p_y
   46   2   1   0       0.96118904  p_z
   46   2   1   1       0.94887389  p_x
   47   1   0   0       1.22299865  s
   47   2   1  -1       0.90627531  p_y
   47   2   1   0       0.94041071  p_z
   47   2   1   1       0.95879823  p_x
   48   1   0   0       1.20213138  s
   48   2   1  -1       0.89470133  p_y
   48   2   1   0       0.93510692  p_z
   48   2   1   1       0.92159838  p_x
   49   1   0   0       1.19591677  s
   49   2   1  -1       0.89891630  p_y
   49   2   1   0       0.94678044  p_z
   49   2   1   1       0.93517381  p_x
   50   1   0   0       1.20536660  s
   50   2   1  -1       0.90439343  p_y
   50   2   1   0       0.95473087  p_z
   50   2   1   1       0.96140184  p_x
   51   1   0   0       1.20399661  s
   51   2   1  -1       0.90057251  p_y
   51   2   1   0       0.93203196  p_z
   51   2   1   1       0.97423696  p_x
   52   1   0   0       1.18847011  s
   52   2   1  -1       0.90093983  p_y
   52   2   1   0       0.94519050  p_z
   52   2   1   1       0.93076058  p_x
   53   1   0   0       1.19922656  s
   53   2   1  -1       0.93549492  p_y
   53   2   1   0       0.94452777  p_z
   53   2   1   1       0.89941150  p_x
   54   1   0   0       1.18891463  s
   54   2   1  -1       0.95309435  p_y
   54   2   1   0       0.94453577  p_z
   54   2   1   1       0.90735031  p_x
   55   1   0   0       1.22666301  s
   55   2   1  -1       0.94675148  p_y
   55   2   1   0       0.95211396  p_z
   55   2   1   1       0.90842444  p_x
   56   1   0   0       1.19475328  s
   56   2   1  -1       0.94044599  p_y
   56   2   1   0       0.92062529  p_z
   56   2   1   1       0.90034754  p_x
   57   1   0   0       1.19447140  s
   57   2   1  -1       0.92826055  p_y
   57   2   1   0       0.94671166  p_z
   57   2   1   1       0.90361270  p_x
   58   1   0   0       1.19669724  s
   58   2   1  -1       0.95956579  p_y
   58   2   1   0       0.94867473  p_z
   58   2   1   1       0.90818732  p_x
   59   1   0   0       1.24023778  s
   59   2   1  -1       0.96197306  p_y
   59   2   1   0       0.93364286  p_z
   59   2   1   1       0.89924024  p_x
   60   1   0   0       1.18988542  s
   60   2   1  -1       0.93028533  p_y
   60   2   1   0       0.93631908  p_z
   60   2   1   1       0.90139455  p_x
   61   1   0   0       1.00041541  s
   62   1   0   0       1.00116361  s

Fermi level:                        -0.1757281735 H           -4.7818 eV
Band energy:                      -104.4612574137 H        -2842.5354 eV
TS:                                  0.0000000001 H            0.0000 eV
Band free energy (E-TS):          -104.4612574138 H        -2842.5354 eV
Extrapolated E(0K):               -104.4612574137 H        -2842.5354 eV
Input / Output electrons (q):    242.0000000002    242.0000000002

Energy H0:                        -104.3166619516 H        -2838.6008 eV
Energy SCC:                          0.0007725862 H            0.0210 eV
Total Electronic energy:          -104.3158893653 H        -2838.5798 eV
Repulsive energy:                    1.5477780231 H           42.1172 eV
Total energy:                     -102.7681113422 H        -2796.4626 eV
Extrapolated to 0:                -102.7681113423 H        -2796.4626 eV
Total Mermin free energy:         -102.7681113423 H        -2796.4626 eV
Force related energy:             -102.7681113423 H        -2796.4626 eV

SCC converged

Total Forces
    1      0.110178372963      0.011611996174      0.008158228681
    2      0.009115959205      0.029032868973      0.037815117646
    3      0.014939278914      0.049849138200     -0.008755246748
    4      0.023462473705      0.006913951399     -0.033890920340
    5      0.021489287066      0.001224812304      0.005219599677
    6      0.043636966088     -0.004785878881      0.009790128642
    7      0.003769515029      0.028054005400      0.002686471789
    8     -0.020531960851      0.044336448359     -0.015348021026
    9      0.005486448020      0.005827461892      0.013559232415
   10      0.011828534519     -0.000311784330     -0.006309111189
   11      0.072381508172      0.017936871858      0.008323829082
   12     -0.016956174041      0.002401325313      0.004791770923
   13     -0.019090189795     -0.027386180461      0.014097304330
   14     -0.010476472355     -0.045120279602      0.115696567468
   15      0.016037311910     -0.034434357171     -0.034331037011
   16     -0.008730150051      0.000488204672      0.030781786553
   17     -0.019359979932      0.014088138623     -0.005475695809
   18      0.004174628122     -0.033340429959     -0.066006182454
   19     -0.060945137444     -0.026417835750     -0.007836758782
   20      0.012874267513      0.006616637339      0.020137855236
   21     -0.017186099973      0.006495690917     -0.007157308457
   22     -0.016713220258     -0.059330377376      0.055347517333
   23     -0.006279402418     -0.012971896485     -0.006152165895
   24     -0.011893526863      0.032586032251      0.031307042183
   25      0.013895984515      0.007242997836     -0.021595868706
   26      0.014910099962     -0.040971417120     -0.059493816907
   27      0.003801083103     -0.022386065323     -0.011182771990
   28      0.005530288478      0.068391022850     -0.057491995416
   29     -0.039254955989     -0.025980379149      0.042929652754
   30      0.063324658800      0.007815509296      0.008728503503
   31     -0.019452949004     -0.008272025944     -0.000816082110
   32     -0.046374744960      0.010316942854     -0.028311071760
   33      0.008954844740      0.018082548060     -0.005172833033
   34      0.012041159320      0.047534369870      0.007403769390
   35      0.048592508227      0.045701869495     -0.007187803928
   36     -0.036305360383      0.022185884288      0.005415049602
   37      0.011747931968     -0.013873178613     -0.017343398011
   38      0.025286342752      0.009731593194     -0.007859437122
   39     -0.036957777795     -0.013906631949      0.026318609664
   40      0.027546936616     -0.025819211319      0.048039918832
   41      0.036328952507     -0.051681128573     -0.026587641192
   42     -0.024534861267     -0.003077234719      0.070135697397
   43     -0.014438710008      0.017916783665     -0.039523585833
   44     -0.049128089022      0.047241484884     -0.027174083733
   45     -0.042549719856     -0.049880280203      0.061084039069
   46     -0.023263772964      0.012079873981     -0.012959601332
   47      0.002529922706     -0.017196460095      0.020113263542
   48      0.004640030025     -0.009227350674      0.016996244363
   49      0.010124458643     -0.022245550126      0.021925531342
   50     -0.004558972979      0.009473185106      0.002913244249
   51     -0.057726998716      0.013159966111     -0.058612585461
   52      0.060850539036     -0.037058575682     -0.028835099490
   53     -0.015566011297     -0.016620381501      0.008734562974
   54     -0.027254507372     -0.020878724765      0.002038458205
   55     -0.030066252655     -0.011686086432      0.015937884555
   56     -0.039218128293     -0.016325001921     -0.000373970117
   57      0.031217336304     -0.026491369890     -0.031834081697
   58      0.039349449779      0.006549275676     -0.019928915339
   59     -0.048848978306      0.018510599212     -0.038941136937
   60     -0.006095777125      0.057862165743     -0.023936889124
   61     -0.071566031024     -0.008016305024      0.002633002535
   62      0.071277834288      0.008432723241     -0.002634766980

Maximal derivative component:        0.115697E+00 au

Dipole moment:    0.13466359    0.00385566   -0.01864752 au
Dipole moment:    0.34228074    0.00980010   -0.04739727 Debye


