 Fermi distribution function

Calculation with static geometry


********************************************************************************
 iSCC Total electronic   Diff electronic      SCC error    
   17   -0.10434172E+03   -0.98921760E-10    0.90241202E-05
********************************************************************************

 Total charge:     0.00000000

 Atomic gross charges (e)
 Atom           Charge
    1      -0.01658095
    2       0.02567471
    3       0.02303963
    4      -0.00179081
    5      -0.01271397
    6       0.00951043
    7      -0.00917221
    8      -0.00522308
    9       0.00394728
   10       0.02855940
   11      -0.02358103
   12       0.02622451
   13       0.02861196
   14       0.01828011
   15      -0.00039746
   16      -0.01634030
   17       0.02518969
   18      -0.04517997
   19      -0.01933273
   20      -0.04419084
   21       0.00821725
   22       0.00726100
   23      -0.00708330
   24       0.02998390
   25       0.00190512
   26      -0.01112760
   27       0.01464107
   28       0.01498852
   29      -0.02361772
   30      -0.00073133
   31       0.00105264
   32       0.00234376
   33       0.00007608
   34      -0.00779347
   35      -0.00747436
   36      -0.03258683
   37       0.01661920
   38      -0.00275597
   39       0.03446862
   40      -0.04129079
   41       0.02750544
   42      -0.00173218
   43      -0.02237786
   44      -0.05743930
   45      -0.01487434
   46       0.00635868
   47       0.00991484
   48      -0.00125586
   49      -0.00787303
   50       0.01640740
   51       0.00440579
   52       0.01331043
   53       0.04190250
   54       0.01973399
   55       0.01759472
   56      -0.00878392
   57       0.01268476
   58      -0.02128613
   59      -0.02315139
   60       0.00284547
   61      -0.00129528
   62      -0.00422492

Nr. of electrons (up):    242.00000000
Atom populations (up)
 Atom       Population
    1       4.01658095
    2       3.97432529
    3       3.97696037
    4       4.00179081
    5       4.01271397
    6       3.99048957
    7       4.00917221
    8       4.00522308
    9       3.99605272
   10       3.97144060
   11       4.02358103
   12       3.97377549
   13       3.97138804
   14       3.98171989
   15       4.00039746
   16       4.01634030
   17       3.97481031
   18       4.04517997
   19       4.01933273
   20       4.04419084
   21       3.99178275
   22       3.99273900
   23       4.00708330
   24       3.97001610
   25       3.99809488
   26       4.01112760
   27       3.98535893
   28       3.98501148
   29       4.02361772
   30       4.00073133
   31       3.99894736
   32       3.99765624
   33       3.99992392
   34       4.00779347
   35       4.00747436
   36       4.03258683
   37       3.98338080
   38       4.00275597
   39       3.96553138
   40       4.04129079
   41       3.97249456
   42       4.00173218
   43       4.02237786
   44       4.05743930
   45       4.01487434
   46       3.99364132
   47       3.99008516
   48       4.00125586
   49       4.00787303
   50       3.98359260
   51       3.99559421
   52       3.98668957
   53       3.95809750
   54       3.98026601
   55       3.98240528
   56       4.00878392
   57       3.98731524
   58       4.02128613
   59       4.02315139
   60       3.99715453
   61       1.00129528
   62       1.00422492

l-shell populations (up)
 Atom Sh.   l       Population
    1   1   0       1.18716732
    1   2   1       2.82941363
    2   1   0       1.17503650
    2   2   1       2.79928878
    3   1   0       1.19983714
    3   2   1       2.77712323
    4   1   0       1.22559128
    4   2   1       2.77619953
    5   1   0       1.21844721
    5   2   1       2.79426676
    6   1   0       1.21142156
    6   2   1       2.77906801
    7   1   0       1.21679803
    7   2   1       2.79237418
    8   1   0       1.19929507
    8   2   1       2.80592801
    9   1   0       1.18755259
    9   2   1       2.80850013
   10   1   0       1.16905504
   10   2   1       2.80238556
   11   1   0       1.21490693
   11   2   1       2.80867409
   12   1   0       1.18487513
   12   2   1       2.78890036
   13   1   0       1.19843465
   13   2   1       2.77295339
   14   1   0       1.20706692
   14   2   1       2.77465296
   15   1   0       1.20322213
   15   2   1       2.79717533
   16   1   0       1.19922204
   16   2   1       2.81711825
   17   1   0       1.18302178
   17   2   1       2.79178853
   18   1   0       1.21817292
   18   2   1       2.82700705
   19   1   0       1.22653570
   19   2   1       2.79279703
   20   1   0       1.22963446
   20   2   1       2.81455639
   21   1   0       1.21553962
   21   2   1       2.77624314
   22   1   0       1.19643792
   22   2   1       2.79630108
   23   1   0       1.21707381
   23   2   1       2.79000949
   24   1   0       1.17121595
   24   2   1       2.79880014
   25   1   0       1.21452535
   25   2   1       2.78356954
   26   1   0       1.19732119
   26   2   1       2.81380641
   27   1   0       1.19112159
   27   2   1       2.79423734
   28   1   0       1.19562671
   28   2   1       2.78938477
   29   1   0       1.24266436
   29   2   1       2.78095337
   30   1   0       1.21113080
   30   2   1       2.78960053
   31   1   0       1.20463282
   31   2   1       2.79431453
   32   1   0       1.20718128
   32   2   1       2.79047496
   33   1   0       1.19303534
   33   2   1       2.80688857
   34   1   0       1.20408283
   34   2   1       2.80371064
   35   1   0       1.23861714
   35   2   1       2.76885721
   36   1   0       1.22235721
   36   2   1       2.81022962
   37   1   0       1.22261381
   37   2   1       2.76076699
   38   1   0       1.21263550
   38   2   1       2.79012047
   39   1   0       1.19588669
   39   2   1       2.76964469
   40   1   0       1.22679218
   40   2   1       2.81449862
   41   1   0       1.18113521
   41   2   1       2.79135936
   42   1   0       1.20541702
   42   2   1       2.79631515
   43   1   0       1.20203811
   43   2   1       2.82033976
   44   1   0       1.24089502
   44   2   1       2.81654428
   45   1   0       1.23967736
   45   2   1       2.77519698
   46   1   0       1.21441207
   46   2   1       2.77922925
   47   1   0       1.20715048
   47   2   1       2.78293468
   48   1   0       1.19400549
   48   2   1       2.80725037
   49   1   0       1.20085843
   49   2   1       2.80701460
   50   1   0       1.19447768
   50   2   1       2.78911492
   51   1   0       1.19249116
   51   2   1       2.80310305
   52   1   0       1.17911262
   52   2   1       2.80757695
   53   1   0       1.20814502
   53   2   1       2.74995248
   54   1   0       1.17748803
   54   2   1       2.80277798
   55   1   0       1.19124648
   55   2   1       2.79115880
   56   1   0       1.20849647
   56   2   1       2.80028745
   57   1   0       1.18285395
   57   2   1       2.80446129
   58   1   0       1.21798129
   58   2   1       2.80330484
   59   1   0       1.21202999
   59   2   1       2.81112140
   60   1   0       1.19902140
   60   2   1       2.79813314
   61   1   0       1.00129528
   62   1   0       1.00422492

Orbital populations (up)
 Atom Sh.   l   m       Population  Label
    1   1   0   0       1.18716732  s
    1   2   1  -1       1.00565516  p_y
    1   2   1   0       0.90856754  p_z
    1   2   1   1       0.91519093  p_x
    2   1   0   0       1.17503650  s
    2   2   1  -1       0.99122013  p_y
    2   2   1   0       0.89271588  p_z
    2   2   1   1       0.91535277  p_x
    3   1   0   0       1.19983714  s
    3   2   1  -1       0.97260202  p_y
    3   2   1   0       0.89913655  p_z
    3   2   1   1       0.90538466  p_x
    4   1   0   0       1.22559128  s
    4   2   1  -1       0.98429705  p_y
    4   2   1   0       0.88445078  p_z
    4   2   1   1       0.90745170  p_x
    5   1   0   0       1.21844721  s
    5   2   1  -1       0.89260162  p_y
    5   2   1   0       0.90198883  p_z
    5   2   1   1       0.99967630  p_x
    6   1   0   0       1.21142156  s
    6   2   1  -1       0.88712159  p_y
    6   2   1   0       0.91353179  p_z
    6   2   1   1       0.97841463  p_x
    7   1   0   0       1.21679803  s
    7   2   1  -1       0.89173158  p_y
    7   2   1   0       0.91262313  p_z
    7   2   1   1       0.98801946  p_x
    8   1   0   0       1.19929507  s
    8   2   1  -1       0.89024495  p_y
    8   2   1   0       0.90741662  p_z
    8   2   1   1       1.00826644  p_x
    9   1   0   0       1.18755259  s
    9   2   1  -1       0.90993806  p_y
    9   2   1   0       0.99537861  p_z
    9   2   1   1       0.90318345  p_x
   10   1   0   0       1.16905504  s
   10   2   1  -1       0.91840253  p_y
   10   2   1   0       0.98060268  p_z
   10   2   1   1       0.90338035  p_x
   11   1   0   0       1.21490693  s
   11   2   1  -1       0.90161241  p_y
   11   2   1   0       0.99824895  p_z
   11   2   1   1       0.90881274  p_x
   12   1   0   0       1.18487513  s
   12   2   1  -1       0.91492152  p_y
   12   2   1   0       0.98069458  p_z
   12   2   1   1       0.89328426  p_x
   13   1   0   0       1.19843465  s
   13   2   1  -1       0.96947773  p_y
   13   2   1   0       0.91887842  p_z
   13   2   1   1       0.88459723  p_x
   14   1   0   0       1.20706692  s
   14   2   1  -1       0.96812158  p_y
   14   2   1   0       0.92435067  p_z
   14   2   1   1       0.88218072  p_x
   15   1   0   0       1.20322213  s
   15   2   1  -1       0.98226877  p_y
   15   2   1   0       0.92123478  p_z
   15   2   1   1       0.89367178  p_x
   16   1   0   0       1.19922204  s
   16   2   1  -1       0.99334873  p_y
   16   2   1   0       0.92873387  p_z
   16   2   1   1       0.89503566  p_x
   17   1   0   0       1.18302178  s
   17   2   1  -1       0.97259136  p_y
   17   2   1   0       0.93246892  p_z
   17   2   1   1       0.88672825  p_x
   18   1   0   0       1.21817292  s
   18   2   1  -1       1.00632541  p_y
   18   2   1   0       0.92553609  p_z
   18   2   1   1       0.89514555  p_x
   19   1   0   0       1.22653570  s
   19   2   1  -1       0.98986321  p_y
   19   2   1   0       0.91729315  p_z
   19   2   1   1       0.88564067  p_x
   20   1   0   0       1.22963446  s
   20   2   1  -1       0.99334582  p_y
   20   2   1   0       0.93433994  p_z
   20   2   1   1       0.88687063  p_x
   21   1   0   0       1.21553962  s
   21   2   1  -1       0.91866494  p_y
   21   2   1   0       0.87800250  p_z
   21   2   1   1       0.97957569  p_x
   22   1   0   0       1.19643792  s
   22   2   1  -1       0.91685230  p_y
   22   2   1   0       0.89344129  p_z
   22   2   1   1       0.98600749  p_x
   23   1   0   0       1.21707381  s
   23   2   1  -1       0.91976134  p_y
   23   2   1   0       0.88822843  p_z
   23   2   1   1       0.98201972  p_x
   24   1   0   0       1.17121595  s
   24   2   1  -1       0.93832520  p_y
   24   2   1   0       0.89420575  p_z
   24   2   1   1       0.96626920  p_x
   25   1   0   0       1.21452535  s
   25   2   1  -1       0.91639357  p_y
   25   2   1   0       0.88650442  p_z
   25   2   1   1       0.98067154  p_x
   26   1   0   0       1.19732119  s
   26   2   1  -1       0.93403290  p_y
   26   2   1   0       0.90130946  p_z
   26   2   1   1       0.97846404  p_x
   27   1   0   0       1.19112159  s
   27   2   1  -1       0.92468458  p_y
   27   2   1   0       0.89657228  p_z
   27   2   1   1       0.97298048  p_x
   28   1   0   0       1.19562671  s
   28   2   1  -1       0.92519686  p_y
   28   2   1   0       0.89151336  p_z
   28   2   1   1       0.97267454  p_x
   29   1   0   0       1.24266436  s
   29   2   1  -1       0.89139252  p_y
   29   2   1   0       0.98553700  p_z
   29   2   1   1       0.90402385  p_x
   30   1   0   0       1.21113080  s
   30   2   1  -1       0.88665139  p_y
   30   2   1   0       0.97747719  p_z
   30   2   1   1       0.92547195  p_x
   31   1   0   0       1.20463282  s
   31   2   1  -1       0.88715224  p_y
   31   2   1   0       0.99074466  p_z
   31   2   1   1       0.91641763  p_x
   32   1   0   0       1.20718128  s
   32   2   1  -1       0.90112151  p_y
   32   2   1   0       0.98148169  p_z
   32   2   1   1       0.90787176  p_x
   33   1   0   0       1.19303534  s
   33   2   1  -1       0.89662298  p_y
   33   2   1   0       1.00006568  p_z
   33   2   1   1       0.91019992  p_x
   34   1   0   0       1.20408283  s
   34   2   1  -1       0.89396750  p_y
   34   2   1   0       0.97941113  p_z
   34   2   1   1       0.93033202  p_x
   35   1   0   0       1.23861714  s
   35   2   1  -1       0.88991007  p_y
   35   2   1   0       0.96133256  p_z
   35   2   1   1       0.91761458  p_x
   36   1   0   0       1.22235721  s
   36   2   1  -1       0.91026163  p_y
   36   2   1   0       1.00052172  p_z
   36   2   1   1       0.89944627  p_x
   37   1   0   0       1.22261381  s
   37   2   1  -1       0.93509023  p_y
   37   2   1   0       0.88955536  p_z
   37   2   1   1       0.93612140  p_x
   38   1   0   0       1.21263550  s
   38   2   1  -1       0.93918563  p_y
   38   2   1   0       0.89847040  p_z
   38   2   1   1       0.95246444  p_x
   39   1   0   0       1.19588669  s
   39   2   1  -1       0.92580156  p_y
   39   2   1   0       0.90512060  p_z
   39   2   1   1       0.93872253  p_x
   40   1   0   0       1.22679218  s
   40   2   1  -1       0.95798398  p_y
   40   2   1   0       0.89717977  p_z
   40   2   1   1       0.95933487  p_x
   41   1   0   0       1.18113521  s
   41   2   1  -1       0.93781376  p_y
   41   2   1   0       0.90998230  p_z
   41   2   1   1       0.94356330  p_x
   42   1   0   0       1.20541702  s
   42   2   1  -1       0.94480113  p_y
   42   2   1   0       0.90188703  p_z
   42   2   1   1       0.94962699  p_x
   43   1   0   0       1.20203811  s
   43   2   1  -1       0.96126873  p_y
   43   2   1   0       0.91236864  p_z
   43   2   1   1       0.94670239  p_x
   44   1   0   0       1.24089502  s
   44   2   1  -1       0.96165805  p_y
   44   2   1   0       0.89879955  p_z
   44   2   1   1       0.95608669  p_x
   45   1   0   0       1.23967736  s
   45   2   1  -1       0.89190222  p_y
   45   2   1   0       0.91574947  p_z
   45   2   1   1       0.96754530  p_x
   46   1   0   0       1.21441207  s
   46   2   1  -1       0.89340834  p_y
   46   2   1   0       0.94982329  p_z
   46   2   1   1       0.93599762  p_x
   47   1   0   0       1.20715048  s
   47   2   1  -1       0.90164947  p_y
   47   2   1   0       0.94236406  p_z
   47   2   1   1       0.93892115  p_x
   48   1   0   0       1.19400549  s
   48   2   1  -1       0.90182252  p_y
   48   2   1   0       0.93880326  p_z
   48   2   1   1       0.96662459  p_x
   49   1   0   0       1.20085843  s
   49   2   1  -1       0.89590201  p_y
   49   2   1   0       0.96227607  p_z
   49   2   1   1       0.94883652  p_x
   50   1   0   0       1.19447768  s
   50   2   1  -1       0.90572298  p_y
   50   2   1   0       0.92762188  p_z
   50   2   1   1       0.95577006  p_x
   51   1   0   0       1.19249116  s
   51   2   1  -1       0.90764676  p_y
   51   2   1   0       0.94583531  p_z
   51   2   1   1       0.94962097  p_x
   52   1   0   0       1.17911262  s
   52   2   1  -1       0.91335544  p_y
   52   2   1   0       0.95048495  p_z
   52   2   1   1       0.94373657  p_x
   53   1   0   0       1.20814502  s
   53   2   1  -1       0.92018709  p_y
   53   2   1   0       0.92830791  p_z
   53   2   1   1       0.90145747  p_x
   54   1   0   0       1.17748803  s
   54   2   1  -1       0.94904254  p_y
   54   2   1   0       0.94564380  p_z
   54   2   1   1       0.90809164  p_x
   55   1   0   0       1.19124648  s
   55   2   1  -1       0.93344199  p_y
   55   2   1   0       0.95077568  p_z
   55   2   1   1       0.90694113  p_x
   56   1   0   0       1.20849647  s
   56   2   1  -1       0.95145613  p_y
   56   2   1   0       0.94975293  p_z
   56   2   1   1       0.89907839  p_x
   57   1   0   0       1.18285395  s
   57   2   1  -1       0.95216256  p_y
   57   2   1   0       0.95080259  p_z
   57   2   1   1       0.90149614  p_x
   58   1   0   0       1.21798129  s
   58   2   1  -1       0.94896811  p_y
   58   2   1   0       0.95449921  p_z
   58   2   1   1       0.89983752  p_x
   59   1   0   0       1.21202999  s
   59   2   1  -1       0.95209341  p_y
   59   2   1   0       0.95281694  p_z
   59   2   1   1       0.90621104  p_x
   60   1   0   0       1.19902140  s
   60   2   1  -1       0.95350503  p_y
   60   2   1   0       0.94624206  p_z
   60   2   1   1       0.89838604  p_x
   61   1   0   0       1.00129528  s
   62   1   0   0       1.00422492  s

Fermi level:                        -0.1757486925 H           -4.7824 eV
Band energy:                      -104.3803691829 H        -2840.3344 eV
TS:                                  0.0000000001 H            0.0000 eV
Band free energy (E-TS):          -104.3803691830 H        -2840.3344 eV
Extrapolated E(0K):               -104.3803691830 H        -2840.3344 eV
Input / Output electrons (q):    241.9999999998    241.9999999998

Energy H0:                        -104.3424042165 H        -2839.3013 eV
Energy SCC:                          0.0006815964 H            0.0185 eV
Total Electronic energy:          -104.3417226201 H        -2839.2827 eV
Repulsive energy:                    1.6303861240 H           44.3651 eV
Total energy:                     -102.7113364960 H        -2794.9177 eV
Extrapolated to 0:                -102.7113364961 H        -2794.9177 eV
Total Mermin free energy:         -102.7113364961 H        -2794.9177 eV
Force related energy:             -102.7113364961 H        -2794.9177 eV

SCC converged

Total Forces
    1     -0.006377646512     -0.000284876689      0.049093840610
    2      0.009630526758     -0.020450432388     -0.045965349242
    3     -0.011552441340      0.001634136296     -0.089643355216
    4      0.009620707221      0.003882151144     -0.049586510290
    5      0.011805486113     -0.063892212454      0.070520503348
    6     -0.006389411181     -0.007674910507      0.021479291640
    7      0.000341289028      0.034728969831      0.013460059562
    8      0.003710183111      0.043352595007      0.059971777757
    9      0.173785792316      0.021617223775     -0.009794149541
   10     -0.152933791571     -0.025980038451      0.001728179633
   11      0.098469648228     -0.014071520955      0.019893268608
   12     -0.095113156054      0.013281165473      0.012076995017
   13      0.053012806281      0.023319940679     -0.055015730009
   14     -0.019480709001      0.022473842178     -0.016779303020
   15      0.053488545333      0.036292895759      0.030720139609
   16     -0.026451602062      0.017140184870      0.007003663970
   17     -0.032225006019      0.014502439973      0.030541567671
   18      0.021105514845      0.006907386014      0.027776646181
   19     -0.017611523784     -0.018235264292      0.051709295445
   20     -0.002443481192      0.023790453146      0.023188089019
   21      0.020223574051      0.056359161867     -0.102484278592
   22     -0.032215142450      0.028673766537     -0.076865230860
   23      0.008032213323      0.024026954885      0.032675713534
   24      0.011430008305      0.013164312536     -0.002811172464
   25      0.012924411151     -0.041533967215      0.009407422860
   26      0.013919343995      0.038490428649      0.013251041978
   27      0.009562963327     -0.016528912911      0.029713147323
   28      0.018023023902      0.021858925282     -0.081067939228
   29     -0.016198702649      0.027139179229     -0.004943177662
   30      0.016290678388      0.067919895531     -0.019328776923
   31     -0.047705381723     -0.004773867726      0.020868859749
   32     -0.011447821880     -0.058007618173     -0.043403346134
   33      0.065796587585     -0.027916590579      0.025028742002
   34      0.002570677129      0.030720980329     -0.001544434979
   35      0.012585318912      0.055059547148     -0.009182464210
   36      0.059702910286     -0.058007463616      0.030064738961
   37      0.041439858811     -0.038612140053      0.028340480375
   38     -0.022097298195     -0.003042675922     -0.016542337928
   39     -0.026749907630     -0.023197169738     -0.062083006222
   40     -0.029037141313      0.023155826961     -0.056250330386
   41      0.011693811334      0.028639961961      0.038988651597
   42     -0.010065709702     -0.008293594551     -0.010109955513
   43      0.022583780908     -0.015183905368      0.063116251660
   44     -0.044793459838     -0.013934786136      0.070288179518
   45     -0.041763438151      0.027333071291      0.064858085206
   46     -0.043769327275      0.010472526902     -0.056954219457
   47      0.023810704983     -0.087811238167     -0.088055029320
   48     -0.061418564855      0.039283271720     -0.052721874135
   49     -0.020001182789     -0.043787690927     -0.023408385195
   50      0.027016201652     -0.089459282181     -0.053069264083
   51      0.043734114681     -0.057950636940      0.093377072644
   52     -0.043027070262      0.031178077931      0.028458384924
   53     -0.121770301906      0.002997033278     -0.017415986955
   54      0.078843496757      0.015118020041      0.006116848143
   55     -0.023785783062      0.023573889598      0.016248770632
   56      0.008921500880     -0.013596900086      0.004062667694
   57      0.030860784964      0.008011412607     -0.000954528634
   58     -0.004719504198      0.004082459488     -0.011920723829
   59     -0.013674795051     -0.004299683392     -0.012365715627
   60      0.009546259518     -0.083437535533      0.076491698689
   61      0.045482373999     -0.008240195524      0.035809666809
   62     -0.045145796429      0.008023022555     -0.036063166714

Maximal derivative component:        0.173786E+00 au

Dipole moment:    0.08075917    0.06145940   -0.02546547 au
Dipole moment:    0.20526935    0.15621423   -0.06472677 Debye


