 KPT            1  SPIN            1  KWEIGHT    1.0000000000000000     
     1   -23.384  2.00000
     2   -19.186  2.00000
     3   -18.507  2.00000
     4   -17.404  2.00000
     5   -16.839  2.00000
     6   -16.360  2.00000
     7   -16.010  2.00000
     8   -13.967  2.00000
     9   -13.644  2.00000
    10   -13.004  2.00000
    11   -12.652  2.00000
    12   -11.134  2.00000
    13   -10.970  2.00000
    14   -10.752  2.00000
    15   -10.184  2.00000
    16    -9.938  2.00000
    17    -9.783  2.00000
    18    -9.335  2.00000
    19    -9.205  2.00000
    20    -9.096  2.00000
    21    -8.967  2.00000
    22    -8.813  2.00000
    23    -8.583  2.00000
    24    -8.275  2.00000
    25    -8.069  2.00000
    26    -7.714  2.00000
    27    -7.676  2.00000
    28    -7.273  2.00000
    29    -6.845  2.00000
    30    -6.757  2.00000
    31    -6.275  2.00000
    32    -5.661  2.00000
    33    -2.406  0.00000
    34    -1.950  0.00000
    35    -1.403  0.00000
    36    -0.938  0.00000
    37     1.449  0.00000
    38     2.061  0.00000
    39     4.936  0.00000
    40     5.984  0.00000
    41     7.539  0.00000
    42     8.561  0.00000
    43     9.162  0.00000
    44    10.642  0.00000
    45    11.484  0.00000
    46    12.626  0.00000
    47    13.538  0.00000
    48    15.114  0.00000
    49    15.401  0.00000
    50    16.252  0.00000
    51    16.319  0.00000
    52    16.961  0.00000
    53    18.207  0.00000
    54    18.866  0.00000
    55    20.015  0.00000
    56    21.324  0.00000
    57    22.711  0.00000
    58    24.209  0.00000
    59    24.619  0.00000
    60    25.286  0.00000
    61    27.570  0.00000
    62    29.521  0.00000

