 Fermi distribution function

Calculation with static geometry


********************************************************************************
 iSCC Total electronic   Diff electronic      SCC error    
   18   -0.27793230E+02   -0.37388759E-10    0.40690008E-05
********************************************************************************

 Total charge:    -0.00000000

 Atomic gross charges (e)
 Atom           Charge
    1      -0.17749109
    2      -0.07863167
    3      -0.04523527
    4      -0.12586735
    5      -0.07228974
    6       0.30457200
    7      -0.45717278
    8       0.04679493
    9      -0.08753297
   10      -0.00004402
   11      -0.14384440
   12      -0.06214992
   13      -0.15311992
   14       0.08940109
   15       0.10383307
   16       0.03420694
   17       0.09306122
   18       0.34195601
   19       0.08029193
   20       0.04799340
   21       0.11388244
   22       0.04575581
   23       0.10163028

Nr. of electrons (up):     64.00000000
Atom populations (up)
 Atom       Population
    1       4.17749109
    2       4.07863167
    3       4.04523527
    4       4.12586735
    5       4.07228974
    6       3.69542800
    7       6.45717278
    8       3.95320507
    9       4.08753297
   10       4.00004402
   11       4.14384440
   12       4.06214992
   13       4.15311992
   14       0.91059891
   15       0.89616693
   16       0.96579306
   17       0.90693878
   18       0.65804399
   19       0.91970807
   20       0.95200660
   21       0.88611756
   22       0.95424419
   23       0.89836972

l-shell populations (up)
 Atom Sh.   l       Population
    1   1   0       1.22961912
    1   2   1       2.94787198
    2   1   0       1.21675833
    2   2   1       2.86187334
    3   1   0       1.22860913
    3   2   1       2.81662614
    4   1   0       1.26732355
    4   2   1       2.85854380
    5   1   0       1.19727780
    5   2   1       2.87501195
    6   1   0       1.11988621
    6   2   1       2.57554179
    7   1   0       1.71431929
    7   2   1       4.74285349
    8   1   0       1.20459836
    8   2   1       2.74860671
    9   1   0       1.19568762
    9   2   1       2.89184535
   10   1   0       1.16624980
   10   2   1       2.83379423
   11   1   0       1.23405813
   11   2   1       2.90978627
   12   1   0       1.24649492
   12   2   1       2.81565500
   13   1   0       1.26584167
   13   2   1       2.88727825
   14   1   0       0.91059891
   15   1   0       0.89616693
   16   1   0       0.96579306
   17   1   0       0.90693878
   18   1   0       0.65804399
   19   1   0       0.91970807
   20   1   0       0.95200660
   21   1   0       0.88611756
   22   1   0       0.95424419
   23   1   0       0.89836972

Orbital populations (up)
 Atom Sh.   l   m       Population  Label
    1   1   0   0       1.22961912  s
    1   2   1  -1       0.92532545  p_y
    1   2   1   0       1.07972472  p_z
    1   2   1   1       0.94282181  p_x
    2   1   0   0       1.21675833  s
    2   2   1  -1       0.93476485  p_y
    2   2   1   0       0.99526078  p_z
    2   2   1   1       0.93184770  p_x
    3   1   0   0       1.22860913  s
    3   2   1  -1       0.90405740  p_y
    3   2   1   0       1.01823606  p_z
    3   2   1   1       0.89433267  p_x
    4   1   0   0       1.26732355  s
    4   2   1  -1       0.91296997  p_y
    4   2   1   0       1.02512140  p_z
    4   2   1   1       0.92045243  p_x
    5   1   0   0       1.19727780  s
    5   2   1  -1       0.92269585  p_y
    5   2   1   0       1.04252248  p_z
    5   2   1   1       0.90979361  p_x
    6   1   0   0       1.11988621  s
    6   2   1  -1       0.73493177  p_y
    6   2   1   0       0.93349707  p_z
    6   2   1   1       0.90711295  p_x
    7   1   0   0       1.71431929  s
    7   2   1  -1       1.31778061  p_y
    7   2   1   0       1.86620912  p_z
    7   2   1   1       1.55886376  p_x
    8   1   0   0       1.20459836  s
    8   2   1  -1       0.92863759  p_y
    8   2   1   0       0.90791016  p_z
    8   2   1   1       0.91205897  p_x
    9   1   0   0       1.19568762  s
    9   2   1  -1       0.98368335  p_y
    9   2   1   0       0.98101872  p_z
    9   2   1   1       0.92714328  p_x
   10   1   0   0       1.16624980  s
   10   2   1  -1       0.93466696  p_y
   10   2   1   0       0.96269260  p_z
   10   2   1   1       0.93643467  p_x
   11   1   0   0       1.23405813  s
   11   2   1  -1       0.97092584  p_y
   11   2   1   0       0.99802202  p_z
   11   2   1   1       0.94083841  p_x
   12   1   0   0       1.24649492  s
   12   2   1  -1       0.96217901  p_y
   12   2   1   0       0.92496856  p_z
   12   2   1   1       0.92850742  p_x
   13   1   0   0       1.26584167  s
   13   2   1  -1       0.95914519  p_y
   13   2   1   0       0.96768139  p_z
   13   2   1   1       0.96045167  p_x
   14   1   0   0       0.91059891  s
   15   1   0   0       0.89616693  s
   16   1   0   0       0.96579306  s
   17   1   0   0       0.90693878  s
   18   1   0   0       0.65804399  s
   19   1   0   0       0.91970807  s
   20   1   0   0       0.95200660  s
   21   1   0   0       0.88611756  s
   22   1   0   0       0.95424419  s
   23   1   0   0       0.89836972  s

Fermi level:                        -0.1543440743 H           -4.1999 eV
Band energy:                       -26.7637880127 H         -728.2797 eV
TS:                                  0.0000000000 H            0.0000 eV
Band free energy (E-TS):           -26.7637880127 H         -728.2797 eV
Extrapolated E(0K):                -26.7637880127 H         -728.2797 eV
Input / Output electrons (q):     64.0000000000     64.0000000000

Energy H0:                         -27.8097401222 H         -756.7415 eV
Energy SCC:                          0.0165097606 H            0.4493 eV
Total Electronic energy:           -27.7932303616 H         -756.2923 eV
Repulsive energy:                    0.3661650119 H            9.9639 eV
Total energy:                      -27.4270653496 H         -746.3284 eV
Extrapolated to 0:                 -27.4270653496 H         -746.3284 eV
Total Mermin free energy:          -27.4270653496 H         -746.3284 eV
Force related energy:              -27.4270653496 H         -746.3284 eV

SCC converged

Total Forces
    1     -0.043095575532     -0.051988397097     -0.023444681389
    2      0.054507813454      0.088460390724      0.011935142208
    3      0.072012329364     -0.096527462452      0.009546637224
    4     -0.020009701915      0.081226502623     -0.015959265940
    5     -0.080637279641     -0.129497919683      0.000747706943
    6      0.040406129168      0.051188626278      0.014394617012
    7     -0.115479260387     -0.054868180018      0.003066166897
    8      0.081454924228      0.074156642772      0.031394681428
    9     -0.294583548337     -0.107172608664      0.036370898604
   10      0.292590288828      0.120693816365     -0.036895833611
   11     -0.120485414721     -0.004600747589      0.073804012982
   12      0.016525852855      0.024630814936      0.034233567426
   13      0.032687084300     -0.033987395729     -0.077591869698
   14     -0.016014336039      0.014393074011      0.007596755995
   15     -0.047098893824     -0.029904774534     -0.000691214879
   16     -0.018827938598      0.067459075252     -0.005416457544
   17     -0.003958258221     -0.019513911041      0.002408440917
   18      0.100401398207      0.034132355979     -0.009279784497
   19      0.020931197326      0.002267196767     -0.009656095276
   20     -0.011156101558     -0.025392171343     -0.007988927240
   21      0.043713418931      0.010586846780     -0.009356269973
   22      0.009624608991      0.001539747175     -0.014668155164
   23      0.006491263123     -0.017281521513     -0.014550072426

Maximal derivative component:        0.294584E+00 au

Dipole moment:    0.28105492   -0.05484251   -0.15863245 au
Dipole moment:    0.71437040   -0.13939578   -0.40320351 Debye


