SLURM_NTASKS: 1
SLURM_NTASKS_PER_NODE: 1
SLURM_CPUS_PER_TASK: 1
 delta_t =    10.0000000000000     
 hessian: 
 
  0.2503E-04, -0.1202E-12, -0.7563E-08, -0.3769E-05, -0.4897E-12, -0.2002E-07, -0.4159E-04,  0.4503E-10,  0.1220E-04, -0.1620E-04, -0.1476E-04, -0.6043E-05, -0.1620E-04,  0.1476E-04, -0.6043E-05,  0.3985E-06,  0.9547E-09,  0.5137E-05,  0.9116E-07,  0.1630E-06, -0.2578E-05,  0.9193E-07, -0.1621E-06, -0.2578E-05
 -0.1202E-12,  0.2502E-04, -0.3550E-09, -0.2245E-12, -0.3769E-05, -0.7273E-09, -0.8691E-12, -0.7662E-05,  0.1056E-09, -0.1476E-04, -0.3316E-04, -0.1044E-04,  0.1476E-04, -0.3316E-04,  0.1044E-04, -0.6728E-10,  0.5576E-08,  0.4007E-09,  0.1499E-06,  0.2893E-06, -0.4454E-05, -0.1493E-06,  0.2885E-06,  0.4455E-05
 -0.7563E-08, -0.3550E-09,  0.2213E-04, -0.2004E-07, -0.7272E-09, -0.1017E-04,  0.1219E-04,  0.2387E-09, -0.1190E-04, -0.6036E-05, -0.1043E-04, -0.1179E-04, -0.6036E-05,  0.1043E-04, -0.1179E-04,  0.2535E-06,  0.1254E-09, -0.1963E-05, -0.1361E-06, -0.2252E-06, -0.1935E-05, -0.1372E-06,  0.2275E-06, -0.1936E-05
 -0.3769E-05, -0.2245E-12, -0.2004E-07,  0.2503E-04, -0.3355E-12, -0.7874E-08,  0.4008E-06,  0.9545E-09,  0.5137E-05,  0.9207E-07,  0.1641E-06, -0.2577E-05,  0.9284E-07, -0.1632E-06, -0.2578E-05, -0.4159E-04,  0.4563E-10,  0.1220E-04, -0.1620E-04, -0.1476E-04, -0.6043E-05, -0.1620E-04,  0.1476E-04, -0.6043E-05
 -0.4897E-12, -0.3769E-05, -0.7272E-09, -0.3355E-12,  0.2502E-04, -0.3550E-09,  0.1848E-11,  0.5575E-08,  0.4004E-09,  0.1499E-06,  0.2893E-06, -0.4454E-05, -0.1493E-06,  0.2885E-06,  0.4455E-05, -0.1182E-10, -0.7662E-05,  0.1049E-09, -0.1476E-04, -0.3316E-04, -0.1044E-04,  0.1476E-04, -0.3316E-04,  0.1044E-04
 -0.2002E-07, -0.7273E-09, -0.1017E-04, -0.7874E-08, -0.3550E-09,  0.2213E-04,  0.2530E-06,  0.1254E-09, -0.1963E-05, -0.1361E-06, -0.2252E-06, -0.1935E-05, -0.1372E-06,  0.2275E-06, -0.1936E-05,  0.1219E-04,  0.2386E-09, -0.1190E-04, -0.6036E-05, -0.1043E-04, -0.1179E-04, -0.6036E-05,  0.1043E-04, -0.1179E-04
 -0.4159E-04, -0.8691E-12,  0.1219E-04,  0.4008E-06,  0.1848E-11,  0.2530E-06,  0.1508E-03, -0.5799E-09, -0.4800E-04, -0.4995E-05,  0.2010E-05,  0.2773E-05, -0.4996E-05, -0.2010E-05,  0.2773E-05,  0.8970E-06, -0.1404E-08, -0.4246E-06,  0.2782E-06,  0.5519E-08, -0.4647E-07,  0.2762E-06, -0.7437E-08, -0.4524E-07
  0.4503E-10, -0.7662E-05,  0.2387E-09,  0.9545E-09,  0.5575E-08,  0.1254E-09, -0.5799E-09,  0.2348E-04,  0.1995E-09, -0.1247E-04,  0.1059E-05,  0.4979E-05,  0.1247E-04,  0.1059E-05, -0.4979E-05, -0.1380E-08,  0.5547E-06,  0.3967E-09,  0.2237E-06,  0.1447E-06,  0.1330E-06, -0.2255E-06,  0.1467E-06, -0.1343E-06
  0.1220E-04,  0.1056E-09, -0.1190E-04,  0.5137E-05,  0.4004E-09, -0.1963E-05, -0.4800E-04,  0.1995E-09,  0.4591E-04, -0.5634E-05,  0.8024E-07,  0.1589E-05, -0.5633E-05, -0.8065E-07,  0.1590E-05, -0.4269E-06,  0.3968E-09, -0.3175E-05, -0.9074E-07,  0.1087E-06,  0.9802E-06, -0.8938E-07, -0.1092E-06,  0.9803E-06
 -0.1620E-04, -0.1476E-04, -0.6036E-05,  0.9207E-07,  0.1499E-06, -0.1361E-06, -0.4995E-05, -0.1247E-04, -0.5634E-05,  0.5553E-04,  0.5538E-04,  0.2381E-04,  0.4099E-05,  0.7262E-05,  0.2893E-05,  0.2785E-06,  0.2237E-06, -0.9074E-07,  0.6423E-06,  0.1514E-06,  0.1954E-06,  0.7935E-07, -0.1093E-06,  0.1431E-06
 -0.1476E-04, -0.3316E-04, -0.1043E-04,  0.1641E-06,  0.2893E-06, -0.2252E-06,  0.2010E-05,  0.1059E-05,  0.8024E-07,  0.5538E-04,  0.1192E-03,  0.4112E-04, -0.7263E-05, -0.8015E-05, -0.4831E-05,  0.4978E-08,  0.1447E-06,  0.1087E-06,  0.1514E-06,  0.8147E-06,  0.3589E-06,  0.1085E-06,  0.3429E-06, -0.2590E-07
 -0.6043E-05, -0.1044E-04, -0.1179E-04, -0.2577E-05, -0.4454E-05, -0.1935E-05,  0.2773E-05,  0.4979E-05,  0.1589E-05,  0.2381E-04,  0.4112E-04,  0.4546E-04,  0.2893E-05,  0.4831E-05,  0.1563E-05, -0.4697E-07,  0.1330E-06,  0.9802E-06,  0.1954E-06,  0.3589E-06, -0.3176E-05,  0.1434E-06,  0.2432E-07,  0.9800E-06
 -0.1620E-04,  0.1476E-04, -0.6036E-05,  0.9284E-07, -0.1493E-06, -0.1372E-06, -0.4996E-05,  0.1247E-04, -0.5633E-05,  0.4099E-05, -0.7263E-05,  0.2893E-05,  0.5553E-04, -0.5539E-04,  0.2381E-04,  0.2764E-06, -0.2255E-06, -0.8938E-07,  0.7935E-07,  0.1085E-06,  0.1434E-06,  0.6424E-06, -0.1532E-06,  0.1970E-06
  0.1476E-04, -0.3316E-04,  0.1043E-04, -0.1632E-06,  0.2885E-06,  0.2275E-06, -0.2010E-05,  0.1059E-05, -0.8065E-07,  0.7262E-05, -0.8015E-05,  0.4831E-05, -0.5539E-04,  0.1192E-03, -0.4112E-04, -0.6697E-08,  0.1467E-06, -0.1092E-06, -0.1093E-06,  0.3429E-06,  0.2432E-07, -0.1532E-06,  0.8175E-06, -0.3618E-06
 -0.6043E-05,  0.1044E-04, -0.1179E-04, -0.2578E-05,  0.4455E-05, -0.1936E-05,  0.2773E-05, -0.4979E-05,  0.1590E-05,  0.2893E-05, -0.4831E-05,  0.1563E-05,  0.2381E-04, -0.4112E-04,  0.4546E-04, -0.4582E-07, -0.1343E-06,  0.9803E-06,  0.1431E-06, -0.2590E-07,  0.9800E-06,  0.1970E-06, -0.3618E-06, -0.3174E-05
  0.3985E-06, -0.6728E-10,  0.2535E-06, -0.4159E-04, -0.1182E-10,  0.1219E-04,  0.8970E-06, -0.1380E-08, -0.4269E-06,  0.2785E-06,  0.4978E-08, -0.4697E-07,  0.2764E-06, -0.6697E-08, -0.4582E-07,  0.1508E-03, -0.5752E-09, -0.4800E-04, -0.4995E-05,  0.2010E-05,  0.2773E-05, -0.4996E-05, -0.2010E-05,  0.2772E-05
  0.9547E-09,  0.5576E-08,  0.1254E-09,  0.4563E-10, -0.7662E-05,  0.2386E-09, -0.1404E-08,  0.5547E-06,  0.3968E-09,  0.2237E-06,  0.1447E-06,  0.1330E-06, -0.2255E-06,  0.1467E-06, -0.1343E-06, -0.5752E-09,  0.2348E-04,  0.2010E-09, -0.1247E-04,  0.1059E-05,  0.4979E-05,  0.1247E-04,  0.1059E-05, -0.4979E-05
  0.5137E-05,  0.4007E-09, -0.1963E-05,  0.1220E-04,  0.1049E-09, -0.1190E-04, -0.4246E-06,  0.3967E-09, -0.3175E-05, -0.9074E-07,  0.1087E-06,  0.9802E-06, -0.8938E-07, -0.1092E-06,  0.9803E-06, -0.4800E-04,  0.2010E-09,  0.4591E-04, -0.5634E-05,  0.8024E-07,  0.1589E-05, -0.5633E-05, -0.8065E-07,  0.1590E-05
  0.9116E-07,  0.1499E-06, -0.1361E-06, -0.1620E-04, -0.1476E-04, -0.6036E-05,  0.2782E-06,  0.2237E-06, -0.9074E-07,  0.6423E-06,  0.1514E-06,  0.1954E-06,  0.7935E-07, -0.1093E-06,  0.1431E-06, -0.4995E-05, -0.1247E-04, -0.5634E-05,  0.5553E-04,  0.5538E-04,  0.2381E-04,  0.4099E-05,  0.7262E-05,  0.2893E-05
  0.1630E-06,  0.2893E-06, -0.2252E-06, -0.1476E-04, -0.3316E-04, -0.1043E-04,  0.5519E-08,  0.1447E-06,  0.1087E-06,  0.1514E-06,  0.8147E-06,  0.3589E-06,  0.1085E-06,  0.3429E-06, -0.2590E-07,  0.2010E-05,  0.1059E-05,  0.8024E-07,  0.5538E-04,  0.1192E-03,  0.4112E-04, -0.7263E-05, -0.8014E-05, -0.4831E-05
 -0.2578E-05, -0.4454E-05, -0.1935E-05, -0.6043E-05, -0.1044E-04, -0.1179E-04, -0.4647E-07,  0.1330E-06,  0.9802E-06,  0.1954E-06,  0.3589E-06, -0.3176E-05,  0.1434E-06,  0.2432E-07,  0.9800E-06,  0.2773E-05,  0.4979E-05,  0.1589E-05,  0.2381E-04,  0.4112E-04,  0.4546E-04,  0.2893E-05,  0.4831E-05,  0.1563E-05
  0.9193E-07, -0.1493E-06, -0.1372E-06, -0.1620E-04,  0.1476E-04, -0.6036E-05,  0.2762E-06, -0.2255E-06, -0.8938E-07,  0.7935E-07,  0.1085E-06,  0.1434E-06,  0.6424E-06, -0.1532E-06,  0.1970E-06, -0.4996E-05,  0.1247E-04, -0.5633E-05,  0.4099E-05, -0.7263E-05,  0.2893E-05,  0.5553E-04, -0.5539E-04,  0.2381E-04
 -0.1621E-06,  0.2885E-06,  0.2275E-06,  0.1476E-04, -0.3316E-04,  0.1043E-04, -0.7437E-08,  0.1467E-06, -0.1092E-06, -0.1093E-06,  0.3429E-06,  0.2432E-07, -0.1532E-06,  0.8175E-06, -0.3618E-06, -0.2010E-05,  0.1059E-05, -0.8065E-07,  0.7262E-05, -0.8014E-05,  0.4831E-05, -0.5539E-04,  0.1192E-03, -0.4112E-04
 -0.2578E-05,  0.4455E-05, -0.1936E-05, -0.6043E-05,  0.1044E-04, -0.1179E-04, -0.4524E-07, -0.1343E-06,  0.9803E-06,  0.1431E-06, -0.2590E-07,  0.9800E-06,  0.1970E-06, -0.3618E-06, -0.3174E-05,  0.2772E-05, -0.4979E-05,  0.1590E-05,  0.2893E-05, -0.4831E-05,  0.1563E-05,  0.2381E-04, -0.4112E-04,  0.4546E-04
 
 eigenvalues_full: 
 
 -0.2808E-08
 -0.1322E-08
 -0.3670E-09
 -0.1724E-12
 -0.1346E-12
 -0.3640E-13
  0.1592E-05
  0.1499E-04
  0.1500E-04
  0.2166E-04
  0.3129E-04
  0.3130E-04
  0.3947E-04
  0.4125E-04
  0.4290E-04
  0.4291E-04
  0.4379E-04
  0.4379E-04
  0.1714E-03
  0.1733E-03
  0.1864E-03
  0.1864E-03
  0.1890E-03
  0.1890E-03
 
 eigenvectors: 
 
 -0.1673E-02, -0.5272    , -0.9814E-03,  0.3817E-01,  0.4278    , -0.4618    , -0.2056E-05, -0.7983E-03,  0.1606    , -0.2001E-02,  0.7357E-03, -0.4143    , -0.8982E-03,  0.1330E-02, -0.5535E-02,  0.6915E-01,  0.4278E-01, -0.1577    , -0.3837E-03,  0.2628E-03, -0.1105    ,  0.1874    , -0.1893    , -0.1101    
 -0.4522    ,  0.8780E-03,  0.2677    ,  0.2416    ,  0.4183    ,  0.4076    , -0.1240E-04, -0.1606    , -0.7875E-03, -0.1850E-04, -0.4143    , -0.7299E-03, -0.2352E-04, -0.1132E-04,  0.6926E-01,  0.5552E-02,  0.1577    ,  0.4277E-01,  0.8173E-05,  0.6324E-04,  0.1873    ,  0.1105    , -0.1101    ,  0.1894    
 -0.6827E-05,  0.1686E-02,  0.2290E-05, -0.5828    ,  0.2016    ,  0.1386    ,  0.1867E-05,  0.7218E-05, -0.5432E-03, -0.5775    ,  0.1910E-04,  0.1700E-02, -0.2922    ,  0.3882    ,  0.5720E-04, -0.1250E-04, -0.1594E-03,  0.4514E-03, -0.1260    ,  0.1226    ,  0.3315E-03, -0.5422E-03,  0.5555E-03,  0.2709E-03
  0.1630E-02,  0.5239    ,  0.1103E-02,  0.3840E-01,  0.4297    , -0.4638    , -0.2022E-05, -0.7980E-03,  0.1606    ,  0.1990E-02, -0.7357E-03,  0.4143    , -0.8822E-03, -0.1309E-02,  0.5538E-02, -0.6918E-01,  0.4277E-01, -0.1577    ,  0.3990E-03,  0.3130E-03,  0.1104    , -0.1872    , -0.1895    , -0.1102    
  0.4522    , -0.8949E-03, -0.2678    ,  0.2416    ,  0.4184    ,  0.4075    , -0.1253E-04, -0.1606    , -0.7874E-03,  0.1849E-04,  0.4143    ,  0.7298E-03, -0.2343E-04,  0.1187E-04, -0.6926E-01, -0.5554E-02,  0.1577    ,  0.4277E-01, -0.6825E-05,  0.6211E-04, -0.1873    , -0.1105    , -0.1101    ,  0.1894    
 -0.3667E-04, -0.1624E-02, -0.2036E-04, -0.5828    ,  0.2016    ,  0.1386    ,  0.1867E-05,  0.7078E-05, -0.5199E-03,  0.5775    , -0.1898E-04, -0.1685E-02, -0.2923    , -0.3881    , -0.5590E-04,  0.1641E-05, -0.1482E-03,  0.4145E-03,  0.1259    ,  0.1228    , -0.3475E-03,  0.5681E-03,  0.5635E-03,  0.2747E-03
 -0.7347E-03, -0.2327    , -0.4473E-03,  0.1103E-01,  0.1237    , -0.1336    ,  0.3004E-05,  0.7521E-03, -0.1516    , -0.2323E-01, -0.7834E-04,  0.4586E-01,  0.1591    , -0.1568    , -0.9693E-02,  0.1207    ,  0.3299E-01, -0.1216    , -0.3765    ,  0.3761    ,  0.2604    , -0.4415    ,  0.4413    ,  0.2565    
 -0.4073    ,  0.1737E-02, -0.2332    ,  0.6999E-01,  0.1211    ,  0.1180    , -0.4082    ,  0.2195    ,  0.1080E-02,  0.2201E-06,  0.2188    ,  0.3758E-03,  0.5381E-04,  0.7336E-04, -0.4798    , -0.3847E-01, -0.4841    , -0.1313    ,  0.6882E-05,  0.3937E-05,  0.9313E-02,  0.5481E-02, -0.3534E-02,  0.6049E-02
 -0.6434E-03, -0.2039    , -0.4061E-03, -0.1688    ,  0.5801E-01,  0.4052E-01, -0.1189E-05,  0.2448E-02, -0.4949    , -0.2342    , -0.7194E-03,  0.4109    ,  0.3360    , -0.3035    , -0.2318E-01,  0.2884    ,  0.5744E-01, -0.2116    ,  0.1408    , -0.1425    , -0.1005    ,  0.1703    , -0.1735    , -0.1008    
 -0.1804    , -0.2306    , -0.3049    ,  0.1105E-01,  0.1237    , -0.1336    , -0.3536    , -0.3041E-01, -0.2016    ,  0.1057E-01, -0.7681E-01,  0.1746    , -0.7802E-01,  0.7696E-01,  0.2853    , -0.3095    ,  0.1711    ,  0.4041    ,  0.1889    , -0.1886    , -0.1346    , -0.2194    ,  0.2194    , -0.1327    
 -0.9530E-01, -0.2855E-03,  0.2937    ,  0.6998E-01,  0.1211    ,  0.1180    ,  0.2041    ,  0.1673    ,  0.3090E-01,  0.1949E-01,  0.8833E-01, -0.7526E-01, -0.1368    ,  0.1348    , -0.5085E-01,  0.2573    ,  0.4075E-01, -0.2703    ,  0.3263    , -0.3258    , -0.2138    , -0.3896    ,  0.3860    , -0.2171    
  0.1534    ,  0.1028    , -0.8915E-01, -0.1687    ,  0.5856E-01,  0.3991E-01,  0.1122E-02, -0.4301    ,  0.2462    , -0.2347    , -0.3554    , -0.2067    ,  0.3366    , -0.3038    , -0.2395    , -0.1636    , -0.2128    ,  0.5503E-01,  0.1390    , -0.1406    , -0.9603E-01, -0.1701    ,  0.1721    , -0.9861E-01
  0.1789    , -0.2330    ,  0.3041    ,  0.1104E-01,  0.1237    , -0.1335    ,  0.3536    ,  0.3240E-01, -0.2013    ,  0.1058E-01,  0.7618E-01,  0.1748    , -0.7796E-01,  0.7702E-01, -0.2324    , -0.3510    , -0.3518    ,  0.2623    ,  0.1889    , -0.1884    ,  0.2571    ,  0.1167E-01, -0.6886E-02,  0.2564    
 -0.9531E-01, -0.2889E-03,  0.2937    ,  0.6997E-01,  0.1211    ,  0.1180    ,  0.2041    ,  0.1676    , -0.2924E-01, -0.1948E-01,  0.8807E-01,  0.7557E-01,  0.1368    , -0.1348    , -0.9261E-02, -0.2621    , -0.1013    ,  0.2538    , -0.3264    ,  0.3256    , -0.4444    ,  0.1407E-02, -0.2128E-02, -0.4430    
 -0.1528    ,  0.1034    ,  0.8955E-01, -0.1687    ,  0.5855E-01,  0.3994E-01, -0.1127E-02,  0.4277    ,  0.2505    , -0.2346    ,  0.3562    , -0.2055    ,  0.3366    , -0.3038    ,  0.2624    , -0.1234    ,  0.1559    ,  0.1550    ,  0.1390    , -0.1405    ,  0.1953    ,  0.1728E-02, -0.6018E-03,  0.1985    
  0.7224E-03,  0.2318    ,  0.4825E-03,  0.1113E-01,  0.1246    , -0.1345    ,  0.3016E-05,  0.7521E-03, -0.1516    ,  0.2323E-01,  0.7822E-04, -0.4587E-01,  0.1591    ,  0.1567    ,  0.9694E-02, -0.1207    ,  0.3298E-01, -0.1216    ,  0.3761    ,  0.3763    , -0.2602    ,  0.4412    ,  0.4418    ,  0.2567    
  0.4073    , -0.1743E-02,  0.2332    ,  0.6996E-01,  0.1211    ,  0.1180    , -0.4082    ,  0.2195    ,  0.1080E-02, -0.2079E-06, -0.2188    , -0.3756E-03,  0.5437E-04, -0.7487E-04,  0.4798    ,  0.3848E-01, -0.4841    , -0.1313    , -0.6750E-05,  0.3812E-05, -0.9313E-02, -0.5480E-02, -0.3534E-02,  0.6049E-02
  0.6308E-03,  0.2039    ,  0.4008E-03, -0.1687    ,  0.5874E-01,  0.3973E-01, -0.1169E-05,  0.2448E-02, -0.4949    ,  0.2342    ,  0.7193E-03, -0.4109    ,  0.3361    ,  0.3034    ,  0.2319E-01, -0.2885    ,  0.5741E-01, -0.2115    , -0.1407    , -0.1426    ,  0.1004    , -0.1702    , -0.1736    , -0.1009    
  0.1804    ,  0.2297    ,  0.3050    ,  0.1113E-01,  0.1246    , -0.1344    , -0.3535    , -0.3041E-01, -0.2016    , -0.1056E-01,  0.7681E-01, -0.1746    , -0.7806E-01, -0.7697E-01, -0.2854    ,  0.3095    ,  0.1711    ,  0.4040    , -0.1887    , -0.1888    ,  0.1347    ,  0.2192    ,  0.2195    , -0.1327    
  0.9530E-01,  0.2813E-03, -0.2937    ,  0.6998E-01,  0.1212    ,  0.1180    ,  0.2041    ,  0.1673    ,  0.3090E-01, -0.1949E-01, -0.8833E-01,  0.7526E-01, -0.1368    , -0.1348    ,  0.5086E-01, -0.2573    ,  0.4074E-01, -0.2702    , -0.3261    , -0.3262    ,  0.2139    ,  0.3894    ,  0.3862    , -0.2171    
 -0.1534    , -0.1027    ,  0.8914E-01, -0.1688    ,  0.5818E-01,  0.4033E-01,  0.1122E-02, -0.4301    ,  0.2462    ,  0.2347    ,  0.3554    ,  0.2067    ,  0.3367    ,  0.3037    ,  0.2395    ,  0.1637    , -0.2128    ,  0.5504E-01, -0.1389    , -0.1408    ,  0.9609E-01,  0.1700    ,  0.1722    , -0.9859E-01
 -0.1790    ,  0.2320    , -0.3040    ,  0.1114E-01,  0.1246    , -0.1345    ,  0.3535    ,  0.3240E-01, -0.2013    , -0.1058E-01, -0.7618E-01, -0.1748    , -0.7801E-01, -0.7703E-01,  0.2324    ,  0.3511    , -0.3517    ,  0.2622    , -0.1887    , -0.1886    , -0.2570    , -0.1178E-01, -0.6801E-02,  0.2565    
  0.9530E-01,  0.2828E-03, -0.2937    ,  0.6997E-01,  0.1212    ,  0.1180    ,  0.2041    ,  0.1676    , -0.2924E-01,  0.1948E-01, -0.8807E-01, -0.7558E-01,  0.1369    ,  0.1348    ,  0.9257E-02,  0.2621    , -0.1013    ,  0.2538    ,  0.3261    ,  0.3260    ,  0.4443    , -0.1210E-02, -0.2293E-02, -0.4431    
  0.1528    , -0.1034    , -0.8956E-01, -0.1688    ,  0.5820E-01,  0.4031E-01, -0.1127E-02,  0.4277    ,  0.2505    ,  0.2346    , -0.3562    ,  0.2054    ,  0.3367    ,  0.3037    , -0.2624    ,  0.1234    ,  0.1559    ,  0.1550    , -0.1389    , -0.1407    , -0.1953    , -0.1817E-02, -0.5306E-03,  0.1985    
 
 delta(i,j): 
 
   1.000    , -0.7286E-16, -0.2255E-15, -0.1284E-15,  0.2897E-15,  0.1258E-15, -0.5697E-16, -0.1804E-15,  0.2776E-16, -0.4788E-15,  0.8327E-16, -0.1388E-16, -0.9021E-16,  0.4857E-16,  0.1388E-15,  0.9368E-16,  0.1388E-15,  0.7633E-16,  0.1388E-15,  0.1735E-16,  0.2776E-16, -0.2694E-16,  0.1474E-15,  0.1700E-15
 -0.7286E-16,   1.000    , -0.8153E-16,  0.3608E-15,  0.9281E-16, -0.7026E-16, -0.2841E-16,  0.2776E-16, -0.9714E-16,  0.7286E-16,  0.2776E-16,  0.2359E-15,  0.6939E-16,  0.2776E-16, -0.4857E-16, -0.1926E-15, -0.9368E-16, -0.1492E-15, -0.4337E-16, -0.1700E-15,  0.4857E-16, -0.1750E-15, -0.9771E-17, -0.9368E-16
 -0.2255E-15, -0.8153E-16,   1.000    , -0.1821E-15,  0.1648E-16, -0.1475E-15, -0.8094E-16,  0.1249E-15,  0.2082E-16, -0.1735E-16, -0.1665E-15,  0.1318E-15,  0.1527E-15,  0.1735E-16,  0.2082E-16, -0.3105E-15, -0.5204E-16,  0.1162E-15, -0.8500E-16, -0.3469E-16, -0.5551E-16, -0.5890E-16,  0.1889E-15,  0.1249E-15
 -0.1284E-15,  0.3608E-15, -0.1821E-15,   1.000    ,  0.3018E-15,  0.7546E-16, -0.5521E-16, -0.2776E-16,  0.4857E-16, -0.3469E-16, -0.1388E-15, -0.4857E-16, -0.3053E-15, -0.2498E-15, -0.4163E-16, -0.6939E-16,  0.4163E-16, -0.2082E-16, -0.4857E-16, -0.1249E-15,  0.9714E-16,  0.1465E-15,  0.1061E-15, -0.6939E-16
  0.2897E-15,  0.9281E-16,  0.1648E-16,  0.3018E-15,   1.000    ,  0.1362E-15, -0.1315E-15, -0.3469E-17,  0.6939E-17, -0.7459E-16,  0.1388E-16,  0.2776E-15, -0.2776E-16,  0.1006E-15, -0.1284E-15, -0.2255E-15, -0.6765E-16,  0.2429E-16,  0.1128E-15,  0.1023E-15,  0.6592E-16, -0.7318E-18, -0.3443E-15, -0.1856E-15
  0.1258E-15, -0.7026E-16, -0.1475E-15,  0.7546E-16,  0.1362E-15,   1.000    , -0.9297E-16,  0.1110E-15, -0.1978E-15, -0.1527E-15,  0.1197E-15, -0.3816E-16,  0.2082E-16,  0.2082E-16, -0.5204E-16,  0.3209E-16, -0.1180E-15, -0.6852E-16,  0.2168E-16,  0.1509E-15, -0.6072E-16, -0.1835E-16,  0.2137E-15, -0.1128E-15
 -0.5697E-16, -0.2841E-16, -0.8094E-16, -0.5521E-16, -0.1315E-15, -0.9297E-16,   1.000    ,  0.1271E-15,  0.9975E-17,  0.3067E-15, -0.1321E-15, -0.8847E-16, -0.4299E-16, -0.3430E-15,  0.1426E-15, -0.1599E-16,  0.1246E-15, -0.1769E-15, -0.1190E-15,  0.1839E-15,  0.2559E-16,  0.7109E-16, -0.2400E-15, -0.5313E-17
 -0.1804E-15,  0.2776E-16,  0.1249E-15, -0.2776E-16, -0.3469E-17,  0.1110E-15,  0.1271E-15,   1.000    , -0.3469E-15, -0.1110E-15, -0.2498E-15, -0.6939E-16,  0.2776E-16, -0.3331E-15,  0.2776E-15,  0.9714E-16, -0.4163E-15, -0.3747E-15,  0.2776E-16, -0.2082E-15,  0.3469E-15, -0.3394E-16,  0.1953E-15, -0.1665E-15
  0.2776E-16, -0.9714E-16,  0.2082E-16,  0.4857E-16,  0.6939E-17, -0.1978E-15,  0.9975E-17, -0.3469E-15,   1.000    , -0.1388E-16, -0.1388E-15,  0.6106E-15, -0.2359E-15, -0.3469E-15, -0.8327E-16,  0.4510E-16, -0.9714E-16, -0.1180E-15,  0.1388E-16,  0.1804E-15,  0.2151E-15,  0.2611E-15, -0.1935E-16,  0.1110E-15
 -0.4788E-15,  0.7286E-16, -0.1735E-16, -0.3469E-16, -0.7459E-16, -0.1527E-15,  0.3067E-15, -0.1110E-15, -0.1388E-16,   1.000    ,  0.4580E-15, -0.4233E-15,  0.4163E-15, -0.6939E-16,  0.1249E-15, -0.2637E-15,  0.2220E-15, -0.7633E-16,  0.6245E-16, -0.1041E-15, -0.3469E-16, -0.4863E-16, -0.2206E-16, -0.2637E-15
  0.8327E-16,  0.2776E-16, -0.1665E-15, -0.1388E-15,  0.1388E-16,  0.1197E-15, -0.1321E-15, -0.2498E-15, -0.1388E-15,  0.4580E-15,   1.000    ,  0.4163E-16,  0.2498E-15, -0.1665E-15,  0.2498E-15, -0.9714E-16, -0.2498E-15, -0.3469E-15,  0.2359E-15,  0.3469E-16,  0.1665E-15, -0.1425E-15, -0.9888E-16,  0.2776E-15
 -0.1388E-16,  0.2359E-15,  0.1318E-15, -0.4857E-16,  0.2776E-15, -0.3816E-16, -0.8847E-16, -0.6939E-16,  0.6106E-15, -0.4233E-15,  0.4163E-16,   1.000    , -0.1110E-15, -0.3747E-15,   0.000    ,  0.2533E-15,  0.1735E-15,  0.1943E-15,  0.2082E-16,  0.1561E-15, -0.1457E-15,  0.5378E-16,  0.3127E-15, -0.1457E-15
 -0.9021E-16,  0.6939E-16,  0.1527E-15, -0.3053E-15, -0.2776E-16,  0.2082E-16, -0.4299E-16,  0.2776E-16, -0.2359E-15,  0.4163E-15,  0.2498E-15, -0.1110E-15,   1.000    , -0.6939E-16, -0.2220E-15, -0.1318E-15,  0.2914E-15,  0.2776E-15, -0.2012E-15, -0.4857E-16, -0.2776E-16, -0.8023E-16, -0.3286E-15, -0.2082E-15
  0.4857E-16,  0.2776E-16,  0.1735E-16, -0.2498E-15,  0.1006E-15,  0.2082E-16, -0.3430E-15, -0.3331E-15, -0.3469E-15, -0.6939E-16, -0.1665E-15, -0.3747E-15, -0.6939E-16,   1.000    , -0.2776E-16,  0.9021E-16,  0.3955E-15,  0.2359E-15, -0.5551E-16, -0.3608E-15,  0.7633E-16, -0.7958E-16,  0.1533E-15, -0.4163E-16
  0.1388E-15, -0.4857E-16,  0.2082E-16, -0.4163E-16, -0.1284E-15, -0.5204E-16,  0.1426E-15,  0.2776E-15, -0.8327E-16,  0.1249E-15,  0.2498E-15,   0.000    , -0.2220E-15, -0.2776E-16,   1.000    ,  0.1388E-16,  0.3053E-15,  0.2706E-15,  0.9021E-16,  0.4163E-16, -0.1041E-15, -0.7232E-16, -0.6736E-16, -0.1665E-15
  0.9368E-16, -0.1926E-15, -0.3105E-15, -0.6939E-16, -0.2255E-15,  0.3209E-16, -0.1599E-16,  0.9714E-16,  0.4510E-16, -0.2637E-15, -0.9714E-16,  0.2533E-15, -0.1318E-15,  0.9021E-16,  0.1388E-16,   1.000    , -0.2186E-15,  0.1318E-15,  0.1804E-15,  0.4857E-16,  0.4580E-15, -0.6996E-16,  0.9189E-17,  0.1145E-15
  0.1388E-15, -0.9368E-16, -0.5204E-16,  0.4163E-16, -0.6765E-16, -0.1180E-15,  0.1246E-15, -0.4163E-15, -0.9714E-16,  0.2220E-15, -0.2498E-15,  0.1735E-15,  0.2914E-15,  0.3955E-15,  0.3053E-15, -0.2186E-15,   1.000    , -0.4510E-16, -0.2047E-15,  0.1006E-15,  0.6939E-16,  0.7091E-16, -0.2434E-16,  0.9714E-16
  0.7633E-16, -0.1492E-15,  0.1162E-15, -0.2082E-16,  0.2429E-16, -0.6852E-16, -0.1769E-15, -0.3747E-15, -0.1180E-15, -0.7633E-16, -0.3469E-15,  0.1943E-15,  0.2776E-15,  0.2359E-15,  0.2706E-15,  0.1318E-15, -0.4510E-16,   1.000    ,  0.2741E-15,  0.1318E-15,  0.1561E-15,  0.2396E-16,  0.1505E-15, -0.1769E-15
  0.1388E-15, -0.4337E-16, -0.8500E-16, -0.4857E-16,  0.1128E-15,  0.2168E-16, -0.1190E-15,  0.2776E-16,  0.1388E-16,  0.6245E-16,  0.2359E-15,  0.2082E-16, -0.2012E-15, -0.5551E-16,  0.9021E-16,  0.1804E-15, -0.2047E-15,  0.2741E-15,   1.000    ,  0.8500E-15,  0.9888E-15, -0.9980E-16,  0.1477E-17,  0.3678E-15
  0.1735E-16, -0.1700E-15, -0.3469E-16, -0.1249E-15,  0.1023E-15,  0.1509E-15,  0.1839E-15, -0.2082E-15,  0.1804E-15, -0.1041E-15,  0.3469E-16,  0.1561E-15, -0.4857E-16, -0.3608E-15,  0.4163E-16,  0.4857E-16,  0.1006E-15,  0.1318E-15,  0.8500E-15,   1.000    ,  0.8049E-15,  0.3415E-16, -0.2972E-15, -0.3088E-15
  0.2776E-16,  0.4857E-16, -0.5551E-16,  0.9714E-16,  0.6592E-16, -0.6072E-16,  0.2559E-16,  0.3469E-15,  0.2151E-15, -0.3469E-16,  0.1665E-15, -0.1457E-15, -0.2776E-16,  0.7633E-16, -0.1041E-15,  0.4580E-15,  0.6939E-16,  0.1561E-15,  0.9888E-15,  0.8049E-15,   1.000    , -0.2379E-15, -0.1116E-15, -0.5135E-15
 -0.2694E-16, -0.1750E-15, -0.5890E-16,  0.1465E-15, -0.7318E-18, -0.1835E-16,  0.7109E-16, -0.3394E-16,  0.2611E-15, -0.4863E-16, -0.1425E-15,  0.5378E-16, -0.8023E-16, -0.7958E-16, -0.7232E-16, -0.6996E-16,  0.7091E-16,  0.2396E-16, -0.9980E-16,  0.3415E-16, -0.2379E-15,   1.000    , -0.7388E-15, -0.2651E-16
  0.1474E-15, -0.9771E-17,  0.1889E-15,  0.1061E-15, -0.3443E-15,  0.2137E-15, -0.2400E-15,  0.1953E-15, -0.1935E-16, -0.2206E-16, -0.9888E-16,  0.3127E-15, -0.3286E-15,  0.1533E-15, -0.6736E-16,  0.9189E-17, -0.2434E-16,  0.1505E-15,  0.1477E-17, -0.2972E-15, -0.1116E-15, -0.7388E-15,   1.000    ,  0.1408E-16
  0.1700E-15, -0.9368E-16,  0.1249E-15, -0.6939E-16, -0.1856E-15, -0.1128E-15, -0.5313E-17, -0.1665E-15,  0.1110E-15, -0.2637E-15,  0.2776E-15, -0.1457E-15, -0.2082E-15, -0.4163E-16, -0.1665E-15,  0.1145E-15,  0.9714E-16, -0.1769E-15,  0.3678E-15, -0.3088E-15, -0.5135E-15, -0.2651E-16,  0.1408E-16,   1.000    
 
 rxyz0: 
 
 -0.2571E-04,  0.2571E-04,  -1.920    ,  0.9602    ,  0.9602    ,   1.920    , -0.9602    , -0.9602    
   0.000    ,   0.000    ,   0.000    ,   1.663    ,  -1.663    ,   0.000    ,  -1.663    ,   1.663    
   1.428    ,  -1.428    ,   2.174    ,   2.174    ,   2.174    ,  -2.174    ,  -2.174    ,  -2.174    
 
 new_masses: 
 
   1849.    
   2181.    
   2181.    
   2708.    
   2503.    
   2503.    
   2579.    
   2468.    
   3284.    
   3286.    
   3562.    
   5816.    
   2795.    
   4346.    
   4040.    
   4145.    
   4468.    
   4468.    
 
 sigma2 from ev, modifier = 1
 
   18.43    
   5.530    
   5.530    
   4.129    
   3.573    
   3.573    
   3.134    
   3.134    
   2.664    
   2.663    
   2.532    
   1.981    
   1.445    
   1.152    
   1.152    
   1.138    
   1.088    
   1.088    
 
 e0 theory =   1.236480329228518E-003
 Input etot:   -5.69922746240000     
Step     1 of   200--------------------------------
 number of walkers =          100
 et =   -5.69013297312866     
 e0 =   -5.69062475752451     
Step     2 of   200--------------------------------
 number of walkers =          100
 et =   -5.68389274918890     
 e0 =   -5.68464128038701     
Step     3 of   200--------------------------------
 number of walkers =           99
 et =   -5.67740204091196     
 e0 =   -5.67843335018408     
Step     4 of   200--------------------------------
 number of walkers =           96
 et =   -5.67300355778881     
 e0 =   -5.67421243997658     
Step     5 of   200--------------------------------
 number of walkers =           93
 et =   -5.66671352573949     
 e0 =   -5.66817514427490     
Step     6 of   200--------------------------------
 number of walkers =           87
 et =   -5.66189146132615     
 e0 =   -5.66355490438932     
Step     7 of   200--------------------------------
 number of walkers =           83
 et =   -5.65513745575339     
 e0 =   -5.65698560110860     
Step     8 of   200--------------------------------
 number of walkers =           79
 et =   -5.65102915726686     
 e0 =   -5.65297630901570     
Step     9 of   200--------------------------------
 number of walkers =           77
 et =   -5.64634039954694     
 e0 =   -5.64836540002817     
Step    10 of   200--------------------------------
 number of walkers =           79
 et =   -5.64532140301647     
 e0 =   -5.64727624283201     
Step    11 of   200--------------------------------
 number of walkers =           75
 et =   -5.64377285190342     
 e0 =   -5.64563141392747     
Step    12 of   200--------------------------------
 number of walkers =           74
 et =   -5.64026849787480     
 e0 =   -5.64214281898310     
Step    13 of   200--------------------------------
 number of walkers =           77
 et =   -5.63897829573152     
 e0 =   -5.64083147083829     
Step    14 of   200--------------------------------
 number of walkers =           74
 et =   -5.63835271579429     
 e0 =   -5.64013131000718     
Step    15 of   200--------------------------------
 number of walkers =           75
 et =   -5.63287376373209     
 e0 =   -5.63483639212634     
Step    16 of   200--------------------------------
 number of walkers =           75
 et =   -5.63140038468168     
 e0 =   -5.63326346478685     
Step    17 of   200--------------------------------
 number of walkers =           75
 et =   -5.63004138711840     
 e0 =   -5.63185739058785     
Step    18 of   200--------------------------------
 number of walkers =           77
 et =   -5.63162099223783     
 e0 =   -5.63316954946489     
Step    19 of   200--------------------------------
 number of walkers =           74
 et =   -5.63175754966931     
 e0 =   -5.63321908450617     
Step    20 of   200--------------------------------
 number of walkers =           77
 et =   -5.63095978238172     
 e0 =   -5.63235778276894     
Step    21 of   200--------------------------------
 number of walkers =           72
 et =   -5.62854658143139     
 e0 =   -5.62999568404235     
Step    22 of   200--------------------------------
 number of walkers =           74
 et =   -5.62865010801734     
 e0 =   -5.62996539960549     
Step    23 of   200--------------------------------
 number of walkers =           72
 et =   -5.63023171998497     
 e0 =   -5.63137609496701     
Step    24 of   200--------------------------------
 number of walkers =           77
 et =   -5.63184698667090     
 e0 =   -5.63287901722134     
Step    25 of   200--------------------------------
 number of walkers =           75
 et =   -5.63110874191306     
 e0 =   -5.63209873228318     
Step    26 of   200--------------------------------
 number of walkers =           77
 et =   -5.63050514836350     
 e0 =   -5.63151204565740     
Step    27 of   200--------------------------------
 number of walkers =           77
 et =   -5.62783222740015     
 e0 =   -5.62888518253843     
Step    28 of   200--------------------------------
 number of walkers =           80
 et =   -5.62672200340616     
 e0 =   -5.62771068532968     
Step    29 of   200--------------------------------
 number of walkers =           78
 et =   -5.62843769307707     
 e0 =   -5.62926050128524     
Step    30 of   200--------------------------------
 number of walkers =           78
 et =   -5.62935677759133     
 e0 =   -5.63004148845744     
Step    31 of   200--------------------------------
 number of walkers =           77
 et =   -5.62645640910712     
 e0 =   -5.62721681559536     
Step    32 of   200--------------------------------
 number of walkers =           81
 et =   -5.62412515484013     
 e0 =   -5.62498031446155     
Step    33 of   200--------------------------------
 number of walkers =           79
 et =   -5.62910397418256     
 e0 =   -5.62966779611550     
Step    34 of   200--------------------------------
 number of walkers =           81
 et =   -5.62704294492385     
 e0 =   -5.62762931467252     
Step    35 of   200--------------------------------
 number of walkers =           83
 et =   -5.63122383856071     
 e0 =   -5.63161806495161     
Step    36 of   200--------------------------------
 number of walkers =           82
 et =   -5.62941235745946     
 e0 =   -5.62985093672179     
Step    37 of   200--------------------------------
 number of walkers =           82
 et =   -5.63114238907727     
 e0 =   -5.63146093708316     
Step    38 of   200--------------------------------
 number of walkers =           78
 et =   -5.62900838865012     
 e0 =   -5.62944964028594     
Step    39 of   200--------------------------------
 number of walkers =           85
 et =   -5.62973190833603     
 e0 =   -5.63009364312253     
Step    40 of   200--------------------------------
 number of walkers =           82
 et =   -5.62887831994121     
 e0 =   -5.62926106294455     
Step    41 of   200--------------------------------
 number of walkers =           84
 et =   -5.63081942299620     
 e0 =   -5.63109221025957     
Step    42 of   200--------------------------------
 number of walkers =           83
 et =   -5.62957644653609     
 e0 =   -5.62990578970638     
Step    43 of   200--------------------------------
 number of walkers =           81
 et =   -5.62903248749301     
 e0 =   -5.62937354446345     
Step    44 of   200--------------------------------
 number of walkers =           83
 et =   -5.63048612189784     
 e0 =   -5.63074528708294     
Step    45 of   200--------------------------------
 number of walkers =           84
 et =   -5.62922433634833     
 e0 =   -5.62951651550623     
Step    46 of   200--------------------------------
 number of walkers =           82
 et =   -5.62920030386768     
 e0 =   -5.62949680054899     
Step    47 of   200--------------------------------
 number of walkers =           79
 et =   -5.62855782135591     
 e0 =   -5.62889277661059     
Step    48 of   200--------------------------------
 number of walkers =           83
 et =   -5.62720635076134     
 e0 =   -5.62762123756617     
Step    49 of   200--------------------------------
 number of walkers =           85
 et =   -5.62850970454783     
 e0 =   -5.62887756971583     
Step    50 of   200--------------------------------
 number of walkers =           84
 et =   -5.62761333431213     
 e0 =   -5.62797871514204     
Step    51 of   200--------------------------------
 number of walkers =           81
 et =   -5.62466931397869     
 e0 =   -5.62515185290478     
Step    52 of   200--------------------------------
 number of walkers =           85
 et =   -5.62662177827660     
 e0 =   -5.62695925585597     
Step    53 of   200--------------------------------
 number of walkers =           85
 et =   -5.62445033302779     
 e0 =   -5.62485358607162     
Step    54 of   200--------------------------------
 number of walkers =           88
 et =   -5.62496680923765     
 e0 =   -5.62526907178963     
Step    55 of   200--------------------------------
 number of walkers =           84
 et =   -5.62692425888323     
 e0 =   -5.62710929683422     
Step    56 of   200--------------------------------
 number of walkers =           83
 et =   -5.62590511739326     
 e0 =   -5.62610923870384     
Step    57 of   200--------------------------------
 number of walkers =           88
 et =   -5.62649262260105     
 e0 =   -5.62666389406951     
Step    58 of   200--------------------------------
 number of walkers =           86
 et =   -5.62992581330738     
 e0 =   -5.62998618404334     
Step    59 of   200--------------------------------
 number of walkers =           86
 et =   -5.62862492016892     
 e0 =   -5.62877864856233     
Step    60 of   200--------------------------------
 number of walkers =           87
 et =   -5.62974029028079     
 e0 =   -5.62988489314902     
Step    61 of   200--------------------------------
 number of walkers =           85
 et =   -5.62740226726542     
 e0 =   -5.62762964119808     
Step    62 of   200--------------------------------
 number of walkers =           82
 et =   -5.62574642180984     
 e0 =   -5.62612624035955     
Step    63 of   200--------------------------------
 number of walkers =           82
 et =   -5.62453263437215     
 e0 =   -5.62490650768457     
Step    64 of   200--------------------------------
 number of walkers =           86
 et =   -5.62501518592297     
 e0 =   -5.62529627366960     
Step    65 of   200--------------------------------
 number of walkers =           85
 et =   -5.62517293533483     
 e0 =   -5.62546388162245     
Step    66 of   200--------------------------------
 number of walkers =           84
 et =   -5.62250757248353     
 e0 =   -5.62288819431619     
Step    67 of   200--------------------------------
 number of walkers =           84
 et =   -5.62512258170501     
 e0 =   -5.62536661780493     
Step    68 of   200--------------------------------
 number of walkers =           86
 et =   -5.62327419046887     
 e0 =   -5.62364999167131     
Step    69 of   200--------------------------------
 number of walkers =           84
 et =   -5.62304267287284     
 e0 =   -5.62339433478250     
Step    70 of   200--------------------------------
 number of walkers =           84
 et =   -5.62510192954069     
 e0 =   -5.62535030793301     
 walker moved to much!
Step    71 of   200--------------------------------
 number of walkers =           87
 et =   -5.62445483307136     
 e0 =   -5.62476838359011     
Step    72 of   200--------------------------------
 number of walkers =           81
 et =   -5.62702170298061     
 e0 =   -5.62731101023265     
Step    73 of   200--------------------------------
 number of walkers =           83
 et =   -5.62593181664834     
 e0 =   -5.62625253993328     
Step    74 of   200--------------------------------
 number of walkers =           85
 et =   -5.62408976925452     
 e0 =   -5.62451400493359     
Step    75 of   200--------------------------------
 number of walkers =           84
 et =   -5.62189302359490     
 e0 =   -5.62232761083987     
Step    76 of   200--------------------------------
 number of walkers =           84
 et =   -5.62456989560529     
 e0 =   -5.62484850062169     
Step    77 of   200--------------------------------
 number of walkers =           82
 et =   -5.62338079258656     
 e0 =   -5.62375278129036     
Step    78 of   200--------------------------------
 number of walkers =           80
 et =   -5.62214128930213     
 e0 =   -5.62258939181747     
Step    79 of   200--------------------------------
 number of walkers =           81
 et =   -5.61968909876572     
 e0 =   -5.62026566018728     
Step    80 of   200--------------------------------
 number of walkers =           82
 et =   -5.62298421979553     
 e0 =   -5.62342192346316     
Step    81 of   200--------------------------------
 number of walkers =           86
 et =   -5.62258790576797     
 e0 =   -5.62299988587941     
Step    82 of   200--------------------------------
 number of walkers =           82
 et =   -5.62168476953731     
 e0 =   -5.62223054878107     
Step    83 of   200--------------------------------
 number of walkers =           83
 et =   -5.62473126739346     
 e0 =   -5.62510542888568     
Step    84 of   200--------------------------------
 number of walkers =           82
 et =   -5.62515248665186     
 e0 =   -5.62553422308716     
Step    85 of   200--------------------------------
 number of walkers =           79
 et =   -5.62534576440601     
 e0 =   -5.62575917225792     
Step    86 of   200--------------------------------
 number of walkers =           84
 et =   -5.62580793085308     
 e0 =   -5.62614852757971     
Step    87 of   200--------------------------------
 number of walkers =           83
 et =   -5.62679467776453     
 e0 =   -5.62712563284545     
Step    88 of   200--------------------------------
 number of walkers =           87
 et =   -5.62717280142166     
 e0 =   -5.62748732085302     
Step    89 of   200--------------------------------
 number of walkers =           87
 et =   -5.62531140002894     
 e0 =   -5.62568558134115     
Step    90 of   200--------------------------------
 number of walkers =           87
 et =   -5.62701573480811     
 e0 =   -5.62726498558853     
Step    91 of   200--------------------------------
 number of walkers =           86
 et =   -5.62827435494272     
 e0 =   -5.62848449361043     
Step    92 of   200--------------------------------
 number of walkers =           87
 et =   -5.63052412080575     
 e0 =   -5.63066336201886     
Step    93 of   200--------------------------------
 number of walkers =           85
 et =   -5.62845381173271     
 e0 =   -5.62867733069254     
Step    94 of   200--------------------------------
 number of walkers =           84
 et =   -5.63031757179518     
 e0 =   -5.63046435114598     
Step    95 of   200--------------------------------
 number of walkers =           83
 et =   -5.62925716959650     
 e0 =   -5.62948443099079     
Step    96 of   200--------------------------------
 number of walkers =           85
 et =   -5.62674196111107     
 e0 =   -5.62713579950519     
Step    97 of   200--------------------------------
 number of walkers =           81
 et =   -5.62536722210445     
 e0 =   -5.62582932440230     
Step    98 of   200--------------------------------
 number of walkers =           84
 et =   -5.62172476418798     
 e0 =   -5.62229230215468     
Step    99 of   200--------------------------------
 number of walkers =           82
 et =   -5.62400181470142     
 e0 =   -5.62445171679073     
Step   100 of   200--------------------------------
 number of walkers =           78
 et =   -5.62381029987840     
 e0 =   -5.62425288228509     
Step   101 of   200--------------------------------
 number of walkers =           81
 et =   -5.62494440990050     
 e0 =   -5.62532034277767     
Step   102 of   200--------------------------------
 number of walkers =           81
 et =   -5.62199127859459     
 e0 =   -5.62253205709784     
Step   103 of   200--------------------------------
 number of walkers =           80
 et =   -5.61936588511853     
 e0 =   -5.62009864083647     
Step   104 of   200--------------------------------
 number of walkers =           83
 et =   -5.61625393532867     
 e0 =   -5.61712953443759     
Step   105 of   200--------------------------------
 number of walkers =           85
 et =   -5.61814804748701     
 e0 =   -5.61887501207557     
Step   106 of   200--------------------------------
 number of walkers =           84
 et =   -5.61750505247920     
 e0 =   -5.61818599057538     
Step   107 of   200--------------------------------
 number of walkers =           82
 et =   -5.61662136183780     
 e0 =   -5.61721766514815     
Step   108 of   200--------------------------------
 number of walkers =           80
 et =   -5.61598083920499     
 e0 =   -5.61658252253444     
Step   109 of   200--------------------------------
 number of walkers =           82
 et =   -5.61402304002938     
 e0 =   -5.61469478160136     
Step   110 of   200--------------------------------
 number of walkers =           84
 et =   -5.61398125273837     
 e0 =   -5.61465168904490     
Step   111 of   200--------------------------------
 number of walkers =           80
 et =   -5.61609551556228     
 e0 =   -5.61674321325089     
Step   112 of   200--------------------------------
 number of walkers =           80
 et =   -5.61422730417187     
 e0 =   -5.61500114484210     
Step   113 of   200--------------------------------
 number of walkers =           80
 et =   -5.61455615588298     
 e0 =   -5.61530209678668     
Step   114 of   200--------------------------------
 number of walkers =           79
 et =   -5.61435410553011     
 e0 =   -5.61502751018196     
Step   115 of   200--------------------------------
 number of walkers =           75
 et =   -5.61236427347530     
 e0 =   -5.61304951366455     
Step   116 of   200--------------------------------
 number of walkers =           79
 et =   -5.61255131085971     
 e0 =   -5.61322928537942     
Step   117 of   200--------------------------------
 number of walkers =           81
 et =   -5.60896727559340     
 e0 =   -5.60985201393294     
Step   118 of   200--------------------------------
 number of walkers =           80
 et =   -5.60936447534411     
 e0 =   -5.61015760772521     
Step   119 of   200--------------------------------
 number of walkers =           77
 et =   -5.60790768886240     
 e0 =   -5.60877871946276     
Step   120 of   200--------------------------------
 number of walkers =           81
 et =   -5.60642923869892     
 e0 =   -5.60742006084532     
Step   121 of   200--------------------------------
 number of walkers =           79
 et =   -5.60804004580849     
 e0 =   -5.60892647321331     
Step   122 of   200--------------------------------
 number of walkers =           81
 et =   -5.61222009887049     
 e0 =   -5.61284531234433     
Step   123 of   200--------------------------------
 number of walkers =           80
 et =   -5.61272182158132     
 e0 =   -5.61337800072988     
Step   124 of   200--------------------------------
 number of walkers =           77
 et =   -5.61175720777913     
 e0 =   -5.61244163090460     
Step   125 of   200--------------------------------
 number of walkers =           80
 et =   -5.61189331269663     
 e0 =   -5.61256631069785     
Step   126 of   200--------------------------------
 number of walkers =           80
 et =   -5.61141266763989     
 e0 =   -5.61210387163590     
Step   127 of   200--------------------------------
 number of walkers =           84
 et =   -5.61188367391163     
 e0 =   -5.61249651439167     
Step   128 of   200--------------------------------
 number of walkers =           84
 et =   -5.61115629915995     
 e0 =   -5.61182820775966     
Step   129 of   200--------------------------------
 number of walkers =           81
 et =   -5.61071631671741     
 e0 =   -5.61137552941034     
Step   130 of   200--------------------------------
 number of walkers =           83
 et =   -5.61159237297735     
 e0 =   -5.61228298360314     
Step   131 of   200--------------------------------
 number of walkers =           86
 et =   -5.61334210434289     
 e0 =   -5.61391958364923     
Step   132 of   200--------------------------------
 number of walkers =           82
 et =   -5.61090558498701     
 e0 =   -5.61156545899661     
Step   133 of   200--------------------------------
 number of walkers =           85
 et =   -5.61192305301633     
 e0 =   -5.61245864556706     
Step   134 of   200--------------------------------
 number of walkers =           83
 et =   -5.61075176822496     
 e0 =   -5.61134647455170     
Step   135 of   200--------------------------------
 number of walkers =           79
 et =   -5.60910511405426     
 e0 =   -5.60970946221828     
Step   136 of   200--------------------------------
 number of walkers =           87
 et =   -5.61156620085325     
 e0 =   -5.61197115300518     
Step   137 of   200--------------------------------
 number of walkers =           86
 et =   -5.61327731326798     
 e0 =   -5.61358094660900     
Step   138 of   200--------------------------------
 number of walkers =           86
 et =   -5.61463106142284     
 e0 =   -5.61485558258432     
Step   139 of   200--------------------------------
 number of walkers =           88
 et =   -5.61643970482872     
 e0 =   -5.61655404815548     
Step   140 of   200--------------------------------
 number of walkers =           86
 et =   -5.61694966070015     
 e0 =   -5.61705240888753     
Step   141 of   200--------------------------------
 number of walkers =           89
 et =   -5.61631205881491     
 e0 =   -5.61647158564924     
Step   142 of   200--------------------------------
 number of walkers =           85
 et =   -5.61916481991882     
 e0 =   -5.61922176999695     
Step   143 of   200--------------------------------
 number of walkers =           83
 et =   -5.62235203964605     
 e0 =   -5.62231479199909     
Step   144 of   200--------------------------------
 number of walkers =           87
 et =   -5.61871133068924     
 e0 =   -5.61886379289163     
Step   145 of   200--------------------------------
 number of walkers =           85
 et =   -5.62313905036267     
 e0 =   -5.62314665095034     
Step   146 of   200--------------------------------
 number of walkers =           84
 et =   -5.62336012859731     
 e0 =   -5.62335074104610     
Step   147 of   200--------------------------------
 number of walkers =           90
 et =   -5.62268799349717     
 e0 =   -5.62270439664852     
Step   148 of   200--------------------------------
 number of walkers =           87
 et =   -5.62142708237286     
 e0 =   -5.62150765618024     
Step   149 of   200--------------------------------
 number of walkers =           86
 et =   -5.62288842463838     
 e0 =   -5.62288485114629     
Step   150 of   200--------------------------------
 number of walkers =           85
 et =   -5.62376279789692     
 e0 =   -5.62374755212305     
Step   151 of   200--------------------------------
 number of walkers =           87
 et =   -5.62176081556011     
 e0 =   -5.62188327666098     
Step   152 of   200--------------------------------
 number of walkers =           84
 et =   -5.62442789992959     
 e0 =   -5.62441832264880     
Step   153 of   200--------------------------------
 number of walkers =           86
 et =   -5.62608987111452     
 e0 =   -5.62603362324374     
Step   154 of   200--------------------------------
 number of walkers =           83
 et =   -5.62312935784531     
 e0 =   -5.62324935320850     
Step   155 of   200--------------------------------
 number of walkers =           85
 et =   -5.62160586867817     
 e0 =   -5.62189159072566     
Step   156 of   200--------------------------------
 number of walkers =           83
 et =   -5.62149897343076     
 e0 =   -5.62180213530198     
Step   157 of   200--------------------------------
 number of walkers =           85
 et =   -5.62367798087349     
 e0 =   -5.62384714767824     
Step   158 of   200--------------------------------
 number of walkers =           85
 et =   -5.62463368270129     
 e0 =   -5.62476006582600     
Step   159 of   200--------------------------------
 number of walkers =           83
 et =   -5.62328509241874     
 e0 =   -5.62345732005272     
Step   160 of   200--------------------------------
 number of walkers =           81
 et =   -5.62308058988798     
 e0 =   -5.62331303102464     
Step   161 of   200--------------------------------
 number of walkers =           81
 et =   -5.62059051949459     
 e0 =   -5.62099734218724     
Step   162 of   200--------------------------------
 number of walkers =           82
 et =   -5.62036428894044     
 e0 =   -5.62076295507972     
Step   163 of   200--------------------------------
 number of walkers =           82
 et =   -5.62155330766615     
 e0 =   -5.62194934232290     
Step   164 of   200--------------------------------
 number of walkers =           81
 et =   -5.62158470294917     
 e0 =   -5.62201446685710     
Step   165 of   200--------------------------------
 number of walkers =           84
 et =   -5.61916748953088     
 e0 =   -5.61966287140389     
Step   166 of   200--------------------------------
 number of walkers =           88
 et =   -5.62124332077992     
 e0 =   -5.62157512850113     
Step   167 of   200--------------------------------
 number of walkers =           85
 et =   -5.62307390112795     
 e0 =   -5.62326098943120     
 walker moved to much!
Step   168 of   200--------------------------------
 number of walkers =           88
 et =   -5.62441076855892     
 e0 =   -5.62451001370799     
Step   169 of   200--------------------------------
 number of walkers =           88
 et =   -5.62716863665965     
 e0 =   -5.62712548269990     
Step   170 of   200--------------------------------
 number of walkers =           87
 et =   -5.62763899114372     
 e0 =   -5.62760950169430     
Step   171 of   200--------------------------------
 number of walkers =           87
 et =   -5.62779771214951     
 e0 =   -5.62784934287200     
Step   172 of   200--------------------------------
 number of walkers =           83
 et =   -5.63081541893521     
 e0 =   -5.63074551393078     
Step   173 of   200--------------------------------
 number of walkers =           85
 et =   -5.62952405310917     
 e0 =   -5.62949334871549     
Step   174 of   200--------------------------------
 number of walkers =           86
 et =   -5.63085776683359     
 e0 =   -5.63076294864634     
Step   175 of   200--------------------------------
 number of walkers =           83
 et =   -5.62812375344946     
 e0 =   -5.62818178253262     
Step   176 of   200--------------------------------
 number of walkers =           81
 et =   -5.62901175639064     
 e0 =   -5.62909052630625     
Step   177 of   200--------------------------------
 number of walkers =           83
 et =   -5.62770495968354     
 e0 =   -5.62784534344086     
Step   178 of   200--------------------------------
 number of walkers =           82
 et =   -5.62842071592535     
 e0 =   -5.62861709366806     
Step   179 of   200--------------------------------
 number of walkers =           82
 et =   -5.62782911122873     
 e0 =   -5.62803982284739     
Step   180 of   200--------------------------------
 number of walkers =           85
 et =   -5.62974861657425     
 e0 =   -5.62986967780862     
Step   181 of   200--------------------------------
 number of walkers =           85
 et =   -5.62967294168544     
 e0 =   -5.62979166831447     
Step   182 of   200--------------------------------
 number of walkers =           81
 et =   -5.62719115988650     
 e0 =   -5.62743012903932     
Step   183 of   200--------------------------------
 number of walkers =           84
 et =   -5.62610155019433     
 e0 =   -5.62636455803199     
Step   184 of   200--------------------------------
 number of walkers =           81
 et =   -5.62764803655828     
 e0 =   -5.62782507519933     
Step   185 of   200--------------------------------
 number of walkers =           83
 et =   -5.62389948214245     
 e0 =   -5.62437291493801     
Step   186 of   200--------------------------------
 number of walkers =           81
 et =   -5.61971944968861     
 e0 =   -5.62038091481489     
Step   187 of   200--------------------------------
 number of walkers =           80
 et =   -5.62045978067028     
 e0 =   -5.62110817989464     
Step   188 of   200--------------------------------
 number of walkers =           85
 et =   -5.61974104670138     
 e0 =   -5.62050661846230     
Step   189 of   200--------------------------------
 number of walkers =           81
 et =   -5.62258453175978     
 e0 =   -5.62318980776282     
Step   190 of   200--------------------------------
 number of walkers =           82
 et =   -5.62035169624726     
 e0 =   -5.62109841228686     
Step   191 of   200--------------------------------
 number of walkers =           82
 et =   -5.62302441972098     
 e0 =   -5.62361090465081     
Step   192 of   200--------------------------------
 number of walkers =           78
 et =   -5.62262891127169     
 e0 =   -5.62321741832297     
Step   193 of   200--------------------------------
 number of walkers =           83
 et =   -5.62479849372235     
 e0 =   -5.62524413652610     
Step   194 of   200--------------------------------
 number of walkers =           85
 et =   -5.62521918066791     
 e0 =   -5.62556372829535     
Step   195 of   200--------------------------------
 number of walkers =           85
 et =   -5.62580264177810     
 e0 =   -5.62606437788772     
Step   196 of   200--------------------------------
 number of walkers =           88
 et =   -5.62308771381604     
 e0 =   -5.62345815795344     
Step   197 of   200--------------------------------
 number of walkers =           83
 et =   -5.62090962179560     
 e0 =   -5.62136125207672     
Step   198 of   200--------------------------------
 number of walkers =           83
 et =   -5.61733827229777     
 e0 =   -5.61794805403296     
Step   199 of   200--------------------------------
 number of walkers =           83
 et =   -5.61984040283007     
 e0 =   -5.62030791905845     
Step   200 of   200--------------------------------
 number of walkers =           84
 et =   -5.62064823209535     
 e0 =   -5.62103703763203     
 number of walkers =           84
 e0 =   -5.62103703763203     
 Number of energy calculations =        16557
