SLURM_NTASKS: 1
SLURM_NTASKS_PER_NODE: 1
SLURM_CPUS_PER_TASK: 1
 delta_t =    10.0000000000000     
 hessian: 
 
  0.5519    , -0.2650E-08, -0.1668E-03, -0.8312E-01, -0.1080E-07, -0.4415E-03, -0.2656    ,  0.2876E-06,  0.7791E-01, -0.1035    , -0.9423E-01, -0.3859E-01, -0.1035    ,  0.9423E-01, -0.3859E-01,  0.2545E-02,  0.6096E-05,  0.3281E-01,  0.5821E-03,  0.1041E-02, -0.1646E-01,  0.5871E-03, -0.1035E-02, -0.1646E-01
 -0.2650E-08,  0.5519    , -0.7829E-05, -0.4950E-08, -0.8311E-01, -0.1604E-04, -0.5550E-08, -0.4893E-01,  0.6744E-06, -0.9424E-01, -0.2118    , -0.6669E-01,  0.9424E-01, -0.2118    ,  0.6669E-01, -0.4296E-06,  0.3560E-04,  0.2558E-05,  0.9570E-03,  0.1847E-02, -0.2844E-01, -0.9535E-03,  0.1842E-02,  0.2845E-01
 -0.1668E-03, -0.7829E-05,  0.4881    , -0.4420E-03, -0.1604E-04, -0.2244    ,  0.7782E-01,  0.1524E-05, -0.7597E-01, -0.3854E-01, -0.6661E-01, -0.7527E-01, -0.3855E-01,  0.6662E-01, -0.7527E-01,  0.1619E-02,  0.8007E-06, -0.1253E-01, -0.8688E-03, -0.1438E-02, -0.1236E-01, -0.8760E-03,  0.1453E-02, -0.1236E-01
 -0.8312E-01, -0.4950E-08, -0.4420E-03,  0.5519    , -0.7400E-08, -0.1736E-03,  0.2559E-02,  0.6095E-05,  0.3280E-01,  0.5879E-03,  0.1048E-02, -0.1646E-01,  0.5929E-03, -0.1042E-02, -0.1646E-01, -0.2656    ,  0.2914E-06,  0.7791E-01, -0.1035    , -0.9423E-01, -0.3859E-01, -0.1034    ,  0.9423E-01, -0.3859E-01
 -0.1080E-07, -0.8311E-01, -0.1604E-04, -0.7400E-08,  0.5519    , -0.7829E-05,  0.1180E-07,  0.3560E-04,  0.2557E-05,  0.9570E-03,  0.1847E-02, -0.2844E-01, -0.9535E-03,  0.1842E-02,  0.2845E-01, -0.7550E-07, -0.4893E-01,  0.6697E-06, -0.9424E-01, -0.2118    , -0.6669E-01,  0.9424E-01, -0.2118    ,  0.6669E-01
 -0.4415E-03, -0.1604E-04, -0.2244    , -0.1736E-03, -0.7829E-05,  0.4881    ,  0.1615E-02,  0.8008E-06, -0.1253E-01, -0.8688E-03, -0.1438E-02, -0.1236E-01, -0.8760E-03,  0.1453E-02, -0.1236E-01,  0.7783E-01,  0.1524E-05, -0.7597E-01, -0.3854E-01, -0.6661E-01, -0.7527E-01, -0.3855E-01,  0.6662E-01, -0.7527E-01
 -0.2656    , -0.5550E-08,  0.7782E-01,  0.2559E-02,  0.1180E-07,  0.1615E-02,  0.2788    , -0.1072E-05, -0.8875E-01, -0.9236E-02,  0.3717E-02,  0.5128E-02, -0.9237E-02, -0.3717E-02,  0.5127E-02,  0.1659E-02, -0.2596E-05, -0.7851E-03,  0.5144E-03,  0.1021E-04, -0.8592E-04,  0.5108E-03, -0.1375E-04, -0.8365E-04
  0.2876E-06, -0.4893E-01,  0.1524E-05,  0.6095E-05,  0.3560E-04,  0.8008E-06, -0.1072E-05,  0.4341E-01,  0.3689E-06, -0.2305E-01,  0.1958E-02,  0.9206E-02,  0.2305E-01,  0.1958E-02, -0.9207E-02, -0.2551E-05,  0.1026E-02,  0.7334E-06,  0.4135E-03,  0.2676E-03,  0.2460E-03, -0.4170E-03,  0.2713E-03, -0.2483E-03
  0.7791E-01,  0.6744E-06, -0.7597E-01,  0.3280E-01,  0.2557E-05, -0.1253E-01, -0.8875E-01,  0.3689E-06,  0.8489E-01, -0.1042E-01,  0.1484E-03,  0.2938E-02, -0.1041E-01, -0.1491E-03,  0.2939E-02, -0.7892E-03,  0.7337E-06, -0.5871E-02, -0.1678E-03,  0.2010E-03,  0.1812E-02, -0.1653E-03, -0.2019E-03,  0.1813E-02
 -0.1035    , -0.9424E-01, -0.3854E-01,  0.5879E-03,  0.9570E-03, -0.8688E-03, -0.9236E-02, -0.2305E-01, -0.1042E-01,  0.1027    ,  0.1024    ,  0.4403E-01,  0.7579E-02,  0.1343E-01,  0.5349E-02,  0.5149E-03,  0.4135E-03, -0.1678E-03,  0.1188E-02,  0.2800E-03,  0.3613E-03,  0.1467E-03, -0.2021E-03,  0.2647E-03
 -0.9423E-01, -0.2118    , -0.6661E-01,  0.1048E-02,  0.1847E-02, -0.1438E-02,  0.3717E-02,  0.1958E-02,  0.1484E-03,  0.1024    ,  0.2204    ,  0.7603E-01, -0.1343E-01, -0.1482E-01, -0.8932E-02,  0.9203E-05,  0.2676E-03,  0.2010E-03,  0.2800E-03,  0.1506E-02,  0.6637E-03,  0.2005E-03,  0.6340E-03, -0.4788E-04
 -0.3859E-01, -0.6669E-01, -0.7527E-01, -0.1646E-01, -0.2844E-01, -0.1236E-01,  0.5128E-02,  0.9206E-02,  0.2938E-02,  0.4403E-01,  0.7603E-01,  0.8406E-01,  0.5348E-02,  0.8933E-02,  0.2890E-02, -0.8685E-04,  0.2460E-03,  0.1812E-02,  0.3614E-03,  0.6637E-03, -0.5873E-02,  0.2652E-03,  0.4497E-04,  0.1812E-02
 -0.1035    ,  0.9424E-01, -0.3855E-01,  0.5929E-03, -0.9535E-03, -0.8760E-03, -0.9237E-02,  0.2305E-01, -0.1041E-01,  0.7579E-02, -0.1343E-01,  0.5348E-02,  0.1027    , -0.1024    ,  0.4403E-01,  0.5111E-03, -0.4170E-03, -0.1653E-03,  0.1467E-03,  0.2005E-03,  0.2652E-03,  0.1188E-02, -0.2832E-03,  0.3643E-03
  0.9423E-01, -0.2118    ,  0.6662E-01, -0.1042E-02,  0.1842E-02,  0.1453E-02, -0.3717E-02,  0.1958E-02, -0.1491E-03,  0.1343E-01, -0.1482E-01,  0.8933E-02, -0.1024    ,  0.2204    , -0.7603E-01, -0.1238E-04,  0.2713E-03, -0.2019E-03, -0.2021E-03,  0.6340E-03,  0.4497E-04, -0.2832E-03,  0.1512E-02, -0.6690E-03
 -0.3859E-01,  0.6669E-01, -0.7527E-01, -0.1646E-01,  0.2845E-01, -0.1236E-01,  0.5127E-02, -0.9207E-02,  0.2939E-02,  0.5349E-02, -0.8932E-02,  0.2890E-02,  0.4403E-01, -0.7603E-01,  0.8406E-01, -0.8472E-04, -0.2483E-03,  0.1813E-02,  0.2647E-03, -0.4788E-04,  0.1812E-02,  0.3643E-03, -0.6690E-03, -0.5869E-02
  0.2545E-02, -0.4296E-06,  0.1619E-02, -0.2656    , -0.7550E-07,  0.7783E-01,  0.1659E-02, -0.2551E-05, -0.7892E-03,  0.5149E-03,  0.9203E-05, -0.8685E-04,  0.5111E-03, -0.1238E-04, -0.8472E-04,  0.2788    , -0.1064E-05, -0.8875E-01, -0.9235E-02,  0.3717E-02,  0.5127E-02, -0.9237E-02, -0.3717E-02,  0.5126E-02
  0.6096E-05,  0.3560E-04,  0.8007E-06,  0.2914E-06, -0.4893E-01,  0.1524E-05, -0.2596E-05,  0.1026E-02,  0.7337E-06,  0.4135E-03,  0.2676E-03,  0.2460E-03, -0.4170E-03,  0.2713E-03, -0.2483E-03, -0.1064E-05,  0.4341E-01,  0.3716E-06, -0.2305E-01,  0.1958E-02,  0.9207E-02,  0.2305E-01,  0.1958E-02, -0.9207E-02
  0.3281E-01,  0.2558E-05, -0.1253E-01,  0.7791E-01,  0.6697E-06, -0.7597E-01, -0.7851E-03,  0.7334E-06, -0.5871E-02, -0.1678E-03,  0.2010E-03,  0.1812E-02, -0.1653E-03, -0.2019E-03,  0.1813E-02, -0.8875E-01,  0.3716E-06,  0.8489E-01, -0.1042E-01,  0.1484E-03,  0.2938E-02, -0.1041E-01, -0.1491E-03,  0.2939E-02
  0.5821E-03,  0.9570E-03, -0.8688E-03, -0.1035    , -0.9424E-01, -0.3854E-01,  0.5144E-03,  0.4135E-03, -0.1678E-03,  0.1188E-02,  0.2800E-03,  0.3614E-03,  0.1467E-03, -0.2021E-03,  0.2647E-03, -0.9235E-02, -0.2305E-01, -0.1042E-01,  0.1027    ,  0.1024    ,  0.4403E-01,  0.7579E-02,  0.1343E-01,  0.5349E-02
  0.1041E-02,  0.1847E-02, -0.1438E-02, -0.9423E-01, -0.2118    , -0.6661E-01,  0.1021E-04,  0.2676E-03,  0.2010E-03,  0.2800E-03,  0.1506E-02,  0.6637E-03,  0.2005E-03,  0.6340E-03, -0.4788E-04,  0.3717E-02,  0.1958E-02,  0.1484E-03,  0.1024    ,  0.2204    ,  0.7603E-01, -0.1343E-01, -0.1482E-01, -0.8932E-02
 -0.1646E-01, -0.2844E-01, -0.1236E-01, -0.3859E-01, -0.6669E-01, -0.7527E-01, -0.8592E-04,  0.2460E-03,  0.1812E-02,  0.3613E-03,  0.6637E-03, -0.5873E-02,  0.2652E-03,  0.4497E-04,  0.1812E-02,  0.5127E-02,  0.9207E-02,  0.2938E-02,  0.4403E-01,  0.7603E-01,  0.8406E-01,  0.5348E-02,  0.8933E-02,  0.2890E-02
  0.5871E-03, -0.9535E-03, -0.8760E-03, -0.1034    ,  0.9424E-01, -0.3855E-01,  0.5108E-03, -0.4170E-03, -0.1653E-03,  0.1467E-03,  0.2005E-03,  0.2652E-03,  0.1188E-02, -0.2832E-03,  0.3643E-03, -0.9237E-02,  0.2305E-01, -0.1041E-01,  0.7579E-02, -0.1343E-01,  0.5348E-02,  0.1027    , -0.1024    ,  0.4403E-01
 -0.1035E-02,  0.1842E-02,  0.1453E-02,  0.9423E-01, -0.2118    ,  0.6662E-01, -0.1375E-04,  0.2713E-03, -0.2019E-03, -0.2021E-03,  0.6340E-03,  0.4497E-04, -0.2832E-03,  0.1512E-02, -0.6690E-03, -0.3717E-02,  0.1958E-02, -0.1491E-03,  0.1343E-01, -0.1482E-01,  0.8933E-02, -0.1024    ,  0.2204    , -0.7603E-01
 -0.1646E-01,  0.2845E-01, -0.1236E-01, -0.3859E-01,  0.6669E-01, -0.7527E-01, -0.8365E-04, -0.2483E-03,  0.1813E-02,  0.2647E-03, -0.4788E-04,  0.1812E-02,  0.3643E-03, -0.6690E-03, -0.5869E-02,  0.5126E-02, -0.9207E-02,  0.2939E-02,  0.5349E-02, -0.8932E-02,  0.2890E-02,  0.4403E-01, -0.7603E-01,  0.8406E-01
 
 Eigenvalues of the hessian matrix: 
 
 -0.9216E-05
 -0.4951E-05
 -0.7739E-06
 -0.1190E-08
 -0.9286E-09
 -0.2511E-09
  0.2944E-02
  0.3270E-01
  0.3271E-01
  0.5865E-01
  0.7832E-01
  0.7833E-01
  0.1018    
  0.1018    
  0.1409    
  0.1410    
  0.1560    
  0.2547    
  0.4790    
  0.7531    
  0.7531    
  0.7726    
  0.8444    
  0.8445    
 
 Eigenvectors of the hessian matrix: 
 
  0.9438E-03,  0.2178    , -0.1914E-03,  0.2128E-01, -0.2393    , -0.2583    , -0.2146E-05, -0.1737E-02, -0.1598    , -0.3067E-03,  0.1056E-02, -0.2823E-01, -0.3996E-01, -0.2095    ,  0.1023E-03,  0.3028    ,  0.1197E-02, -0.6687E-03,  0.1403E-02,  0.1647    ,  0.5261    ,  0.1800E-02, -0.4950E-01, -0.5985    
  0.2023    , -0.7639E-03,  0.7728E-01,  0.1351    , -0.2340    ,  0.2280    , -0.1303E-04,  0.1598    , -0.1738E-02, -0.3833E-05, -0.2828E-01, -0.1063E-02, -0.2095    ,  0.3995E-01, -0.3028    ,  0.1044E-03,  0.1043E-04,  0.5885E-05,  0.5954E-04,  0.5262    , -0.1647    , -0.9271E-04,  0.5985    , -0.4949E-01
  0.1149E-04, -0.7045E-03, -0.1191E-04, -0.3261    , -0.1127    ,  0.7751E-01,  0.1967E-05,  0.2458E-05,  0.5244E-03, -0.7500E-01, -0.5735E-05,  0.8974E-04,  0.1247E-03,  0.6727E-03, -0.6181E-05, -0.9244E-03,  0.3844    , -0.2242    ,  0.4766    , -0.5823E-03, -0.1643E-02,  0.6664    ,  0.2245E-03,  0.1455E-02
 -0.9035E-03, -0.2153    ,  0.3089E-03,  0.2141E-01, -0.2403    , -0.2594    , -0.2127E-05, -0.1737E-02, -0.1598    ,  0.3074E-03, -0.1056E-02,  0.2823E-01, -0.3996E-01, -0.2095    , -0.1023E-03, -0.3028    ,  0.1204E-02,  0.6638E-03,  0.1426E-02,  0.1647    ,  0.5262    , -0.1639E-02,  0.4949E-01,  0.5984    
 -0.2023    ,  0.7766E-03, -0.7735E-01,  0.1351    , -0.2340    ,  0.2279    , -0.1310E-04,  0.1598    , -0.1738E-02,  0.3909E-05,  0.2828E-01,  0.1063E-02, -0.2095    ,  0.3995E-01,  0.3028    , -0.1045E-03,  0.1061E-04, -0.6223E-05,  0.5928E-04,  0.5262    , -0.1647    ,  0.9564E-04, -0.5985    ,  0.4950E-01
  0.2305E-04,  0.6596E-03, -0.1865E-04, -0.3261    , -0.1127    ,  0.7751E-01,  0.1967E-05,  0.2416E-05,  0.5201E-03,  0.7499E-01,  0.5575E-05, -0.8695E-04,  0.1246E-03,  0.6718E-03,  0.6157E-05,  0.9312E-03,  0.3844    ,  0.2242    ,  0.4766    , -0.5213E-03, -0.1460E-02, -0.6664    , -0.2260E-03, -0.1472E-02
  0.1426E-02,  0.3317    , -0.3276E-03,  0.2125E-01, -0.2390    , -0.2580    ,  0.1409E-05,  0.5114E-03,  0.4707E-01, -0.1111    , -0.3828E-02,  0.1020    , -0.5787E-01, -0.3036    ,  0.1298E-03,  0.3566    , -0.3181    ,  0.3760    ,  0.2558    , -0.9938E-01, -0.3174    ,  0.1141    ,  0.2426E-01,  0.2931    
  0.4536    , -0.2226E-02, -0.2637    ,  0.1351    , -0.2340    ,  0.2279    , -0.4082    , -0.6108E-01,  0.6631E-03,  0.1820E-05, -0.4229    , -0.1589E-01,  0.4430    , -0.8447E-01,  0.2111    , -0.7064E-04,  0.5479E-05, -0.9726E-05, -0.2810E-05, -0.3294E-01,  0.1032E-01,  0.5234E-05, -0.3225E-01,  0.2673E-02
  0.1250E-02,  0.2902    , -0.3493E-03, -0.3261    , -0.1120    ,  0.7826E-01,  0.1924E-06,  0.6051E-02,  0.5571    , -0.3903    , -0.1422E-01,  0.3783    , -0.1202E-01, -0.6302E-01, -0.1084E-03, -0.3171    , -0.1272    , -0.9267E-01, -0.1597    ,  0.4104E-01,  0.1310    , -0.7511E-01, -0.6027E-02, -0.7272E-01
  0.1269    ,  0.3295    , -0.3308    ,  0.2127E-01, -0.2390    , -0.2581    , -0.3536    ,  0.8928E-02,  0.5624E-01,  0.5365E-01,  0.2367    , -0.2841    , -0.2741    ,  0.3181    , -0.2471    , -0.6829E-01,  0.1585    , -0.1884    , -0.1286    , -0.1564    , -0.6563E-01, -0.5726E-01, -0.1052    ,  0.1071    
  0.2350    , -0.6328E-03,  0.3083    ,  0.1351    , -0.2340    ,  0.2280    ,  0.2041    , -0.4940E-01, -0.6265E-02,  0.9520E-01, -0.3866E-01,  0.2256    , -0.1784    , -0.3009    , -0.2153    ,  0.2463    ,  0.2752    , -0.3258    , -0.2220    , -0.2852    , -0.4614E-01, -0.9880E-01, -0.2188    ,  0.1320    
 -0.2366    , -0.1458    , -0.8885E-01, -0.3260    , -0.1130    ,  0.7710E-01,  0.1124E-02,  0.4795    , -0.2840    , -0.3910    , -0.3215    , -0.2006    ,  0.6230E-01,  0.2042E-01, -0.2727    ,  0.1582    , -0.1286    , -0.9086E-01, -0.1585    , -0.1325    , -0.2957E-01, -0.7455E-01, -0.5896E-01,  0.4080E-01
 -0.1241    ,  0.3313    ,  0.3302    ,  0.2125E-01, -0.2390    , -0.2580    ,  0.3536    , -0.7697E-02,  0.5642E-01,  0.5366E-01, -0.2147    , -0.3011    ,  0.3719    ,  0.1949    ,  0.2471    , -0.6846E-01,  0.1585    , -0.1884    , -0.1286    ,  0.9106E-01, -0.1431    , -0.5730E-01,  0.1214    ,  0.8832E-01
  0.2350    , -0.6365E-03,  0.3083    ,  0.1351    , -0.2340    ,  0.2280    ,  0.2041    , -0.4926E-01,  0.7329E-02, -0.9520E-01, -0.2163E-01, -0.2279    , -0.5514E-01,  0.3454    , -0.2155    , -0.2462    , -0.2752    ,  0.3258    ,  0.2219    , -0.2080    ,  0.2006    ,  0.9887E-01, -0.2374    , -0.9428E-01
  0.2354    , -0.1476    ,  0.8917E-01, -0.3260    , -0.1130    ,  0.7715E-01, -0.1126E-02, -0.4856    , -0.2735    , -0.3910    ,  0.3357    , -0.1759    , -0.5041E-01,  0.4192E-01,  0.2729    ,  0.1580    , -0.1286    , -0.9088E-01, -0.1585    ,  0.9202E-01, -0.9987E-01, -0.7457E-01,  0.6483E-01,  0.3056E-01
 -0.1386E-02, -0.3292    ,  0.4450E-03,  0.2144E-01, -0.2406    , -0.2598    ,  0.1436E-05,  0.5114E-03,  0.4707E-01,  0.1111    ,  0.3828E-02, -0.1020    , -0.5787E-01, -0.3036    , -0.1298E-03, -0.3565    , -0.3181    , -0.3760    ,  0.2558    , -0.9939E-01, -0.3174    , -0.1142    , -0.2426E-01, -0.2931    
 -0.4536    ,  0.2240E-02,  0.2636    ,  0.1351    , -0.2341    ,  0.2280    , -0.4082    , -0.6107E-01,  0.6630E-03, -0.1862E-05,  0.4229    ,  0.1589E-01,  0.4430    , -0.8447E-01, -0.2111    ,  0.7047E-04,  0.5523E-05,  0.9695E-05, -0.2807E-05, -0.3294E-01,  0.1032E-01, -0.5419E-05,  0.3225E-01, -0.2673E-02
 -0.1216E-02, -0.2902    ,  0.3188E-03, -0.3259    , -0.1134    ,  0.7674E-01,  0.2262E-06,  0.6051E-02,  0.5571    ,  0.3903    ,  0.1422E-01, -0.3783    , -0.1201E-01, -0.6300E-01,  0.1084E-03,  0.3171    , -0.1272    ,  0.9267E-01, -0.1597    ,  0.4103E-01,  0.1310    ,  0.7515E-01,  0.6026E-02,  0.7270E-01
 -0.1269    , -0.3270    ,  0.3310    ,  0.2144E-01, -0.2406    , -0.2597    , -0.3535    ,  0.8928E-02,  0.5624E-01, -0.5366E-01, -0.2367    ,  0.2841    , -0.2741    ,  0.3181    ,  0.2471    ,  0.6829E-01,  0.1585    ,  0.1884    , -0.1286    , -0.1564    , -0.6566E-01,  0.5723E-01,  0.1052    , -0.1070    
 -0.2350    ,  0.6446E-03, -0.3084    ,  0.1351    , -0.2341    ,  0.2279    ,  0.2041    , -0.4940E-01, -0.6269E-02, -0.9520E-01,  0.3866E-01, -0.2256    , -0.1784    , -0.3009    ,  0.2153    , -0.2463    ,  0.2752    ,  0.3258    , -0.2220    , -0.2852    , -0.4620E-01,  0.9876E-01,  0.2188    , -0.1320    
  0.2366    ,  0.1457    ,  0.8882E-01, -0.3261    , -0.1123    ,  0.7791E-01,  0.1124E-02,  0.4795    , -0.2840    ,  0.3910    ,  0.3215    ,  0.2006    ,  0.6230E-01,  0.2042E-01,  0.2727    , -0.1582    , -0.1286    ,  0.9085E-01, -0.1585    , -0.1325    , -0.2960E-01,  0.7453E-01,  0.5896E-01, -0.4079E-01
  0.1241    , -0.3288    , -0.3301    ,  0.2146E-01, -0.2406    , -0.2598    ,  0.3535    , -0.7697E-02,  0.5642E-01, -0.5366E-01,  0.2147    ,  0.3011    ,  0.3719    ,  0.1950    , -0.2471    ,  0.6845E-01,  0.1585    ,  0.1884    , -0.1286    ,  0.9105E-01, -0.1431    ,  0.5727E-01, -0.1214    , -0.8830E-01
 -0.2350    ,  0.6509E-03, -0.3084    ,  0.1351    , -0.2341    ,  0.2279    ,  0.2041    , -0.4926E-01,  0.7333E-02,  0.9520E-01,  0.2163E-01,  0.2279    , -0.5513E-01,  0.3454    ,  0.2155    ,  0.2462    , -0.2752    , -0.3258    ,  0.2219    , -0.2080    ,  0.2006    , -0.9883E-01,  0.2374    ,  0.9425E-01
 -0.2353    ,  0.1475    , -0.8920E-01, -0.3261    , -0.1123    ,  0.7787E-01, -0.1126E-02, -0.4856    , -0.2736    ,  0.3910    , -0.3356    ,  0.1759    , -0.5041E-01,  0.4191E-01, -0.2729    , -0.1580    , -0.1286    ,  0.9087E-01, -0.1585    ,  0.9201E-01, -0.9990E-01,  0.7455E-01, -0.6483E-01, -0.3055E-01
 
 Orthonormality of the eigenvectors: 
 
   1.000    ,  0.9714E-16, -0.2914E-15, -0.1110E-15, -0.7980E-16, -0.8674E-16, -0.5150E-17,   0.000    , -0.9714E-16,  0.4163E-16, -0.6939E-16,  0.1943E-15, -0.1440E-15,  0.2255E-16,  0.2359E-15, -0.6939E-17,  0.1943E-15, -0.1388E-16,  0.1943E-15, -0.2637E-15,  0.1214E-15,  0.2845E-15, -0.7633E-16, -0.6245E-16
  0.9714E-16,   1.000    , -0.6765E-16, -0.1596E-15,  0.3539E-15, -0.9541E-16,  0.5594E-16,  0.5551E-16, -0.2914E-15,  0.2776E-16, -0.8327E-16,  0.4510E-16, -0.8500E-16, -0.1249E-15,  0.2776E-16,  0.2602E-15,  0.2255E-15, -0.6072E-16, -0.5204E-16,  0.6072E-16,  0.3001E-15,  0.1370E-15, -0.8674E-17,  0.1422E-15
 -0.2914E-15, -0.6765E-16,   1.000    ,  0.1041E-15, -0.7286E-16, -0.2333E-15, -0.1833E-15,  0.5551E-16, -0.6939E-17,  0.7633E-16,  0.2255E-15, -0.3469E-16,  0.2507E-15,  0.1002E-15,  0.1978E-15, -0.6418E-16, -0.1874E-15, -0.1197E-15,  0.9021E-16,  0.1318E-15,  0.5204E-17, -0.1180E-15,  0.5464E-16, -0.8674E-17
 -0.1110E-15, -0.1596E-15,  0.1041E-15,   1.000    ,  0.2290E-15, -0.1735E-16, -0.1676E-15, -0.1943E-15, -0.2776E-15,  0.8327E-16, -0.8327E-16, -0.9714E-16,  0.2602E-15,  0.7459E-16,  0.1804E-15,  0.8327E-16, -0.2082E-16, -0.1110E-15,  0.3123E-15,  0.9368E-16, -0.1249E-15,  0.8674E-16, -0.6592E-16,  0.8500E-16
 -0.7980E-16,  0.3539E-15, -0.7286E-16,  0.2290E-15,   1.000    ,  0.3816E-16, -0.1121E-15, -0.2082E-16, -0.1978E-15,  0.6939E-16,  0.4163E-16,  0.4857E-16, -0.2082E-16,  0.1214E-16,  0.6245E-16, -0.2984E-15,  0.1301E-15, -0.4684E-16,  0.3400E-15, -0.2394E-15, -0.1596E-15,  0.3591E-15,  0.4857E-16, -0.2602E-17
 -0.8674E-16, -0.9541E-16, -0.2333E-15, -0.1735E-16,  0.3816E-16,   1.000    , -0.1353E-15,  0.1665E-15, -0.1353E-15, -0.5551E-16,  0.1735E-16,  0.1041E-16,  0.1735E-17, -0.1418E-15, -0.1249E-15,  0.1769E-15, -0.3990E-16,  0.1743E-15,  0.5551E-16, -0.8413E-16,  0.1527E-15, -0.2229E-15,  0.6939E-16, -0.1084E-15
 -0.5150E-17,  0.5594E-16, -0.1833E-15, -0.1676E-15, -0.1121E-15, -0.1353E-15,   1.000    ,  0.2689E-16, -0.2765E-17,  0.1014E-15, -0.2610E-15,  0.2374E-16, -0.2707E-15,  0.1302E-15,  0.7763E-16,  0.1839E-15, -0.4852E-17,  0.7791E-16,  0.3659E-17,  0.1505E-15, -0.2246E-16,  0.1412E-15,  0.1381E-16,  0.5116E-17
   0.000    ,  0.5551E-16,  0.5551E-16, -0.1943E-15, -0.2082E-16,  0.1665E-15,  0.2689E-16,   1.000    , -0.1110E-15, -0.2220E-15, -0.5551E-16, -0.9714E-16, -0.1457E-15, -0.6939E-17,  0.5551E-16,  0.3192E-15,  0.1110E-15, -0.5551E-16,  0.6939E-16,   0.000    , -0.4163E-16,  0.2845E-15,  0.1388E-16,  0.1527E-15
 -0.9714E-16, -0.2914E-15, -0.6939E-17, -0.2776E-15, -0.1978E-15, -0.1353E-15, -0.2765E-17, -0.1110E-15,   1.000    ,   0.000    ,   0.000    ,  0.2845E-15, -0.1527E-15, -0.7633E-16,  0.2498E-15, -0.6245E-16,  0.5551E-16, -0.5898E-16, -0.2776E-16, -0.3469E-16,  0.2776E-16,  0.1353E-15,  0.9021E-16, -0.1388E-16
  0.4163E-16,  0.2776E-16,  0.7633E-16,  0.8327E-16,  0.6939E-16, -0.5551E-16,  0.1014E-15, -0.2220E-15,   0.000    ,   1.000    , -0.2776E-15,  0.8327E-16,  0.7286E-16, -0.5586E-15, -0.1388E-16, -0.1110E-15, -0.3469E-15,  0.1388E-16, -0.3192E-15,  0.8327E-16,  0.2776E-16, -0.9714E-16, -0.1041E-15,  0.1457E-15
 -0.6939E-16, -0.8327E-16,  0.2255E-15, -0.8327E-16,  0.4163E-16,  0.1735E-16, -0.2610E-15, -0.5551E-16,   0.000    , -0.2776E-15,   1.000    ,  0.7286E-15,  0.1492E-15,  0.2255E-16,  0.3053E-15,  0.2706E-15,  0.3400E-15,  0.1839E-15,  0.5551E-16, -0.1041E-16,  0.2082E-16, -0.1249E-15,  0.5898E-16, -0.2602E-15
  0.1943E-15,  0.4510E-16, -0.3469E-16, -0.9714E-16,  0.4857E-16,  0.1041E-16,  0.2374E-16, -0.9714E-16,  0.2845E-15,  0.8327E-16,  0.7286E-15,   1.000    ,  0.1110E-15, -0.1214E-15, -0.1735E-15,  0.7980E-16, -0.2741E-15, -0.2047E-15, -0.9368E-16,  0.1388E-15,  0.1388E-16,  0.5898E-16, -0.1422E-15,  0.7026E-16
 -0.1440E-15, -0.8500E-16,  0.2507E-15,  0.2602E-15, -0.2082E-16,  0.1735E-17, -0.2707E-15, -0.1457E-15, -0.1527E-15,  0.7286E-16,  0.1492E-15,  0.1110E-15,   1.000    ,  0.3222E-15, -0.4163E-16, -0.1908E-16, -0.1015E-15, -0.1128E-16,  0.2585E-15,  0.2602E-17, -0.7199E-16,  0.1583E-15,  0.1357E-15, -0.8305E-16
  0.2255E-16, -0.1249E-15,  0.1002E-15,  0.7459E-16,  0.1214E-16, -0.1418E-15,  0.1302E-15, -0.6939E-17, -0.7633E-16, -0.5586E-15,  0.2255E-16, -0.1214E-15,  0.3222E-15,   1.000    ,  0.3730E-15, -0.4363E-15,  0.2255E-16,  0.3816E-16,  0.2082E-15,  0.1258E-15, -0.2316E-15,  0.1236E-15,  0.1752E-15,  0.2927E-16
  0.2359E-15,  0.2776E-16,  0.1978E-15,  0.1804E-15,  0.6245E-16, -0.1249E-15,  0.7763E-16,  0.5551E-16,  0.2498E-15, -0.1388E-16,  0.3053E-15, -0.1735E-15, -0.4163E-16,  0.3730E-15,   1.000    , -0.2151E-15, -0.3123E-15, -0.2533E-15, -0.7633E-16,  0.1214E-15,  0.1388E-16, -0.2394E-15,  0.5898E-16,  0.5898E-16
 -0.6939E-17,  0.2602E-15, -0.6418E-16,  0.8327E-16, -0.2984E-15,  0.1769E-15,  0.1839E-15,  0.3192E-15, -0.6245E-16, -0.1110E-15,  0.2706E-15,  0.7980E-16, -0.1908E-16, -0.4363E-15, -0.2151E-15,   1.000    , -0.2949E-15, -0.3521E-15, -0.2082E-16, -0.2862E-15, -0.1943E-15,  0.2602E-16, -0.6072E-16,  0.5291E-16
  0.1943E-15,  0.2255E-15, -0.1874E-15, -0.2082E-16,  0.1301E-15, -0.3990E-16, -0.4852E-17,  0.1110E-15,  0.5551E-16, -0.3469E-15,  0.3400E-15, -0.2741E-15, -0.1015E-15,  0.2255E-16, -0.3123E-15, -0.2949E-15,   1.000    , -0.1735E-16, -0.4580E-15, -0.6765E-16,  0.3990E-15, -0.2012E-15, -0.4510E-16, -0.5117E-16
 -0.1388E-16, -0.6072E-16, -0.1197E-15, -0.1110E-15, -0.4684E-16,  0.1743E-15,  0.7791E-16, -0.5551E-16, -0.5898E-16,  0.1388E-16,  0.1839E-15, -0.2047E-15, -0.1128E-16,  0.3816E-16, -0.2533E-15, -0.3521E-15, -0.1735E-16,   1.000    , -0.1978E-15,  0.1197E-15,  0.3192E-15,  0.2455E-15,  0.1648E-16, -0.1201E-15
  0.1943E-15, -0.5204E-16,  0.9021E-16,  0.3123E-15,  0.3400E-15,  0.5551E-16,  0.3659E-17,  0.6939E-16, -0.2776E-16, -0.3192E-15,  0.5551E-16, -0.9368E-16,  0.2585E-15,  0.2082E-15, -0.7633E-16, -0.2082E-16, -0.4580E-15, -0.1978E-15,   1.000    , -0.7459E-16, -0.1978E-15, -0.2272E-15, -0.3990E-16, -0.1050E-15
 -0.2637E-15,  0.6072E-16,  0.1318E-15,  0.9368E-16, -0.2394E-15, -0.8413E-16,  0.1505E-15,   0.000    , -0.3469E-16,  0.8327E-16, -0.1041E-16,  0.1388E-15,  0.2602E-17,  0.1258E-15,  0.1214E-15, -0.2862E-15, -0.6765E-16,  0.1197E-15, -0.7459E-16,   1.000    , -0.1088E-14,  0.6462E-15,  0.1128E-16,  0.1193E-15
  0.1214E-15,  0.3001E-15,  0.5204E-17, -0.1249E-15, -0.1596E-15,  0.1527E-15, -0.2246E-16, -0.4163E-16,  0.2776E-16,  0.2776E-16,  0.2082E-16,  0.1388E-16, -0.7199E-16, -0.2316E-15,  0.1388E-16, -0.1943E-15,  0.3990E-15,  0.3192E-15, -0.1978E-15, -0.1088E-14,   1.000    , -0.5855E-15,  0.2116E-15,  0.9888E-16
  0.2845E-15,  0.1370E-15, -0.1180E-15,  0.8674E-16,  0.3591E-15, -0.2229E-15,  0.1412E-15,  0.2845E-15,  0.1353E-15, -0.9714E-16, -0.1249E-15,  0.5898E-16,  0.1583E-15,  0.1236E-15, -0.2394E-15,  0.2602E-16, -0.2012E-15,  0.2455E-15, -0.2272E-15,  0.6462E-15, -0.5855E-15,   1.000    , -0.6245E-16, -0.5265E-15
 -0.7633E-16, -0.8674E-17,  0.5464E-16, -0.6592E-16,  0.4857E-16,  0.6939E-16,  0.1381E-16,  0.1388E-16,  0.9021E-16, -0.1041E-15,  0.5898E-16, -0.1422E-15,  0.1357E-15,  0.1752E-15,  0.5898E-16, -0.6072E-16, -0.4510E-16,  0.1648E-16, -0.3990E-16,  0.1128E-16,  0.2116E-15, -0.6245E-16,   1.000    ,  0.6254E-15
 -0.6245E-16,  0.1422E-15, -0.8674E-17,  0.8500E-16, -0.2602E-17, -0.1084E-15,  0.5116E-17,  0.1527E-15, -0.1388E-16,  0.1457E-15, -0.2602E-15,  0.7026E-16, -0.8305E-16,  0.2927E-16,  0.5898E-16,  0.5291E-16, -0.5117E-16, -0.1201E-15, -0.1050E-15,  0.1193E-15,  0.9888E-16, -0.5265E-15,  0.6254E-15,   1.000    
 
 rxyz0: 
 
 -0.2571E-04,  0.2571E-04,  -1.920    ,  0.9602    ,  0.9602    ,   1.920    , -0.9602    , -0.9602    
   0.000    ,   0.000    ,   0.000    ,   1.663    ,  -1.663    ,   0.000    ,  -1.663    ,   1.663    
   1.428    ,  -1.428    ,   2.174    ,   2.174    ,   2.174    ,  -2.174    ,  -2.174    ,  -2.174    
 
 new_masses: 
 
   1849.    
   2181.    
   2181.    
   2708.    
   2503.    
   2502.    
   2579.    
   2468.    
   3285.    
   3285.    
   3562.    
   5816.    
   2795.    
   4347.    
   4039.    
   4144.    
   4469.    
   4469.    
 
 sigma2 from ew, modifier = 1.25
 
  0.5357    
  0.1480    
  0.1480    
  0.9918E-01
  0.8929E-01
  0.8928E-01
  0.7715E-01
  0.7887E-01
  0.5809E-01
  0.5809E-01
  0.5303E-01
  0.3248E-01
  0.3416E-01
  0.2185E-01
  0.2266E-01
  0.2209E-01
  0.2035E-01
  0.2035E-01
 
 E_0 from the harmonic approximation:   7.247224476490838E-002
 Input etot:   -5.69922746240000     
Step     1 of   200--------------------------------
 number of walkers =          100
 et =   -5.63266767346873     
 e0 =   -5.63859562258298     
Step     2 of   200--------------------------------
 number of walkers =          100
 et =   -5.63122315383147     
 e0 =   -5.63665579281152     
Step     3 of   200--------------------------------
 number of walkers =          100
 et =   -5.62981452959481     
 e0 =   -5.63479779593809     
Step     4 of   200--------------------------------
 number of walkers =           99
 et =   -5.62879082567368     
 e0 =   -5.63334939445748     
Step     5 of   200--------------------------------
 number of walkers =           99
 et =   -5.62811566390531     
 e0 =   -5.63227183650311     
Step     6 of   200--------------------------------
 number of walkers =           99
 et =   -5.62776310813499     
 e0 =   -5.63154032712303     
Step     7 of   200--------------------------------
 number of walkers =           98
 et =   -5.62713909466432     
 e0 =   -5.63065536855298     
Step     8 of   200--------------------------------
 number of walkers =           96
 et =   -5.62623101156156     
 e0 =   -5.62950148499911     
Step     9 of   200--------------------------------
 number of walkers =           95
 et =   -5.62607221665999     
 e0 =   -5.62903645261697     
Step    10 of   200--------------------------------
 number of walkers =           94
 et =   -5.62518387920981     
 e0 =   -5.62790278281812     
Step    11 of   200--------------------------------
 number of walkers =           93
 et =   -5.62523393491034     
 e0 =   -5.62775261298615     
Step    12 of   200--------------------------------
 number of walkers =           92
 et =   -5.62564453848820     
 e0 =   -5.62793574887502     
Step    13 of   200--------------------------------
 number of walkers =           90
 et =   -5.62623068553666     
 e0 =   -5.62827396515579     
Step    14 of   200--------------------------------
 number of walkers =           89
 et =   -5.62546974810507     
 e0 =   -5.62735565464133     
Step    15 of   200--------------------------------
 number of walkers =           87
 et =   -5.62526479571170     
 e0 =   -5.62704074457124     
Step    16 of   200--------------------------------
 number of walkers =           84
 et =   -5.62432938587304     
 e0 =   -5.62603633905511     
Step    17 of   200--------------------------------
 number of walkers =           84
 et =   -5.62506827575290     
 e0 =   -5.62657898874824     
Step    18 of   200--------------------------------
 number of walkers =           84
 et =   -5.62553722420903     
 e0 =   -5.62694002089614     
Step    19 of   200--------------------------------
 number of walkers =           83
 et =   -5.62539687992067     
 e0 =   -5.62673169474736     
Step    20 of   200--------------------------------
 number of walkers =           83
 et =   -5.62558363554929     
 e0 =   -5.62678242110128     
Step    21 of   200--------------------------------
 number of walkers =           84
 et =   -5.62517456558559     
 e0 =   -5.62631688045417     
Step    22 of   200--------------------------------
 number of walkers =           84
 et =   -5.62538948125120     
 e0 =   -5.62641106435924     
Step    23 of   200--------------------------------
 number of walkers =           84
 et =   -5.62579602359979     
 e0 =   -5.62670089005993     
Step    24 of   200--------------------------------
 number of walkers =           87
 et =   -5.62582584583178     
 e0 =   -5.62669564716074     
Step    25 of   200--------------------------------
 number of walkers =           89
 et =   -5.62572920688527     
 e0 =   -5.62652644753596     
Step    26 of   200--------------------------------
 number of walkers =           89
 et =   -5.62575131922818     
 e0 =   -5.62652365884598     
Step    27 of   200--------------------------------
 number of walkers =           87
 et =   -5.62517133902607     
 e0 =   -5.62589840824688     
Step    28 of   200--------------------------------
 number of walkers =           87
 et =   -5.62525285205922     
 e0 =   -5.62596161533247     
Step    29 of   200--------------------------------
 number of walkers =           87
 et =   -5.62544841026783     
 e0 =   -5.62608046846047     
Step    30 of   200--------------------------------
 number of walkers =           87
 et =   -5.62537996000093     
 e0 =   -5.62595375965011     
Step    31 of   200--------------------------------
 number of walkers =           89
 et =   -5.62597155770139     
 e0 =   -5.62646572645041     
Step    32 of   200--------------------------------
 number of walkers =           87
 et =   -5.62601967925997     
 e0 =   -5.62646156116779     
Step    33 of   200--------------------------------
 number of walkers =           86
 et =   -5.62672707791351     
 e0 =   -5.62708628766868     
Step    34 of   200--------------------------------
 number of walkers =           85
 et =   -5.62641779120630     
 e0 =   -5.62680945780074     
Step    35 of   200--------------------------------
 number of walkers =           85
 et =   -5.62605572474895     
 e0 =   -5.62648159722352     
Step    36 of   200--------------------------------
 number of walkers =           84
 et =   -5.62634913454722     
 e0 =   -5.62672591630208     
Step    37 of   200--------------------------------
 number of walkers =           84
 et =   -5.62593662754885     
 e0 =   -5.62634816646796     
Step    38 of   200--------------------------------
 number of walkers =           85
 et =   -5.62574970771682     
 e0 =   -5.62613338492974     
Step    39 of   200--------------------------------
 number of walkers =           85
 et =   -5.62575374901907     
 e0 =   -5.62614960218671     
Step    40 of   200--------------------------------
 number of walkers =           84
 et =   -5.62656580926374     
 e0 =   -5.62688418940206     
Step    41 of   200--------------------------------
 number of walkers =           84
 et =   -5.62517110312055     
 e0 =   -5.62556212454486     
Step    42 of   200--------------------------------
 number of walkers =           83
 et =   -5.62565654707507     
 e0 =   -5.62598438727576     
Step    43 of   200--------------------------------
 number of walkers =           85
 et =   -5.62471682789142     
 e0 =   -5.62506015494266     
Step    44 of   200--------------------------------
 number of walkers =           85
 et =   -5.62595921872255     
 e0 =   -5.62626124987198     
Step    45 of   200--------------------------------
 number of walkers =           85
 et =   -5.62518640324361     
 e0 =   -5.62561642882600     
Step    46 of   200--------------------------------
 number of walkers =           84
 et =   -5.62625932390161     
 e0 =   -5.62664594088387     
Step    47 of   200--------------------------------
 number of walkers =           83
 et =   -5.62555157324988     
 e0 =   -5.62598047288015     
Step    48 of   200--------------------------------
 number of walkers =           83
 et =   -5.62544254361185     
 e0 =   -5.62583683270559     
Step    49 of   200--------------------------------
 number of walkers =           85
 et =   -5.62576359036465     
 e0 =   -5.62610593523484     
Step    50 of   200--------------------------------
 number of walkers =           87
 et =   -5.62543045443891     
 e0 =   -5.62575953402059     
Step    51 of   200--------------------------------
 number of walkers =           88
 et =   -5.62561445507411     
 e0 =   -5.62594972239293     
Step    52 of   200--------------------------------
 number of walkers =           86
 et =   -5.62500646832445     
 e0 =   -5.62538683431651     
Step    53 of   200--------------------------------
 number of walkers =           86
 et =   -5.62512449702229     
 e0 =   -5.62552680924480     
Step    54 of   200--------------------------------
 number of walkers =           86
 et =   -5.62523315362521     
 e0 =   -5.62565783712547     
Step    55 of   200--------------------------------
 number of walkers =           85
 et =   -5.62461211872472     
 e0 =   -5.62502746512030     
Step    56 of   200--------------------------------
 number of walkers =           84
 et =   -5.62446734943150     
 e0 =   -5.62493117232603     
Step    57 of   200--------------------------------
 number of walkers =           82
 et =   -5.62448614396913     
 e0 =   -5.62495785751649     
Step    58 of   200--------------------------------
 number of walkers =           82
 et =   -5.62495538777682     
 e0 =   -5.62541239788182     
Step    59 of   200--------------------------------
 number of walkers =           83
 et =   -5.62553051335753     
 e0 =   -5.62596557289881     
Step    60 of   200--------------------------------
 number of walkers =           85
 et =   -5.62542721735566     
 e0 =   -5.62582609772012     
Step    61 of   200--------------------------------
 number of walkers =           88
 et =   -5.62602197325551     
 e0 =   -5.62634976780851     
Step    62 of   200--------------------------------
 number of walkers =           89
 et =   -5.62516037055271     
 e0 =   -5.62556466884529     
Step    63 of   200--------------------------------
 number of walkers =           89
 et =   -5.62594070194212     
 e0 =   -5.62632265914441     
Step    64 of   200--------------------------------
 number of walkers =           87
 et =   -5.62506369405477     
 e0 =   -5.62553452823986     
Step    65 of   200--------------------------------
 number of walkers =           86
 et =   -5.62593161023853     
 e0 =   -5.62632123282652     
Step    66 of   200--------------------------------
 number of walkers =           86
 et =   -5.62612816897813     
 e0 =   -5.62652846426558     
Step    67 of   200--------------------------------
 number of walkers =           86
 et =   -5.62563922848278     
 e0 =   -5.62602541213681     
Step    68 of   200--------------------------------
 number of walkers =           86
 et =   -5.62505258980443     
 e0 =   -5.62553275753300     
Step    69 of   200--------------------------------
 number of walkers =           86
 et =   -5.62603716656751     
 e0 =   -5.62642462758207     
Step    70 of   200--------------------------------
 number of walkers =           88
 et =   -5.62638198009033     
 e0 =   -5.62671719340612     
Step    71 of   200--------------------------------
 number of walkers =           88
 et =   -5.62680051533627     
 e0 =   -5.62708738128240     
Step    72 of   200--------------------------------
 number of walkers =           87
 et =   -5.62645039937846     
 e0 =   -5.62672937199133     
Step    73 of   200--------------------------------
 number of walkers =           85
 et =   -5.62605602582207     
 e0 =   -5.62637653489157     
Step    74 of   200--------------------------------
 number of walkers =           86
 et =   -5.62578896021818     
 e0 =   -5.62608939564959     
Step    75 of   200--------------------------------
 number of walkers =           85
 et =   -5.62533909365257     
 e0 =   -5.62563563445938     
Step    76 of   200--------------------------------
 number of walkers =           87
 et =   -5.62525624756726     
 e0 =   -5.62551438983302     
Step    77 of   200--------------------------------
 number of walkers =           87
 et =   -5.62609395496535     
 e0 =   -5.62634410442691     
Step    78 of   200--------------------------------
 number of walkers =           88
 et =   -5.62605349452831     
 e0 =   -5.62627321441197     
Step    79 of   200--------------------------------
 number of walkers =           88
 et =   -5.62676922505347     
 e0 =   -5.62693537726593     
Step    80 of   200--------------------------------
 number of walkers =           87
 et =   -5.62676573540726     
 e0 =   -5.62691369645581     
Step    81 of   200--------------------------------
 number of walkers =           85
 et =   -5.62612786373565     
 e0 =   -5.62633839284902     
Step    82 of   200--------------------------------
 number of walkers =           85
 et =   -5.62657982074717     
 e0 =   -5.62674700879262     
Step    83 of   200--------------------------------
 number of walkers =           85
 et =   -5.62593858927314     
 e0 =   -5.62612785219375     
Step    84 of   200--------------------------------
 number of walkers =           86
 et =   -5.62542039343084     
 e0 =   -5.62561679354970     
Step    85 of   200--------------------------------
 number of walkers =           87
 et =   -5.62619254357797     
 e0 =   -5.62639189700655     
Step    86 of   200--------------------------------
 number of walkers =           87
 et =   -5.62546905096271     
 e0 =   -5.62573587134715     
Step    87 of   200--------------------------------
 number of walkers =           89
 et =   -5.62546561608940     
 e0 =   -5.62570723776187     
Step    88 of   200--------------------------------
 number of walkers =           88
 et =   -5.62383831667729     
 e0 =   -5.62418828246894     
Step    89 of   200--------------------------------
 number of walkers =           87
 et =   -5.62265598741465     
 e0 =   -5.62302737680930     
Step    90 of   200--------------------------------
 number of walkers =           85
 et =   -5.62332635872045     
 e0 =   -5.62367688225173     
Step    91 of   200--------------------------------
 number of walkers =           87
 et =   -5.62369750084225     
 e0 =   -5.62400369361820     
Step    92 of   200--------------------------------
 number of walkers =           87
 et =   -5.62430170394788     
 e0 =   -5.62460082652015     
Step    93 of   200--------------------------------
 number of walkers =           87
 et =   -5.62540694687324     
 e0 =   -5.62562544427413     
Step    94 of   200--------------------------------
 number of walkers =           88
 et =   -5.62563328621709     
 e0 =   -5.62590025411203     
Step    95 of   200--------------------------------
 number of walkers =           86
 et =   -5.62505334516745     
 e0 =   -5.62532830645128     
Step    96 of   200--------------------------------
 number of walkers =           87
 et =   -5.62468083229223     
 e0 =   -5.62494805508141     
Step    97 of   200--------------------------------
 number of walkers =           88
 et =   -5.62518011110984     
 e0 =   -5.62539731381352     
Step    98 of   200--------------------------------
 number of walkers =           90
 et =   -5.62577624632991     
 e0 =   -5.62594352585353     
Step    99 of   200--------------------------------
 number of walkers =           90
 et =   -5.62532655462851     
 e0 =   -5.62555643304613     
Step   100 of   200--------------------------------
 number of walkers =           91
 et =   -5.62533966777832     
 e0 =   -5.62562188696451     
Step   101 of   200--------------------------------
 number of walkers =           90
 et =   -5.62547716803869     
 e0 =   -5.62572455907390     
Step   102 of   200--------------------------------
 number of walkers =           89
 et =   -5.62585885719815     
 e0 =   -5.62611132067880     
Step   103 of   200--------------------------------
 number of walkers =           88
 et =   -5.62536858604904     
 e0 =   -5.62561565086952     
Step   104 of   200--------------------------------
 number of walkers =           89
 et =   -5.62456744373160     
 e0 =   -5.62490625593955     
Step   105 of   200--------------------------------
 number of walkers =           89
 et =   -5.62519156204791     
 e0 =   -5.62551641923612     
Step   106 of   200--------------------------------
 number of walkers =           88
 et =   -5.62485860392057     
 e0 =   -5.62520022939697     
Step   107 of   200--------------------------------
 number of walkers =           89
 et =   -5.62616488547678     
 e0 =   -5.62646313810997     
Step   108 of   200--------------------------------
 number of walkers =           87
 et =   -5.62581852724619     
 e0 =   -5.62624261265836     
Step   109 of   200--------------------------------
 number of walkers =           90
 et =   -5.62642399742498     
 e0 =   -5.62682994533005     
Step   110 of   200--------------------------------
 number of walkers =           91
 et =   -5.62651629574778     
 e0 =   -5.62687927962913     
Step   111 of   200--------------------------------
 number of walkers =           90
 et =   -5.62639955928421     
 e0 =   -5.62673376156893     
Step   112 of   200--------------------------------
 number of walkers =           91
 et =   -5.62733190391018     
 e0 =   -5.62758917652326     
Step   113 of   200--------------------------------
 number of walkers =           94
 et =   -5.62741680521518     
 e0 =   -5.62764375528260     
Step   114 of   200--------------------------------
 number of walkers =           94
 et =   -5.62673921277742     
 e0 =   -5.62702609954026     
Step   115 of   200--------------------------------
 number of walkers =           93
 et =   -5.62662895156899     
 e0 =   -5.62692694854241     
Step   116 of   200--------------------------------
 number of walkers =           92
 et =   -5.62660681461481     
 e0 =   -5.62693131006622     
Step   117 of   200--------------------------------
 number of walkers =           91
 et =   -5.62635271399437     
 e0 =   -5.62665489620881     
Step   118 of   200--------------------------------
 number of walkers =           91
 et =   -5.62519066301324     
 e0 =   -5.62557060732481     
Step   119 of   200--------------------------------
 number of walkers =           89
 et =   -5.62474571147494     
 e0 =   -5.62516653704421     
Step   120 of   200--------------------------------
 number of walkers =           88
 et =   -5.62436408965297     
 e0 =   -5.62480877486600     
Step   121 of   200--------------------------------
 number of walkers =           86
 et =   -5.62478418027234     
 e0 =   -5.62523766186499     
Step   122 of   200--------------------------------
 number of walkers =           85
 et =   -5.62557412979599     
 e0 =   -5.62599261372130     
Step   123 of   200--------------------------------
 number of walkers =           86
 et =   -5.62481548155320     
 e0 =   -5.62523261555558     
Step   124 of   200--------------------------------
 number of walkers =           86
 et =   -5.62434031849130     
 e0 =   -5.62474180586793     
Step   125 of   200--------------------------------
 number of walkers =           85
 et =   -5.62427528696945     
 e0 =   -5.62463786799354     
Step   126 of   200--------------------------------
 number of walkers =           85
 et =   -5.62436698541383     
 e0 =   -5.62480172689014     
Step   127 of   200--------------------------------
 number of walkers =           84
 et =   -5.62507642135989     
 e0 =   -5.62548433222512     
Step   128 of   200--------------------------------
 number of walkers =           84
 et =   -5.62588072936538     
 e0 =   -5.62632493310450     
Step   129 of   200--------------------------------
 number of walkers =           84
 et =   -5.62621947780242     
 e0 =   -5.62660901610390     
Step   130 of   200--------------------------------
 number of walkers =           83
 et =   -5.62599816682485     
 e0 =   -5.62636841590788     
Step   131 of   200--------------------------------
 number of walkers =           83
 et =   -5.62627978898269     
 e0 =   -5.62664195182896     
Step   132 of   200--------------------------------
 number of walkers =           85
 et =   -5.62605344759024     
 e0 =   -5.62639235140718     
Step   133 of   200--------------------------------
 number of walkers =           84
 et =   -5.62554228200484     
 e0 =   -5.62587770777113     
Step   134 of   200--------------------------------
 number of walkers =           87
 et =   -5.62511477158328     
 e0 =   -5.62552319417137     
Step   135 of   200--------------------------------
 number of walkers =           89
 et =   -5.62565438385543     
 e0 =   -5.62599752496430     
Step   136 of   200--------------------------------
 number of walkers =           89
 et =   -5.62672807318478     
 e0 =   -5.62703322026954     
Step   137 of   200--------------------------------
 number of walkers =           89
 et =   -5.62479294356561     
 e0 =   -5.62518543733470     
Step   138 of   200--------------------------------
 number of walkers =           90
 et =   -5.62482861241041     
 e0 =   -5.62523381290892     
Step   139 of   200--------------------------------
 number of walkers =           91
 et =   -5.62516577866595     
 e0 =   -5.62551818650092     
Step   140 of   200--------------------------------
 number of walkers =           92
 et =   -5.62517512629219     
 e0 =   -5.62549548159650     
Step   141 of   200--------------------------------
 number of walkers =           92
 et =   -5.62457188869378     
 e0 =   -5.62488788035976     
Step   142 of   200--------------------------------
 number of walkers =           90
 et =   -5.62527731811205     
 e0 =   -5.62557959971434     
Step   143 of   200--------------------------------
 number of walkers =           92
 et =   -5.62647975262145     
 e0 =   -5.62676117103518     
Step   144 of   200--------------------------------
 number of walkers =           92
 et =   -5.62596121037734     
 e0 =   -5.62633844832959     
Step   145 of   200--------------------------------
 number of walkers =           92
 et =   -5.62608062268330     
 e0 =   -5.62641720048603     
Step   146 of   200--------------------------------
 number of walkers =           93
 et =   -5.62588679449430     
 e0 =   -5.62620922688599     
Step   147 of   200--------------------------------
 number of walkers =           91
 et =   -5.62539913944431     
 e0 =   -5.62576643011114     
Step   148 of   200--------------------------------
 number of walkers =           91
 et =   -5.62474011509350     
 e0 =   -5.62510888806815     
Step   149 of   200--------------------------------
 number of walkers =           91
 et =   -5.62519184032164     
 e0 =   -5.62551419643130     
Step   150 of   200--------------------------------
 number of walkers =           91
 et =   -5.62491551607523     
 e0 =   -5.62532576594478     
Step   151 of   200--------------------------------
 number of walkers =           89
 et =   -5.62564761838021     
 e0 =   -5.62598890514796     
Step   152 of   200--------------------------------
 number of walkers =           91
 et =   -5.62608970080986     
 e0 =   -5.62637558297791     
Step   153 of   200--------------------------------
 number of walkers =           91
 et =   -5.62658258724433     
 e0 =   -5.62682296843431     
Step   154 of   200--------------------------------
 number of walkers =           94
 et =   -5.62654397122545     
 e0 =   -5.62676194645787     
Step   155 of   200--------------------------------
 number of walkers =           92
 et =   -5.62619491393840     
 e0 =   -5.62641563808543     
Step   156 of   200--------------------------------
 number of walkers =           91
 et =   -5.62636633709015     
 e0 =   -5.62656460626625     
Step   157 of   200--------------------------------
 number of walkers =           92
 et =   -5.62633148742242     
 e0 =   -5.62651942304760     
Step   158 of   200--------------------------------
 number of walkers =           93
 et =   -5.62645703670665     
 e0 =   -5.62662008646268     
Step   159 of   200--------------------------------
 number of walkers =           94
 et =   -5.62611428323219     
 e0 =   -5.62627704681002     
Step   160 of   200--------------------------------
 number of walkers =           91
 et =   -5.62688371390420     
 e0 =   -5.62704311006367     
Step   161 of   200--------------------------------
 number of walkers =           90
 et =   -5.62683792547860     
 e0 =   -5.62698413062432     
Step   162 of   200--------------------------------
 number of walkers =           89
 et =   -5.62726858104525     
 e0 =   -5.62737979997290     
Step   163 of   200--------------------------------
 number of walkers =           91
 et =   -5.62778838770292     
 e0 =   -5.62786771838397     
Step   164 of   200--------------------------------
 number of walkers =           89
 et =   -5.62732762012954     
 e0 =   -5.62747392724788     
Step   165 of   200--------------------------------
 number of walkers =           90
 et =   -5.62693669014416     
 e0 =   -5.62707486261486     
Step   166 of   200--------------------------------
 number of walkers =           89
 et =   -5.62668590658982     
 e0 =   -5.62682657000436     
Step   167 of   200--------------------------------
 number of walkers =           89
 et =   -5.62613808860716     
 e0 =   -5.62629268827294     
Step   168 of   200--------------------------------
 number of walkers =           89
 et =   -5.62571949725751     
 e0 =   -5.62588580254254     
Step   169 of   200--------------------------------
 number of walkers =           88
 et =   -5.62717434659414     
 e0 =   -5.62726079316072     
Step   170 of   200--------------------------------
 number of walkers =           87
 et =   -5.62761667406498     
 e0 =   -5.62772512790994     
Step   171 of   200--------------------------------
 number of walkers =           85
 et =   -5.62700553851523     
 e0 =   -5.62717148020054     
Step   172 of   200--------------------------------
 number of walkers =           85
 et =   -5.62619217887132     
 e0 =   -5.62638906556791     
Step   173 of   200--------------------------------
 number of walkers =           85
 et =   -5.62674625655355     
 e0 =   -5.62694440742277     
Step   174 of   200--------------------------------
 number of walkers =           87
 et =   -5.62653019123537     
 e0 =   -5.62680847560708     
Step   175 of   200--------------------------------
 number of walkers =           87
 et =   -5.62644518235743     
 e0 =   -5.62674791892275     
Step   176 of   200--------------------------------
 number of walkers =           88
 et =   -5.62586127393393     
 e0 =   -5.62616142589213     
Step   177 of   200--------------------------------
 number of walkers =           87
 et =   -5.62675070027862     
 e0 =   -5.62702971513592     
Step   178 of   200--------------------------------
 number of walkers =           86
 et =   -5.62706905110199     
 e0 =   -5.62739672577342     
Step   179 of   200--------------------------------
 number of walkers =           87
 et =   -5.62629005084682     
 e0 =   -5.62667122352192     
Step   180 of   200--------------------------------
 number of walkers =           88
 et =   -5.62629975589471     
 e0 =   -5.62664518814196     
Step   181 of   200--------------------------------
 number of walkers =           89
 et =   -5.62597697505612     
 e0 =   -5.62630536978121     
Step   182 of   200--------------------------------
 number of walkers =           90
 et =   -5.62550729595452     
 e0 =   -5.62596237955728     
Step   183 of   200--------------------------------
 number of walkers =           89
 et =   -5.62532961168963     
 e0 =   -5.62574662673361     
Step   184 of   200--------------------------------
 number of walkers =           89
 et =   -5.62530266594154     
 e0 =   -5.62567822345089     
Step   185 of   200--------------------------------
 number of walkers =           90
 et =   -5.62558974939033     
 e0 =   -5.62591829570785     
Step   186 of   200--------------------------------
 number of walkers =           89
 et =   -5.62525946583547     
 e0 =   -5.62557802356445     
Step   187 of   200--------------------------------
 number of walkers =           89
 et =   -5.62526886024645     
 e0 =   -5.62555093877451     
Step   188 of   200--------------------------------
 number of walkers =           88
 et =   -5.62497732030381     
 e0 =   -5.62524690160992     
Step   189 of   200--------------------------------
 number of walkers =           89
 et =   -5.62486732444727     
 e0 =   -5.62511691821276     
Step   190 of   200--------------------------------
 number of walkers =           90
 et =   -5.62555131924217     
 e0 =   -5.62574276515585     
Step   191 of   200--------------------------------
 number of walkers =           88
 et =   -5.62540399378670     
 e0 =   -5.62563944223784     
Step   192 of   200--------------------------------
 number of walkers =           88
 et =   -5.62630503934389     
 e0 =   -5.62647023233354     
Step   193 of   200--------------------------------
 number of walkers =           89
 et =   -5.62651385151917     
 e0 =   -5.62665552668762     
Step   194 of   200--------------------------------
 number of walkers =           90
 et =   -5.62607772587694     
 e0 =   -5.62622769108749     
Step   195 of   200--------------------------------
 number of walkers =           89
 et =   -5.62647871204741     
 e0 =   -5.62659297780128     
Step   196 of   200--------------------------------
 number of walkers =           89
 et =   -5.62646273429324     
 e0 =   -5.62659319692192     
Step   197 of   200--------------------------------
 number of walkers =           89
 et =   -5.62599314597665     
 e0 =   -5.62617904391849     
Step   198 of   200--------------------------------
 number of walkers =           89
 et =   -5.62550616821746     
 e0 =   -5.62569625311739     
Step   199 of   200--------------------------------
 number of walkers =           90
 et =   -5.62670185747638     
 e0 =   -5.62681701184825     
Step   200 of   200--------------------------------
 number of walkers =           92
 et =   -5.62776457720825     
 e0 =   -5.62781084751129     
 number of walkers =           92
 e0 =   -5.62781084751129     
 Number of energy calculations =        17647
