SLURM_NTASKS: 1
SLURM_NTASKS_PER_NODE: 1
SLURM_CPUS_PER_TASK: 1
 delta_t =    10.0000000000000     
 hessian: 
 
  0.5519    , -0.2650E-08, -0.1668E-03, -0.8312E-01, -0.1080E-07, -0.4415E-03, -0.2656    ,  0.2876E-06,  0.7791E-01, -0.1035    , -0.9423E-01, -0.3859E-01, -0.1035    ,  0.9423E-01, -0.3859E-01,  0.2545E-02,  0.6096E-05,  0.3281E-01,  0.5821E-03,  0.1041E-02, -0.1646E-01,  0.5871E-03, -0.1035E-02, -0.1646E-01
 -0.2650E-08,  0.5519    , -0.7829E-05, -0.4950E-08, -0.8311E-01, -0.1604E-04, -0.5550E-08, -0.4893E-01,  0.6744E-06, -0.9424E-01, -0.2118    , -0.6669E-01,  0.9424E-01, -0.2118    ,  0.6669E-01, -0.4296E-06,  0.3560E-04,  0.2558E-05,  0.9570E-03,  0.1847E-02, -0.2844E-01, -0.9535E-03,  0.1842E-02,  0.2845E-01
 -0.1668E-03, -0.7829E-05,  0.4881    , -0.4420E-03, -0.1604E-04, -0.2244    ,  0.7782E-01,  0.1524E-05, -0.7597E-01, -0.3854E-01, -0.6661E-01, -0.7527E-01, -0.3855E-01,  0.6662E-01, -0.7527E-01,  0.1619E-02,  0.8007E-06, -0.1253E-01, -0.8688E-03, -0.1438E-02, -0.1236E-01, -0.8760E-03,  0.1453E-02, -0.1236E-01
 -0.8312E-01, -0.4950E-08, -0.4420E-03,  0.5519    , -0.7400E-08, -0.1736E-03,  0.2559E-02,  0.6095E-05,  0.3280E-01,  0.5879E-03,  0.1048E-02, -0.1646E-01,  0.5929E-03, -0.1042E-02, -0.1646E-01, -0.2656    ,  0.2914E-06,  0.7791E-01, -0.1035    , -0.9423E-01, -0.3859E-01, -0.1034    ,  0.9423E-01, -0.3859E-01
 -0.1080E-07, -0.8311E-01, -0.1604E-04, -0.7400E-08,  0.5519    , -0.7829E-05,  0.1180E-07,  0.3560E-04,  0.2557E-05,  0.9570E-03,  0.1847E-02, -0.2844E-01, -0.9535E-03,  0.1842E-02,  0.2845E-01, -0.7550E-07, -0.4893E-01,  0.6697E-06, -0.9424E-01, -0.2118    , -0.6669E-01,  0.9424E-01, -0.2118    ,  0.6669E-01
 -0.4415E-03, -0.1604E-04, -0.2244    , -0.1736E-03, -0.7829E-05,  0.4881    ,  0.1615E-02,  0.8008E-06, -0.1253E-01, -0.8688E-03, -0.1438E-02, -0.1236E-01, -0.8760E-03,  0.1453E-02, -0.1236E-01,  0.7783E-01,  0.1524E-05, -0.7597E-01, -0.3854E-01, -0.6661E-01, -0.7527E-01, -0.3855E-01,  0.6662E-01, -0.7527E-01
 -0.2656    , -0.5550E-08,  0.7782E-01,  0.2559E-02,  0.1180E-07,  0.1615E-02,  0.2788    , -0.1072E-05, -0.8875E-01, -0.9236E-02,  0.3717E-02,  0.5128E-02, -0.9237E-02, -0.3717E-02,  0.5127E-02,  0.1659E-02, -0.2596E-05, -0.7851E-03,  0.5144E-03,  0.1021E-04, -0.8592E-04,  0.5108E-03, -0.1375E-04, -0.8365E-04
  0.2876E-06, -0.4893E-01,  0.1524E-05,  0.6095E-05,  0.3560E-04,  0.8008E-06, -0.1072E-05,  0.4341E-01,  0.3689E-06, -0.2305E-01,  0.1958E-02,  0.9206E-02,  0.2305E-01,  0.1958E-02, -0.9207E-02, -0.2551E-05,  0.1026E-02,  0.7334E-06,  0.4135E-03,  0.2676E-03,  0.2460E-03, -0.4170E-03,  0.2713E-03, -0.2483E-03
  0.7791E-01,  0.6744E-06, -0.7597E-01,  0.3280E-01,  0.2557E-05, -0.1253E-01, -0.8875E-01,  0.3689E-06,  0.8489E-01, -0.1042E-01,  0.1484E-03,  0.2938E-02, -0.1041E-01, -0.1491E-03,  0.2939E-02, -0.7892E-03,  0.7337E-06, -0.5871E-02, -0.1678E-03,  0.2010E-03,  0.1812E-02, -0.1653E-03, -0.2019E-03,  0.1813E-02
 -0.1035    , -0.9424E-01, -0.3854E-01,  0.5879E-03,  0.9570E-03, -0.8688E-03, -0.9236E-02, -0.2305E-01, -0.1042E-01,  0.1027    ,  0.1024    ,  0.4403E-01,  0.7579E-02,  0.1343E-01,  0.5349E-02,  0.5149E-03,  0.4135E-03, -0.1678E-03,  0.1188E-02,  0.2800E-03,  0.3613E-03,  0.1467E-03, -0.2021E-03,  0.2647E-03
 -0.9423E-01, -0.2118    , -0.6661E-01,  0.1048E-02,  0.1847E-02, -0.1438E-02,  0.3717E-02,  0.1958E-02,  0.1484E-03,  0.1024    ,  0.2204    ,  0.7603E-01, -0.1343E-01, -0.1482E-01, -0.8932E-02,  0.9203E-05,  0.2676E-03,  0.2010E-03,  0.2800E-03,  0.1506E-02,  0.6637E-03,  0.2005E-03,  0.6340E-03, -0.4788E-04
 -0.3859E-01, -0.6669E-01, -0.7527E-01, -0.1646E-01, -0.2844E-01, -0.1236E-01,  0.5128E-02,  0.9206E-02,  0.2938E-02,  0.4403E-01,  0.7603E-01,  0.8406E-01,  0.5348E-02,  0.8933E-02,  0.2890E-02, -0.8685E-04,  0.2460E-03,  0.1812E-02,  0.3614E-03,  0.6637E-03, -0.5873E-02,  0.2652E-03,  0.4497E-04,  0.1812E-02
 -0.1035    ,  0.9424E-01, -0.3855E-01,  0.5929E-03, -0.9535E-03, -0.8760E-03, -0.9237E-02,  0.2305E-01, -0.1041E-01,  0.7579E-02, -0.1343E-01,  0.5348E-02,  0.1027    , -0.1024    ,  0.4403E-01,  0.5111E-03, -0.4170E-03, -0.1653E-03,  0.1467E-03,  0.2005E-03,  0.2652E-03,  0.1188E-02, -0.2832E-03,  0.3643E-03
  0.9423E-01, -0.2118    ,  0.6662E-01, -0.1042E-02,  0.1842E-02,  0.1453E-02, -0.3717E-02,  0.1958E-02, -0.1491E-03,  0.1343E-01, -0.1482E-01,  0.8933E-02, -0.1024    ,  0.2204    , -0.7603E-01, -0.1238E-04,  0.2713E-03, -0.2019E-03, -0.2021E-03,  0.6340E-03,  0.4497E-04, -0.2832E-03,  0.1512E-02, -0.6690E-03
 -0.3859E-01,  0.6669E-01, -0.7527E-01, -0.1646E-01,  0.2845E-01, -0.1236E-01,  0.5127E-02, -0.9207E-02,  0.2939E-02,  0.5349E-02, -0.8932E-02,  0.2890E-02,  0.4403E-01, -0.7603E-01,  0.8406E-01, -0.8472E-04, -0.2483E-03,  0.1813E-02,  0.2647E-03, -0.4788E-04,  0.1812E-02,  0.3643E-03, -0.6690E-03, -0.5869E-02
  0.2545E-02, -0.4296E-06,  0.1619E-02, -0.2656    , -0.7550E-07,  0.7783E-01,  0.1659E-02, -0.2551E-05, -0.7892E-03,  0.5149E-03,  0.9203E-05, -0.8685E-04,  0.5111E-03, -0.1238E-04, -0.8472E-04,  0.2788    , -0.1064E-05, -0.8875E-01, -0.9235E-02,  0.3717E-02,  0.5127E-02, -0.9237E-02, -0.3717E-02,  0.5126E-02
  0.6096E-05,  0.3560E-04,  0.8007E-06,  0.2914E-06, -0.4893E-01,  0.1524E-05, -0.2596E-05,  0.1026E-02,  0.7337E-06,  0.4135E-03,  0.2676E-03,  0.2460E-03, -0.4170E-03,  0.2713E-03, -0.2483E-03, -0.1064E-05,  0.4341E-01,  0.3716E-06, -0.2305E-01,  0.1958E-02,  0.9207E-02,  0.2305E-01,  0.1958E-02, -0.9207E-02
  0.3281E-01,  0.2558E-05, -0.1253E-01,  0.7791E-01,  0.6697E-06, -0.7597E-01, -0.7851E-03,  0.7334E-06, -0.5871E-02, -0.1678E-03,  0.2010E-03,  0.1812E-02, -0.1653E-03, -0.2019E-03,  0.1813E-02, -0.8875E-01,  0.3716E-06,  0.8489E-01, -0.1042E-01,  0.1484E-03,  0.2938E-02, -0.1041E-01, -0.1491E-03,  0.2939E-02
  0.5821E-03,  0.9570E-03, -0.8688E-03, -0.1035    , -0.9424E-01, -0.3854E-01,  0.5144E-03,  0.4135E-03, -0.1678E-03,  0.1188E-02,  0.2800E-03,  0.3614E-03,  0.1467E-03, -0.2021E-03,  0.2647E-03, -0.9235E-02, -0.2305E-01, -0.1042E-01,  0.1027    ,  0.1024    ,  0.4403E-01,  0.7579E-02,  0.1343E-01,  0.5349E-02
  0.1041E-02,  0.1847E-02, -0.1438E-02, -0.9423E-01, -0.2118    , -0.6661E-01,  0.1021E-04,  0.2676E-03,  0.2010E-03,  0.2800E-03,  0.1506E-02,  0.6637E-03,  0.2005E-03,  0.6340E-03, -0.4788E-04,  0.3717E-02,  0.1958E-02,  0.1484E-03,  0.1024    ,  0.2204    ,  0.7603E-01, -0.1343E-01, -0.1482E-01, -0.8932E-02
 -0.1646E-01, -0.2844E-01, -0.1236E-01, -0.3859E-01, -0.6669E-01, -0.7527E-01, -0.8592E-04,  0.2460E-03,  0.1812E-02,  0.3613E-03,  0.6637E-03, -0.5873E-02,  0.2652E-03,  0.4497E-04,  0.1812E-02,  0.5127E-02,  0.9207E-02,  0.2938E-02,  0.4403E-01,  0.7603E-01,  0.8406E-01,  0.5348E-02,  0.8933E-02,  0.2890E-02
  0.5871E-03, -0.9535E-03, -0.8760E-03, -0.1034    ,  0.9424E-01, -0.3855E-01,  0.5108E-03, -0.4170E-03, -0.1653E-03,  0.1467E-03,  0.2005E-03,  0.2652E-03,  0.1188E-02, -0.2832E-03,  0.3643E-03, -0.9237E-02,  0.2305E-01, -0.1041E-01,  0.7579E-02, -0.1343E-01,  0.5348E-02,  0.1027    , -0.1024    ,  0.4403E-01
 -0.1035E-02,  0.1842E-02,  0.1453E-02,  0.9423E-01, -0.2118    ,  0.6662E-01, -0.1375E-04,  0.2713E-03, -0.2019E-03, -0.2021E-03,  0.6340E-03,  0.4497E-04, -0.2832E-03,  0.1512E-02, -0.6690E-03, -0.3717E-02,  0.1958E-02, -0.1491E-03,  0.1343E-01, -0.1482E-01,  0.8933E-02, -0.1024    ,  0.2204    , -0.7603E-01
 -0.1646E-01,  0.2845E-01, -0.1236E-01, -0.3859E-01,  0.6669E-01, -0.7527E-01, -0.8365E-04, -0.2483E-03,  0.1813E-02,  0.2647E-03, -0.4788E-04,  0.1812E-02,  0.3643E-03, -0.6690E-03, -0.5869E-02,  0.5126E-02, -0.9207E-02,  0.2939E-02,  0.5349E-02, -0.8932E-02,  0.2890E-02,  0.4403E-01, -0.7603E-01,  0.8406E-01
 
 eigenvalues_full: 
 
 -0.9216E-05
 -0.4951E-05
 -0.7739E-06
 -0.1190E-08
 -0.9286E-09
 -0.2511E-09
  0.2944E-02
  0.3270E-01
  0.3271E-01
  0.5865E-01
  0.7832E-01
  0.7833E-01
  0.1018    
  0.1018    
  0.1409    
  0.1410    
  0.1560    
  0.2547    
  0.4790    
  0.7531    
  0.7531    
  0.7726    
  0.8444    
  0.8445    
 
 eigenvectors: 
 
  0.9438E-03,  0.2178    , -0.1914E-03,  0.2128E-01, -0.2393    , -0.2583    , -0.2146E-05, -0.1737E-02, -0.1598    , -0.3067E-03,  0.1056E-02, -0.2823E-01, -0.3996E-01, -0.2095    ,  0.1023E-03,  0.3028    ,  0.1197E-02, -0.6687E-03,  0.1403E-02,  0.1647    ,  0.5261    ,  0.1800E-02, -0.4950E-01, -0.5985    
  0.2023    , -0.7639E-03,  0.7728E-01,  0.1351    , -0.2340    ,  0.2280    , -0.1303E-04,  0.1598    , -0.1738E-02, -0.3833E-05, -0.2828E-01, -0.1063E-02, -0.2095    ,  0.3995E-01, -0.3028    ,  0.1044E-03,  0.1043E-04,  0.5885E-05,  0.5954E-04,  0.5262    , -0.1647    , -0.9271E-04,  0.5985    , -0.4949E-01
  0.1149E-04, -0.7045E-03, -0.1191E-04, -0.3261    , -0.1127    ,  0.7751E-01,  0.1967E-05,  0.2458E-05,  0.5244E-03, -0.7500E-01, -0.5735E-05,  0.8974E-04,  0.1247E-03,  0.6727E-03, -0.6181E-05, -0.9244E-03,  0.3844    , -0.2242    ,  0.4766    , -0.5823E-03, -0.1643E-02,  0.6664    ,  0.2245E-03,  0.1455E-02
 -0.9035E-03, -0.2153    ,  0.3089E-03,  0.2141E-01, -0.2403    , -0.2594    , -0.2127E-05, -0.1737E-02, -0.1598    ,  0.3074E-03, -0.1056E-02,  0.2823E-01, -0.3996E-01, -0.2095    , -0.1023E-03, -0.3028    ,  0.1204E-02,  0.6638E-03,  0.1426E-02,  0.1647    ,  0.5262    , -0.1639E-02,  0.4949E-01,  0.5984    
 -0.2023    ,  0.7766E-03, -0.7735E-01,  0.1351    , -0.2340    ,  0.2279    , -0.1310E-04,  0.1598    , -0.1738E-02,  0.3909E-05,  0.2828E-01,  0.1063E-02, -0.2095    ,  0.3995E-01,  0.3028    , -0.1045E-03,  0.1061E-04, -0.6223E-05,  0.5928E-04,  0.5262    , -0.1647    ,  0.9564E-04, -0.5985    ,  0.4950E-01
  0.2305E-04,  0.6596E-03, -0.1865E-04, -0.3261    , -0.1127    ,  0.7751E-01,  0.1967E-05,  0.2416E-05,  0.5201E-03,  0.7499E-01,  0.5575E-05, -0.8695E-04,  0.1246E-03,  0.6718E-03,  0.6157E-05,  0.9312E-03,  0.3844    ,  0.2242    ,  0.4766    , -0.5213E-03, -0.1460E-02, -0.6664    , -0.2260E-03, -0.1472E-02
  0.1426E-02,  0.3317    , -0.3276E-03,  0.2125E-01, -0.2390    , -0.2580    ,  0.1409E-05,  0.5114E-03,  0.4707E-01, -0.1111    , -0.3828E-02,  0.1020    , -0.5787E-01, -0.3036    ,  0.1298E-03,  0.3566    , -0.3181    ,  0.3760    ,  0.2558    , -0.9938E-01, -0.3174    ,  0.1141    ,  0.2426E-01,  0.2931    
  0.4536    , -0.2226E-02, -0.2637    ,  0.1351    , -0.2340    ,  0.2279    , -0.4082    , -0.6108E-01,  0.6631E-03,  0.1820E-05, -0.4229    , -0.1589E-01,  0.4430    , -0.8447E-01,  0.2111    , -0.7064E-04,  0.5479E-05, -0.9726E-05, -0.2810E-05, -0.3294E-01,  0.1032E-01,  0.5234E-05, -0.3225E-01,  0.2673E-02
  0.1250E-02,  0.2902    , -0.3493E-03, -0.3261    , -0.1120    ,  0.7826E-01,  0.1924E-06,  0.6051E-02,  0.5571    , -0.3903    , -0.1422E-01,  0.3783    , -0.1202E-01, -0.6302E-01, -0.1084E-03, -0.3171    , -0.1272    , -0.9267E-01, -0.1597    ,  0.4104E-01,  0.1310    , -0.7511E-01, -0.6027E-02, -0.7272E-01
  0.1269    ,  0.3295    , -0.3308    ,  0.2127E-01, -0.2390    , -0.2581    , -0.3536    ,  0.8928E-02,  0.5624E-01,  0.5365E-01,  0.2367    , -0.2841    , -0.2741    ,  0.3181    , -0.2471    , -0.6829E-01,  0.1585    , -0.1884    , -0.1286    , -0.1564    , -0.6563E-01, -0.5726E-01, -0.1052    ,  0.1071    
  0.2350    , -0.6328E-03,  0.3083    ,  0.1351    , -0.2340    ,  0.2280    ,  0.2041    , -0.4940E-01, -0.6265E-02,  0.9520E-01, -0.3866E-01,  0.2256    , -0.1784    , -0.3009    , -0.2153    ,  0.2463    ,  0.2752    , -0.3258    , -0.2220    , -0.2852    , -0.4614E-01, -0.9880E-01, -0.2188    ,  0.1320    
 -0.2366    , -0.1458    , -0.8885E-01, -0.3260    , -0.1130    ,  0.7710E-01,  0.1124E-02,  0.4795    , -0.2840    , -0.3910    , -0.3215    , -0.2006    ,  0.6230E-01,  0.2042E-01, -0.2727    ,  0.1582    , -0.1286    , -0.9086E-01, -0.1585    , -0.1325    , -0.2957E-01, -0.7455E-01, -0.5896E-01,  0.4080E-01
 -0.1241    ,  0.3313    ,  0.3302    ,  0.2125E-01, -0.2390    , -0.2580    ,  0.3536    , -0.7697E-02,  0.5642E-01,  0.5366E-01, -0.2147    , -0.3011    ,  0.3719    ,  0.1949    ,  0.2471    , -0.6846E-01,  0.1585    , -0.1884    , -0.1286    ,  0.9106E-01, -0.1431    , -0.5730E-01,  0.1214    ,  0.8832E-01
  0.2350    , -0.6365E-03,  0.3083    ,  0.1351    , -0.2340    ,  0.2280    ,  0.2041    , -0.4926E-01,  0.7329E-02, -0.9520E-01, -0.2163E-01, -0.2279    , -0.5514E-01,  0.3454    , -0.2155    , -0.2462    , -0.2752    ,  0.3258    ,  0.2219    , -0.2080    ,  0.2006    ,  0.9887E-01, -0.2374    , -0.9428E-01
  0.2354    , -0.1476    ,  0.8917E-01, -0.3260    , -0.1130    ,  0.7715E-01, -0.1126E-02, -0.4856    , -0.2735    , -0.3910    ,  0.3357    , -0.1759    , -0.5041E-01,  0.4192E-01,  0.2729    ,  0.1580    , -0.1286    , -0.9088E-01, -0.1585    ,  0.9202E-01, -0.9987E-01, -0.7457E-01,  0.6483E-01,  0.3056E-01
 -0.1386E-02, -0.3292    ,  0.4450E-03,  0.2144E-01, -0.2406    , -0.2598    ,  0.1436E-05,  0.5114E-03,  0.4707E-01,  0.1111    ,  0.3828E-02, -0.1020    , -0.5787E-01, -0.3036    , -0.1298E-03, -0.3565    , -0.3181    , -0.3760    ,  0.2558    , -0.9939E-01, -0.3174    , -0.1142    , -0.2426E-01, -0.2931    
 -0.4536    ,  0.2240E-02,  0.2636    ,  0.1351    , -0.2341    ,  0.2280    , -0.4082    , -0.6107E-01,  0.6630E-03, -0.1862E-05,  0.4229    ,  0.1589E-01,  0.4430    , -0.8447E-01, -0.2111    ,  0.7047E-04,  0.5523E-05,  0.9695E-05, -0.2807E-05, -0.3294E-01,  0.1032E-01, -0.5419E-05,  0.3225E-01, -0.2673E-02
 -0.1216E-02, -0.2902    ,  0.3188E-03, -0.3259    , -0.1134    ,  0.7674E-01,  0.2262E-06,  0.6051E-02,  0.5571    ,  0.3903    ,  0.1422E-01, -0.3783    , -0.1201E-01, -0.6300E-01,  0.1084E-03,  0.3171    , -0.1272    ,  0.9267E-01, -0.1597    ,  0.4103E-01,  0.1310    ,  0.7515E-01,  0.6026E-02,  0.7270E-01
 -0.1269    , -0.3270    ,  0.3310    ,  0.2144E-01, -0.2406    , -0.2597    , -0.3535    ,  0.8928E-02,  0.5624E-01, -0.5366E-01, -0.2367    ,  0.2841    , -0.2741    ,  0.3181    ,  0.2471    ,  0.6829E-01,  0.1585    ,  0.1884    , -0.1286    , -0.1564    , -0.6566E-01,  0.5723E-01,  0.1052    , -0.1070    
 -0.2350    ,  0.6446E-03, -0.3084    ,  0.1351    , -0.2341    ,  0.2279    ,  0.2041    , -0.4940E-01, -0.6269E-02, -0.9520E-01,  0.3866E-01, -0.2256    , -0.1784    , -0.3009    ,  0.2153    , -0.2463    ,  0.2752    ,  0.3258    , -0.2220    , -0.2852    , -0.4620E-01,  0.9876E-01,  0.2188    , -0.1320    
  0.2366    ,  0.1457    ,  0.8882E-01, -0.3261    , -0.1123    ,  0.7791E-01,  0.1124E-02,  0.4795    , -0.2840    ,  0.3910    ,  0.3215    ,  0.2006    ,  0.6230E-01,  0.2042E-01,  0.2727    , -0.1582    , -0.1286    ,  0.9085E-01, -0.1585    , -0.1325    , -0.2960E-01,  0.7453E-01,  0.5896E-01, -0.4079E-01
  0.1241    , -0.3288    , -0.3301    ,  0.2146E-01, -0.2406    , -0.2598    ,  0.3535    , -0.7697E-02,  0.5642E-01, -0.5366E-01,  0.2147    ,  0.3011    ,  0.3719    ,  0.1950    , -0.2471    ,  0.6845E-01,  0.1585    ,  0.1884    , -0.1286    ,  0.9105E-01, -0.1431    ,  0.5727E-01, -0.1214    , -0.8830E-01
 -0.2350    ,  0.6509E-03, -0.3084    ,  0.1351    , -0.2341    ,  0.2279    ,  0.2041    , -0.4926E-01,  0.7333E-02,  0.9520E-01,  0.2163E-01,  0.2279    , -0.5513E-01,  0.3454    ,  0.2155    ,  0.2462    , -0.2752    , -0.3258    ,  0.2219    , -0.2080    ,  0.2006    , -0.9883E-01,  0.2374    ,  0.9425E-01
 -0.2353    ,  0.1475    , -0.8920E-01, -0.3261    , -0.1123    ,  0.7787E-01, -0.1126E-02, -0.4856    , -0.2736    ,  0.3910    , -0.3356    ,  0.1759    , -0.5041E-01,  0.4191E-01, -0.2729    , -0.1580    , -0.1286    ,  0.9087E-01, -0.1585    ,  0.9201E-01, -0.9990E-01,  0.7455E-01, -0.6483E-01, -0.3055E-01
 
 delta(i,j): 
 
   1.000    ,  0.9714E-16, -0.2914E-15, -0.1110E-15, -0.7980E-16, -0.8674E-16, -0.5150E-17,   0.000    , -0.9714E-16,  0.4163E-16, -0.6939E-16,  0.1943E-15, -0.1440E-15,  0.2255E-16,  0.2359E-15, -0.6939E-17,  0.1943E-15, -0.1388E-16,  0.1943E-15, -0.2637E-15,  0.1214E-15,  0.2845E-15, -0.7633E-16, -0.6245E-16
  0.9714E-16,   1.000    , -0.6765E-16, -0.1596E-15,  0.3539E-15, -0.9541E-16,  0.5594E-16,  0.5551E-16, -0.2914E-15,  0.2776E-16, -0.8327E-16,  0.4510E-16, -0.8500E-16, -0.1249E-15,  0.2776E-16,  0.2602E-15,  0.2255E-15, -0.6072E-16, -0.5204E-16,  0.6072E-16,  0.3001E-15,  0.1370E-15, -0.8674E-17,  0.1422E-15
 -0.2914E-15, -0.6765E-16,   1.000    ,  0.1041E-15, -0.7286E-16, -0.2333E-15, -0.1833E-15,  0.5551E-16, -0.6939E-17,  0.7633E-16,  0.2255E-15, -0.3469E-16,  0.2507E-15,  0.1002E-15,  0.1978E-15, -0.6418E-16, -0.1874E-15, -0.1197E-15,  0.9021E-16,  0.1318E-15,  0.5204E-17, -0.1180E-15,  0.5464E-16, -0.8674E-17
 -0.1110E-15, -0.1596E-15,  0.1041E-15,   1.000    ,  0.2290E-15, -0.1735E-16, -0.1676E-15, -0.1943E-15, -0.2776E-15,  0.8327E-16, -0.8327E-16, -0.9714E-16,  0.2602E-15,  0.7459E-16,  0.1804E-15,  0.8327E-16, -0.2082E-16, -0.1110E-15,  0.3123E-15,  0.9368E-16, -0.1249E-15,  0.8674E-16, -0.6592E-16,  0.8500E-16
 -0.7980E-16,  0.3539E-15, -0.7286E-16,  0.2290E-15,   1.000    ,  0.3816E-16, -0.1121E-15, -0.2082E-16, -0.1978E-15,  0.6939E-16,  0.4163E-16,  0.4857E-16, -0.2082E-16,  0.1214E-16,  0.6245E-16, -0.2984E-15,  0.1301E-15, -0.4684E-16,  0.3400E-15, -0.2394E-15, -0.1596E-15,  0.3591E-15,  0.4857E-16, -0.2602E-17
 -0.8674E-16, -0.9541E-16, -0.2333E-15, -0.1735E-16,  0.3816E-16,   1.000    , -0.1353E-15,  0.1665E-15, -0.1353E-15, -0.5551E-16,  0.1735E-16,  0.1041E-16,  0.1735E-17, -0.1418E-15, -0.1249E-15,  0.1769E-15, -0.3990E-16,  0.1743E-15,  0.5551E-16, -0.8413E-16,  0.1527E-15, -0.2229E-15,  0.6939E-16, -0.1084E-15
 -0.5150E-17,  0.5594E-16, -0.1833E-15, -0.1676E-15, -0.1121E-15, -0.1353E-15,   1.000    ,  0.2689E-16, -0.2765E-17,  0.1014E-15, -0.2610E-15,  0.2374E-16, -0.2707E-15,  0.1302E-15,  0.7763E-16,  0.1839E-15, -0.4852E-17,  0.7791E-16,  0.3659E-17,  0.1505E-15, -0.2246E-16,  0.1412E-15,  0.1381E-16,  0.5116E-17
   0.000    ,  0.5551E-16,  0.5551E-16, -0.1943E-15, -0.2082E-16,  0.1665E-15,  0.2689E-16,   1.000    , -0.1110E-15, -0.2220E-15, -0.5551E-16, -0.9714E-16, -0.1457E-15, -0.6939E-17,  0.5551E-16,  0.3192E-15,  0.1110E-15, -0.5551E-16,  0.6939E-16,   0.000    , -0.4163E-16,  0.2845E-15,  0.1388E-16,  0.1527E-15
 -0.9714E-16, -0.2914E-15, -0.6939E-17, -0.2776E-15, -0.1978E-15, -0.1353E-15, -0.2765E-17, -0.1110E-15,   1.000    ,   0.000    ,   0.000    ,  0.2845E-15, -0.1527E-15, -0.7633E-16,  0.2498E-15, -0.6245E-16,  0.5551E-16, -0.5898E-16, -0.2776E-16, -0.3469E-16,  0.2776E-16,  0.1353E-15,  0.9021E-16, -0.1388E-16
  0.4163E-16,  0.2776E-16,  0.7633E-16,  0.8327E-16,  0.6939E-16, -0.5551E-16,  0.1014E-15, -0.2220E-15,   0.000    ,   1.000    , -0.2776E-15,  0.8327E-16,  0.7286E-16, -0.5586E-15, -0.1388E-16, -0.1110E-15, -0.3469E-15,  0.1388E-16, -0.3192E-15,  0.8327E-16,  0.2776E-16, -0.9714E-16, -0.1041E-15,  0.1457E-15
 -0.6939E-16, -0.8327E-16,  0.2255E-15, -0.8327E-16,  0.4163E-16,  0.1735E-16, -0.2610E-15, -0.5551E-16,   0.000    , -0.2776E-15,   1.000    ,  0.7286E-15,  0.1492E-15,  0.2255E-16,  0.3053E-15,  0.2706E-15,  0.3400E-15,  0.1839E-15,  0.5551E-16, -0.1041E-16,  0.2082E-16, -0.1249E-15,  0.5898E-16, -0.2602E-15
  0.1943E-15,  0.4510E-16, -0.3469E-16, -0.9714E-16,  0.4857E-16,  0.1041E-16,  0.2374E-16, -0.9714E-16,  0.2845E-15,  0.8327E-16,  0.7286E-15,   1.000    ,  0.1110E-15, -0.1214E-15, -0.1735E-15,  0.7980E-16, -0.2741E-15, -0.2047E-15, -0.9368E-16,  0.1388E-15,  0.1388E-16,  0.5898E-16, -0.1422E-15,  0.7026E-16
 -0.1440E-15, -0.8500E-16,  0.2507E-15,  0.2602E-15, -0.2082E-16,  0.1735E-17, -0.2707E-15, -0.1457E-15, -0.1527E-15,  0.7286E-16,  0.1492E-15,  0.1110E-15,   1.000    ,  0.3222E-15, -0.4163E-16, -0.1908E-16, -0.1015E-15, -0.1128E-16,  0.2585E-15,  0.2602E-17, -0.7199E-16,  0.1583E-15,  0.1357E-15, -0.8305E-16
  0.2255E-16, -0.1249E-15,  0.1002E-15,  0.7459E-16,  0.1214E-16, -0.1418E-15,  0.1302E-15, -0.6939E-17, -0.7633E-16, -0.5586E-15,  0.2255E-16, -0.1214E-15,  0.3222E-15,   1.000    ,  0.3730E-15, -0.4363E-15,  0.2255E-16,  0.3816E-16,  0.2082E-15,  0.1258E-15, -0.2316E-15,  0.1236E-15,  0.1752E-15,  0.2927E-16
  0.2359E-15,  0.2776E-16,  0.1978E-15,  0.1804E-15,  0.6245E-16, -0.1249E-15,  0.7763E-16,  0.5551E-16,  0.2498E-15, -0.1388E-16,  0.3053E-15, -0.1735E-15, -0.4163E-16,  0.3730E-15,   1.000    , -0.2151E-15, -0.3123E-15, -0.2533E-15, -0.7633E-16,  0.1214E-15,  0.1388E-16, -0.2394E-15,  0.5898E-16,  0.5898E-16
 -0.6939E-17,  0.2602E-15, -0.6418E-16,  0.8327E-16, -0.2984E-15,  0.1769E-15,  0.1839E-15,  0.3192E-15, -0.6245E-16, -0.1110E-15,  0.2706E-15,  0.7980E-16, -0.1908E-16, -0.4363E-15, -0.2151E-15,   1.000    , -0.2949E-15, -0.3521E-15, -0.2082E-16, -0.2862E-15, -0.1943E-15,  0.2602E-16, -0.6072E-16,  0.5291E-16
  0.1943E-15,  0.2255E-15, -0.1874E-15, -0.2082E-16,  0.1301E-15, -0.3990E-16, -0.4852E-17,  0.1110E-15,  0.5551E-16, -0.3469E-15,  0.3400E-15, -0.2741E-15, -0.1015E-15,  0.2255E-16, -0.3123E-15, -0.2949E-15,   1.000    , -0.1735E-16, -0.4580E-15, -0.6765E-16,  0.3990E-15, -0.2012E-15, -0.4510E-16, -0.5117E-16
 -0.1388E-16, -0.6072E-16, -0.1197E-15, -0.1110E-15, -0.4684E-16,  0.1743E-15,  0.7791E-16, -0.5551E-16, -0.5898E-16,  0.1388E-16,  0.1839E-15, -0.2047E-15, -0.1128E-16,  0.3816E-16, -0.2533E-15, -0.3521E-15, -0.1735E-16,   1.000    , -0.1978E-15,  0.1197E-15,  0.3192E-15,  0.2455E-15,  0.1648E-16, -0.1201E-15
  0.1943E-15, -0.5204E-16,  0.9021E-16,  0.3123E-15,  0.3400E-15,  0.5551E-16,  0.3659E-17,  0.6939E-16, -0.2776E-16, -0.3192E-15,  0.5551E-16, -0.9368E-16,  0.2585E-15,  0.2082E-15, -0.7633E-16, -0.2082E-16, -0.4580E-15, -0.1978E-15,   1.000    , -0.7459E-16, -0.1978E-15, -0.2272E-15, -0.3990E-16, -0.1050E-15
 -0.2637E-15,  0.6072E-16,  0.1318E-15,  0.9368E-16, -0.2394E-15, -0.8413E-16,  0.1505E-15,   0.000    , -0.3469E-16,  0.8327E-16, -0.1041E-16,  0.1388E-15,  0.2602E-17,  0.1258E-15,  0.1214E-15, -0.2862E-15, -0.6765E-16,  0.1197E-15, -0.7459E-16,   1.000    , -0.1088E-14,  0.6462E-15,  0.1128E-16,  0.1193E-15
  0.1214E-15,  0.3001E-15,  0.5204E-17, -0.1249E-15, -0.1596E-15,  0.1527E-15, -0.2246E-16, -0.4163E-16,  0.2776E-16,  0.2776E-16,  0.2082E-16,  0.1388E-16, -0.7199E-16, -0.2316E-15,  0.1388E-16, -0.1943E-15,  0.3990E-15,  0.3192E-15, -0.1978E-15, -0.1088E-14,   1.000    , -0.5855E-15,  0.2116E-15,  0.9888E-16
  0.2845E-15,  0.1370E-15, -0.1180E-15,  0.8674E-16,  0.3591E-15, -0.2229E-15,  0.1412E-15,  0.2845E-15,  0.1353E-15, -0.9714E-16, -0.1249E-15,  0.5898E-16,  0.1583E-15,  0.1236E-15, -0.2394E-15,  0.2602E-16, -0.2012E-15,  0.2455E-15, -0.2272E-15,  0.6462E-15, -0.5855E-15,   1.000    , -0.6245E-16, -0.5265E-15
 -0.7633E-16, -0.8674E-17,  0.5464E-16, -0.6592E-16,  0.4857E-16,  0.6939E-16,  0.1381E-16,  0.1388E-16,  0.9021E-16, -0.1041E-15,  0.5898E-16, -0.1422E-15,  0.1357E-15,  0.1752E-15,  0.5898E-16, -0.6072E-16, -0.4510E-16,  0.1648E-16, -0.3990E-16,  0.1128E-16,  0.2116E-15, -0.6245E-16,   1.000    ,  0.6254E-15
 -0.6245E-16,  0.1422E-15, -0.8674E-17,  0.8500E-16, -0.2602E-17, -0.1084E-15,  0.5116E-17,  0.1527E-15, -0.1388E-16,  0.1457E-15, -0.2602E-15,  0.7026E-16, -0.8305E-16,  0.2927E-16,  0.5898E-16,  0.5291E-16, -0.5117E-16, -0.1201E-15, -0.1050E-15,  0.1193E-15,  0.9888E-16, -0.5265E-15,  0.6254E-15,   1.000    
 
 rxyz0: 
 
 -0.2571E-04,  0.2571E-04,  -1.920    ,  0.9602    ,  0.9602    ,   1.920    , -0.9602    , -0.9602    
   0.000    ,   0.000    ,   0.000    ,   1.663    ,  -1.663    ,   0.000    ,  -1.663    ,   1.663    
   1.428    ,  -1.428    ,   2.174    ,   2.174    ,   2.174    ,  -2.174    ,  -2.174    ,  -2.174    
 
 new_masses: 
 
   1849.    
   2181.    
   2181.    
   2708.    
   2503.    
   2503.    
   2579.    
   2468.    
   3284.    
   3286.    
   3562.    
   5816.    
   2795.    
   4346.    
   4040.    
   4145.    
   4468.    
   4468.    
 
 sigma2 from ev, modifier = 1
 
  0.4286    
  0.1184    
  0.1184    
  0.7935E-01
  0.7142E-01
  0.7143E-01
  0.6172E-01
  0.6309E-01
  0.4648E-01
  0.4647E-01
  0.4242E-01
  0.2598E-01
  0.2733E-01
  0.1748E-01
  0.1813E-01
  0.1767E-01
  0.1628E-01
  0.1628E-01
 
 e0 theory =   7.247172159063667E-002
 Input etot:   -5.69922746240000     
Step     1 of   500--------------------------------
 number of walkers =          100
 et =   -5.61943941469764     
 e0 =   -5.62668549402538     
Step     2 of   500--------------------------------
 number of walkers =          100
 et =   -5.62005959890683     
 e0 =   -5.62658615204900     
Step     3 of   500--------------------------------
 number of walkers =          100
 et =   -5.62036520450478     
 e0 =   -5.62625592842775     
Step     4 of   500--------------------------------
 number of walkers =          100
 et =   -5.62113518191661     
 e0 =   -5.62642836473607     
Step     5 of   500--------------------------------
 number of walkers =          100
 et =   -5.62167039778420     
 e0 =   -5.62643387563764     
Step     6 of   500--------------------------------
 number of walkers =          100
 et =   -5.62217732400774     
 e0 =   -5.62646319840926     
Step     7 of   500--------------------------------
 number of walkers =          100
 et =   -5.62236857617932     
 e0 =   -5.62623800179179     
Step     8 of   500--------------------------------
 number of walkers =          100
 et =   -5.62277259872693     
 e0 =   -5.62625423377444     
Step     9 of   500--------------------------------
 number of walkers =          102
 et =   -5.62297367824236     
 e0 =   -5.62611395757130     
Step    10 of   500--------------------------------
 number of walkers =          102
 et =   -5.62340183161517     
 e0 =   -5.62622275390004     
Step    11 of   500--------------------------------
 number of walkers =          103
 et =   -5.62386557806151     
 e0 =   -5.62639543908816     
Step    12 of   500--------------------------------
 number of walkers =          105
 et =   -5.62433879175833     
 e0 =   -5.62660551759279     
Step    13 of   500--------------------------------
 number of walkers =          108
 et =   -5.62430358756562     
 e0 =   -5.62635586301787     
Step    14 of   500--------------------------------
 number of walkers =          113
 et =   -5.62438567851223     
 e0 =   -5.62626912519621     
Step    15 of   500--------------------------------
 number of walkers =          117
 et =   -5.62437726314076     
 e0 =   -5.62608216812410     
Step    16 of   500--------------------------------
 number of walkers =          120
 et =   -5.62481467232880     
 e0 =   -5.62633623354709     
Step    17 of   500--------------------------------
 number of walkers =          124
 et =   -5.62497914917067     
 e0 =   -5.62634906209598     
Step    18 of   500--------------------------------
 number of walkers =          127
 et =   -5.62472275670411     
 e0 =   -5.62597473621133     
Step    19 of   500--------------------------------
 number of walkers =          132
 et =   -5.62506958585957     
 e0 =   -5.62618475952348     
Step    20 of   500--------------------------------
 number of walkers =          134
 et =   -5.62502600350396     
 e0 =   -5.62603673042281     
Step    21 of   500--------------------------------
 number of walkers =          137
 et =   -5.62533295624440     
 e0 =   -5.62625752813209     
Step    22 of   500--------------------------------
 number of walkers =          138
 et =   -5.62529015601219     
 e0 =   -5.62620049701556     
Step    23 of   500--------------------------------
 number of walkers =          140
 et =   -5.62521622559342     
 e0 =   -5.62604343139538     
Step    24 of   500--------------------------------
 number of walkers =          141
 et =   -5.62554111162014     
 e0 =   -5.62627412832518     
Step    25 of   500--------------------------------
 number of walkers =          141
 et =   -5.62573637218558     
 e0 =   -5.62639012529507     
Step    26 of   500--------------------------------
 number of walkers =          143
 et =   -5.62617880547713     
 e0 =   -5.62674929946158     
Step    27 of   500--------------------------------
 number of walkers =          143
 et =   -5.62641942392286     
 e0 =   -5.62692545556505     
Step    28 of   500--------------------------------
 number of walkers =          143
 et =   -5.62626313785887     
 e0 =   -5.62672751161674     
Step    29 of   500--------------------------------
 number of walkers =          144
 et =   -5.62621877002458     
 e0 =   -5.62664124332336     
Step    30 of   500--------------------------------
 number of walkers =          146
 et =   -5.62610912248448     
 e0 =   -5.62649669319378     
Step    31 of   500--------------------------------
 number of walkers =          147
 et =   -5.62610311712279     
 e0 =   -5.62645361413879     
Step    32 of   500--------------------------------
 number of walkers =          148
 et =   -5.62616773962597     
 e0 =   -5.62648163829069     
Step    33 of   500--------------------------------
 number of walkers =          149
 et =   -5.62652785990641     
 e0 =   -5.62681896360528     
Step    34 of   500--------------------------------
 number of walkers =          152
 et =   -5.62649233778497     
 e0 =   -5.62675751189526     
Step    35 of   500--------------------------------
 number of walkers =          155
 et =   -5.62625419881322     
 e0 =   -5.62650615086715     
Step    36 of   500--------------------------------
 number of walkers =          156
 et =   -5.62658215558384     
 e0 =   -5.62680276284627     
Step    37 of   500--------------------------------
 number of walkers =          156
 et =   -5.62638913713683     
 e0 =   -5.62659846717018     
Step    38 of   500--------------------------------
 number of walkers =          156
 et =   -5.62671008310210     
 e0 =   -5.62690394628050     
Step    39 of   500--------------------------------
 number of walkers =          158
 et =   -5.62648474140682     
 e0 =   -5.62667187993171     
Step    40 of   500--------------------------------
 number of walkers =          159
 et =   -5.62650030127210     
 e0 =   -5.62666889942932     
Step    41 of   500--------------------------------
 number of walkers =          161
 et =   -5.62693467355888     
 e0 =   -5.62707310825028     
Step    42 of   500--------------------------------
 number of walkers =          160
 et =   -5.62699727909346     
 e0 =   -5.62713077303038     
Step    43 of   500--------------------------------
 number of walkers =          160
 et =   -5.62681947198890     
 e0 =   -5.62697326294671     
Step    44 of   500--------------------------------
 number of walkers =          162
 et =   -5.62679896936569     
 e0 =   -5.62695385435614     
Step    45 of   500--------------------------------
 number of walkers =          163
 et =   -5.62715700817787     
 e0 =   -5.62727933531197     
Step    46 of   500--------------------------------
 number of walkers =          165
 et =   -5.62725295772167     
 e0 =   -5.62738375262749     
Step    47 of   500--------------------------------
 number of walkers =          163
 et =   -5.62696973026884     
 e0 =   -5.62711819830215     
Step    48 of   500--------------------------------
 number of walkers =          163
 et =   -5.62702493885050     
 e0 =   -5.62718205574091     
Step    49 of   500--------------------------------
 number of walkers =          166
 et =   -5.62723059727176     
 e0 =   -5.62738344875433     
Step    50 of   500--------------------------------
 number of walkers =          169
 et =   -5.62731306990623     
 e0 =   -5.62744802992767     
Step    51 of   500--------------------------------
 number of walkers =          170
 et =   -5.62697979344487     
 e0 =   -5.62711836903895     
Step    52 of   500--------------------------------
 number of walkers =          170
 et =   -5.62702104603124     
 e0 =   -5.62716855798043     
Step    53 of   500--------------------------------
 number of walkers =          172
 et =   -5.62680329814115     
 e0 =   -5.62694897184925     
Step    54 of   500--------------------------------
 number of walkers =          172
 et =   -5.62670233544497     
 e0 =   -5.62683925926228     
Step    55 of   500--------------------------------
 number of walkers =          170
 et =   -5.62671357526502     
 e0 =   -5.62686039684116     
Step    56 of   500--------------------------------
 number of walkers =          172
 et =   -5.62655041572525     
 e0 =   -5.62675212320109     
Step    57 of   500--------------------------------
 number of walkers =          171
 et =   -5.62651291582473     
 e0 =   -5.62671819489254     
Step    58 of   500--------------------------------
 number of walkers =          171
 et =   -5.62645452604335     
 e0 =   -5.62664244312960     
Step    59 of   500--------------------------------
 number of walkers =          175
 et =   -5.62627610818765     
 e0 =   -5.62645458105473     
Step    60 of   500--------------------------------
 number of walkers =          176
 et =   -5.62651170946433     
 e0 =   -5.62670469105498     
Step    61 of   500--------------------------------
 number of walkers =          175
 et =   -5.62682179606813     
 e0 =   -5.62700522563043     
Step    62 of   500--------------------------------
 number of walkers =          177
 et =   -5.62660795882372     
 e0 =   -5.62678443477336     
Step    63 of   500--------------------------------
 number of walkers =          176
 et =   -5.62631086950137     
 e0 =   -5.62653989136153     
Step    64 of   500--------------------------------
 number of walkers =          177
 et =   -5.62670480089725     
 e0 =   -5.62689360344646     
Step    65 of   500--------------------------------
 number of walkers =          176
 et =   -5.62692982354952     
 e0 =   -5.62709084224777     
Step    66 of   500--------------------------------
 number of walkers =          179
 et =   -5.62667830989454     
 e0 =   -5.62685956232145     
Step    67 of   500--------------------------------
 number of walkers =          180
 et =   -5.62640502706892     
 e0 =   -5.62658189010358     
Step    68 of   500--------------------------------
 number of walkers =          181
 et =   -5.62653070215064     
 e0 =   -5.62670688653017     
Step    69 of   500--------------------------------
 number of walkers =          181
 et =   -5.62672382448766     
 e0 =   -5.62687345942841     
Step    70 of   500--------------------------------
 number of walkers =          181
 et =   -5.62600611130255     
 e0 =   -5.62620085379793     
Step    71 of   500--------------------------------
 number of walkers =          181
 et =   -5.62633084465292     
 e0 =   -5.62651651620585     
Step    72 of   500--------------------------------
 number of walkers =          181
 et =   -5.62607454825296     
 e0 =   -5.62625588625254     
Step    73 of   500--------------------------------
 number of walkers =          180
 et =   -5.62600558343368     
 e0 =   -5.62617295046050     
Step    74 of   500--------------------------------
 number of walkers =          182
 et =   -5.62628096054879     
 e0 =   -5.62644301502196     
Step    75 of   500--------------------------------
 number of walkers =          184
 et =   -5.62685655744575     
 e0 =   -5.62697547604283     
Step    76 of   500--------------------------------
 number of walkers =          184
 et =   -5.62687965452666     
 e0 =   -5.62698563791751     
Step    77 of   500--------------------------------
 number of walkers =          185
 et =   -5.62681186411440     
 e0 =   -5.62691105310819     
Step    78 of   500--------------------------------
 number of walkers =          185
 et =   -5.62671833236726     
 e0 =   -5.62683507078908     
Step    79 of   500--------------------------------
 number of walkers =          187
 et =   -5.62658249781847     
 e0 =   -5.62669452212219     
Step    80 of   500--------------------------------
 number of walkers =          188
 et =   -5.62664233467398     
 e0 =   -5.62674124828660     
Step    81 of   500--------------------------------
 number of walkers =          188
 et =   -5.62647039235622     
 e0 =   -5.62657193005346     
Step    82 of   500--------------------------------
 number of walkers =          187
 et =   -5.62603108805533     
 e0 =   -5.62614251392800     
Step    83 of   500--------------------------------
 number of walkers =          189
 et =   -5.62581624586375     
 e0 =   -5.62592692202168     
Step    84 of   500--------------------------------
 number of walkers =          189
 et =   -5.62593736124878     
 e0 =   -5.62603210727259     
Step    85 of   500--------------------------------
 number of walkers =          188
 et =   -5.62617512468144     
 e0 =   -5.62627228254001     
Step    86 of   500--------------------------------
 number of walkers =          187
 et =   -5.62613377037382     
 e0 =   -5.62627907532589     
Step    87 of   500--------------------------------
 number of walkers =          187
 et =   -5.62583853718619     
 e0 =   -5.62598452665759     
Step    88 of   500--------------------------------
 number of walkers =          187
 et =   -5.62619771711098     
 e0 =   -5.62633475852321     
Step    89 of   500--------------------------------
 number of walkers =          186
 et =   -5.62617124596814     
 e0 =   -5.62630633454286     
Step    90 of   500--------------------------------
 number of walkers =          185
 et =   -5.62645670358934     
 e0 =   -5.62656713220236     
Step    91 of   500--------------------------------
 number of walkers =          188
 et =   -5.62664241146877     
 e0 =   -5.62673384643959     
Step    92 of   500--------------------------------
 number of walkers =          190
 et =   -5.62636962613317     
 e0 =   -5.62648890925661     
Step    93 of   500--------------------------------
 number of walkers =          189
 et =   -5.62649611091591     
 e0 =   -5.62661084648295     
Step    94 of   500--------------------------------
 number of walkers =          190
 et =   -5.62635761542082     
 e0 =   -5.62646780928120     
Step    95 of   500--------------------------------
 number of walkers =          189
 et =   -5.62639091730734     
 e0 =   -5.62649005500246     
Step    96 of   500--------------------------------
 number of walkers =          190
 et =   -5.62628180913871     
 e0 =   -5.62640133417021     
Step    97 of   500--------------------------------
 number of walkers =          188
 et =   -5.62629784607806     
 e0 =   -5.62643308897441     
Step    98 of   500--------------------------------
 number of walkers =          190
 et =   -5.62633360218349     
 e0 =   -5.62645434453936     
Step    99 of   500--------------------------------
 number of walkers =          188
 et =   -5.62609216026146     
 e0 =   -5.62621461780536     
Step   100 of   500--------------------------------
 number of walkers =          190
 et =   -5.62605954188987     
 e0 =   -5.62617246220060     
Step   101 of   500--------------------------------
 number of walkers =          189
 et =   -5.62589058840681     
 e0 =   -5.62602478087471     
Step   102 of   500--------------------------------
 number of walkers =          190
 et =   -5.62635718340325     
 e0 =   -5.62645635557173     
Step   103 of   500--------------------------------
 number of walkers =          189
 et =   -5.62627702637961     
 e0 =   -5.62637942837954     
Step   104 of   500--------------------------------
 number of walkers =          191
 et =   -5.62666075152966     
 e0 =   -5.62673557702250     
Step   105 of   500--------------------------------
 number of walkers =          191
 et =   -5.62645371991515     
 e0 =   -5.62655809195374     
Step   106 of   500--------------------------------
 number of walkers =          191
 et =   -5.62631454089146     
 e0 =   -5.62641716264797     
Step   107 of   500--------------------------------
 number of walkers =          193
 et =   -5.62629751796782     
 e0 =   -5.62639341679491     
Step   108 of   500--------------------------------
 number of walkers =          194
 et =   -5.62609506617813     
 e0 =   -5.62619420947193     
Step   109 of   500--------------------------------
 number of walkers =          194
 et =   -5.62603046513630     
 e0 =   -5.62612425611244     
Step   110 of   500--------------------------------
 number of walkers =          192
 et =   -5.62628356360288     
 e0 =   -5.62635825067646     
Step   111 of   500--------------------------------
 number of walkers =          192
 et =   -5.62622338594132     
 e0 =   -5.62631981728785     
Step   112 of   500--------------------------------
 number of walkers =          192
 et =   -5.62616373556321     
 e0 =   -5.62626821193676     
Step   113 of   500--------------------------------
 number of walkers =          194
 et =   -5.62605734752993     
 e0 =   -5.62618142870101     
Step   114 of   500--------------------------------
 number of walkers =          192
 et =   -5.62642069685492     
 e0 =   -5.62655656385437     
Step   115 of   500--------------------------------
 number of walkers =          191
 et =   -5.62652909804831     
 e0 =   -5.62664744110573     
Step   116 of   500--------------------------------
 number of walkers =          190
 et =   -5.62634200444179     
 e0 =   -5.62648065124352     
Step   117 of   500--------------------------------
 number of walkers =          189
 et =   -5.62642099749380     
 e0 =   -5.62658646715417     
Step   118 of   500--------------------------------
 number of walkers =          190
 et =   -5.62637517518163     
 e0 =   -5.62652727543591     
Step   119 of   500--------------------------------
 number of walkers =          190
 et =   -5.62599142579982     
 e0 =   -5.62614670439090     
Step   120 of   500--------------------------------
 number of walkers =          189
 et =   -5.62648304624496     
 e0 =   -5.62660193373775     
Step   121 of   500--------------------------------
 number of walkers =          190
 et =   -5.62625993682968     
 e0 =   -5.62637759122588     
Step   122 of   500--------------------------------
 number of walkers =          190
 et =   -5.62622017864914     
 e0 =   -5.62635326958174     
Step   123 of   500--------------------------------
 number of walkers =          189
 et =   -5.62621555705197     
 e0 =   -5.62633303413864     
Step   124 of   500--------------------------------
 number of walkers =          189
 et =   -5.62641814038875     
 e0 =   -5.62654368717581     
Step   125 of   500--------------------------------
 number of walkers =          189
 et =   -5.62657523582932     
 e0 =   -5.62667865963560     
Step   126 of   500--------------------------------
 number of walkers =          187
 et =   -5.62645871553887     
 e0 =   -5.62658418786699     
Step   127 of   500--------------------------------
 number of walkers =          188
 et =   -5.62653309391367     
 e0 =   -5.62664306303000     
Step   128 of   500--------------------------------
 number of walkers =          187
 et =   -5.62691218194884     
 e0 =   -5.62699454274867     
Step   129 of   500--------------------------------
 number of walkers =          186
 et =   -5.62702550278900     
 e0 =   -5.62709419421748     
Step   130 of   500--------------------------------
 number of walkers =          189
 et =   -5.62673528468227     
 e0 =   -5.62681111484766     
Step   131 of   500--------------------------------
 number of walkers =          190
 et =   -5.62684779716594     
 e0 =   -5.62691186391283     
Step   132 of   500--------------------------------
 number of walkers =          191
 et =   -5.62652486097786     
 e0 =   -5.62662224877704     
Step   133 of   500--------------------------------
 number of walkers =          191
 et =   -5.62676814414962     
 e0 =   -5.62684758932585     
Step   134 of   500--------------------------------
 number of walkers =          190
 et =   -5.62642019041915     
 e0 =   -5.62653299261147     
Step   135 of   500--------------------------------
 number of walkers =          190
 et =   -5.62643640277938     
 e0 =   -5.62656517017955     
Step   136 of   500--------------------------------
 number of walkers =          190
 et =   -5.62631280963555     
 e0 =   -5.62643430583490     
Step   137 of   500--------------------------------
 number of walkers =          190
 et =   -5.62618001921438     
 e0 =   -5.62632094435263     
Step   138 of   500--------------------------------
 number of walkers =          192
 et =   -5.62646673864022     
 e0 =   -5.62658062960305     
Step   139 of   500--------------------------------
 number of walkers =          193
 et =   -5.62646788998016     
 e0 =   -5.62662523705860     
Step   140 of   500--------------------------------
 number of walkers =          192
 et =   -5.62682713668539     
 e0 =   -5.62697675285026     
Step   141 of   500--------------------------------
 number of walkers =          190
 et =   -5.62635749957132     
 e0 =   -5.62653933658973     
Step   142 of   500--------------------------------
 number of walkers =          189
 et =   -5.62642500639706     
 e0 =   -5.62661017984525     
Step   143 of   500--------------------------------
 number of walkers =          188
 et =   -5.62681193340067     
 e0 =   -5.62696034698286     
Step   144 of   500--------------------------------
 number of walkers =          189
 et =   -5.62684668726043     
 e0 =   -5.62697739545370     
Step   145 of   500--------------------------------
 number of walkers =          188
 et =   -5.62676429882757     
 e0 =   -5.62689590622745     
Step   146 of   500--------------------------------
 number of walkers =          188
 et =   -5.62650831520930     
 e0 =   -5.62663882475331     
Step   147 of   500--------------------------------
 number of walkers =          188
 et =   -5.62636938329897     
 e0 =   -5.62651841653656     
Step   148 of   500--------------------------------
 number of walkers =          189
 et =   -5.62648105395625     
 e0 =   -5.62661064718088     
Step   149 of   500--------------------------------
 number of walkers =          189
 et =   -5.62628758560835     
 e0 =   -5.62642723905356     
Step   150 of   500--------------------------------
 number of walkers =          191
 et =   -5.62641435650580     
 e0 =   -5.62653396514961     
Step   151 of   500--------------------------------
 number of walkers =          191
 et =   -5.62615595423831     
 e0 =   -5.62627450638503     
Step   152 of   500--------------------------------
 number of walkers =          190
 et =   -5.62617254533731     
 e0 =   -5.62630286145804     
Step   153 of   500--------------------------------
 number of walkers =          192
 et =   -5.62642595148830     
 e0 =   -5.62653224086100     
Step   154 of   500--------------------------------
 number of walkers =          192
 et =   -5.62589891472463     
 e0 =   -5.62601935214465     
Step   155 of   500--------------------------------
 number of walkers =          191
 et =   -5.62608215009087     
 e0 =   -5.62618177301693     
Step   156 of   500--------------------------------
 number of walkers =          192
 et =   -5.62616217166449     
 e0 =   -5.62624641947851     
Step   157 of   500--------------------------------
 number of walkers =          192
 et =   -5.62625496660723     
 e0 =   -5.62636915290322     
Step   158 of   500--------------------------------
 number of walkers =          191
 et =   -5.62641173707790     
 e0 =   -5.62653292787308     
Step   159 of   500--------------------------------
 number of walkers =          191
 et =   -5.62604191418102     
 e0 =   -5.62619955882175     
Step   160 of   500--------------------------------
 number of walkers =          190
 et =   -5.62565852791034     
 e0 =   -5.62581422809038     
Step   161 of   500--------------------------------
 number of walkers =          193
 et =   -5.62575957110062     
 e0 =   -5.62589405419933     
Step   162 of   500--------------------------------
 number of walkers =          193
 et =   -5.62639654756525     
 e0 =   -5.62651028346693     
Step   163 of   500--------------------------------
 number of walkers =          192
 et =   -5.62687076642425     
 e0 =   -5.62696716590839     
Step   164 of   500--------------------------------
 number of walkers =          195
 et =   -5.62690084763564     
 e0 =   -5.62698649396150     
Step   165 of   500--------------------------------
 number of walkers =          194
 et =   -5.62656588795299     
 e0 =   -5.62668389494561     
Step   166 of   500--------------------------------
 number of walkers =          192
 et =   -5.62647914424246     
 e0 =   -5.62662315318085     
Step   167 of   500--------------------------------
 number of walkers =          191
 et =   -5.62620268423817     
 e0 =   -5.62637298119071     
Step   168 of   500--------------------------------
 number of walkers =          190
 et =   -5.62593452700330     
 e0 =   -5.62611657178924     
Step   169 of   500--------------------------------
 number of walkers =          192
 et =   -5.62603511064014     
 e0 =   -5.62619707913140     
Step   170 of   500--------------------------------
 number of walkers =          190
 et =   -5.62625843520172     
 e0 =   -5.62641612692387     
Step   171 of   500--------------------------------
 number of walkers =          188
 et =   -5.62638510440018     
 e0 =   -5.62655947565089     
Step   172 of   500--------------------------------
 number of walkers =          189
 et =   -5.62576065418668     
 e0 =   -5.62597187458646     
Step   173 of   500--------------------------------
 number of walkers =          190
 et =   -5.62615638346369     
 e0 =   -5.62634307596481     
Step   174 of   500--------------------------------
 number of walkers =          189
 et =   -5.62594582515616     
 e0 =   -5.62614883955918     
Step   175 of   500--------------------------------
 number of walkers =          190
 et =   -5.62663183484839     
 e0 =   -5.62678511913794     
Step   176 of   500--------------------------------
 number of walkers =          188
 et =   -5.62706607894445     
 e0 =   -5.62718081555336     
Step   177 of   500--------------------------------
 number of walkers =          187
 et =   -5.62693324812948     
 e0 =   -5.62704420438746     
Step   178 of   500--------------------------------
 number of walkers =          186
 et =   -5.62707824846287     
 e0 =   -5.62718227271504     
Step   179 of   500--------------------------------
 number of walkers =          186
 et =   -5.62673659573228     
 e0 =   -5.62684729752949     
Step   180 of   500--------------------------------
 number of walkers =          186
 et =   -5.62682924964675     
 e0 =   -5.62692485824289     
Step   181 of   500--------------------------------
 number of walkers =          187
 et =   -5.62697056559537     
 e0 =   -5.62707398186346     
Step   182 of   500--------------------------------
 number of walkers =          188
 et =   -5.62663918700362     
 e0 =   -5.62678556926820     
Step   183 of   500--------------------------------
 number of walkers =          188
 et =   -5.62684743331439     
 e0 =   -5.62697005504934     
Step   184 of   500--------------------------------
 number of walkers =          189
 et =   -5.62678320767007     
 e0 =   -5.62692153437633     
Step   185 of   500--------------------------------
 number of walkers =          188
 et =   -5.62690376609290     
 e0 =   -5.62702626636530     
Step   186 of   500--------------------------------
 number of walkers =          189
 et =   -5.62658909660861     
 e0 =   -5.62671354026472     
Step   187 of   500--------------------------------
 number of walkers =          188
 et =   -5.62631589056108     
 e0 =   -5.62646600881210     
Step   188 of   500--------------------------------
 number of walkers =          187
 et =   -5.62625248523528     
 e0 =   -5.62639878516180     
Step   189 of   500--------------------------------
 number of walkers =          189
 et =   -5.62625128008727     
 e0 =   -5.62638389764484     
Step   190 of   500--------------------------------
 number of walkers =          186
 et =   -5.62603666825880     
 e0 =   -5.62616461264256     
Step   191 of   500--------------------------------
 number of walkers =          186
 et =   -5.62617775586857     
 e0 =   -5.62631112905116     
Step   192 of   500--------------------------------
 number of walkers =          188
 et =   -5.62624101005248     
 e0 =   -5.62635931109816     
Step   193 of   500--------------------------------
 number of walkers =          192
 et =   -5.62646864482165     
 e0 =   -5.62656382470090     
Step   194 of   500--------------------------------
 number of walkers =          194
 et =   -5.62631541863464     
 e0 =   -5.62640798956266     
Step   195 of   500--------------------------------
 number of walkers =          192
 et =   -5.62683327924141     
 e0 =   -5.62689491246962     
Step   196 of   500--------------------------------
 number of walkers =          190
 et =   -5.62652866988755     
 e0 =   -5.62659969723902     
Step   197 of   500--------------------------------
 number of walkers =          189
 et =   -5.62656940551134     
 e0 =   -5.62663283658568     
Step   198 of   500--------------------------------
 number of walkers =          190
 et =   -5.62633790566899     
 e0 =   -5.62640618027396     
Step   199 of   500--------------------------------
 number of walkers =          190
 et =   -5.62623379702204     
 e0 =   -5.62630205833470     
Step   200 of   500--------------------------------
 number of walkers =          190
 et =   -5.62648771409008     
 e0 =   -5.62653581046296     
Step   201 of   500--------------------------------
 number of walkers =          190
 et =   -5.62619963723722     
 e0 =   -5.62625728893651     
Step   202 of   500--------------------------------
 number of walkers =          190
 et =   -5.62657324193907     
 e0 =   -5.62660612693000     
Step   203 of   500--------------------------------
 number of walkers =          190
 et =   -5.62647594523210     
 e0 =   -5.62653483368691     
Step   204 of   500--------------------------------
 number of walkers =          190
 et =   -5.62660864530287     
 e0 =   -5.62666532145330     
Step   205 of   500--------------------------------
 number of walkers =          191
 et =   -5.62666580887009     
 e0 =   -5.62673691669837     
Step   206 of   500--------------------------------
 number of walkers =          191
 et =   -5.62658006068099     
 e0 =   -5.62669631077243     
Step   207 of   500--------------------------------
 number of walkers =          190
 et =   -5.62649687099841     
 e0 =   -5.62662970540126     
Step   208 of   500--------------------------------
 number of walkers =          191
 et =   -5.62615553777156     
 e0 =   -5.62629324626201     
Step   209 of   500--------------------------------
 number of walkers =          190
 et =   -5.62642207755682     
 e0 =   -5.62653696876874     
Step   210 of   500--------------------------------
 number of walkers =          190
 et =   -5.62609114157057     
 e0 =   -5.62621457693501     
Step   211 of   500--------------------------------
 number of walkers =          189
 et =   -5.62596387409430     
 e0 =   -5.62608649148139     
Step   212 of   500--------------------------------
 number of walkers =          189
 et =   -5.62590751624193     
 e0 =   -5.62601628881137     
Step   213 of   500--------------------------------
 number of walkers =          190
 et =   -5.62619240906960     
 e0 =   -5.62627732182821     
Step   214 of   500--------------------------------
 number of walkers =          190
 et =   -5.62605396741284     
 e0 =   -5.62613749745617     
Step   215 of   500--------------------------------
 number of walkers =          189
 et =   -5.62578289612579     
 e0 =   -5.62592352529420     
Step   216 of   500--------------------------------
 number of walkers =          188
 et =   -5.62584597872504     
 e0 =   -5.62599414973671     
Step   217 of   500--------------------------------
 number of walkers =          188
 et =   -5.62583509442127     
 e0 =   -5.62597012117154     
Step   218 of   500--------------------------------
 number of walkers =          186
 et =   -5.62567490372084     
 e0 =   -5.62583498335646     
Step   219 of   500--------------------------------
 number of walkers =          187
 et =   -5.62579815696275     
 e0 =   -5.62593701422873     
Step   220 of   500--------------------------------
 number of walkers =          186
 et =   -5.62593307738221     
 e0 =   -5.62607607049106     
Step   221 of   500--------------------------------
 number of walkers =          184
 et =   -5.62579794351508     
 e0 =   -5.62593863113189     
Step   222 of   500--------------------------------
 number of walkers =          183
 et =   -5.62576326570241     
 e0 =   -5.62591517955656     
Step   223 of   500--------------------------------
 number of walkers =          184
 et =   -5.62598653044739     
 e0 =   -5.62612144379033     
Step   224 of   500--------------------------------
 number of walkers =          184
 et =   -5.62617203906942     
 e0 =   -5.62628542528650     
Step   225 of   500--------------------------------
 number of walkers =          186
 et =   -5.62642886773315     
 e0 =   -5.62651925243430     
Step   226 of   500--------------------------------
 number of walkers =          185
 et =   -5.62604724838265     
 e0 =   -5.62614816264475     
Step   227 of   500--------------------------------
 number of walkers =          185
 et =   -5.62592134317662     
 e0 =   -5.62604342954694     
Step   228 of   500--------------------------------
 number of walkers =          184
 et =   -5.62593888934166     
 e0 =   -5.62607089687317     
Step   229 of   500--------------------------------
 number of walkers =          183
 et =   -5.62657528919519     
 e0 =   -5.62666208035578     
Step   230 of   500--------------------------------
 number of walkers =          182
 et =   -5.62663224088491     
 e0 =   -5.62670786103404     
Step   231 of   500--------------------------------
 number of walkers =          180
 et =   -5.62639863164910     
 e0 =   -5.62650041873207     
Step   232 of   500--------------------------------
 number of walkers =          178
 et =   -5.62647693444776     
 e0 =   -5.62658326864185     
Step   233 of   500--------------------------------
 number of walkers =          178
 et =   -5.62627497551142     
 e0 =   -5.62640509692959     
Step   234 of   500--------------------------------
 number of walkers =          179
 et =   -5.62622650546964     
 e0 =   -5.62639701411045     
Step   235 of   500--------------------------------
 number of walkers =          179
 et =   -5.62607705087151     
 e0 =   -5.62626221305870     
Step   236 of   500--------------------------------
 number of walkers =          179
 et =   -5.62595946900080     
 e0 =   -5.62616303326835     
Step   237 of   500--------------------------------
 number of walkers =          181
 et =   -5.62590262939316     
 e0 =   -5.62608935718481     
Step   238 of   500--------------------------------
 number of walkers =          182
 et =   -5.62577321536203     
 e0 =   -5.62594870711659     
Step   239 of   500--------------------------------
 number of walkers =          182
 et =   -5.62585970983636     
 e0 =   -5.62604008820028     
Step   240 of   500--------------------------------
 number of walkers =          184
 et =   -5.62588502226093     
 e0 =   -5.62604650037980     
Step   241 of   500--------------------------------
 number of walkers =          183
 et =   -5.62567510357681     
 e0 =   -5.62586496721951     
Step   242 of   500--------------------------------
 number of walkers =          184
 et =   -5.62591767522621     
 e0 =   -5.62607742074459     
Step   243 of   500--------------------------------
 number of walkers =          184
 et =   -5.62591545335372     
 e0 =   -5.62608530642512     
Step   244 of   500--------------------------------
 number of walkers =          184
 et =   -5.62592266744016     
 e0 =   -5.62610441925325     
Step   245 of   500--------------------------------
 number of walkers =          187
 et =   -5.62621363196859     
 e0 =   -5.62638865832065     
Step   246 of   500--------------------------------
 number of walkers =          185
 et =   -5.62645570344788     
 e0 =   -5.62660960726997     
Step   247 of   500--------------------------------
 number of walkers =          186
 et =   -5.62669106225029     
 e0 =   -5.62684334631644     
Step   248 of   500--------------------------------
 number of walkers =          185
 et =   -5.62659417527535     
 e0 =   -5.62673618628858     
Step   249 of   500--------------------------------
 number of walkers =          185
 et =   -5.62639581335890     
 e0 =   -5.62653347079144     
Step   250 of   500--------------------------------
 number of walkers =          185
 et =   -5.62641322472768     
 e0 =   -5.62655520014636     
Step   251 of   500--------------------------------
 number of walkers =          184
 et =   -5.62652080287043     
 e0 =   -5.62664460499422     
Step   252 of   500--------------------------------
 number of walkers =          185
 et =   -5.62648985077443     
 e0 =   -5.62660321177835     
Step   253 of   500--------------------------------
 number of walkers =          186
 et =   -5.62650604591386     
 e0 =   -5.62663299363281     
Step   254 of   500--------------------------------
 number of walkers =          186
 et =   -5.62629041567408     
 e0 =   -5.62642725886283     
Step   255 of   500--------------------------------
 number of walkers =          187
 et =   -5.62613881968790     
 e0 =   -5.62627002471107     
Step   256 of   500--------------------------------
 number of walkers =          185
 et =   -5.62638832607570     
 e0 =   -5.62649573539222     
Step   257 of   500--------------------------------
 number of walkers =          184
 et =   -5.62660265821257     
 e0 =   -5.62668990672347     
Step   258 of   500--------------------------------
 number of walkers =          185
 et =   -5.62638100876045     
 e0 =   -5.62647072210655     
Step   259 of   500--------------------------------
 number of walkers =          185
 et =   -5.62717801199405     
 e0 =   -5.62724530692109     
Step   260 of   500--------------------------------
 number of walkers =          185
 et =   -5.62731186246816     
 e0 =   -5.62736627840971     
Step   261 of   500--------------------------------
 number of walkers =          185
 et =   -5.62731718020607     
 e0 =   -5.62738115031171     
Step   262 of   500--------------------------------
 number of walkers =          186
 et =   -5.62731588700455     
 e0 =   -5.62739829527118     
Step   263 of   500--------------------------------
 number of walkers =          186
 et =   -5.62704843450062     
 e0 =   -5.62713717610201     
Step   264 of   500--------------------------------
 number of walkers =          183
 et =   -5.62709740609183     
 e0 =   -5.62720879374399     
Step   265 of   500--------------------------------
 number of walkers =          183
 et =   -5.62717850787843     
 e0 =   -5.62729941963743     
Step   266 of   500--------------------------------
 number of walkers =          184
 et =   -5.62700679998247     
 e0 =   -5.62712429742767     
Step   267 of   500--------------------------------
 number of walkers =          185
 et =   -5.62686458375907     
 e0 =   -5.62697764465201     
Step   268 of   500--------------------------------
 number of walkers =          184
 et =   -5.62698542489158     
 e0 =   -5.62708106124276     
Step   269 of   500--------------------------------
 number of walkers =          185
 et =   -5.62676476681123     
 e0 =   -5.62686222633500     
Step   270 of   500--------------------------------
 number of walkers =          186
 et =   -5.62647683362908     
 e0 =   -5.62657783793511     
Step   271 of   500--------------------------------
 number of walkers =          186
 et =   -5.62641970878596     
 e0 =   -5.62652354148558     
Step   272 of   500--------------------------------
 number of walkers =          184
 et =   -5.62668503181323     
 e0 =   -5.62678876297941     
Step   273 of   500--------------------------------
 number of walkers =          184
 et =   -5.62683932981867     
 e0 =   -5.62693377085880     
Step   274 of   500--------------------------------
 number of walkers =          182
 et =   -5.62666792341508     
 e0 =   -5.62678412199497     
Step   275 of   500--------------------------------
 number of walkers =          181
 et =   -5.62634127276876     
 e0 =   -5.62646233319547     
Step   276 of   500--------------------------------
 number of walkers =          180
 et =   -5.62634185829566     
 e0 =   -5.62646393588169     
Step   277 of   500--------------------------------
 number of walkers =          180
 et =   -5.62680053058793     
 e0 =   -5.62688921433110     
Step   278 of   500--------------------------------
 number of walkers =          180
 et =   -5.62660872529859     
 e0 =   -5.62669701643641     
Step   279 of   500--------------------------------
 number of walkers =          178
 et =   -5.62661651159160     
 e0 =   -5.62672222087758     
Step   280 of   500--------------------------------
 number of walkers =          179
 et =   -5.62647370265252     
 e0 =   -5.62663134791434     
Step   281 of   500--------------------------------
 number of walkers =          180
 et =   -5.62674221509818     
 e0 =   -5.62687152532831     
Step   282 of   500--------------------------------
 number of walkers =          183
 et =   -5.62643849809314     
 e0 =   -5.62656958089679     
Step   283 of   500--------------------------------
 number of walkers =          185
 et =   -5.62628993927647     
 e0 =   -5.62641750600876     
Step   284 of   500--------------------------------
 number of walkers =          186
 et =   -5.62674857861458     
 e0 =   -5.62684084501460     
Step   285 of   500--------------------------------
 number of walkers =          186
 et =   -5.62646509235642     
 e0 =   -5.62656099984806     
Step   286 of   500--------------------------------
 number of walkers =          185
 et =   -5.62629423876857     
 e0 =   -5.62641131298541     
Step   287 of   500--------------------------------
 number of walkers =          185
 et =   -5.62626922370995     
 e0 =   -5.62639968492305     
Step   288 of   500--------------------------------
 number of walkers =          184
 et =   -5.62671915426000     
 e0 =   -5.62683948803473     
Step   289 of   500--------------------------------
 number of walkers =          184
 et =   -5.62687080347174     
 e0 =   -5.62697140798358     
Step   290 of   500--------------------------------
 number of walkers =          184
 et =   -5.62676671615730     
 e0 =   -5.62686227681521     
Step   291 of   500--------------------------------
 number of walkers =          183
 et =   -5.62660847652824     
 e0 =   -5.62670282525606     
Step   292 of   500--------------------------------
 number of walkers =          185
 et =   -5.62681197722804     
 e0 =   -5.62688789063058     
Step   293 of   500--------------------------------
 number of walkers =          186
 et =   -5.62667048193178     
 e0 =   -5.62674625031130     
Step   294 of   500--------------------------------
 number of walkers =          187
 et =   -5.62668896335240     
 e0 =   -5.62678069478616     
Step   295 of   500--------------------------------
 number of walkers =          186
 et =   -5.62664108556053     
 e0 =   -5.62675236345675     
Step   296 of   500--------------------------------
 number of walkers =          185
 et =   -5.62666466687890     
 e0 =   -5.62678526835192     
Step   297 of   500--------------------------------
 number of walkers =          186
 et =   -5.62669844185364     
 e0 =   -5.62680859379340     
Step   298 of   500--------------------------------
 number of walkers =          186
 et =   -5.62690436099745     
 e0 =   -5.62699157520673     
Step   299 of   500--------------------------------
 number of walkers =          186
 et =   -5.62685464793834     
 e0 =   -5.62693593380625     
Step   300 of   500--------------------------------
 number of walkers =          186
 et =   -5.62652316593580     
 e0 =   -5.62663757507197     
Step   301 of   500--------------------------------
 number of walkers =          187
 et =   -5.62641884055356     
 e0 =   -5.62652640806397     
Step   302 of   500--------------------------------
 number of walkers =          188
 et =   -5.62662196081139     
 e0 =   -5.62671144680334     
Step   303 of   500--------------------------------
 number of walkers =          187
 et =   -5.62672850959980     
 e0 =   -5.62682342560023     
Step   304 of   500--------------------------------
 number of walkers =          186
 et =   -5.62666787232359     
 e0 =   -5.62677036422513     
Step   305 of   500--------------------------------
 number of walkers =          187
 et =   -5.62634295706544     
 e0 =   -5.62647693778985     
Step   306 of   500--------------------------------
 number of walkers =          186
 et =   -5.62636912855559     
 e0 =   -5.62651087947207     
Step   307 of   500--------------------------------
 number of walkers =          187
 et =   -5.62648486828304     
 e0 =   -5.62660754827208     
Step   308 of   500--------------------------------
 number of walkers =          187
 et =   -5.62627121082029     
 e0 =   -5.62639300734342     
Step   309 of   500--------------------------------
 number of walkers =          188
 et =   -5.62632312046332     
 e0 =   -5.62643267987793     
Step   310 of   500--------------------------------
 number of walkers =          188
 et =   -5.62602054226215     
 e0 =   -5.62615819605676     
Step   311 of   500--------------------------------
 number of walkers =          186
 et =   -5.62610272263733     
 e0 =   -5.62623766913715     
Step   312 of   500--------------------------------
 number of walkers =          183
 et =   -5.62611443096968     
 e0 =   -5.62625841267764     
Step   313 of   500--------------------------------
 number of walkers =          186
 et =   -5.62667609065997     
 e0 =   -5.62677918888738     
Step   314 of   500--------------------------------
 number of walkers =          187
 et =   -5.62644351101545     
 e0 =   -5.62657101771621     
Step   315 of   500--------------------------------
 number of walkers =          188
 et =   -5.62653878793976     
 e0 =   -5.62664969756196     
Step   316 of   500--------------------------------
 number of walkers =          188
 et =   -5.62681761614593     
 e0 =   -5.62690462200866     
Step   317 of   500--------------------------------
 number of walkers =          188
 et =   -5.62674829632932     
 e0 =   -5.62682972026555     
Step   318 of   500--------------------------------
 number of walkers =          188
 et =   -5.62649216807430     
 e0 =   -5.62660194902204     
Step   319 of   500--------------------------------
 number of walkers =          188
 et =   -5.62636147837107     
 e0 =   -5.62648412346818     
Step   320 of   500--------------------------------
 number of walkers =          186
 et =   -5.62658039922906     
 e0 =   -5.62670607092078     
Step   321 of   500--------------------------------
 number of walkers =          185
 et =   -5.62648467306908     
 e0 =   -5.62660151010803     
Step   322 of   500--------------------------------
 number of walkers =          185
 et =   -5.62641953259739     
 e0 =   -5.62652891166596     
srun: Job step aborted: Waiting up to 32 seconds for job step to finish.
slurmstepd: error: *** STEP 45060682.0 ON psi61 CANCELLED AT 2021-05-23T11:19:43 ***
slurmstepd: error: *** JOB 45060682 ON psi61 CANCELLED AT 2021-05-23T11:19:43 ***
forrtl: error (78): process killed (SIGTERM)
Image              PC                Routine            Line        Source             
a.out              000000000043A2E4  Unknown               Unknown  Unknown
libpthread-2.17.s  00002B0BD1F065F0  Unknown               Unknown  Unknown
libc-2.17.so       00002B0BD23DC41A  waitpid               Unknown  Unknown
libc-2.17.so       00002B0BD2359F12  Unknown               Unknown  Unknown
a.out              0000000000431E81  Unknown               Unknown  Unknown
a.out              0000000000405050  mod_dftbp_mp_run_         114  mod_dftbp.f90
a.out              0000000000403DE4  mod_dftbp_mp_dftb          42  mod_dftbp.f90
a.out              000000000041FA86  energyandforces_           76  wrapper_energyandforces.f90
a.out              000000000042708A  dftbp_walker_mp_p          56  dftbp_walker.f90
a.out              0000000000429C28  MAIN__                     86  dftbp_dmc.f90
a.out              0000000000403892  Unknown               Unknown  Unknown
libc-2.17.so       00002B0BD2339505  __libc_start_main     Unknown  Unknown
a.out              00000000004037A9  Unknown               Unknown  Unknown
