SLURM_NTASKS: 1
SLURM_NTASKS_PER_NODE: 1
SLURM_CPUS_PER_TASK: 1
 delta_t =    10.0000000000000     
 hessian: 
 
  0.5519    , -0.2650E-08, -0.1668E-03, -0.8312E-01, -0.1080E-07, -0.4415E-03, -0.2656    ,  0.2876E-06,  0.7791E-01, -0.1035    , -0.9423E-01, -0.3859E-01, -0.1035    ,  0.9423E-01, -0.3859E-01,  0.2545E-02,  0.6096E-05,  0.3281E-01,  0.5821E-03,  0.1041E-02, -0.1646E-01,  0.5871E-03, -0.1035E-02, -0.1646E-01
 -0.2650E-08,  0.5519    , -0.7829E-05, -0.4950E-08, -0.8311E-01, -0.1604E-04, -0.5550E-08, -0.4893E-01,  0.6744E-06, -0.9424E-01, -0.2118    , -0.6669E-01,  0.9424E-01, -0.2118    ,  0.6669E-01, -0.4296E-06,  0.3560E-04,  0.2558E-05,  0.9570E-03,  0.1847E-02, -0.2844E-01, -0.9535E-03,  0.1842E-02,  0.2845E-01
 -0.1668E-03, -0.7829E-05,  0.4881    , -0.4420E-03, -0.1604E-04, -0.2244    ,  0.7782E-01,  0.1524E-05, -0.7597E-01, -0.3854E-01, -0.6661E-01, -0.7527E-01, -0.3855E-01,  0.6662E-01, -0.7527E-01,  0.1619E-02,  0.8007E-06, -0.1253E-01, -0.8688E-03, -0.1438E-02, -0.1236E-01, -0.8760E-03,  0.1453E-02, -0.1236E-01
 -0.8312E-01, -0.4950E-08, -0.4420E-03,  0.5519    , -0.7400E-08, -0.1736E-03,  0.2559E-02,  0.6095E-05,  0.3280E-01,  0.5879E-03,  0.1048E-02, -0.1646E-01,  0.5929E-03, -0.1042E-02, -0.1646E-01, -0.2656    ,  0.2914E-06,  0.7791E-01, -0.1035    , -0.9423E-01, -0.3859E-01, -0.1034    ,  0.9423E-01, -0.3859E-01
 -0.1080E-07, -0.8311E-01, -0.1604E-04, -0.7400E-08,  0.5519    , -0.7829E-05,  0.1180E-07,  0.3560E-04,  0.2557E-05,  0.9570E-03,  0.1847E-02, -0.2844E-01, -0.9535E-03,  0.1842E-02,  0.2845E-01, -0.7550E-07, -0.4893E-01,  0.6697E-06, -0.9424E-01, -0.2118    , -0.6669E-01,  0.9424E-01, -0.2118    ,  0.6669E-01
 -0.4415E-03, -0.1604E-04, -0.2244    , -0.1736E-03, -0.7829E-05,  0.4881    ,  0.1615E-02,  0.8008E-06, -0.1253E-01, -0.8688E-03, -0.1438E-02, -0.1236E-01, -0.8760E-03,  0.1453E-02, -0.1236E-01,  0.7783E-01,  0.1524E-05, -0.7597E-01, -0.3854E-01, -0.6661E-01, -0.7527E-01, -0.3855E-01,  0.6662E-01, -0.7527E-01
 -0.2656    , -0.5550E-08,  0.7782E-01,  0.2559E-02,  0.1180E-07,  0.1615E-02,  0.2788    , -0.1072E-05, -0.8875E-01, -0.9236E-02,  0.3717E-02,  0.5128E-02, -0.9237E-02, -0.3717E-02,  0.5127E-02,  0.1659E-02, -0.2596E-05, -0.7851E-03,  0.5144E-03,  0.1021E-04, -0.8592E-04,  0.5108E-03, -0.1375E-04, -0.8365E-04
  0.2876E-06, -0.4893E-01,  0.1524E-05,  0.6095E-05,  0.3560E-04,  0.8008E-06, -0.1072E-05,  0.4341E-01,  0.3689E-06, -0.2305E-01,  0.1958E-02,  0.9206E-02,  0.2305E-01,  0.1958E-02, -0.9207E-02, -0.2551E-05,  0.1026E-02,  0.7334E-06,  0.4135E-03,  0.2676E-03,  0.2460E-03, -0.4170E-03,  0.2713E-03, -0.2483E-03
  0.7791E-01,  0.6744E-06, -0.7597E-01,  0.3280E-01,  0.2557E-05, -0.1253E-01, -0.8875E-01,  0.3689E-06,  0.8489E-01, -0.1042E-01,  0.1484E-03,  0.2938E-02, -0.1041E-01, -0.1491E-03,  0.2939E-02, -0.7892E-03,  0.7337E-06, -0.5871E-02, -0.1678E-03,  0.2010E-03,  0.1812E-02, -0.1653E-03, -0.2019E-03,  0.1813E-02
 -0.1035    , -0.9424E-01, -0.3854E-01,  0.5879E-03,  0.9570E-03, -0.8688E-03, -0.9236E-02, -0.2305E-01, -0.1042E-01,  0.1027    ,  0.1024    ,  0.4403E-01,  0.7579E-02,  0.1343E-01,  0.5349E-02,  0.5149E-03,  0.4135E-03, -0.1678E-03,  0.1188E-02,  0.2800E-03,  0.3613E-03,  0.1467E-03, -0.2021E-03,  0.2647E-03
 -0.9423E-01, -0.2118    , -0.6661E-01,  0.1048E-02,  0.1847E-02, -0.1438E-02,  0.3717E-02,  0.1958E-02,  0.1484E-03,  0.1024    ,  0.2204    ,  0.7603E-01, -0.1343E-01, -0.1482E-01, -0.8932E-02,  0.9203E-05,  0.2676E-03,  0.2010E-03,  0.2800E-03,  0.1506E-02,  0.6637E-03,  0.2005E-03,  0.6340E-03, -0.4788E-04
 -0.3859E-01, -0.6669E-01, -0.7527E-01, -0.1646E-01, -0.2844E-01, -0.1236E-01,  0.5128E-02,  0.9206E-02,  0.2938E-02,  0.4403E-01,  0.7603E-01,  0.8406E-01,  0.5348E-02,  0.8933E-02,  0.2890E-02, -0.8685E-04,  0.2460E-03,  0.1812E-02,  0.3614E-03,  0.6637E-03, -0.5873E-02,  0.2652E-03,  0.4497E-04,  0.1812E-02
 -0.1035    ,  0.9424E-01, -0.3855E-01,  0.5929E-03, -0.9535E-03, -0.8760E-03, -0.9237E-02,  0.2305E-01, -0.1041E-01,  0.7579E-02, -0.1343E-01,  0.5348E-02,  0.1027    , -0.1024    ,  0.4403E-01,  0.5111E-03, -0.4170E-03, -0.1653E-03,  0.1467E-03,  0.2005E-03,  0.2652E-03,  0.1188E-02, -0.2832E-03,  0.3643E-03
  0.9423E-01, -0.2118    ,  0.6662E-01, -0.1042E-02,  0.1842E-02,  0.1453E-02, -0.3717E-02,  0.1958E-02, -0.1491E-03,  0.1343E-01, -0.1482E-01,  0.8933E-02, -0.1024    ,  0.2204    , -0.7603E-01, -0.1238E-04,  0.2713E-03, -0.2019E-03, -0.2021E-03,  0.6340E-03,  0.4497E-04, -0.2832E-03,  0.1512E-02, -0.6690E-03
 -0.3859E-01,  0.6669E-01, -0.7527E-01, -0.1646E-01,  0.2845E-01, -0.1236E-01,  0.5127E-02, -0.9207E-02,  0.2939E-02,  0.5349E-02, -0.8932E-02,  0.2890E-02,  0.4403E-01, -0.7603E-01,  0.8406E-01, -0.8472E-04, -0.2483E-03,  0.1813E-02,  0.2647E-03, -0.4788E-04,  0.1812E-02,  0.3643E-03, -0.6690E-03, -0.5869E-02
  0.2545E-02, -0.4296E-06,  0.1619E-02, -0.2656    , -0.7550E-07,  0.7783E-01,  0.1659E-02, -0.2551E-05, -0.7892E-03,  0.5149E-03,  0.9203E-05, -0.8685E-04,  0.5111E-03, -0.1238E-04, -0.8472E-04,  0.2788    , -0.1064E-05, -0.8875E-01, -0.9235E-02,  0.3717E-02,  0.5127E-02, -0.9237E-02, -0.3717E-02,  0.5126E-02
  0.6096E-05,  0.3560E-04,  0.8007E-06,  0.2914E-06, -0.4893E-01,  0.1524E-05, -0.2596E-05,  0.1026E-02,  0.7337E-06,  0.4135E-03,  0.2676E-03,  0.2460E-03, -0.4170E-03,  0.2713E-03, -0.2483E-03, -0.1064E-05,  0.4341E-01,  0.3716E-06, -0.2305E-01,  0.1958E-02,  0.9207E-02,  0.2305E-01,  0.1958E-02, -0.9207E-02
  0.3281E-01,  0.2558E-05, -0.1253E-01,  0.7791E-01,  0.6697E-06, -0.7597E-01, -0.7851E-03,  0.7334E-06, -0.5871E-02, -0.1678E-03,  0.2010E-03,  0.1812E-02, -0.1653E-03, -0.2019E-03,  0.1813E-02, -0.8875E-01,  0.3716E-06,  0.8489E-01, -0.1042E-01,  0.1484E-03,  0.2938E-02, -0.1041E-01, -0.1491E-03,  0.2939E-02
  0.5821E-03,  0.9570E-03, -0.8688E-03, -0.1035    , -0.9424E-01, -0.3854E-01,  0.5144E-03,  0.4135E-03, -0.1678E-03,  0.1188E-02,  0.2800E-03,  0.3614E-03,  0.1467E-03, -0.2021E-03,  0.2647E-03, -0.9235E-02, -0.2305E-01, -0.1042E-01,  0.1027    ,  0.1024    ,  0.4403E-01,  0.7579E-02,  0.1343E-01,  0.5349E-02
  0.1041E-02,  0.1847E-02, -0.1438E-02, -0.9423E-01, -0.2118    , -0.6661E-01,  0.1021E-04,  0.2676E-03,  0.2010E-03,  0.2800E-03,  0.1506E-02,  0.6637E-03,  0.2005E-03,  0.6340E-03, -0.4788E-04,  0.3717E-02,  0.1958E-02,  0.1484E-03,  0.1024    ,  0.2204    ,  0.7603E-01, -0.1343E-01, -0.1482E-01, -0.8932E-02
 -0.1646E-01, -0.2844E-01, -0.1236E-01, -0.3859E-01, -0.6669E-01, -0.7527E-01, -0.8592E-04,  0.2460E-03,  0.1812E-02,  0.3613E-03,  0.6637E-03, -0.5873E-02,  0.2652E-03,  0.4497E-04,  0.1812E-02,  0.5127E-02,  0.9207E-02,  0.2938E-02,  0.4403E-01,  0.7603E-01,  0.8406E-01,  0.5348E-02,  0.8933E-02,  0.2890E-02
  0.5871E-03, -0.9535E-03, -0.8760E-03, -0.1034    ,  0.9424E-01, -0.3855E-01,  0.5108E-03, -0.4170E-03, -0.1653E-03,  0.1467E-03,  0.2005E-03,  0.2652E-03,  0.1188E-02, -0.2832E-03,  0.3643E-03, -0.9237E-02,  0.2305E-01, -0.1041E-01,  0.7579E-02, -0.1343E-01,  0.5348E-02,  0.1027    , -0.1024    ,  0.4403E-01
 -0.1035E-02,  0.1842E-02,  0.1453E-02,  0.9423E-01, -0.2118    ,  0.6662E-01, -0.1375E-04,  0.2713E-03, -0.2019E-03, -0.2021E-03,  0.6340E-03,  0.4497E-04, -0.2832E-03,  0.1512E-02, -0.6690E-03, -0.3717E-02,  0.1958E-02, -0.1491E-03,  0.1343E-01, -0.1482E-01,  0.8933E-02, -0.1024    ,  0.2204    , -0.7603E-01
 -0.1646E-01,  0.2845E-01, -0.1236E-01, -0.3859E-01,  0.6669E-01, -0.7527E-01, -0.8365E-04, -0.2483E-03,  0.1813E-02,  0.2647E-03, -0.4788E-04,  0.1812E-02,  0.3643E-03, -0.6690E-03, -0.5869E-02,  0.5126E-02, -0.9207E-02,  0.2939E-02,  0.5349E-02, -0.8932E-02,  0.2890E-02,  0.4403E-01, -0.7603E-01,  0.8406E-01
 
 eigenvalues_full: 
 
 -0.9216E-05
 -0.4951E-05
 -0.7739E-06
 -0.1190E-08
 -0.9286E-09
 -0.2511E-09
  0.2944E-02
  0.3270E-01
  0.3271E-01
  0.5865E-01
  0.7832E-01
  0.7833E-01
  0.1018    
  0.1018    
  0.1409    
  0.1410    
  0.1560    
  0.2547    
  0.4790    
  0.7531    
  0.7531    
  0.7726    
  0.8444    
  0.8445    
 
 eigenvectors: 
 
  0.9438E-03,  0.2178    , -0.1914E-03,  0.2128E-01, -0.2393    , -0.2583    , -0.2146E-05, -0.1737E-02, -0.1598    , -0.3067E-03,  0.1056E-02, -0.2823E-01, -0.3996E-01, -0.2095    ,  0.1023E-03,  0.3028    ,  0.1197E-02, -0.6687E-03,  0.1403E-02,  0.1647    ,  0.5261    ,  0.1800E-02, -0.4950E-01, -0.5985    
  0.2023    , -0.7639E-03,  0.7728E-01,  0.1351    , -0.2340    ,  0.2280    , -0.1303E-04,  0.1598    , -0.1738E-02, -0.3833E-05, -0.2828E-01, -0.1063E-02, -0.2095    ,  0.3995E-01, -0.3028    ,  0.1044E-03,  0.1043E-04,  0.5885E-05,  0.5954E-04,  0.5262    , -0.1647    , -0.9271E-04,  0.5985    , -0.4949E-01
  0.1149E-04, -0.7045E-03, -0.1191E-04, -0.3261    , -0.1127    ,  0.7751E-01,  0.1967E-05,  0.2458E-05,  0.5244E-03, -0.7500E-01, -0.5735E-05,  0.8974E-04,  0.1247E-03,  0.6727E-03, -0.6181E-05, -0.9244E-03,  0.3844    , -0.2242    ,  0.4766    , -0.5823E-03, -0.1643E-02,  0.6664    ,  0.2245E-03,  0.1455E-02
 -0.9035E-03, -0.2153    ,  0.3089E-03,  0.2141E-01, -0.2403    , -0.2594    , -0.2127E-05, -0.1737E-02, -0.1598    ,  0.3074E-03, -0.1056E-02,  0.2823E-01, -0.3996E-01, -0.2095    , -0.1023E-03, -0.3028    ,  0.1204E-02,  0.6638E-03,  0.1426E-02,  0.1647    ,  0.5262    , -0.1639E-02,  0.4949E-01,  0.5984    
 -0.2023    ,  0.7766E-03, -0.7735E-01,  0.1351    , -0.2340    ,  0.2279    , -0.1310E-04,  0.1598    , -0.1738E-02,  0.3909E-05,  0.2828E-01,  0.1063E-02, -0.2095    ,  0.3995E-01,  0.3028    , -0.1045E-03,  0.1061E-04, -0.6223E-05,  0.5928E-04,  0.5262    , -0.1647    ,  0.9564E-04, -0.5985    ,  0.4950E-01
  0.2305E-04,  0.6596E-03, -0.1865E-04, -0.3261    , -0.1127    ,  0.7751E-01,  0.1967E-05,  0.2416E-05,  0.5201E-03,  0.7499E-01,  0.5575E-05, -0.8695E-04,  0.1246E-03,  0.6718E-03,  0.6157E-05,  0.9312E-03,  0.3844    ,  0.2242    ,  0.4766    , -0.5213E-03, -0.1460E-02, -0.6664    , -0.2260E-03, -0.1472E-02
  0.1426E-02,  0.3317    , -0.3276E-03,  0.2125E-01, -0.2390    , -0.2580    ,  0.1409E-05,  0.5114E-03,  0.4707E-01, -0.1111    , -0.3828E-02,  0.1020    , -0.5787E-01, -0.3036    ,  0.1298E-03,  0.3566    , -0.3181    ,  0.3760    ,  0.2558    , -0.9938E-01, -0.3174    ,  0.1141    ,  0.2426E-01,  0.2931    
  0.4536    , -0.2226E-02, -0.2637    ,  0.1351    , -0.2340    ,  0.2279    , -0.4082    , -0.6108E-01,  0.6631E-03,  0.1820E-05, -0.4229    , -0.1589E-01,  0.4430    , -0.8447E-01,  0.2111    , -0.7064E-04,  0.5479E-05, -0.9726E-05, -0.2810E-05, -0.3294E-01,  0.1032E-01,  0.5234E-05, -0.3225E-01,  0.2673E-02
  0.1250E-02,  0.2902    , -0.3493E-03, -0.3261    , -0.1120    ,  0.7826E-01,  0.1924E-06,  0.6051E-02,  0.5571    , -0.3903    , -0.1422E-01,  0.3783    , -0.1202E-01, -0.6302E-01, -0.1084E-03, -0.3171    , -0.1272    , -0.9267E-01, -0.1597    ,  0.4104E-01,  0.1310    , -0.7511E-01, -0.6027E-02, -0.7272E-01
  0.1269    ,  0.3295    , -0.3308    ,  0.2127E-01, -0.2390    , -0.2581    , -0.3536    ,  0.8928E-02,  0.5624E-01,  0.5365E-01,  0.2367    , -0.2841    , -0.2741    ,  0.3181    , -0.2471    , -0.6829E-01,  0.1585    , -0.1884    , -0.1286    , -0.1564    , -0.6563E-01, -0.5726E-01, -0.1052    ,  0.1071    
  0.2350    , -0.6328E-03,  0.3083    ,  0.1351    , -0.2340    ,  0.2280    ,  0.2041    , -0.4940E-01, -0.6265E-02,  0.9520E-01, -0.3866E-01,  0.2256    , -0.1784    , -0.3009    , -0.2153    ,  0.2463    ,  0.2752    , -0.3258    , -0.2220    , -0.2852    , -0.4614E-01, -0.9880E-01, -0.2188    ,  0.1320    
 -0.2366    , -0.1458    , -0.8885E-01, -0.3260    , -0.1130    ,  0.7710E-01,  0.1124E-02,  0.4795    , -0.2840    , -0.3910    , -0.3215    , -0.2006    ,  0.6230E-01,  0.2042E-01, -0.2727    ,  0.1582    , -0.1286    , -0.9086E-01, -0.1585    , -0.1325    , -0.2957E-01, -0.7455E-01, -0.5896E-01,  0.4080E-01
 -0.1241    ,  0.3313    ,  0.3302    ,  0.2125E-01, -0.2390    , -0.2580    ,  0.3536    , -0.7697E-02,  0.5642E-01,  0.5366E-01, -0.2147    , -0.3011    ,  0.3719    ,  0.1949    ,  0.2471    , -0.6846E-01,  0.1585    , -0.1884    , -0.1286    ,  0.9106E-01, -0.1431    , -0.5730E-01,  0.1214    ,  0.8832E-01
  0.2350    , -0.6365E-03,  0.3083    ,  0.1351    , -0.2340    ,  0.2280    ,  0.2041    , -0.4926E-01,  0.7329E-02, -0.9520E-01, -0.2163E-01, -0.2279    , -0.5514E-01,  0.3454    , -0.2155    , -0.2462    , -0.2752    ,  0.3258    ,  0.2219    , -0.2080    ,  0.2006    ,  0.9887E-01, -0.2374    , -0.9428E-01
  0.2354    , -0.1476    ,  0.8917E-01, -0.3260    , -0.1130    ,  0.7715E-01, -0.1126E-02, -0.4856    , -0.2735    , -0.3910    ,  0.3357    , -0.1759    , -0.5041E-01,  0.4192E-01,  0.2729    ,  0.1580    , -0.1286    , -0.9088E-01, -0.1585    ,  0.9202E-01, -0.9987E-01, -0.7457E-01,  0.6483E-01,  0.3056E-01
 -0.1386E-02, -0.3292    ,  0.4450E-03,  0.2144E-01, -0.2406    , -0.2598    ,  0.1436E-05,  0.5114E-03,  0.4707E-01,  0.1111    ,  0.3828E-02, -0.1020    , -0.5787E-01, -0.3036    , -0.1298E-03, -0.3565    , -0.3181    , -0.3760    ,  0.2558    , -0.9939E-01, -0.3174    , -0.1142    , -0.2426E-01, -0.2931    
 -0.4536    ,  0.2240E-02,  0.2636    ,  0.1351    , -0.2341    ,  0.2280    , -0.4082    , -0.6107E-01,  0.6630E-03, -0.1862E-05,  0.4229    ,  0.1589E-01,  0.4430    , -0.8447E-01, -0.2111    ,  0.7047E-04,  0.5523E-05,  0.9695E-05, -0.2807E-05, -0.3294E-01,  0.1032E-01, -0.5419E-05,  0.3225E-01, -0.2673E-02
 -0.1216E-02, -0.2902    ,  0.3188E-03, -0.3259    , -0.1134    ,  0.7674E-01,  0.2262E-06,  0.6051E-02,  0.5571    ,  0.3903    ,  0.1422E-01, -0.3783    , -0.1201E-01, -0.6300E-01,  0.1084E-03,  0.3171    , -0.1272    ,  0.9267E-01, -0.1597    ,  0.4103E-01,  0.1310    ,  0.7515E-01,  0.6026E-02,  0.7270E-01
 -0.1269    , -0.3270    ,  0.3310    ,  0.2144E-01, -0.2406    , -0.2597    , -0.3535    ,  0.8928E-02,  0.5624E-01, -0.5366E-01, -0.2367    ,  0.2841    , -0.2741    ,  0.3181    ,  0.2471    ,  0.6829E-01,  0.1585    ,  0.1884    , -0.1286    , -0.1564    , -0.6566E-01,  0.5723E-01,  0.1052    , -0.1070    
 -0.2350    ,  0.6446E-03, -0.3084    ,  0.1351    , -0.2341    ,  0.2279    ,  0.2041    , -0.4940E-01, -0.6269E-02, -0.9520E-01,  0.3866E-01, -0.2256    , -0.1784    , -0.3009    ,  0.2153    , -0.2463    ,  0.2752    ,  0.3258    , -0.2220    , -0.2852    , -0.4620E-01,  0.9876E-01,  0.2188    , -0.1320    
  0.2366    ,  0.1457    ,  0.8882E-01, -0.3261    , -0.1123    ,  0.7791E-01,  0.1124E-02,  0.4795    , -0.2840    ,  0.3910    ,  0.3215    ,  0.2006    ,  0.6230E-01,  0.2042E-01,  0.2727    , -0.1582    , -0.1286    ,  0.9085E-01, -0.1585    , -0.1325    , -0.2960E-01,  0.7453E-01,  0.5896E-01, -0.4079E-01
  0.1241    , -0.3288    , -0.3301    ,  0.2146E-01, -0.2406    , -0.2598    ,  0.3535    , -0.7697E-02,  0.5642E-01, -0.5366E-01,  0.2147    ,  0.3011    ,  0.3719    ,  0.1950    , -0.2471    ,  0.6845E-01,  0.1585    ,  0.1884    , -0.1286    ,  0.9105E-01, -0.1431    ,  0.5727E-01, -0.1214    , -0.8830E-01
 -0.2350    ,  0.6509E-03, -0.3084    ,  0.1351    , -0.2341    ,  0.2279    ,  0.2041    , -0.4926E-01,  0.7333E-02,  0.9520E-01,  0.2163E-01,  0.2279    , -0.5513E-01,  0.3454    ,  0.2155    ,  0.2462    , -0.2752    , -0.3258    ,  0.2219    , -0.2080    ,  0.2006    , -0.9883E-01,  0.2374    ,  0.9425E-01
 -0.2353    ,  0.1475    , -0.8920E-01, -0.3261    , -0.1123    ,  0.7787E-01, -0.1126E-02, -0.4856    , -0.2736    ,  0.3910    , -0.3356    ,  0.1759    , -0.5041E-01,  0.4191E-01, -0.2729    , -0.1580    , -0.1286    ,  0.9087E-01, -0.1585    ,  0.9201E-01, -0.9990E-01,  0.7455E-01, -0.6483E-01, -0.3055E-01
 
 delta(i,j): 
 
   1.000    ,  0.9714E-16, -0.2914E-15, -0.1110E-15, -0.7980E-16, -0.8674E-16, -0.5150E-17,   0.000    , -0.9714E-16,  0.4163E-16, -0.6939E-16,  0.1943E-15, -0.1440E-15,  0.2255E-16,  0.2359E-15, -0.6939E-17,  0.1943E-15, -0.1388E-16,  0.1943E-15, -0.2637E-15,  0.1214E-15,  0.2845E-15, -0.7633E-16, -0.6245E-16
  0.9714E-16,   1.000    , -0.6765E-16, -0.1596E-15,  0.3539E-15, -0.9541E-16,  0.5594E-16,  0.5551E-16, -0.2914E-15,  0.2776E-16, -0.8327E-16,  0.4510E-16, -0.8500E-16, -0.1249E-15,  0.2776E-16,  0.2602E-15,  0.2255E-15, -0.6072E-16, -0.5204E-16,  0.6072E-16,  0.3001E-15,  0.1370E-15, -0.8674E-17,  0.1422E-15
 -0.2914E-15, -0.6765E-16,   1.000    ,  0.1041E-15, -0.7286E-16, -0.2333E-15, -0.1833E-15,  0.5551E-16, -0.6939E-17,  0.7633E-16,  0.2255E-15, -0.3469E-16,  0.2507E-15,  0.1002E-15,  0.1978E-15, -0.6418E-16, -0.1874E-15, -0.1197E-15,  0.9021E-16,  0.1318E-15,  0.5204E-17, -0.1180E-15,  0.5464E-16, -0.8674E-17
 -0.1110E-15, -0.1596E-15,  0.1041E-15,   1.000    ,  0.2290E-15, -0.1735E-16, -0.1676E-15, -0.1943E-15, -0.2776E-15,  0.8327E-16, -0.8327E-16, -0.9714E-16,  0.2602E-15,  0.7459E-16,  0.1804E-15,  0.8327E-16, -0.2082E-16, -0.1110E-15,  0.3123E-15,  0.9368E-16, -0.1249E-15,  0.8674E-16, -0.6592E-16,  0.8500E-16
 -0.7980E-16,  0.3539E-15, -0.7286E-16,  0.2290E-15,   1.000    ,  0.3816E-16, -0.1121E-15, -0.2082E-16, -0.1978E-15,  0.6939E-16,  0.4163E-16,  0.4857E-16, -0.2082E-16,  0.1214E-16,  0.6245E-16, -0.2984E-15,  0.1301E-15, -0.4684E-16,  0.3400E-15, -0.2394E-15, -0.1596E-15,  0.3591E-15,  0.4857E-16, -0.2602E-17
 -0.8674E-16, -0.9541E-16, -0.2333E-15, -0.1735E-16,  0.3816E-16,   1.000    , -0.1353E-15,  0.1665E-15, -0.1353E-15, -0.5551E-16,  0.1735E-16,  0.1041E-16,  0.1735E-17, -0.1418E-15, -0.1249E-15,  0.1769E-15, -0.3990E-16,  0.1743E-15,  0.5551E-16, -0.8413E-16,  0.1527E-15, -0.2229E-15,  0.6939E-16, -0.1084E-15
 -0.5150E-17,  0.5594E-16, -0.1833E-15, -0.1676E-15, -0.1121E-15, -0.1353E-15,   1.000    ,  0.2689E-16, -0.2765E-17,  0.1014E-15, -0.2610E-15,  0.2374E-16, -0.2707E-15,  0.1302E-15,  0.7763E-16,  0.1839E-15, -0.4852E-17,  0.7791E-16,  0.3659E-17,  0.1505E-15, -0.2246E-16,  0.1412E-15,  0.1381E-16,  0.5116E-17
   0.000    ,  0.5551E-16,  0.5551E-16, -0.1943E-15, -0.2082E-16,  0.1665E-15,  0.2689E-16,   1.000    , -0.1110E-15, -0.2220E-15, -0.5551E-16, -0.9714E-16, -0.1457E-15, -0.6939E-17,  0.5551E-16,  0.3192E-15,  0.1110E-15, -0.5551E-16,  0.6939E-16,   0.000    , -0.4163E-16,  0.2845E-15,  0.1388E-16,  0.1527E-15
 -0.9714E-16, -0.2914E-15, -0.6939E-17, -0.2776E-15, -0.1978E-15, -0.1353E-15, -0.2765E-17, -0.1110E-15,   1.000    ,   0.000    ,   0.000    ,  0.2845E-15, -0.1527E-15, -0.7633E-16,  0.2498E-15, -0.6245E-16,  0.5551E-16, -0.5898E-16, -0.2776E-16, -0.3469E-16,  0.2776E-16,  0.1353E-15,  0.9021E-16, -0.1388E-16
  0.4163E-16,  0.2776E-16,  0.7633E-16,  0.8327E-16,  0.6939E-16, -0.5551E-16,  0.1014E-15, -0.2220E-15,   0.000    ,   1.000    , -0.2776E-15,  0.8327E-16,  0.7286E-16, -0.5586E-15, -0.1388E-16, -0.1110E-15, -0.3469E-15,  0.1388E-16, -0.3192E-15,  0.8327E-16,  0.2776E-16, -0.9714E-16, -0.1041E-15,  0.1457E-15
 -0.6939E-16, -0.8327E-16,  0.2255E-15, -0.8327E-16,  0.4163E-16,  0.1735E-16, -0.2610E-15, -0.5551E-16,   0.000    , -0.2776E-15,   1.000    ,  0.7286E-15,  0.1492E-15,  0.2255E-16,  0.3053E-15,  0.2706E-15,  0.3400E-15,  0.1839E-15,  0.5551E-16, -0.1041E-16,  0.2082E-16, -0.1249E-15,  0.5898E-16, -0.2602E-15
  0.1943E-15,  0.4510E-16, -0.3469E-16, -0.9714E-16,  0.4857E-16,  0.1041E-16,  0.2374E-16, -0.9714E-16,  0.2845E-15,  0.8327E-16,  0.7286E-15,   1.000    ,  0.1110E-15, -0.1214E-15, -0.1735E-15,  0.7980E-16, -0.2741E-15, -0.2047E-15, -0.9368E-16,  0.1388E-15,  0.1388E-16,  0.5898E-16, -0.1422E-15,  0.7026E-16
 -0.1440E-15, -0.8500E-16,  0.2507E-15,  0.2602E-15, -0.2082E-16,  0.1735E-17, -0.2707E-15, -0.1457E-15, -0.1527E-15,  0.7286E-16,  0.1492E-15,  0.1110E-15,   1.000    ,  0.3222E-15, -0.4163E-16, -0.1908E-16, -0.1015E-15, -0.1128E-16,  0.2585E-15,  0.2602E-17, -0.7199E-16,  0.1583E-15,  0.1357E-15, -0.8305E-16
  0.2255E-16, -0.1249E-15,  0.1002E-15,  0.7459E-16,  0.1214E-16, -0.1418E-15,  0.1302E-15, -0.6939E-17, -0.7633E-16, -0.5586E-15,  0.2255E-16, -0.1214E-15,  0.3222E-15,   1.000    ,  0.3730E-15, -0.4363E-15,  0.2255E-16,  0.3816E-16,  0.2082E-15,  0.1258E-15, -0.2316E-15,  0.1236E-15,  0.1752E-15,  0.2927E-16
  0.2359E-15,  0.2776E-16,  0.1978E-15,  0.1804E-15,  0.6245E-16, -0.1249E-15,  0.7763E-16,  0.5551E-16,  0.2498E-15, -0.1388E-16,  0.3053E-15, -0.1735E-15, -0.4163E-16,  0.3730E-15,   1.000    , -0.2151E-15, -0.3123E-15, -0.2533E-15, -0.7633E-16,  0.1214E-15,  0.1388E-16, -0.2394E-15,  0.5898E-16,  0.5898E-16
 -0.6939E-17,  0.2602E-15, -0.6418E-16,  0.8327E-16, -0.2984E-15,  0.1769E-15,  0.1839E-15,  0.3192E-15, -0.6245E-16, -0.1110E-15,  0.2706E-15,  0.7980E-16, -0.1908E-16, -0.4363E-15, -0.2151E-15,   1.000    , -0.2949E-15, -0.3521E-15, -0.2082E-16, -0.2862E-15, -0.1943E-15,  0.2602E-16, -0.6072E-16,  0.5291E-16
  0.1943E-15,  0.2255E-15, -0.1874E-15, -0.2082E-16,  0.1301E-15, -0.3990E-16, -0.4852E-17,  0.1110E-15,  0.5551E-16, -0.3469E-15,  0.3400E-15, -0.2741E-15, -0.1015E-15,  0.2255E-16, -0.3123E-15, -0.2949E-15,   1.000    , -0.1735E-16, -0.4580E-15, -0.6765E-16,  0.3990E-15, -0.2012E-15, -0.4510E-16, -0.5117E-16
 -0.1388E-16, -0.6072E-16, -0.1197E-15, -0.1110E-15, -0.4684E-16,  0.1743E-15,  0.7791E-16, -0.5551E-16, -0.5898E-16,  0.1388E-16,  0.1839E-15, -0.2047E-15, -0.1128E-16,  0.3816E-16, -0.2533E-15, -0.3521E-15, -0.1735E-16,   1.000    , -0.1978E-15,  0.1197E-15,  0.3192E-15,  0.2455E-15,  0.1648E-16, -0.1201E-15
  0.1943E-15, -0.5204E-16,  0.9021E-16,  0.3123E-15,  0.3400E-15,  0.5551E-16,  0.3659E-17,  0.6939E-16, -0.2776E-16, -0.3192E-15,  0.5551E-16, -0.9368E-16,  0.2585E-15,  0.2082E-15, -0.7633E-16, -0.2082E-16, -0.4580E-15, -0.1978E-15,   1.000    , -0.7459E-16, -0.1978E-15, -0.2272E-15, -0.3990E-16, -0.1050E-15
 -0.2637E-15,  0.6072E-16,  0.1318E-15,  0.9368E-16, -0.2394E-15, -0.8413E-16,  0.1505E-15,   0.000    , -0.3469E-16,  0.8327E-16, -0.1041E-16,  0.1388E-15,  0.2602E-17,  0.1258E-15,  0.1214E-15, -0.2862E-15, -0.6765E-16,  0.1197E-15, -0.7459E-16,   1.000    , -0.1088E-14,  0.6462E-15,  0.1128E-16,  0.1193E-15
  0.1214E-15,  0.3001E-15,  0.5204E-17, -0.1249E-15, -0.1596E-15,  0.1527E-15, -0.2246E-16, -0.4163E-16,  0.2776E-16,  0.2776E-16,  0.2082E-16,  0.1388E-16, -0.7199E-16, -0.2316E-15,  0.1388E-16, -0.1943E-15,  0.3990E-15,  0.3192E-15, -0.1978E-15, -0.1088E-14,   1.000    , -0.5855E-15,  0.2116E-15,  0.9888E-16
  0.2845E-15,  0.1370E-15, -0.1180E-15,  0.8674E-16,  0.3591E-15, -0.2229E-15,  0.1412E-15,  0.2845E-15,  0.1353E-15, -0.9714E-16, -0.1249E-15,  0.5898E-16,  0.1583E-15,  0.1236E-15, -0.2394E-15,  0.2602E-16, -0.2012E-15,  0.2455E-15, -0.2272E-15,  0.6462E-15, -0.5855E-15,   1.000    , -0.6245E-16, -0.5265E-15
 -0.7633E-16, -0.8674E-17,  0.5464E-16, -0.6592E-16,  0.4857E-16,  0.6939E-16,  0.1381E-16,  0.1388E-16,  0.9021E-16, -0.1041E-15,  0.5898E-16, -0.1422E-15,  0.1357E-15,  0.1752E-15,  0.5898E-16, -0.6072E-16, -0.4510E-16,  0.1648E-16, -0.3990E-16,  0.1128E-16,  0.2116E-15, -0.6245E-16,   1.000    ,  0.6254E-15
 -0.6245E-16,  0.1422E-15, -0.8674E-17,  0.8500E-16, -0.2602E-17, -0.1084E-15,  0.5116E-17,  0.1527E-15, -0.1388E-16,  0.1457E-15, -0.2602E-15,  0.7026E-16, -0.8305E-16,  0.2927E-16,  0.5898E-16,  0.5291E-16, -0.5117E-16, -0.1201E-15, -0.1050E-15,  0.1193E-15,  0.9888E-16, -0.5265E-15,  0.6254E-15,   1.000    
 
 rxyz0: 
 
 -0.2571E-04,  0.2571E-04,  -1.920    ,  0.9602    ,  0.9602    ,   1.920    , -0.9602    , -0.9602    
   0.000    ,   0.000    ,   0.000    ,   1.663    ,  -1.663    ,   0.000    ,  -1.663    ,   1.663    
   1.428    ,  -1.428    ,   2.174    ,   2.174    ,   2.174    ,  -2.174    ,  -2.174    ,  -2.174    
 
 new_masses: 
 
   1849.    
   2181.    
   2181.    
   2708.    
   2503.    
   2503.    
   2579.    
   2468.    
   3284.    
   3286.    
   3562.    
   5816.    
   2795.    
   4346.    
   4040.    
   4145.    
   4468.    
   4468.    
 
 sigma2 from ew, modifier = 1.5
 
  0.6428    
  0.1776    
  0.1776    
  0.1190    
  0.1071    
  0.1071    
  0.9258E-01
  0.9464E-01
  0.6972E-01
  0.6970E-01
  0.6364E-01
  0.3897E-01
  0.4100E-01
  0.2622E-01
  0.2719E-01
  0.2651E-01
  0.2442E-01
  0.2442E-01
 
 e0 theory =   7.247172159063667E-002
 Input etot:   -5.69922746240000     
Step     1 of   200--------------------------------
 number of walkers =          100
 et =   -5.64179926433805     
 e0 =   -5.64683246580720     
Step     2 of   200--------------------------------
 number of walkers =          100
 et =   -5.63915160932447     
 e0 =   -5.64383253746522     
Step     3 of   200--------------------------------
 number of walkers =          100
 et =   -5.63649146867343     
 e0 =   -5.64085524084375     
Step     4 of   200--------------------------------
 number of walkers =           99
 et =   -5.63448141327846     
 e0 =   -5.63852680961859     
Step     5 of   200--------------------------------
 number of walkers =           97
 et =   -5.63304956814262     
 e0 =   -5.63678257604825     
Step     6 of   200--------------------------------
 number of walkers =           96
 et =   -5.63131525264172     
 e0 =   -5.63484423447497     
Step     7 of   200--------------------------------
 number of walkers =           92
 et =   -5.63040459963917     
 e0 =   -5.63366608340352     
Step     8 of   200--------------------------------
 number of walkers =           91
 et =   -5.63101945332978     
 e0 =   -5.63399920873758     
Step     9 of   200--------------------------------
 number of walkers =           89
 et =   -5.63021429823965     
 e0 =   -5.63298992616238     
Step    10 of   200--------------------------------
 number of walkers =           87
 et =   -5.63034257981056     
 e0 =   -5.63284657856480     
Step    11 of   200--------------------------------
 number of walkers =           83
 et =   -5.63077474653670     
 e0 =   -5.63302362808615     
Step    12 of   200--------------------------------
 number of walkers =           81
 et =   -5.63064082631786     
 e0 =   -5.63273531998095     
Step    13 of   200--------------------------------
 number of walkers =           79
 et =   -5.62878959288750     
 e0 =   -5.63077902225682     
Step    14 of   200--------------------------------
 number of walkers =           77
 et =   -5.62689566340420     
 e0 =   -5.62878521006135     
Step    15 of   200--------------------------------
 number of walkers =           77
 et =   -5.62665486337971     
 e0 =   -5.62842065861977     
Step    16 of   200--------------------------------
 number of walkers =           79
 et =   -5.62705679255928     
 e0 =   -5.62869386673140     
Step    17 of   200--------------------------------
 number of walkers =           80
 et =   -5.62769279004268     
 e0 =   -5.62914430098823     
Step    18 of   200--------------------------------
 number of walkers =           77
 et =   -5.62771998765060     
 e0 =   -5.62909497068404     
Step    19 of   200--------------------------------
 number of walkers =           78
 et =   -5.62608287596867     
 e0 =   -5.62740128183120     
Step    20 of   200--------------------------------
 number of walkers =           79
 et =   -5.62473729960995     
 e0 =   -5.62598816279193     
Step    21 of   200--------------------------------
 number of walkers =           79
 et =   -5.62469542985686     
 e0 =   -5.62596786465738     
Step    22 of   200--------------------------------
 number of walkers =           79
 et =   -5.62562844570918     
 e0 =   -5.62673827607109     
Step    23 of   200--------------------------------
 number of walkers =           78
 et =   -5.62676292197493     
 e0 =   -5.62770800299184     
Step    24 of   200--------------------------------
 number of walkers =           77
 et =   -5.62811445877039     
 e0 =   -5.62896625018814     
Step    25 of   200--------------------------------
 number of walkers =           77
 et =   -5.62679925621619     
 e0 =   -5.62762103001638     
Step    26 of   200--------------------------------
 number of walkers =           78
 et =   -5.62644631946616     
 e0 =   -5.62720682424942     
Step    27 of   200--------------------------------
 number of walkers =           80
 et =   -5.62595088258540     
 e0 =   -5.62667535450485     
Step    28 of   200--------------------------------
 number of walkers =           82
 et =   -5.62602813486262     
 e0 =   -5.62668774472193     
Step    29 of   200--------------------------------
 number of walkers =           82
 et =   -5.62642176469275     
 e0 =   -5.62700792461401     
Step    30 of   200--------------------------------
 number of walkers =           81
 et =   -5.62692371100110     
 e0 =   -5.62748053264337     
Step    31 of   200--------------------------------
 number of walkers =           80
 et =   -5.62817615116023     
 e0 =   -5.62865594506130     
Step    32 of   200--------------------------------
 number of walkers =           83
 et =   -5.62797104923121     
 e0 =   -5.62847541005683     
Step    33 of   200--------------------------------
 number of walkers =           84
 et =   -5.62651534882826     
 e0 =   -5.62704140883717     
Step    34 of   200--------------------------------
 number of walkers =           86
 et =   -5.62701392926149     
 e0 =   -5.62746276742397     
Step    35 of   200--------------------------------
 number of walkers =           85
 et =   -5.62652407139522     
 e0 =   -5.62696595914408     
Step    36 of   200--------------------------------
 number of walkers =           84
 et =   -5.62582736442387     
 e0 =   -5.62638300688632     
Step    37 of   200--------------------------------
 number of walkers =           85
 et =   -5.62580022640391     
 e0 =   -5.62630596487885     
Step    38 of   200--------------------------------
 number of walkers =           87
 et =   -5.62529751574726     
 e0 =   -5.62577917467239     
Step    39 of   200--------------------------------
 number of walkers =           88
 et =   -5.62482529917576     
 e0 =   -5.62528529241908     
Step    40 of   200--------------------------------
 number of walkers =           89
 et =   -5.62363810571706     
 e0 =   -5.62411307831772     
Step    41 of   200--------------------------------
 number of walkers =           85
 et =   -5.62327244923505     
 e0 =   -5.62378125822986     
Step    42 of   200--------------------------------
 number of walkers =           85
 et =   -5.62457836922232     
 e0 =   -5.62497969147812     
Step    43 of   200--------------------------------
 number of walkers =           85
 et =   -5.62457784844088     
 e0 =   -5.62501758405355     
Step    44 of   200--------------------------------
 number of walkers =           84
 et =   -5.62413614348019     
 e0 =   -5.62461425768552     
Step    45 of   200--------------------------------
 number of walkers =           83
 et =   -5.62402357212566     
 e0 =   -5.62454251823664     
Step    46 of   200--------------------------------
 number of walkers =           81
 et =   -5.62485607571509     
 e0 =   -5.62532393285105     
Step    47 of   200--------------------------------
 number of walkers =           83
 et =   -5.62424715986680     
 e0 =   -5.62475500638662     
Step    48 of   200--------------------------------
 number of walkers =           85
 et =   -5.62485948074734     
 e0 =   -5.62528947531969     
Step    49 of   200--------------------------------
 number of walkers =           85
 et =   -5.62537885862492     
 e0 =   -5.62573006908530     
Step    50 of   200--------------------------------
 number of walkers =           87
 et =   -5.62505102167602     
 e0 =   -5.62538869835005     
Step    51 of   200--------------------------------
 number of walkers =           88
 et =   -5.62527416048075     
 e0 =   -5.62557682294580     
Step    52 of   200--------------------------------
 number of walkers =           86
 et =   -5.62496689093203     
 e0 =   -5.62524213042981     
Step    53 of   200--------------------------------
 number of walkers =           84
 et =   -5.62470932235515     
 e0 =   -5.62497460664606     
Step    54 of   200--------------------------------
 number of walkers =           84
 et =   -5.62497999574084     
 e0 =   -5.62519794730084     
Step    55 of   200--------------------------------
 number of walkers =           84
 et =   -5.62543877784971     
 e0 =   -5.62561145251626     
Step    56 of   200--------------------------------
 number of walkers =           86
 et =   -5.62564166763205     
 e0 =   -5.62583291511428     
Step    57 of   200--------------------------------
 number of walkers =           82
 et =   -5.62585367991664     
 e0 =   -5.62605409325978     
Step    58 of   200--------------------------------
 number of walkers =           83
 et =   -5.62567348571685     
 e0 =   -5.62591891654372     
Step    59 of   200--------------------------------
 number of walkers =           83
 et =   -5.62477008371284     
 e0 =   -5.62509422015869     
Step    60 of   200--------------------------------
 number of walkers =           86
 et =   -5.62593810417570     
 e0 =   -5.62622740742650     
Step    61 of   200--------------------------------
 number of walkers =           85
 et =   -5.62616632840644     
 e0 =   -5.62644877971297     
Step    62 of   200--------------------------------
 number of walkers =           84
 et =   -5.62544210277823     
 e0 =   -5.62580827579165     
Step    63 of   200--------------------------------
 number of walkers =           83
 et =   -5.62602571739941     
 e0 =   -5.62638082486697     
Step    64 of   200--------------------------------
 number of walkers =           81
 et =   -5.62486472719252     
 e0 =   -5.62524990710994     
Step    65 of   200--------------------------------
 number of walkers =           81
 et =   -5.62494495801079     
 e0 =   -5.62529088903250     
Step    66 of   200--------------------------------
 number of walkers =           86
 et =   -5.62477542267643     
 e0 =   -5.62509911327332     
Step    67 of   200--------------------------------
 number of walkers =           87
 et =   -5.62508628089502     
 e0 =   -5.62543251993127     
Step    68 of   200--------------------------------
 number of walkers =           86
 et =   -5.62591520366680     
 e0 =   -5.62619077650568     
Step    69 of   200--------------------------------
 number of walkers =           84
 et =   -5.62596642812881     
 e0 =   -5.62626966768041     
Step    70 of   200--------------------------------
 number of walkers =           86
 et =   -5.62648685706805     
 e0 =   -5.62678144276904     
Step    71 of   200--------------------------------
 number of walkers =           85
 et =   -5.62626538267567     
 e0 =   -5.62658729446346     
Step    72 of   200--------------------------------
 number of walkers =           88
 et =   -5.62538920368243     
 e0 =   -5.62577213717408     
Step    73 of   200--------------------------------
 number of walkers =           88
 et =   -5.62585219793204     
 e0 =   -5.62619138345944     
Step    74 of   200--------------------------------
 number of walkers =           87
 et =   -5.62687940508090     
 e0 =   -5.62721493269619     
Step    75 of   200--------------------------------
 number of walkers =           86
 et =   -5.62570325505195     
 e0 =   -5.62606933511638     
Step    76 of   200--------------------------------
 number of walkers =           86
 et =   -5.62518042742344     
 e0 =   -5.62558316187243     
Step    77 of   200--------------------------------
 number of walkers =           86
 et =   -5.62510406117690     
 e0 =   -5.62549233853562     
Step    78 of   200--------------------------------
 number of walkers =           84
 et =   -5.62499961297350     
 e0 =   -5.62544664069389     
Step    79 of   200--------------------------------
 number of walkers =           86
 et =   -5.62596335774416     
 e0 =   -5.62632605608490     
Step    80 of   200--------------------------------
 number of walkers =           84
 et =   -5.62732439758025     
 e0 =   -5.62761876832600     
Step    81 of   200--------------------------------
 number of walkers =           89
 et =   -5.62760701208117     
 e0 =   -5.62787223212002     
Step    82 of   200--------------------------------
 number of walkers =           86
 et =   -5.62807780022559     
 e0 =   -5.62843817415063     
Step    83 of   200--------------------------------
 number of walkers =           84
 et =   -5.62761556101420     
 e0 =   -5.62796496261322     
Step    84 of   200--------------------------------
 number of walkers =           87
 et =   -5.62723057051313     
 e0 =   -5.62761266004267     
Step    85 of   200--------------------------------
 number of walkers =           86
 et =   -5.62642126991210     
 e0 =   -5.62680096382802     
Step    86 of   200--------------------------------
 number of walkers =           84
 et =   -5.62543090853057     
 e0 =   -5.62594166578838     
Step    87 of   200--------------------------------
 number of walkers =           84
 et =   -5.62496750911829     
 e0 =   -5.62550018538417     
Step    88 of   200--------------------------------
 number of walkers =           86
 et =   -5.62585038173946     
 e0 =   -5.62629466277092     
Step    89 of   200--------------------------------
 number of walkers =           86
 et =   -5.62419476097133     
 e0 =   -5.62470926654310     
Step    90 of   200--------------------------------
 number of walkers =           85
 et =   -5.62359243657629     
 e0 =   -5.62409300095519     
Step    91 of   200--------------------------------
 number of walkers =           87
 et =   -5.62354673292773     
 e0 =   -5.62400983918555     
Step    92 of   200--------------------------------
 number of walkers =           88
 et =   -5.62357349645063     
 e0 =   -5.62404336962383     
Step    93 of   200--------------------------------
 number of walkers =           87
 et =   -5.62347690298536     
 e0 =   -5.62390405656316     
Step    94 of   200--------------------------------
 number of walkers =           87
 et =   -5.62340984786063     
 e0 =   -5.62385319066488     
Step    95 of   200--------------------------------
 number of walkers =           88
 et =   -5.62283579167756     
 e0 =   -5.62326829375896     
Step    96 of   200--------------------------------
 number of walkers =           88
 et =   -5.62441270056531     
 e0 =   -5.62473560661412     
Step    97 of   200--------------------------------
 number of walkers =           86
 et =   -5.62558540879382     
 e0 =   -5.62581496083883     
Step    98 of   200--------------------------------
 number of walkers =           85
 et =   -5.62530577704284     
 e0 =   -5.62553594746222     
Step    99 of   200--------------------------------
 number of walkers =           86
 et =   -5.62545381156129     
 e0 =   -5.62569837630139     
Step   100 of   200--------------------------------
 number of walkers =           86
 et =   -5.62516004506789     
 e0 =   -5.62543223772265     
Step   101 of   200--------------------------------
 number of walkers =           86
 et =   -5.62577475360476     
 e0 =   -5.62613176344030     
Step   102 of   200--------------------------------
 number of walkers =           87
 et =   -5.62487089006743     
 e0 =   -5.62528166036588     
Step   103 of   200--------------------------------
 number of walkers =           87
 et =   -5.62437363331603     
 e0 =   -5.62477656081818     
Step   104 of   200--------------------------------
 number of walkers =           87
 et =   -5.62437985435179     
 e0 =   -5.62485579390272     
Step   105 of   200--------------------------------
 number of walkers =           86
 et =   -5.62500683258228     
 e0 =   -5.62540660760148     
Step   106 of   200--------------------------------
 number of walkers =           86
 et =   -5.62492968310337     
 e0 =   -5.62529247998698     
Step   107 of   200--------------------------------
 number of walkers =           88
 et =   -5.62427018884200     
 e0 =   -5.62468715309465     
Step   108 of   200--------------------------------
 number of walkers =           87
 et =   -5.62360132942946     
 e0 =   -5.62409407866035     
Step   109 of   200--------------------------------
 number of walkers =           87
 et =   -5.62493892209511     
 e0 =   -5.62530982496589     
Step   110 of   200--------------------------------
 number of walkers =           85
 et =   -5.62549208617199     
 e0 =   -5.62585201431379     
Step   111 of   200--------------------------------
 number of walkers =           87
 et =   -5.62595220103178     
 e0 =   -5.62634941538703     
Step   112 of   200--------------------------------
 number of walkers =           87
 et =   -5.62652010787069     
 e0 =   -5.62689746024640     
Step   113 of   200--------------------------------
 number of walkers =           87
 et =   -5.62716824982406     
 e0 =   -5.62751676090843     
Step   114 of   200--------------------------------
 number of walkers =           86
 et =   -5.62655255778150     
 e0 =   -5.62690274617701     
Step   115 of   200--------------------------------
 number of walkers =           85
 et =   -5.62663783469053     
 e0 =   -5.62699893865802     
Step   116 of   200--------------------------------
 number of walkers =           83
 et =   -5.62541595034282     
 e0 =   -5.62580351371754     
Step   117 of   200--------------------------------
 number of walkers =           85
 et =   -5.62630783904939     
 e0 =   -5.62670007829994     
Step   118 of   200--------------------------------
 number of walkers =           89
 et =   -5.62629888361499     
 e0 =   -5.62665749213228     
Step   119 of   200--------------------------------
 number of walkers =           87
 et =   -5.62589271565990     
 e0 =   -5.62628292821882     
Step   120 of   200--------------------------------
 number of walkers =           88
 et =   -5.62530365720908     
 e0 =   -5.62570167834287     
Step   121 of   200--------------------------------
 number of walkers =           87
 et =   -5.62514905324004     
 e0 =   -5.62552031622586     
Step   122 of   200--------------------------------
 number of walkers =           87
 et =   -5.62617266057475     
 e0 =   -5.62645987801221     
Step   123 of   200--------------------------------
 number of walkers =           88
 et =   -5.62702135447075     
 e0 =   -5.62724146726002     
Step   124 of   200--------------------------------
 number of walkers =           87
 et =   -5.62707934214653     
 e0 =   -5.62734005420249     
Step   125 of   200--------------------------------
 number of walkers =           89
 et =   -5.62646269469096     
 e0 =   -5.62673750826863     
Step   126 of   200--------------------------------
 number of walkers =           90
 et =   -5.62818540512283     
 e0 =   -5.62839323570257     
Step   127 of   200--------------------------------
 number of walkers =           90
 et =   -5.62573613037140     
 e0 =   -5.62603615475365     
Step   128 of   200--------------------------------
 number of walkers =           91
 et =   -5.62532616600719     
 e0 =   -5.62571910687577     
Step   129 of   200--------------------------------
 number of walkers =           91
 et =   -5.62652398251678     
 e0 =   -5.62682222646563     
Step   130 of   200--------------------------------
 number of walkers =           91
 et =   -5.62809198386344     
 e0 =   -5.62829247136556     
Step   131 of   200--------------------------------
 number of walkers =           91
 et =   -5.62837187623613     
 e0 =   -5.62855043220917     
Step   132 of   200--------------------------------
 number of walkers =           90
 et =   -5.62739272149466     
 e0 =   -5.62758674555995     
Step   133 of   200--------------------------------
 number of walkers =           90
 et =   -5.62544208888223     
 e0 =   -5.62572305356718     
Step   134 of   200--------------------------------
 number of walkers =           89
 et =   -5.62572598718523     
 e0 =   -5.62594865413736     
Step   135 of   200--------------------------------
 number of walkers =           89
 et =   -5.62553085576452     
 e0 =   -5.62578698442035     
Step   136 of   200--------------------------------
 number of walkers =           86
 et =   -5.62625389781934     
 e0 =   -5.62645158724942     
Step   137 of   200--------------------------------
 number of walkers =           87
 et =   -5.62702885525847     
 e0 =   -5.62718023004230     
Step   138 of   200--------------------------------
 number of walkers =           88
 et =   -5.62625168792834     
 e0 =   -5.62646664929937     
Step   139 of   200--------------------------------
 number of walkers =           86
 et =   -5.62716183467740     
 e0 =   -5.62736288388870     
Step   140 of   200--------------------------------
 number of walkers =           84
 et =   -5.62680420929241     
 e0 =   -5.62705215227373     
Step   141 of   200--------------------------------
 number of walkers =           83
 et =   -5.62647468570696     
 e0 =   -5.62674972589316     
Step   142 of   200--------------------------------
 number of walkers =           82
 et =   -5.62655879343259     
 e0 =   -5.62682828602708     
Step   143 of   200--------------------------------
 number of walkers =           83
 et =   -5.62575963411005     
 e0 =   -5.62604400804757     
Step   144 of   200--------------------------------
 number of walkers =           83
 et =   -5.62735242145357     
 e0 =   -5.62753667045281     
Step   145 of   200--------------------------------
 number of walkers =           84
 et =   -5.62677465760461     
 e0 =   -5.62697492408877     
Step   146 of   200--------------------------------
 number of walkers =           85
 et =   -5.62579385131666     
 e0 =   -5.62606749188468     
Step   147 of   200--------------------------------
 number of walkers =           84
 et =   -5.62563256221456     
 e0 =   -5.62592285526524     
Step   148 of   200--------------------------------
 number of walkers =           84
 et =   -5.62682429418780     
 e0 =   -5.62703553799731     
Step   149 of   200--------------------------------
 number of walkers =           84
 et =   -5.62731171023515     
 e0 =   -5.62748670359285     
Step   150 of   200--------------------------------
 number of walkers =           82
 et =   -5.62690040318102     
 e0 =   -5.62712697463725     
Step   151 of   200--------------------------------
 number of walkers =           85
 et =   -5.62614311091976     
 e0 =   -5.62638794799563     
Step   152 of   200--------------------------------
 number of walkers =           85
 et =   -5.62583000444164     
 e0 =   -5.62614068711797     
Step   153 of   200--------------------------------
 number of walkers =           85
 et =   -5.62638538791291     
 e0 =   -5.62667473224839     
Step   154 of   200--------------------------------
 number of walkers =           84
 et =   -5.62796871769138     
 e0 =   -5.62815917446080     
Step   155 of   200--------------------------------
 number of walkers =           87
 et =   -5.62790734986885     
 e0 =   -5.62817228985587     
Step   156 of   200--------------------------------
 number of walkers =           86
 et =   -5.62572069684067     
 e0 =   -5.62611914246166     
Step   157 of   200--------------------------------
 number of walkers =           88
 et =   -5.62528697917452     
 e0 =   -5.62567584625548     
Step   158 of   200--------------------------------
 number of walkers =           88
 et =   -5.62610756727243     
 e0 =   -5.62642393847995     
Step   159 of   200--------------------------------
 number of walkers =           87
 et =   -5.62602138555490     
 e0 =   -5.62637116596899     
Step   160 of   200--------------------------------
 number of walkers =           86
 et =   -5.62557383941789     
 e0 =   -5.62591796928009     
Step   161 of   200--------------------------------
 number of walkers =           89
 et =   -5.62602834662765     
 e0 =   -5.62634542318158     
Step   162 of   200--------------------------------
 number of walkers =           87
 et =   -5.62594543481486     
 e0 =   -5.62628835139495     
Step   163 of   200--------------------------------
 number of walkers =           89
 et =   -5.62658073103495     
 e0 =   -5.62686053225144     
Step   164 of   200--------------------------------
 number of walkers =           87
 et =   -5.62603356396156     
 e0 =   -5.62639545351165     
Step   165 of   200--------------------------------
 number of walkers =           87
 et =   -5.62593005082553     
 e0 =   -5.62629990491420     
Step   166 of   200--------------------------------
 number of walkers =           87
 et =   -5.62513164346540     
 e0 =   -5.62552694381937     
Step   167 of   200--------------------------------
 number of walkers =           88
 et =   -5.62540656029477     
 e0 =   -5.62579124557579     
Step   168 of   200--------------------------------
 number of walkers =           88
 et =   -5.62486632577693     
 e0 =   -5.62523804275473     
Step   169 of   200--------------------------------
 number of walkers =           85
 et =   -5.62565772062498     
 e0 =   -5.62600318775774     
Step   170 of   200--------------------------------
 number of walkers =           84
 et =   -5.62592289765012     
 e0 =   -5.62622049808915     
Step   171 of   200--------------------------------
 number of walkers =           87
 et =   -5.62523419293827     
 e0 =   -5.62553986144077     
Step   172 of   200--------------------------------
 number of walkers =           87
 et =   -5.62440050814079     
 e0 =   -5.62473156434109     
Step   173 of   200--------------------------------
 number of walkers =           88
 et =   -5.62537297262536     
 e0 =   -5.62563065230248     
Step   174 of   200--------------------------------
 number of walkers =           92
 et =   -5.62529937164964     
 e0 =   -5.62553808560055     
Step   175 of   200--------------------------------
 number of walkers =           91
 et =   -5.62341708670008     
 e0 =   -5.62371353971076     
Step   176 of   200--------------------------------
 number of walkers =           90
 et =   -5.62532622026162     
 e0 =   -5.62553852951905     
Step   177 of   200--------------------------------
 number of walkers =           88
 et =   -5.62498952536005     
 e0 =   -5.62530831897902     
Step   178 of   200--------------------------------
 number of walkers =           92
 et =   -5.62510830974175     
 e0 =   -5.62543954383390     
Step   179 of   200--------------------------------
 number of walkers =           91
 et =   -5.62595690850050     
 e0 =   -5.62629817275888     
Step   180 of   200--------------------------------
 number of walkers =           90
 et =   -5.62618062521376     
 e0 =   -5.62648913223208     
Step   181 of   200--------------------------------
 number of walkers =           87
 et =   -5.62482289279901     
 e0 =   -5.62517408287591     
Step   182 of   200--------------------------------
 number of walkers =           89
 et =   -5.62691705861777     
 e0 =   -5.62713277362495     
Step   183 of   200--------------------------------
 number of walkers =           88
 et =   -5.62572709149107     
 e0 =   -5.62597907237185     
Step   184 of   200--------------------------------
 number of walkers =           91
 et =   -5.62531022868306     
 e0 =   -5.62555994691569     
Step   185 of   200--------------------------------
 number of walkers =           91
 et =   -5.62519089384567     
 e0 =   -5.62547116184296     
Step   186 of   200--------------------------------
 number of walkers =           91
 et =   -5.62426808859223     
 e0 =   -5.62455658000565     
Step   187 of   200--------------------------------
 number of walkers =           92
 et =   -5.62480578580039     
 e0 =   -5.62503904718319     
Step   188 of   200--------------------------------
 number of walkers =           94
 et =   -5.62568629223168     
 e0 =   -5.62585615623540     
Step   189 of   200--------------------------------
 number of walkers =           95
 et =   -5.62513309972360     
 e0 =   -5.62536072801870     
Step   190 of   200--------------------------------
 number of walkers =           95
 et =   -5.62524868541572     
 e0 =   -5.62544279438096     
Step   191 of   200--------------------------------
 number of walkers =           95
 et =   -5.62450738547500     
 e0 =   -5.62470712857789     
Step   192 of   200--------------------------------
 number of walkers =           93
 et =   -5.62540235767643     
 e0 =   -5.62557747523477     
Step   193 of   200--------------------------------
 number of walkers =           94
 et =   -5.62701469834571     
 e0 =   -5.62715138965966     
Step   194 of   200--------------------------------
 number of walkers =           93
 et =   -5.62697511279046     
 e0 =   -5.62710090627284     
Step   195 of   200--------------------------------
 number of walkers =           91
 et =   -5.62577218759706     
 e0 =   -5.62598188353636     
Step   196 of   200--------------------------------
 number of walkers =           87
 et =   -5.62570209068257     
 e0 =   -5.62594803534371     
Step   197 of   200--------------------------------
 number of walkers =           89
 et =   -5.62565729399712     
 e0 =   -5.62592995468249     
Step   198 of   200--------------------------------
 number of walkers =           89
 et =   -5.62512261200791     
 e0 =   -5.62539486068711     
Step   199 of   200--------------------------------
 number of walkers =           90
 et =   -5.62455139231889     
 e0 =   -5.62487758186345     
Step   200 of   200--------------------------------
 number of walkers =           90
 et =   -5.62533761391308     
 e0 =   -5.62564512046248     
 number of walkers =           90
 e0 =   -5.62564512046248     
 Number of energy calculations =        17289
