SLURM_NTASKS: 1
SLURM_NTASKS_PER_NODE: 1
SLURM_CPUS_PER_TASK: 1
 Input in Angstroem
 Free boundary conditions
 Reading input file completed
 hessian: 
 
  0.2494E-04,   0.000    ,  0.1007E-11, -0.3741E-05,   0.000    , -0.1007E-11, -0.4189E-04,   0.000    ,  0.1214E-04, -0.1605E-04, -0.1488E-04, -0.5873E-05, -0.1605E-04,  0.1488E-04, -0.5873E-05,  0.3915E-06,   0.000    ,  0.5090E-05,  0.3915E-06,  0.3477E-11, -0.2349E-05,  0.3915E-06, -0.3477E-11, -0.2349E-05
   0.000    ,  0.2494E-04,   0.000    ,   0.000    , -0.3628E-05,   0.000    ,   0.000    , -0.7830E-05,   0.000    , -0.1488E-04, -0.3289E-04, -0.1057E-04,  0.1488E-04, -0.3289E-04,  0.1057E-04,   0.000    ,   0.000    ,   0.000    ,   0.000    ,   0.000    , -0.4698E-05,   0.000    ,   0.000    ,  0.4698E-05
  0.1007E-11,   0.000    ,  0.2199E-04, -0.1007E-11,   0.000    , -0.1020E-04,  0.1214E-04,   0.000    , -0.1253E-04, -0.5873E-05, -0.1057E-04, -0.1175E-04, -0.5873E-05,  0.1057E-04, -0.1175E-04, -0.3477E-11,   0.000    , -0.1566E-05,  0.3477E-11, -0.3915E-06, -0.1566E-05,  0.3477E-11,  0.3915E-06, -0.1566E-05
 -0.3741E-05,   0.000    , -0.1007E-11,  0.2494E-04,   0.000    ,  0.1007E-11,  0.3915E-06,   0.000    ,  0.5090E-05,  0.3915E-06,  0.3477E-11, -0.2349E-05,  0.3915E-06, -0.3477E-11, -0.2349E-05, -0.4189E-04,   0.000    ,  0.1214E-04, -0.1605E-04, -0.1488E-04, -0.5873E-05, -0.1605E-04,  0.1488E-04, -0.5873E-05
   0.000    , -0.3628E-05,   0.000    ,   0.000    ,  0.2494E-04,   0.000    ,   0.000    ,   0.000    ,   0.000    ,   0.000    ,   0.000    , -0.4698E-05,   0.000    ,   0.000    ,  0.4698E-05,   0.000    , -0.7830E-05,   0.000    , -0.1488E-04, -0.3289E-04, -0.1057E-04,  0.1488E-04, -0.3289E-04,  0.1057E-04
 -0.1007E-11,   0.000    , -0.1020E-04,  0.1007E-11,   0.000    ,  0.2199E-04, -0.3477E-11,   0.000    , -0.1566E-05,  0.3477E-11, -0.3915E-06, -0.1566E-05,  0.3477E-11,  0.3915E-06, -0.1566E-05,  0.1214E-04,   0.000    , -0.1253E-04, -0.5873E-05, -0.1057E-04, -0.1175E-04, -0.5873E-05,  0.1057E-04, -0.1175E-04
 -0.4189E-04,   0.000    ,  0.1214E-04,  0.3915E-06,   0.000    , -0.3477E-11,  0.1501E-03,   0.000    , -0.4597E-04, -0.4056E-05,  0.1352E-05,  0.2704E-05, -0.4056E-05, -0.1352E-05,  0.2704E-05,  0.1352E-05,   0.000    , -0.1352E-05,  0.1201E-10, -0.1352E-05, -0.1352E-05,  0.1201E-10,  0.1352E-05, -0.1352E-05
   0.000    , -0.7830E-05,   0.000    ,   0.000    ,   0.000    ,   0.000    ,   0.000    ,  0.2434E-04,   0.000    , -0.1217E-04,  0.1352E-05,  0.5408E-05,  0.1217E-04,  0.1352E-05, -0.5408E-05,   0.000    ,   0.000    ,   0.000    ,  0.1352E-05,   0.000    ,   0.000    , -0.1352E-05,   0.000    ,   0.000    
  0.1214E-04,   0.000    , -0.1214E-04,  0.5090E-05,   0.000    , -0.1566E-05, -0.4597E-04,   0.000    ,  0.4597E-04, -0.5408E-05,   0.000    ,  0.1352E-05, -0.5408E-05,   0.000    ,  0.1352E-05, -0.1352E-05,   0.000    , -0.2704E-05,   0.000    ,   0.000    ,  0.1352E-05,   0.000    ,   0.000    ,  0.1352E-05
 -0.1605E-04, -0.1488E-04, -0.5873E-05,  0.3915E-06,   0.000    ,  0.3477E-11, -0.4056E-05, -0.1217E-04, -0.5408E-05,  0.5544E-04,  0.5544E-04,  0.2434E-04,  0.4056E-05,  0.6761E-05,  0.4056E-05,  0.1201E-10,   0.000    ,   0.000    ,  0.1201E-10,   0.000    ,  0.1352E-05, -0.1352E-05,   0.000    ,  0.1352E-05
 -0.1488E-04, -0.3289E-04, -0.1057E-04,  0.3477E-11,   0.000    , -0.3915E-06,  0.1352E-05,  0.1352E-05,   0.000    ,  0.5544E-04,  0.1176E-03,  0.4192E-04, -0.6761E-05, -0.9465E-05, -0.5408E-05, -0.1352E-05,   0.000    ,   0.000    ,   0.000    ,  0.1352E-05,  0.1352E-05,   0.000    ,  0.1201E-10,   0.000    
 -0.5873E-05, -0.1057E-04, -0.1175E-04, -0.2349E-05, -0.4698E-05, -0.1566E-05,  0.2704E-05,  0.5408E-05,  0.1352E-05,  0.2569E-04,  0.4192E-04,  0.4597E-04,  0.4056E-05,  0.5408E-05,  0.1352E-05, -0.1352E-05,   0.000    ,  0.1352E-05,  0.1352E-05,  0.1352E-05, -0.2704E-05,  0.1352E-05,   0.000    ,  0.1201E-10
 -0.1605E-04,  0.1488E-04, -0.5873E-05,  0.3915E-06,   0.000    ,  0.3477E-11, -0.4056E-05,  0.1217E-04, -0.5408E-05,  0.4056E-05, -0.6761E-05,  0.4056E-05,  0.5544E-04, -0.5544E-04,  0.2434E-04,  0.1201E-10,   0.000    ,   0.000    , -0.1352E-05,   0.000    ,  0.1352E-05,  0.1201E-10,   0.000    ,  0.1352E-05
  0.1488E-04, -0.3289E-04,  0.1057E-04, -0.3477E-11,   0.000    ,  0.3915E-06, -0.1352E-05,  0.1352E-05,   0.000    ,  0.6761E-05, -0.9465E-05,  0.5408E-05, -0.5544E-04,  0.1176E-03, -0.4192E-04,  0.1352E-05,   0.000    ,   0.000    ,   0.000    ,  0.1201E-10,   0.000    ,   0.000    ,  0.1352E-05, -0.1352E-05
 -0.5873E-05,  0.1057E-04, -0.1175E-04, -0.2349E-05,  0.4698E-05, -0.1566E-05,  0.2704E-05, -0.5408E-05,  0.1352E-05,  0.4056E-05, -0.5408E-05,  0.1352E-05,  0.2569E-04, -0.4192E-04,  0.4597E-04, -0.1352E-05,   0.000    ,  0.1352E-05,  0.1352E-05,   0.000    ,  0.1201E-10,  0.1352E-05, -0.1352E-05, -0.2704E-05
  0.3915E-06,   0.000    , -0.3477E-11, -0.4189E-04,   0.000    ,  0.1214E-04,  0.1352E-05,   0.000    , -0.1352E-05,  0.1201E-10, -0.1352E-05, -0.1352E-05,  0.1201E-10,  0.1352E-05, -0.1352E-05,  0.1501E-03,   0.000    , -0.4597E-04, -0.4056E-05,  0.1352E-05,  0.2704E-05, -0.4056E-05, -0.1352E-05,  0.2704E-05
   0.000    ,   0.000    ,   0.000    ,   0.000    , -0.7830E-05,   0.000    ,   0.000    ,   0.000    ,   0.000    ,  0.1352E-05,   0.000    ,   0.000    , -0.1352E-05,   0.000    ,   0.000    ,   0.000    ,  0.2434E-04,   0.000    , -0.1217E-04,  0.1352E-05,  0.5408E-05,  0.1217E-04,  0.1352E-05, -0.5408E-05
  0.5090E-05,   0.000    , -0.1566E-05,  0.1214E-04,   0.000    , -0.1253E-04, -0.1352E-05,   0.000    , -0.2704E-05,   0.000    ,   0.000    ,  0.1352E-05,   0.000    ,   0.000    ,  0.1352E-05, -0.4597E-04,   0.000    ,  0.4597E-04, -0.5408E-05,   0.000    ,  0.1352E-05, -0.5408E-05,   0.000    ,  0.1352E-05
  0.3915E-06,   0.000    ,  0.3477E-11, -0.1605E-04, -0.1488E-04, -0.5873E-05,  0.1201E-10,   0.000    ,   0.000    ,  0.1201E-10,   0.000    ,  0.1352E-05, -0.1352E-05,   0.000    ,  0.1352E-05, -0.4056E-05, -0.1217E-04, -0.5408E-05,  0.5544E-04,  0.5544E-04,  0.2569E-04,  0.4056E-05,  0.6761E-05,  0.4056E-05
  0.3477E-11,   0.000    , -0.3915E-06, -0.1488E-04, -0.3289E-04, -0.1057E-04, -0.1352E-05,   0.000    ,   0.000    ,   0.000    ,  0.1352E-05,  0.1352E-05,   0.000    ,  0.1201E-10,   0.000    ,  0.1352E-05,  0.1352E-05,   0.000    ,  0.5544E-04,  0.1176E-03,  0.4192E-04, -0.6761E-05, -0.9465E-05, -0.5408E-05
 -0.2349E-05, -0.4698E-05, -0.1566E-05, -0.5873E-05, -0.1057E-04, -0.1175E-04, -0.1352E-05,   0.000    ,  0.1352E-05,  0.1352E-05,  0.1352E-05, -0.2704E-05,  0.1352E-05,   0.000    ,  0.1201E-10,  0.2704E-05,  0.5408E-05,  0.1352E-05,  0.2434E-04,  0.4192E-04,  0.4597E-04,  0.4056E-05,  0.5408E-05,  0.1352E-05
  0.3915E-06,   0.000    ,  0.3477E-11, -0.1605E-04,  0.1488E-04, -0.5873E-05,  0.1201E-10,   0.000    ,   0.000    , -0.1352E-05,   0.000    ,  0.1352E-05,  0.1201E-10,   0.000    ,  0.1352E-05, -0.4056E-05,  0.1217E-04, -0.5408E-05,  0.4056E-05, -0.6761E-05,  0.4056E-05,  0.5544E-04, -0.5544E-04,  0.2569E-04
 -0.3477E-11,   0.000    ,  0.3915E-06,  0.1488E-04, -0.3289E-04,  0.1057E-04,  0.1352E-05,   0.000    ,   0.000    ,   0.000    ,  0.1201E-10,   0.000    ,   0.000    ,  0.1352E-05, -0.1352E-05, -0.1352E-05,  0.1352E-05,   0.000    ,  0.6761E-05, -0.9465E-05,  0.5408E-05, -0.5544E-04,  0.1176E-03, -0.4192E-04
 -0.2349E-05,  0.4698E-05, -0.1566E-05, -0.5873E-05,  0.1057E-04, -0.1175E-04, -0.1352E-05,   0.000    ,  0.1352E-05,  0.1352E-05,   0.000    ,  0.1201E-10,  0.1352E-05, -0.1352E-05, -0.2704E-05,  0.2704E-05, -0.5408E-05,  0.1352E-05,  0.4056E-05, -0.5408E-05,  0.1352E-05,  0.2434E-04, -0.4192E-04,  0.4597E-04
 
 eigenvalues_full: 
 
 -0.1046E-05
 -0.8018E-06
 -0.4989E-06
 -0.2275E-06
  0.8270E-06
  0.9236E-06
  0.2584E-05
  0.1376E-04
  0.1467E-04
  0.2064E-04
  0.3059E-04
  0.3207E-04
  0.3769E-04
  0.4263E-04
  0.4319E-04
  0.4372E-04
  0.4374E-04
  0.4435E-04
  0.1684E-03
  0.1767E-03
  0.1838E-03
  0.1868E-03
  0.1872E-03
  0.1889E-03
 
 eigenvectors: 
 
  0.1823E-13, -0.4029    ,  0.6686E-14, -0.2244E-13,  0.6645    ,  0.2933    , -0.6617E-14,  0.1837    , -0.1555E-14,  0.3432E-02, -0.1887E-14, -0.3931    , -0.5814E-01, -0.6136E-01, -0.1124    ,  0.6989E-01,  0.3078E-13, -0.2809E-14,  0.2411E-01, -0.1399E-01, -0.3433E-15, -0.2549    ,  0.1773    ,  0.1506E-14
 -0.1744    , -0.7460E-14,  0.7763    ,  0.2698E-01, -0.4152E-14, -0.1881E-14,  0.1531    ,  0.2173E-14,  0.1981    , -0.1183E-14,  0.4250    , -0.2054E-14,  0.3614E-15,  0.3280E-16, -0.5285E-14,  0.8042E-14, -0.2603E-01,  0.1609    ,  0.2994E-15,  0.1374E-14, -0.2269    , -0.2617E-14, -0.2243E-14, -0.2117    
 -0.1970E-13,  0.4200    ,  0.1805E-14,  0.8417E-15,  0.3884    , -0.2631    , -0.2802E-14, -0.6748E-01,  0.7159E-16, -0.5783    , -0.1086E-14, -0.3150E-01,  0.2673    , -0.3661    ,  0.1592    ,  0.3686E-01,  0.2494E-14,  0.2332E-14, -0.1315    ,  0.1178    ,  0.2516E-15, -0.1007E-01,  0.5137E-02,  0.1059E-15
  0.2393E-13, -0.4839    ,  0.1106E-14, -0.7517E-14,  0.1430    , -0.6514    , -0.4062E-14,  0.2148    , -0.2210E-14, -0.1714E-02,  0.2096E-14,  0.3969    , -0.3667E-01, -0.2997E-01, -0.2744E-01,  0.1318    ,  0.4922E-13,  0.1497E-16, -0.2609E-01, -0.1970E-01, -0.3423E-14,  0.1725    ,  0.2575    , -0.1732E-14
  0.3983    ,  0.7721E-14,  0.2214    ,  0.6701    ,  0.1215E-13,  0.3579E-14,  0.5166E-02,  0.1318E-14,  0.1966    ,  0.5604E-15, -0.4223    ,  0.1582E-14, -0.3247E-15,  0.1075E-14, -0.9175E-14,  0.5660E-13, -0.1524    ,  0.8551E-01,  0.7833E-15,  0.2946E-15,  0.2075    , -0.4712E-15,  0.1439E-14, -0.2295    
 -0.1996E-13,  0.4236    ,  0.1887E-14,  0.6622E-15,  0.3924    , -0.2506    , -0.3952E-14, -0.5051E-01,  0.2005E-14,  0.5782    ,  0.4194E-15,  0.7929E-02,  0.3012    ,  0.3055    , -0.2136    ,  0.7636E-01,  0.4217E-13, -0.3695E-14,  0.1277    ,  0.1215    ,  0.1561E-15,  0.9758E-02,  0.1017E-01,  0.7305E-15
  0.5004E-14, -0.1134    ,  0.2297E-14, -0.7393E-14,  0.2284    ,  0.1447    , -0.2221E-14, -0.1123    ,  0.9069E-15, -0.1589E-01,  0.4510E-15,  0.5469E-01, -0.2054    ,  0.7186E-01, -0.2044    , -0.1178E-01,  0.5310E-14, -0.5064E-14, -0.4313    ,  0.3990    ,  0.1950E-14,  0.5589    , -0.3889    , -0.2781E-14
  0.2479    ,  0.1590E-13,  0.3057    , -0.2546    , -0.3112E-14, -0.2314E-14,  0.4179    , -0.2366E-14, -0.2705    ,  0.1100E-14, -0.2217    ,  0.1027E-14,  0.3697E-15,  0.5144E-14,  0.1132E-13,  0.5727E-13, -0.1424    , -0.6804    , -0.1711E-16,  0.4756E-16, -0.9995E-02,  0.4751E-16, -0.6880E-16, -0.4989E-03
 -0.6028E-14,  0.1252    ,  0.1518E-14, -0.2424E-14,  0.1996    ,  0.8136E-01, -0.1465E-14, -0.4529    ,  0.3352E-14, -0.2462    ,  0.2193E-14,  0.4222    , -0.4127    ,  0.1414    , -0.4264    , -0.8530E-01, -0.1132E-13, -0.1152E-13,  0.1579    , -0.1477    , -0.7596E-15, -0.2084    ,  0.1558    ,  0.1090E-14
  0.3025    , -0.1353    ,  0.2333E-01, -0.1886    ,  0.2121    ,  0.1473    ,  0.3521    , -0.2216    , -0.5772E-03,  0.6184E-02,  0.6174E-01,  0.1909    ,  0.1467    ,  0.1408    ,  0.4290    , -0.4330E-01,  0.4675E-01,  0.3742    ,  0.1810    , -0.1742    ,  0.2378    ,  0.1648    , -0.1088    ,  0.2141    
 -0.2781    , -0.1086E-02,  0.2687    ,  0.7559E-01,  0.1065E-01, -0.5597E-02, -0.1717    ,  0.2508E-01, -0.1416    ,  0.1821E-01, -0.7623E-01, -0.8753E-01,  0.4772E-01, -0.3103    , -0.2756    ,  0.6812E-01, -0.7251E-02, -0.3779E-01,  0.3071    , -0.3084    ,  0.3964    ,  0.2936    , -0.1907    ,  0.3616    
  0.1096    ,  0.1390    , -0.1223    ,  0.1008    ,  0.5374E-01, -0.1520    ,  0.1974E-01,  0.2616    ,  0.4182    , -0.2270    ,  0.3534    , -0.2104    , -0.2493    ,  0.4007    ,  0.6756E-01, -0.5728E-01, -0.7542E-01, -0.3090    ,  0.1267    , -0.1396    ,  0.1789    ,  0.1302    , -0.8609E-01,  0.1718    
 -0.3025    , -0.1353    , -0.2333E-01,  0.1886    ,  0.2121    ,  0.1473    , -0.3521    , -0.2216    ,  0.5772E-03,  0.6184E-02, -0.6174E-01,  0.1909    ,  0.1467    ,  0.1408    ,  0.4290    , -0.4330E-01, -0.4675E-01, -0.3742    ,  0.1810    , -0.1742    , -0.2378    ,  0.1648    , -0.1088    , -0.2141    
 -0.2781    ,  0.1086E-02,  0.2687    ,  0.7559E-01, -0.1065E-01,  0.5597E-02, -0.1717    , -0.2508E-01, -0.1416    , -0.1821E-01, -0.7623E-01,  0.8753E-01, -0.4772E-01,  0.3103    ,  0.2756    , -0.6812E-01, -0.7251E-02, -0.3779E-01, -0.3071    ,  0.3084    ,  0.3964    , -0.2936    ,  0.1907    ,  0.3616    
 -0.1096    ,  0.1390    ,  0.1223    , -0.1008    ,  0.5374E-01, -0.1520    , -0.1974E-01,  0.2616    , -0.4182    , -0.2270    , -0.3534    , -0.2104    , -0.2493    ,  0.4007    ,  0.6756E-01, -0.5728E-01,  0.7542E-01,  0.3090    ,  0.1267    , -0.1396    , -0.1789    ,  0.1302    , -0.8609E-01, -0.1718    
  0.7297E-14, -0.1481    ,  0.1720E-15, -0.1426E-14,  0.8484E-02, -0.2540    , -0.9327E-15, -0.1010    ,  0.4644E-15,  0.2566E-01,  0.3973E-15, -0.3278E-01, -0.2278    , -0.1144    ,  0.1188    ,  0.1167    ,  0.3599E-13,  0.3418E-14,  0.4238    ,  0.4224    ,  0.7861E-14, -0.3711    , -0.5596    ,  0.6055E-14
 -0.1270    , -0.1535E-13, -0.1037    ,  0.4703    ,  0.1436E-13,  0.1877E-14,  0.3854    , -0.2038E-14, -0.2584    ,  0.4014E-15,  0.1835    , -0.3053E-15, -0.6585E-15, -0.7660E-14,  0.3561E-13, -0.2586E-12,  0.6962    , -0.1350    ,  0.6492E-16,  0.2493E-15,  0.5881E-02,  0.1498E-16, -0.7033E-16, -0.4991E-02
 -0.4356E-14,  0.9766E-01, -0.2861E-15,  0.2387E-14,  0.2286E-01, -0.2373    , -0.4488E-15, -0.4402    ,  0.3721E-14,  0.2702    ,  0.3331E-15, -0.3748    , -0.4787    , -0.1992    ,  0.2954    ,  0.2362    ,  0.7154E-13,  0.8389E-14, -0.1552    , -0.1562    , -0.3042E-14,  0.1344    ,  0.2189    , -0.2150E-14
 -0.2697    , -0.1742    , -0.1291    ,  0.2145    , -0.6214E-02, -0.2429    ,  0.3426    , -0.2242    ,  0.3900E-02, -0.1913E-02, -0.6375E-01, -0.1974    ,  0.1516    ,  0.5829E-01, -0.1049    , -0.4254    , -0.3671    ,  0.7300E-01, -0.1749    , -0.1774    , -0.2190    , -0.1178    , -0.1646    ,  0.2348    
  0.3208    , -0.6919E-03,  0.1047    ,  0.1303    ,  0.1202E-01, -0.6901E-02, -0.2286    ,  0.2691E-01, -0.1454    , -0.1560E-01,  0.8655E-01,  0.8596E-01,  0.5016E-01,  0.1005    , -0.3160E-01,  0.4096    ,  0.4190E-01,  0.6869E-03, -0.2940    , -0.3111    , -0.3630    , -0.2094    , -0.2881    ,  0.3933    
 -0.1007    ,  0.1609    ,  0.8181E-01, -0.1331    ,  0.1485    ,  0.2754E-01,  0.5662E-01,  0.2765    ,  0.4183    ,  0.2148    , -0.3647    ,  0.2174    , -0.2415    , -0.2344    ,  0.1370    , -0.2973    ,  0.3020    , -0.2368E-01, -0.1225    , -0.1423    , -0.1649    , -0.9343E-01, -0.1306    ,  0.1879    
  0.2697    , -0.1742    ,  0.1291    , -0.2145    , -0.6214E-02, -0.2429    , -0.3426    , -0.2242    , -0.3900E-02, -0.1913E-02,  0.6375E-01, -0.1974    ,  0.1516    ,  0.5829E-01, -0.1049    , -0.4254    ,  0.3671    , -0.7300E-01, -0.1749    , -0.1774    ,  0.2190    , -0.1178    , -0.1646    , -0.2348    
  0.3208    ,  0.6919E-03,  0.1047    ,  0.1303    , -0.1202E-01,  0.6901E-02, -0.2286    , -0.2691E-01, -0.1454    ,  0.1560E-01,  0.8655E-01, -0.8596E-01, -0.5016E-01, -0.1005    ,  0.3160E-01, -0.4096    ,  0.4190E-01,  0.6869E-03,  0.2940    ,  0.3111    , -0.3630    ,  0.2094    ,  0.2881    ,  0.3933    
  0.1007    ,  0.1609    , -0.8181E-01,  0.1331    ,  0.1485    ,  0.2754E-01, -0.5662E-01,  0.2765    , -0.4183    ,  0.2148    ,  0.3647    ,  0.2174    , -0.2415    , -0.2344    ,  0.1370    , -0.2973    , -0.3020    ,  0.2368E-01, -0.1225    , -0.1423    ,  0.1649    , -0.9343E-01, -0.1306    , -0.1879    
 
 delta(i,j): 
 
   1.000    ,  0.3227E-15, -0.8674E-16, -0.1284E-15,  0.1318E-15, -0.8327E-16, -0.1214E-16,  0.7286E-16,  0.6939E-17,  0.4510E-16,  0.2984E-15,  0.3469E-17,  0.4510E-16, -0.9021E-16,  0.1162E-15,  0.6592E-16,  0.4163E-16,  0.1383E-15, -0.1579E-15,  0.2030E-15,  0.3816E-16,  0.5204E-17, -0.4337E-16,  0.2255E-15
  0.3227E-15,   1.000    ,  0.1197E-15, -0.7633E-16, -0.3261E-15, -0.2489E-15, -0.2446E-15, -0.1388E-16, -0.1804E-15,  0.2082E-16,  0.9714E-16,  0.9021E-16,  0.1041E-15,  0.7633E-16,  0.7633E-16, -0.2776E-16,  0.1596E-15,  0.1301E-17,  0.1457E-15, -0.1041E-16,  0.2776E-16,  0.1700E-15, -0.2359E-15, -0.7980E-16
 -0.8674E-16,  0.1197E-15,   1.000    ,  0.1318E-15,  0.3157E-15, -0.3452E-15, -0.5464E-16,  0.1561E-15,  0.6245E-16, -0.1596E-15, -0.2082E-15,  0.1006E-15,  0.8674E-16, -0.1076E-15,  0.1683E-15, -0.1735E-16,  0.2082E-15,  0.1498E-15,  0.2949E-16, -0.8847E-16, -0.3469E-16, -0.8760E-16,  0.9888E-16, -0.1128E-15
 -0.1284E-15, -0.7633E-16,  0.1318E-15,   1.000    , -0.2047E-15, -0.2632E-15,  0.6332E-16, -0.2082E-15, -0.1110E-15, -0.6939E-17,  0.6939E-16, -0.1457E-15,  0.8327E-16,  0.1596E-15,  0.4857E-16,  0.8327E-16, -0.1249E-15, -0.9845E-16, -0.1041E-15, -0.2776E-16,  0.1839E-15, -0.3816E-16, -0.2394E-15,  0.2082E-16
  0.1318E-15, -0.3261E-15,  0.3157E-15, -0.2047E-15,   1.000    ,  0.6765E-16,  0.3331E-15,  0.1665E-15, -0.1180E-15, -0.1110E-15, -0.7633E-16,  0.5551E-16, -0.2498E-15,  0.3469E-16, -0.9714E-16, -0.6939E-17,  0.2082E-16, -0.4337E-16, -0.3816E-16,  0.1180E-15,  0.3469E-17, -0.5222E-15, -0.4510E-16,  0.1076E-15
 -0.8327E-16, -0.2489E-15, -0.3452E-15, -0.2632E-15,  0.6765E-16,   1.000    ,  0.1628E-15,  0.1180E-15,  0.1058E-15,  0.3990E-16, -0.6072E-16, -0.2333E-15, -0.5378E-16, -0.2411E-15, -0.1084E-15, -0.1023E-15,  0.1683E-15, -0.2579E-15,  0.5161E-16, -0.3990E-16,  0.3469E-17, -0.1717E-15,  0.3990E-16,  0.9628E-16
 -0.1214E-16, -0.2446E-15, -0.5464E-16,  0.6332E-16,  0.3331E-15,  0.1628E-15,   1.000    , -0.1284E-15, -0.2186E-15, -0.2949E-16, -0.5898E-16, -0.1388E-15,  0.2012E-15,  0.1995E-15,  0.9107E-16, -0.1110E-15,  0.3469E-17,  0.3686E-16, -0.1188E-15,  0.1579E-15,  0.2082E-15,  0.9628E-16,  0.3469E-17,  0.6418E-16
  0.7286E-16, -0.1388E-16,  0.1561E-15, -0.2082E-15,  0.1665E-15,  0.1180E-15, -0.1284E-15,   1.000    , -0.9714E-16, -0.1457E-15, -0.1110E-15,  0.1388E-16, -0.1943E-15, -0.2914E-15,  0.3886E-15,  0.5551E-16,  0.4441E-15,  0.2914E-15,  0.1180E-15,  0.4857E-16, -0.4163E-16, -0.1839E-15, -0.2776E-16, -0.2151E-15
  0.6939E-17, -0.1804E-15,  0.6245E-16, -0.1110E-15, -0.1180E-15,  0.1058E-15, -0.2186E-15, -0.9714E-16,   1.000    ,  0.1249E-15, -0.8327E-16, -0.1110E-15, -0.1110E-15, -0.5551E-16, -0.2082E-16, -0.2220E-15,  0.5551E-15,  0.2082E-15, -0.8327E-16,  0.1665E-15,  0.5551E-16,  0.1596E-15,  0.1041E-15,   0.000    
  0.4510E-16,  0.2082E-16, -0.1596E-15, -0.6939E-17, -0.1110E-15,  0.3990E-16, -0.2949E-16, -0.1457E-15,  0.1249E-15,   1.000    , -0.4025E-15,  0.6245E-15,  0.6939E-17,  0.1943E-15, -0.9021E-16, -0.6939E-16, -0.1527E-15,  0.3287E-15,  0.2325E-15,  0.1249E-15,  0.2776E-16, -0.7286E-16, -0.1735E-16, -0.4163E-16
  0.2984E-15,  0.9714E-16, -0.2082E-15,  0.6939E-16, -0.7633E-16, -0.6072E-16, -0.5898E-16, -0.1110E-15, -0.8327E-16, -0.4025E-15,   1.000    , -0.4718E-15, -0.6661E-15,  0.1804E-15,  0.1943E-15,  0.9714E-16,  0.2776E-16, -0.4233E-15, -0.1180E-15, -0.1457E-15,  0.1110E-15,  0.1249E-15,  0.6245E-16,  0.2776E-16
  0.3469E-17,  0.9021E-16,  0.1006E-15, -0.1457E-15,  0.5551E-16, -0.2333E-15, -0.1388E-15,  0.1388E-16, -0.1110E-15,  0.6245E-15, -0.4718E-15,   1.000    , -0.2082E-16, -0.4163E-15, -0.4094E-15,  0.1388E-15, -0.1527E-15,  0.9714E-16,  0.1874E-15, -0.4267E-15,  0.6939E-17,  0.1596E-15, -0.5204E-16,  0.1388E-16
  0.4510E-16,  0.1041E-15,  0.8674E-16,  0.8327E-16, -0.2498E-15, -0.5378E-16,  0.2012E-15, -0.1943E-15, -0.1110E-15,  0.6939E-17, -0.6661E-15, -0.2082E-16,   1.000    ,  0.2498E-15,  0.1804E-15, -0.5551E-16, -0.1804E-15,  0.1032E-15,  0.3574E-15, -0.6939E-16, -0.6245E-16,  0.6592E-16, -0.2082E-16, -0.1318E-15
 -0.9021E-16,  0.7633E-16, -0.1076E-15,  0.1596E-15,  0.3469E-16, -0.2411E-15,  0.1995E-15, -0.2914E-15, -0.5551E-16,  0.1943E-15,  0.1804E-15, -0.4163E-15,  0.2498E-15,   1.000    ,  0.3261E-15, -0.2498E-15, -0.5412E-15,  0.5291E-16,  0.1145E-15,  0.3469E-16, -0.3539E-15,  0.2290E-15, -0.5551E-16, -0.1665E-15
  0.1162E-15,  0.7633E-16,  0.1683E-15,  0.4857E-16, -0.9714E-16, -0.1084E-15,  0.9107E-16,  0.3886E-15, -0.2082E-16, -0.9021E-16,  0.1943E-15, -0.4094E-15,  0.1804E-15,  0.3261E-15,   1.000    ,  0.6314E-15,  0.2220E-15,  0.4636E-15,  0.1769E-15, -0.4059E-15, -0.1665E-15,  0.2290E-15,  0.2082E-16, -0.4163E-16
  0.6592E-16, -0.2776E-16, -0.1735E-16,  0.8327E-16, -0.6939E-17, -0.1023E-15, -0.1110E-15,  0.5551E-16, -0.2220E-15, -0.6939E-16,  0.9714E-16,  0.1388E-15, -0.5551E-16, -0.2498E-15,  0.6314E-15,   1.000    , -0.7355E-15,  0.7026E-16,  0.2776E-16,  0.1457E-15,  0.6939E-17, -0.6939E-17,  0.6245E-16, -0.7633E-16
  0.4163E-16,  0.1596E-15,  0.2082E-15, -0.1249E-15,  0.2082E-16,  0.1683E-15,  0.3469E-17,  0.4441E-15,  0.5551E-15, -0.1527E-15,  0.2776E-16, -0.1527E-15, -0.1804E-15, -0.5412E-15,  0.2220E-15, -0.7355E-15,   1.000    ,  0.3469E-16,  0.1249E-15,  0.3123E-15,  0.1665E-15, -0.6939E-17,  0.3678E-15,  0.8327E-16
  0.1383E-15,  0.1301E-17,  0.1498E-15, -0.9845E-16, -0.4337E-16, -0.2579E-15,  0.3686E-16,  0.2914E-15,  0.2082E-15,  0.3287E-15, -0.4233E-15,  0.9714E-16,  0.1032E-15,  0.5291E-16,  0.4636E-15,  0.7026E-16,  0.3469E-16,   1.000    , -0.2186E-15,  0.8066E-16,  0.9151E-16, -0.5031E-16, -0.7329E-16,  0.9628E-16
 -0.1579E-15,  0.1457E-15,  0.2949E-16, -0.1041E-15, -0.3816E-16,  0.5161E-16, -0.1188E-15,  0.1180E-15, -0.8327E-16,  0.2325E-15, -0.1180E-15,  0.1874E-15,  0.3574E-15,  0.1145E-15,  0.1769E-15,  0.2776E-16,  0.1249E-15, -0.2186E-15,   1.000    ,  0.9714E-16, -0.1318E-15,  0.3660E-15,  0.2463E-15,  0.3782E-15
  0.2030E-15, -0.1041E-16, -0.8847E-16, -0.2776E-16,  0.1180E-15, -0.3990E-16,  0.1579E-15,  0.4857E-16,  0.1665E-15,  0.1249E-15, -0.1457E-15, -0.4267E-15, -0.6939E-16,  0.3469E-16, -0.4059E-15,  0.1457E-15,  0.3123E-15,  0.8066E-16,  0.9714E-16,   1.000    , -0.6939E-15,  0.1995E-15,  0.2776E-15,  0.1284E-15
  0.3816E-16,  0.2776E-16, -0.3469E-16,  0.1839E-15,  0.3469E-17,  0.3469E-17,  0.2082E-15, -0.4163E-16,  0.5551E-16,  0.2776E-16,  0.1110E-15,  0.6939E-17, -0.6245E-16, -0.3539E-15, -0.1665E-15,  0.6939E-17,  0.1665E-15,  0.9151E-16, -0.1318E-15, -0.6939E-15,   1.000    , -0.1388E-15, -0.2949E-15, -0.4406E-15
  0.5204E-17,  0.1700E-15, -0.8760E-16, -0.3816E-16, -0.5222E-15, -0.1717E-15,  0.9628E-16, -0.1839E-15,  0.1596E-15, -0.7286E-16,  0.1249E-15,  0.1596E-15,  0.6592E-16,  0.2290E-15,  0.2290E-15, -0.6939E-17, -0.6939E-17, -0.5031E-16,  0.3660E-15,  0.1995E-15, -0.1388E-15,   1.000    ,  0.1239E-14,  0.2741E-15
 -0.4337E-16, -0.2359E-15,  0.9888E-16, -0.2394E-15, -0.4510E-16,  0.3990E-16,  0.3469E-17, -0.2776E-16,  0.1041E-15, -0.1735E-16,  0.6245E-16, -0.5204E-16, -0.2082E-16, -0.5551E-16,  0.2082E-16,  0.6245E-16,  0.3678E-15, -0.7329E-16,  0.2463E-15,  0.2776E-15, -0.2949E-15,  0.1239E-14,   1.000    ,  0.2637E-15
  0.2255E-15, -0.7980E-16, -0.1128E-15,  0.2082E-16,  0.1076E-15,  0.9628E-16,  0.6418E-16, -0.2151E-15,   0.000    , -0.4163E-16,  0.2776E-16,  0.1388E-16, -0.1318E-15, -0.1665E-15, -0.4163E-16, -0.7633E-16,  0.8327E-16,  0.9628E-16,  0.3782E-15,  0.1284E-15, -0.4406E-15,  0.2741E-15,  0.2637E-15,   1.000    
 
forrtl: severe (24): end-of-file during read, unit 12, file /kernph/neisim02/guided_hessian/C2H6.ascii
Image              PC                Routine            Line        Source             
a.out              000000000042A42B  Unknown               Unknown  Unknown
a.out              0000000000449AA8  Unknown               Unknown  Unknown
a.out              0000000000424FAD  MAIN__                    185  read_hessian.f90
a.out              0000000000403852  Unknown               Unknown  Unknown
libc-2.17.so       00002B44A1E2F505  __libc_start_main     Unknown  Unknown
a.out              0000000000403769  Unknown               Unknown  Unknown
srun: error: psi55: task 0: Exited with exit code 24
