 Fermi distribution function

Difference derivative step: 371


********************************************************************************
 iSCC Total electronic   Diff electronic      SCC error    
    1   -0.10445084E+03    0.00000000E+00    0.28398047E-07
********************************************************************************

 Total charge:    -0.00000000

 Atomic gross charges (e)
 Atom           Charge
    1       0.00002110
    2       0.00002110
    3       0.00002110
    4       0.00002109
    5       0.00006290
    6       0.00006289
    7       0.00006288
    8       0.00006289
    9       0.00002882
   10       0.00002882
   11       0.00002881
   12       0.00002882
   13       0.00003342
   14       0.00003341
   15       0.00003340
   16       0.00003341
   17       0.00003340
   18       0.00003341
   19       0.00003339
   20       0.00003340
   21       0.00004533
   22       0.00004530
   23       0.00004530
   24       0.00004530
   25       0.00004530
   26       0.00004530
   27       0.00004528
   28       0.00004530
   29       0.00002490
   30       0.00002489
   31       0.00002489
   32       0.00002487
   33       0.00002489
   34       0.00002488
   35       0.00002487
   36       0.00002489
   37       0.00003295
   38       0.00003292
   39       0.00003294
   40       0.00003294
   41       0.00003295
   42       0.00003293
   43       0.00003294
   44       0.00003296
   45       0.00004263
   46       0.00004261
   47       0.00004263
   48       0.00004263
   49       0.00004261
   50       0.00004265
   51       0.00004263
   52       0.00004265
   53       0.00002551
   54       0.00002550
   55       0.00002551
   56       0.00002551
   57       0.00002551
   58       0.00002551
   59       0.00002551
   60       0.00002552
   61      -0.00104429
   62      -0.00104428

Nr. of electrons (up):    242.00000000
Atom populations (up)
 Atom       Population
    1       3.99997890
    2       3.99997890
    3       3.99997890
    4       3.99997891
    5       3.99993710
    6       3.99993711
    7       3.99993712
    8       3.99993711
    9       3.99997118
   10       3.99997118
   11       3.99997119
   12       3.99997118
   13       3.99996658
   14       3.99996659
   15       3.99996660
   16       3.99996659
   17       3.99996660
   18       3.99996659
   19       3.99996661
   20       3.99996660
   21       3.99995467
   22       3.99995470
   23       3.99995470
   24       3.99995470
   25       3.99995470
   26       3.99995470
   27       3.99995472
   28       3.99995470
   29       3.99997510
   30       3.99997511
   31       3.99997511
   32       3.99997513
   33       3.99997511
   34       3.99997512
   35       3.99997513
   36       3.99997511
   37       3.99996705
   38       3.99996708
   39       3.99996706
   40       3.99996706
   41       3.99996705
   42       3.99996707
   43       3.99996706
   44       3.99996704
   45       3.99995737
   46       3.99995739
   47       3.99995737
   48       3.99995737
   49       3.99995739
   50       3.99995735
   51       3.99995737
   52       3.99995735
   53       3.99997449
   54       3.99997450
   55       3.99997449
   56       3.99997449
   57       3.99997449
   58       3.99997449
   59       3.99997449
   60       3.99997448
   61       1.00104429
   62       1.00104428

l-shell populations (up)
 Atom Sh.   l       Population
    1   1   0       1.20256706
    1   2   1       2.79741184
    2   1   0       1.20256706
    2   2   1       2.79741184
    3   1   0       1.20256706
    3   2   1       2.79741184
    4   1   0       1.20256706
    4   2   1       2.79741185
    5   1   0       1.20255205
    5   2   1       2.79738505
    6   1   0       1.20255205
    6   2   1       2.79738506
    7   1   0       1.20255205
    7   2   1       2.79738507
    8   1   0       1.20255205
    8   2   1       2.79738506
    9   1   0       1.20256539
    9   2   1       2.79740578
   10   1   0       1.20256539
   10   2   1       2.79740579
   11   1   0       1.20256539
   11   2   1       2.79740580
   12   1   0       1.20256539
   12   2   1       2.79740579
   13   1   0       1.20256484
   13   2   1       2.79740174
   14   1   0       1.20256484
   14   2   1       2.79740175
   15   1   0       1.20256484
   15   2   1       2.79740175
   16   1   0       1.20256484
   16   2   1       2.79740175
   17   1   0       1.20256484
   17   2   1       2.79740175
   18   1   0       1.20256484
   18   2   1       2.79740175
   19   1   0       1.20256484
   19   2   1       2.79740176
   20   1   0       1.20256484
   20   2   1       2.79740176
   21   1   0       1.20255464
   21   2   1       2.79740003
   22   1   0       1.20255465
   22   2   1       2.79740006
   23   1   0       1.20255465
   23   2   1       2.79740006
   24   1   0       1.20255464
   24   2   1       2.79740005
   25   1   0       1.20255465
   25   2   1       2.79740006
   26   1   0       1.20255465
   26   2   1       2.79740005
   27   1   0       1.20255465
   27   2   1       2.79740008
   28   1   0       1.20255465
   28   2   1       2.79740005
   29   1   0       1.20256362
   29   2   1       2.79741148
   30   1   0       1.20256362
   30   2   1       2.79741150
   31   1   0       1.20256362
   31   2   1       2.79741149
   32   1   0       1.20256362
   32   2   1       2.79741151
   33   1   0       1.20256362
   33   2   1       2.79741149
   34   1   0       1.20256362
   34   2   1       2.79741150
   35   1   0       1.20256362
   35   2   1       2.79741151
   36   1   0       1.20256362
   36   2   1       2.79741149
   37   1   0       1.20255871
   37   2   1       2.79740834
   38   1   0       1.20255871
   38   2   1       2.79740836
   39   1   0       1.20255871
   39   2   1       2.79740835
   40   1   0       1.20255871
   40   2   1       2.79740834
   41   1   0       1.20255871
   41   2   1       2.79740834
   42   1   0       1.20255871
   42   2   1       2.79740836
   43   1   0       1.20255871
   43   2   1       2.79740835
   44   1   0       1.20255871
   44   2   1       2.79740833
   45   1   0       1.20255807
   45   2   1       2.79739930
   46   1   0       1.20255807
   46   2   1       2.79739933
   47   1   0       1.20255807
   47   2   1       2.79739931
   48   1   0       1.20255807
   48   2   1       2.79739930
   49   1   0       1.20255807
   49   2   1       2.79739932
   50   1   0       1.20255807
   50   2   1       2.79739929
   51   1   0       1.20255807
   51   2   1       2.79739931
   52   1   0       1.20255807
   52   2   1       2.79739928
   53   1   0       1.20256631
   53   2   1       2.79740818
   54   1   0       1.20256631
   54   2   1       2.79740819
   55   1   0       1.20256631
   55   2   1       2.79740818
   56   1   0       1.20256631
   56   2   1       2.79740818
   57   1   0       1.20256631
   57   2   1       2.79740818
   58   1   0       1.20256631
   58   2   1       2.79740818
   59   1   0       1.20256631
   59   2   1       2.79740818
   60   1   0       1.20256631
   60   2   1       2.79740817
   61   1   0       1.00104429
   62   1   0       1.00104428

Orbital populations (up)
 Atom Sh.   l   m       Population  Label
    1   1   0   0       1.20256706  s
    1   2   1  -1       0.99393509  p_y
    1   2   1   0       0.89383945  p_z
    1   2   1   1       0.90963730  p_x
    2   1   0   0       1.20256706  s
    2   2   1  -1       0.99393509  p_y
    2   2   1   0       0.89383945  p_z
    2   2   1   1       0.90963730  p_x
    3   1   0   0       1.20256706  s
    3   2   1  -1       0.99393509  p_y
    3   2   1   0       0.89383946  p_z
    3   2   1   1       0.90963730  p_x
    4   1   0   0       1.20256706  s
    4   2   1  -1       0.99393509  p_y
    4   2   1   0       0.89383946  p_z
    4   2   1   1       0.90963730  p_x
    5   1   0   0       1.20255205  s
    5   2   1  -1       0.89386135  p_y
    5   2   1   0       0.90965105  p_z
    5   2   1   1       0.99387264  p_x
    6   1   0   0       1.20255205  s
    6   2   1  -1       0.89386136  p_y
    6   2   1   0       0.90965105  p_z
    6   2   1   1       0.99387265  p_x
    7   1   0   0       1.20255205  s
    7   2   1  -1       0.89386136  p_y
    7   2   1   0       0.90965105  p_z
    7   2   1   1       0.99387266  p_x
    8   1   0   0       1.20255205  s
    8   2   1  -1       0.89386136  p_y
    8   2   1   0       0.90965105  p_z
    8   2   1   1       0.99387265  p_x
    9   1   0   0       1.20256539  s
    9   2   1  -1       0.90961799  p_y
    9   2   1   0       0.99392939  p_z
    9   2   1   1       0.89385840  p_x
   10   1   0   0       1.20256539  s
   10   2   1  -1       0.90961799  p_y
   10   2   1   0       0.99392940  p_z
   10   2   1   1       0.89385840  p_x
   11   1   0   0       1.20256539  s
   11   2   1  -1       0.90961799  p_y
   11   2   1   0       0.99392941  p_z
   11   2   1   1       0.89385840  p_x
   12   1   0   0       1.20256539  s
   12   2   1  -1       0.90961799  p_y
   12   2   1   0       0.99392940  p_z
   12   2   1   1       0.89385840  p_x
   13   1   0   0       1.20256484  s
   13   2   1  -1       0.98042263  p_y
   13   2   1   0       0.92431338  p_z
   13   2   1   1       0.89266573  p_x
   14   1   0   0       1.20256484  s
   14   2   1  -1       0.98042264  p_y
   14   2   1   0       0.92431338  p_z
   14   2   1   1       0.89266573  p_x
   15   1   0   0       1.20256484  s
   15   2   1  -1       0.98042264  p_y
   15   2   1   0       0.92431338  p_z
   15   2   1   1       0.89266573  p_x
   16   1   0   0       1.20256484  s
   16   2   1  -1       0.98042264  p_y
   16   2   1   0       0.92431338  p_z
   16   2   1   1       0.89266574  p_x
   17   1   0   0       1.20256484  s
   17   2   1  -1       0.98042264  p_y
   17   2   1   0       0.92431338  p_z
   17   2   1   1       0.89266574  p_x
   18   1   0   0       1.20256484  s
   18   2   1  -1       0.98042264  p_y
   18   2   1   0       0.92431338  p_z
   18   2   1   1       0.89266574  p_x
   19   1   0   0       1.20256484  s
   19   2   1  -1       0.98042265  p_y
   19   2   1   0       0.92431338  p_z
   19   2   1   1       0.89266574  p_x
   20   1   0   0       1.20256484  s
   20   2   1  -1       0.98042264  p_y
   20   2   1   0       0.92431338  p_z
   20   2   1   1       0.89266574  p_x
   21   1   0   0       1.20255464  s
   21   2   1  -1       0.92432150  p_y
   21   2   1   0       0.89266567  p_z
   21   2   1   1       0.98041287  p_x
   22   1   0   0       1.20255465  s
   22   2   1  -1       0.92432150  p_y
   22   2   1   0       0.89266567  p_z
   22   2   1   1       0.98041288  p_x
   23   1   0   0       1.20255465  s
   23   2   1  -1       0.92432150  p_y
   23   2   1   0       0.89266567  p_z
   23   2   1   1       0.98041288  p_x
   24   1   0   0       1.20255464  s
   24   2   1  -1       0.92432150  p_y
   24   2   1   0       0.89266567  p_z
   24   2   1   1       0.98041288  p_x
   25   1   0   0       1.20255465  s
   25   2   1  -1       0.92432150  p_y
   25   2   1   0       0.89266567  p_z
   25   2   1   1       0.98041288  p_x
   26   1   0   0       1.20255465  s
   26   2   1  -1       0.92432150  p_y
   26   2   1   0       0.89266567  p_z
   26   2   1   1       0.98041288  p_x
   27   1   0   0       1.20255465  s
   27   2   1  -1       0.92432151  p_y
   27   2   1   0       0.89266567  p_z
   27   2   1   1       0.98041290  p_x
   28   1   0   0       1.20255465  s
   28   2   1  -1       0.92432150  p_y
   28   2   1   0       0.89266567  p_z
   28   2   1   1       0.98041288  p_x
   29   1   0   0       1.20256362  s
   29   2   1  -1       0.89265638  p_y
   29   2   1   0       0.98042203  p_z
   29   2   1   1       0.92433308  p_x
   30   1   0   0       1.20256362  s
   30   2   1  -1       0.89265638  p_y
   30   2   1   0       0.98042204  p_z
   30   2   1   1       0.92433308  p_x
   31   1   0   0       1.20256362  s
   31   2   1  -1       0.89265638  p_y
   31   2   1   0       0.98042203  p_z
   31   2   1   1       0.92433308  p_x
   32   1   0   0       1.20256362  s
   32   2   1  -1       0.89265638  p_y
   32   2   1   0       0.98042204  p_z
   32   2   1   1       0.92433308  p_x
   33   1   0   0       1.20256362  s
   33   2   1  -1       0.89265638  p_y
   33   2   1   0       0.98042203  p_z
   33   2   1   1       0.92433308  p_x
   34   1   0   0       1.20256362  s
   34   2   1  -1       0.89265638  p_y
   34   2   1   0       0.98042203  p_z
   34   2   1   1       0.92433308  p_x
   35   1   0   0       1.20256362  s
   35   2   1  -1       0.89265638  p_y
   35   2   1   0       0.98042204  p_z
   35   2   1   1       0.92433308  p_x
   36   1   0   0       1.20256362  s
   36   2   1  -1       0.89265638  p_y
   36   2   1   0       0.98042203  p_z
   36   2   1   1       0.92433308  p_x
   37   1   0   0       1.20255871  s
   37   2   1  -1       0.94615737  p_y
   37   2   1   0       0.90314845  p_z
   37   2   1   1       0.94810252  p_x
   38   1   0   0       1.20255871  s
   38   2   1  -1       0.94615738  p_y
   38   2   1   0       0.90314845  p_z
   38   2   1   1       0.94810253  p_x
   39   1   0   0       1.20255871  s
   39   2   1  -1       0.94615737  p_y
   39   2   1   0       0.90314845  p_z
   39   2   1   1       0.94810252  p_x
   40   1   0   0       1.20255871  s
   40   2   1  -1       0.94615737  p_y
   40   2   1   0       0.90314845  p_z
   40   2   1   1       0.94810252  p_x
   41   1   0   0       1.20255871  s
   41   2   1  -1       0.94615737  p_y
   41   2   1   0       0.90314845  p_z
   41   2   1   1       0.94810252  p_x
   42   1   0   0       1.20255871  s
   42   2   1  -1       0.94615738  p_y
   42   2   1   0       0.90314845  p_z
   42   2   1   1       0.94810253  p_x
   43   1   0   0       1.20255871  s
   43   2   1  -1       0.94615737  p_y
   43   2   1   0       0.90314845  p_z
   43   2   1   1       0.94810252  p_x
   44   1   0   0       1.20255871  s
   44   2   1  -1       0.94615737  p_y
   44   2   1   0       0.90314845  p_z
   44   2   1   1       0.94810252  p_x
   45   1   0   0       1.20255807  s
   45   2   1  -1       0.90315247  p_y
   45   2   1   0       0.94807959  p_z
   45   2   1   1       0.94616724  p_x
   46   1   0   0       1.20255807  s
   46   2   1  -1       0.90315248  p_y
   46   2   1   0       0.94807960  p_z
   46   2   1   1       0.94616725  p_x
   47   1   0   0       1.20255807  s
   47   2   1  -1       0.90315247  p_y
   47   2   1   0       0.94807959  p_z
   47   2   1   1       0.94616724  p_x
   48   1   0   0       1.20255807  s
   48   2   1  -1       0.90315247  p_y
   48   2   1   0       0.94807959  p_z
   48   2   1   1       0.94616724  p_x
   49   1   0   0       1.20255807  s
   49   2   1  -1       0.90315247  p_y
   49   2   1   0       0.94807960  p_z
   49   2   1   1       0.94616725  p_x
   50   1   0   0       1.20255807  s
   50   2   1  -1       0.90315247  p_y
   50   2   1   0       0.94807958  p_z
   50   2   1   1       0.94616723  p_x
   51   1   0   0       1.20255807  s
   51   2   1  -1       0.90315247  p_y
   51   2   1   0       0.94807959  p_z
   51   2   1   1       0.94616724  p_x
   52   1   0   0       1.20255807  s
   52   2   1  -1       0.90315247  p_y
   52   2   1   0       0.94807958  p_z
   52   2   1   1       0.94616723  p_x
   53   1   0   0       1.20256631  s
   53   2   1  -1       0.94808677  p_y
   53   2   1   0       0.94616701  p_z
   53   2   1   1       0.90315440  p_x
   54   1   0   0       1.20256631  s
   54   2   1  -1       0.94808677  p_y
   54   2   1   0       0.94616701  p_z
   54   2   1   1       0.90315440  p_x
   55   1   0   0       1.20256631  s
   55   2   1  -1       0.94808677  p_y
   55   2   1   0       0.94616701  p_z
   55   2   1   1       0.90315440  p_x
   56   1   0   0       1.20256631  s
   56   2   1  -1       0.94808677  p_y
   56   2   1   0       0.94616701  p_z
   56   2   1   1       0.90315440  p_x
   57   1   0   0       1.20256631  s
   57   2   1  -1       0.94808677  p_y
   57   2   1   0       0.94616701  p_z
   57   2   1   1       0.90315440  p_x
   58   1   0   0       1.20256631  s
   58   2   1  -1       0.94808677  p_y
   58   2   1   0       0.94616701  p_z
   58   2   1   1       0.90315440  p_x
   59   1   0   0       1.20256631  s
   59   2   1  -1       0.94808677  p_y
   59   2   1   0       0.94616701  p_z
   59   2   1   1       0.90315440  p_x
   60   1   0   0       1.20256631  s
   60   2   1  -1       0.94808677  p_y
   60   2   1   0       0.94616700  p_z
   60   2   1   1       0.90315440  p_x
   61   1   0   0       1.00104429  s
   62   1   0   0       1.00104428  s

Fermi level:                        -0.1754946188 H           -4.7755 eV
Band energy:                      -104.4400537088 H        -2841.9585 eV
TS:                                  0.0000000000 H            0.0000 eV
Band free energy (E-TS):          -104.4400537088 H        -2841.9585 eV
Extrapolated E(0K):               -104.4400537088 H        -2841.9585 eV
Input / Output electrons (q):    242.0000000000    242.0000000000

Energy H0:                        -104.4508416916 H        -2842.2520 eV
Energy SCC:                          0.0000005058 H            0.0000 eV
Total Electronic energy:          -104.4508411858 H        -2842.2520 eV
Repulsive energy:                    1.5355193729 H           41.7836 eV
Total energy:                     -102.9153218129 H        -2800.4684 eV
Extrapolated to 0:                -102.9153218129 H        -2800.4684 eV
Total Mermin free energy:         -102.9153218129 H        -2800.4684 eV
Force related energy:             -102.9153218129 H        -2800.4684 eV

SCC converged

Total Forces
    1      0.000000001531      0.000260321154      0.000092897226
    2     -0.000000000670     -0.000260325459      0.000092899472
    3      0.000000000459      0.000260321151     -0.000092894467
    4     -0.000000001681     -0.000260325456     -0.000092896707
    5      0.000257089715      0.000092333778      0.000000001063
    6     -0.000257092106      0.000092330876      0.000000000331
    7      0.000257094652     -0.000092326580      0.000000001090
    8     -0.000257092652     -0.000092330399      0.000000000370
    9      0.000093053540      0.000000002095      0.000260566798
   10     -0.000093052813      0.000000000367      0.000260568972
   11      0.000093053989      0.000000002120     -0.000260566797
   12     -0.000093055741      0.000000000341     -0.000260563920
   13      0.000054035189      0.000239392292      0.000127186799
   14     -0.000054033361      0.000239395710      0.000127188594
   15      0.000054032414     -0.000239398069      0.000127191633
   16      0.000054035723      0.000239393682     -0.000127185569
   17     -0.000054035813     -0.000239397166      0.000127190741
   18     -0.000054032795      0.000239394256     -0.000127186239
   19      0.000054032810     -0.000239399491     -0.000127190468
   20     -0.000054035293     -0.000239395680     -0.000127188407
   21      0.000237297986      0.000125891836      0.000054281435
   22     -0.000237304059      0.000125893900      0.000054282341
   23      0.000237303865     -0.000125891247      0.000054283244
   24      0.000237304362      0.000125894959     -0.000054278748
   25     -0.000237305046     -0.000125893412      0.000054282580
   26     -0.000237302572      0.000125893595     -0.000054280116
   27      0.000237310210     -0.000125894355     -0.000054280651
   28     -0.000237303537     -0.000125893058     -0.000054280454
   29      0.000126500881      0.000054941872      0.000239050738
   30     -0.000126501765      0.000054942761      0.000239054951
   31      0.000126502009     -0.000054939912      0.000239053575
   32      0.000126502484      0.000054942116     -0.000239052888
   33     -0.000126502723     -0.000054940751      0.000239056145
   34     -0.000126501188      0.000054941093     -0.000239050245
   35      0.000126503579     -0.000054940204     -0.000239055718
   36     -0.000126502176     -0.000054938990     -0.000239051470
   37     -0.000204346646     -0.000181461842     -0.000034129434
   38      0.000204349721     -0.000181465534     -0.000034130657
   39     -0.000204344288      0.000181461817     -0.000034129867
   40     -0.000204346694     -0.000181463481      0.000034131144
   41      0.000204343443      0.000181461679     -0.000034128362
   42      0.000204347981     -0.000181463789      0.000034133470
   43     -0.000204344301      0.000181463492      0.000034131570
   44      0.000204341809      0.000181459876      0.000034131103
   45     -0.000180223322     -0.000033553573     -0.000204710766
   46      0.000180227729     -0.000033552479     -0.000204717169
   47     -0.000180222769      0.000033554251     -0.000204710706
   48     -0.000180226322     -0.000033554795      0.000204715529
   49      0.000180227645      0.000033558333     -0.000204712197
   50      0.000180221741     -0.000033550593      0.000204713979
   51     -0.000180225807      0.000033555531      0.000204715399
   52      0.000180221705      0.000033556466      0.000204708940
   53     -0.000033621446     -0.000205510540     -0.000181755240
   54      0.000033618565     -0.000205512804     -0.000181757367
   55     -0.000033619169      0.000205509240     -0.000181753320
   56     -0.000033621002     -0.000205511674      0.000181758829
   57      0.000033619277      0.000205511533     -0.000181752697
   58      0.000033620336     -0.000205509855      0.000181759505
   59     -0.000033618686      0.000205510447      0.000181756855
   60      0.000033621090      0.000205508559      0.000181754843
   61     -0.000175376009      0.000000000001     -0.000000041570
   62      0.000175376013      0.000000000011     -0.000000017049

Maximal derivative component:        0.260569E-03 au
Max force for moved atoms::          0.260569E-03 au

Dipole moment:   -0.00000002    0.00000077    0.00000090 au
Dipole moment:   -0.00000004    0.00000196    0.00000229 Debye

Second derivatives completed

