 Fermi distribution function

Calculation with static geometry


********************************************************************************
 iSCC Total electronic   Diff electronic      SCC error    
   17   -0.10435835E+03   -0.21030644E-09    0.55166342E-05
********************************************************************************

 Total charge:     0.00000000

 Atomic gross charges (e)
 Atom           Charge
    1       0.02420510
    2       0.01561683
    3       0.00795312
    4      -0.03932964
    5      -0.03880215
    6      -0.00043836
    7       0.03443572
    8       0.00922010
    9      -0.01247499
   10      -0.00911031
   11      -0.02684816
   12       0.03166571
   13      -0.06566564
   14      -0.01559684
   15      -0.02327632
   16       0.00797480
   17       0.00264899
   18      -0.04181464
   19       0.05791750
   20       0.01609702
   21      -0.03742154
   22       0.02345470
   23       0.00079247
   24       0.04758560
   25      -0.00862429
   26      -0.01436587
   27      -0.01073393
   28      -0.01184576
   29      -0.03882815
   30       0.03430668
   31       0.01426308
   32      -0.01608006
   33       0.01456694
   34      -0.00050622
   35       0.04771548
   36      -0.00787749
   37       0.01260887
   38      -0.03269226
   39       0.01973263
   40      -0.00400690
   41      -0.02658597
   42       0.01552124
   43       0.00083087
   44       0.04903414
   45       0.00347759
   46      -0.01587693
   47       0.01225473
   48       0.01646019
   49       0.00195472
   50       0.00175108
   51      -0.06528473
   52       0.02955839
   53      -0.01293972
   54      -0.04049850
   55       0.01089281
   56       0.00035033
   57       0.00596771
   58      -0.00646276
   59       0.00074102
   60       0.05593930
   61      -0.00000540
   62      -0.00350190

Nr. of electrons (up):    242.00000000
Atom populations (up)
 Atom       Population
    1       3.97579490
    2       3.98438317
    3       3.99204688
    4       4.03932964
    5       4.03880215
    6       4.00043836
    7       3.96556428
    8       3.99077990
    9       4.01247499
   10       4.00911031
   11       4.02684816
   12       3.96833429
   13       4.06566564
   14       4.01559684
   15       4.02327632
   16       3.99202520
   17       3.99735101
   18       4.04181464
   19       3.94208250
   20       3.98390298
   21       4.03742154
   22       3.97654530
   23       3.99920753
   24       3.95241440
   25       4.00862429
   26       4.01436587
   27       4.01073393
   28       4.01184576
   29       4.03882815
   30       3.96569332
   31       3.98573692
   32       4.01608006
   33       3.98543306
   34       4.00050622
   35       3.95228452
   36       4.00787749
   37       3.98739113
   38       4.03269226
   39       3.98026737
   40       4.00400690
   41       4.02658597
   42       3.98447876
   43       3.99916913
   44       3.95096586
   45       3.99652241
   46       4.01587693
   47       3.98774527
   48       3.98353981
   49       3.99804528
   50       3.99824892
   51       4.06528473
   52       3.97044161
   53       4.01293972
   54       4.04049850
   55       3.98910719
   56       3.99964967
   57       3.99403229
   58       4.00646276
   59       3.99925898
   60       3.94406070
   61       1.00000540
   62       1.00350190

l-shell populations (up)
 Atom Sh.   l       Population
    1   1   0       1.21517526
    1   2   1       2.76061964
    2   1   0       1.20196725
    2   2   1       2.78241591
    3   1   0       1.19014686
    3   2   1       2.80190002
    4   1   0       1.22695603
    4   2   1       2.81237361
    5   1   0       1.22578454
    5   2   1       2.81301761
    6   1   0       1.20250965
    6   2   1       2.79792871
    7   1   0       1.19491495
    7   2   1       2.77064933
    8   1   0       1.20305517
    8   2   1       2.78772473
    9   1   0       1.21754922
    9   2   1       2.79492578
   10   1   0       1.20517953
   10   2   1       2.80393077
   11   1   0       1.21385345
   11   2   1       2.81299470
   12   1   0       1.18578844
   12   2   1       2.78254586
   13   1   0       1.22996661
   13   2   1       2.83569903
   14   1   0       1.22413952
   14   2   1       2.79145731
   15   1   0       1.20921147
   15   2   1       2.81406485
   16   1   0       1.20636249
   16   2   1       2.78566271
   17   1   0       1.19248467
   17   2   1       2.80486635
   18   1   0       1.25221330
   18   2   1       2.78960134
   19   1   0       1.17715052
   19   2   1       2.76493198
   20   1   0       1.19478910
   20   2   1       2.78911388
   21   1   0       1.22190747
   21   2   1       2.81551407
   22   1   0       1.21187679
   22   2   1       2.76466851
   23   1   0       1.17295443
   23   2   1       2.82625310
   24   1   0       1.16753428
   24   2   1       2.78488012
   25   1   0       1.21411298
   25   2   1       2.79451131
   26   1   0       1.20290756
   26   2   1       2.81145832
   27   1   0       1.21279662
   27   2   1       2.79793731
   28   1   0       1.20852922
   28   2   1       2.80331655
   29   1   0       1.19876285
   29   2   1       2.84006530
   30   1   0       1.18572841
   30   2   1       2.77996491
   31   1   0       1.18698247
   31   2   1       2.79875445
   32   1   0       1.22502105
   32   2   1       2.79105901
   33   1   0       1.19185469
   33   2   1       2.79357837
   34   1   0       1.19099286
   34   2   1       2.80951335
   35   1   0       1.18648164
   35   2   1       2.76580288
   36   1   0       1.20760486
   36   2   1       2.80027262
   37   1   0       1.19134074
   37   2   1       2.79605039
   38   1   0       1.20952680
   38   2   1       2.82316546
   39   1   0       1.21906971
   39   2   1       2.76119766
   40   1   0       1.22982868
   40   2   1       2.77417822
   41   1   0       1.20048959
   41   2   1       2.82609637
   42   1   0       1.21139542
   42   2   1       2.77308335
   43   1   0       1.20581970
   43   2   1       2.79334943
   44   1   0       1.20770099
   44   2   1       2.74326487
   45   1   0       1.20697535
   45   2   1       2.78954706
   46   1   0       1.21965739
   46   2   1       2.79621954
   47   1   0       1.19898226
   47   2   1       2.78876301
   48   1   0       1.22977981
   48   2   1       2.75375999
   49   1   0       1.18170504
   49   2   1       2.81634025
   50   1   0       1.19785091
   50   2   1       2.80039800
   51   1   0       1.25432122
   51   2   1       2.81096351
   52   1   0       1.19935034
   52   2   1       2.77109127
   53   1   0       1.22331224
   53   2   1       2.78962748
   54   1   0       1.21878045
   54   2   1       2.82171806
   55   1   0       1.20874839
   55   2   1       2.78035879
   56   1   0       1.19181297
   56   2   1       2.80783670
   57   1   0       1.19093787
   57   2   1       2.80309442
   58   1   0       1.20765565
   58   2   1       2.79880711
   59   1   0       1.19200656
   59   2   1       2.80725243
   60   1   0       1.17691971
   60   2   1       2.76714100
   61   1   0       1.00000540
   62   1   0       1.00350190

Orbital populations (up)
 Atom Sh.   l   m       Population  Label
    1   1   0   0       1.21517526  s
    1   2   1  -1       0.97139848  p_y
    1   2   1   0       0.88928311  p_z
    1   2   1   1       0.89993805  p_x
    2   1   0   0       1.20196725  s
    2   2   1  -1       0.98520998  p_y
    2   2   1   0       0.88077081  p_z
    2   2   1   1       0.91643512  p_x
    3   1   0   0       1.19014686  s
    3   2   1  -1       0.99958736  p_y
    3   2   1   0       0.88723574  p_z
    3   2   1   1       0.91507691  p_x
    4   1   0   0       1.22695603  s
    4   2   1  -1       1.01305073  p_y
    4   2   1   0       0.88598391  p_z
    4   2   1   1       0.91333897  p_x
    5   1   0   0       1.22578454  s
    5   2   1  -1       0.88940754  p_y
    5   2   1   0       0.91331807  p_z
    5   2   1   1       1.01029199  p_x
    6   1   0   0       1.20250965  s
    6   2   1  -1       0.89150846  p_y
    6   2   1   0       0.91244763  p_z
    6   2   1   1       0.99397261  p_x
    7   1   0   0       1.19491495  s
    7   2   1  -1       0.88694512  p_y
    7   2   1   0       0.90460329  p_z
    7   2   1   1       0.97910092  p_x
    8   1   0   0       1.20305517  s
    8   2   1  -1       0.88648282  p_y
    8   2   1   0       0.90253205  p_z
    8   2   1   1       0.99870987  p_x
    9   1   0   0       1.21754922  s
    9   2   1  -1       0.90644965  p_y
    9   2   1   0       0.99579573  p_z
    9   2   1   1       0.89268040  p_x
   10   1   0   0       1.20517953  s
   10   2   1  -1       0.91061207  p_y
   10   2   1   0       0.99785863  p_z
   10   2   1   1       0.89546007  p_x
   11   1   0   0       1.21385345  s
   11   2   1  -1       0.91085323  p_y
   11   2   1   0       1.00986429  p_z
   11   2   1   1       0.89227719  p_x
   12   1   0   0       1.18578844  s
   12   2   1  -1       0.90784968  p_y
   12   2   1   0       0.97934361  p_z
   12   2   1   1       0.89535257  p_x
   13   1   0   0       1.22996661  s
   13   2   1  -1       1.00617732  p_y
   13   2   1   0       0.93382665  p_z
   13   2   1   1       0.89569506  p_x
   14   1   0   0       1.22413952  s
   14   2   1  -1       0.97281077  p_y
   14   2   1   0       0.93238555  p_z
   14   2   1   1       0.88626100  p_x
   15   1   0   0       1.20921147  s
   15   2   1  -1       0.98317630  p_y
   15   2   1   0       0.93952793  p_z
   15   2   1   1       0.89136062  p_x
   16   1   0   0       1.20636249  s
   16   2   1  -1       0.96946723  p_y
   16   2   1   0       0.92864318  p_z
   16   2   1   1       0.88755231  p_x
   17   1   0   0       1.19248467  s
   17   2   1  -1       0.97863408  p_y
   17   2   1   0       0.93945436  p_z
   17   2   1   1       0.88677792  p_x
   18   1   0   0       1.25221330  s
   18   2   1  -1       0.96800578  p_y
   18   2   1   0       0.92683481  p_z
   18   2   1   1       0.89476074  p_x
   19   1   0   0       1.17715052  s
   19   2   1  -1       0.95661503  p_y
   19   2   1   0       0.92022841  p_z
   19   2   1   1       0.88808853  p_x
   20   1   0   0       1.19478910  s
   20   2   1  -1       0.96968965  p_y
   20   2   1   0       0.91998306  p_z
   20   2   1   1       0.89944116  p_x
   21   1   0   0       1.22190747  s
   21   2   1  -1       0.93512948  p_y
   21   2   1   0       0.90584136  p_z
   21   2   1   1       0.97454323  p_x
   22   1   0   0       1.21187679  s
   22   2   1  -1       0.91888207  p_y
   22   2   1   0       0.87314720  p_z
   22   2   1   1       0.97263925  p_x
   23   1   0   0       1.17295443  s
   23   2   1  -1       0.93000393  p_y
   23   2   1   0       0.90754088  p_z
   23   2   1   1       0.98870829  p_x
   24   1   0   0       1.16753428  s
   24   2   1  -1       0.92160190  p_y
   24   2   1   0       0.90110679  p_z
   24   2   1   1       0.96217144  p_x
   25   1   0   0       1.21411298  s
   25   2   1  -1       0.91549730  p_y
   25   2   1   0       0.88610326  p_z
   25   2   1   1       0.99291075  p_x
   26   1   0   0       1.20290756  s
   26   2   1  -1       0.92700980  p_y
   26   2   1   0       0.89004263  p_z
   26   2   1   1       0.99440588  p_x
   27   1   0   0       1.21279662  s
   27   2   1  -1       0.92087851  p_y
   27   2   1   0       0.87364481  p_z
   27   2   1   1       1.00341399  p_x
   28   1   0   0       1.20852922  s
   28   2   1  -1       0.92712652  p_y
   28   2   1   0       0.89649739  p_z
   28   2   1   1       0.97969264  p_x
   29   1   0   0       1.19876285  s
   29   2   1  -1       0.90601775  p_y
   29   2   1   0       0.99484662  p_z
   29   2   1   1       0.93920092  p_x
   30   1   0   0       1.18572841  s
   30   2   1  -1       0.90617833  p_y
   30   2   1   0       0.96706685  p_z
   30   2   1   1       0.90671973  p_x
   31   1   0   0       1.18698247  s
   31   2   1  -1       0.91033957  p_y
   31   2   1   0       0.96475984  p_z
   31   2   1   1       0.92365503  p_x
   32   1   0   0       1.22502105  s
   32   2   1  -1       0.90383801  p_y
   32   2   1   0       0.97088882  p_z
   32   2   1   1       0.91633218  p_x
   33   1   0   0       1.19185469  s
   33   2   1  -1       0.90085136  p_y
   33   2   1   0       0.97659765  p_z
   33   2   1   1       0.91612937  p_x
   34   1   0   0       1.19099286  s
   34   2   1  -1       0.89440832  p_y
   34   2   1   0       0.99118507  p_z
   34   2   1   1       0.92391996  p_x
   35   1   0   0       1.18648164  s
   35   2   1  -1       0.88319625  p_y
   35   2   1   0       0.97180953  p_z
   35   2   1   1       0.91079710  p_x
   36   1   0   0       1.20760486  s
   36   2   1  -1       0.89210584  p_y
   36   2   1   0       0.98629924  p_z
   36   2   1   1       0.92186755  p_x
   37   1   0   0       1.19134074  s
   37   2   1  -1       0.93794058  p_y
   37   2   1   0       0.89701416  p_z
   37   2   1   1       0.96109565  p_x
   38   1   0   0       1.20952680  s
   38   2   1  -1       0.98048103  p_y
   38   2   1   0       0.90975519  p_z
   38   2   1   1       0.93292924  p_x
   39   1   0   0       1.21906971  s
   39   2   1  -1       0.93010747  p_y
   39   2   1   0       0.89537772  p_z
   39   2   1   1       0.93571247  p_x
   40   1   0   0       1.22982868  s
   40   2   1  -1       0.94822270  p_y
   40   2   1   0       0.90177818  p_z
   40   2   1   1       0.92417734  p_x
   41   1   0   0       1.20048959  s
   41   2   1  -1       0.95898111  p_y
   41   2   1   0       0.90502622  p_z
   41   2   1   1       0.96208904  p_x
   42   1   0   0       1.21139542  s
   42   2   1  -1       0.93801749  p_y
   42   2   1   0       0.90066154  p_z
   42   2   1   1       0.93440431  p_x
   43   1   0   0       1.20581970  s
   43   2   1  -1       0.93208503  p_y
   43   2   1   0       0.90092055  p_z
   43   2   1   1       0.96034384  p_x
   44   1   0   0       1.20770099  s
   44   2   1  -1       0.90836137  p_y
   44   2   1   0       0.89679600  p_z
   44   2   1   1       0.93810750  p_x
   45   1   0   0       1.20697535  s
   45   2   1  -1       0.89424187  p_y
   45   2   1   0       0.96207007  p_z
   45   2   1   1       0.93323512  p_x
   46   1   0   0       1.21965739  s
   46   2   1  -1       0.88757294  p_y
   46   2   1   0       0.95472816  p_z
   46   2   1   1       0.95391844  p_x
   47   1   0   0       1.19898226  s
   47   2   1  -1       0.89727388  p_y
   47   2   1   0       0.94473942  p_z
   47   2   1   1       0.94674971  p_x
   48   1   0   0       1.22977981  s
   48   2   1  -1       0.89221457  p_y
   48   2   1   0       0.93382371  p_z
   48   2   1   1       0.92772170  p_x
   49   1   0   0       1.18170504  s
   49   2   1  -1       0.89745187  p_y
   49   2   1   0       0.96216060  p_z
   49   2   1   1       0.95672778  p_x
   50   1   0   0       1.19785091  s
   50   2   1  -1       0.90633029  p_y
   50   2   1   0       0.94426426  p_z
   50   2   1   1       0.94980345  p_x
   51   1   0   0       1.25432122  s
   51   2   1  -1       0.89289215  p_y
   51   2   1   0       0.96315473  p_z
   51   2   1   1       0.95491663  p_x
   52   1   0   0       1.19935034  s
   52   2   1  -1       0.90432183  p_y
   52   2   1   0       0.93869500  p_z
   52   2   1   1       0.92807444  p_x
   53   1   0   0       1.22331224  s
   53   2   1  -1       0.95938921  p_y
   53   2   1   0       0.93104848  p_z
   53   2   1   1       0.89918979  p_x
   54   1   0   0       1.21878045  s
   54   2   1  -1       0.95589439  p_y
   54   2   1   0       0.95528089  p_z
   54   2   1   1       0.91054279  p_x
   55   1   0   0       1.20874839  s
   55   2   1  -1       0.92789009  p_y
   55   2   1   0       0.94732466  p_z
   55   2   1   1       0.90514404  p_x
   56   1   0   0       1.19181297  s
   56   2   1  -1       0.94011659  p_y
   56   2   1   0       0.95808577  p_z
   56   2   1   1       0.90963434  p_x
   57   1   0   0       1.19093787  s
   57   2   1  -1       0.95202268  p_y
   57   2   1   0       0.95949661  p_z
   57   2   1   1       0.89157513  p_x
   58   1   0   0       1.20765565  s
   58   2   1  -1       0.95031862  p_y
   58   2   1   0       0.94602367  p_z
   58   2   1   1       0.90246482  p_x
   59   1   0   0       1.19200656  s
   59   2   1  -1       0.93781446  p_y
   59   2   1   0       0.96669324  p_z
   59   2   1   1       0.90274473  p_x
   60   1   0   0       1.17691971  s
   60   2   1  -1       0.93759001  p_y
   60   2   1   0       0.93087434  p_z
   60   2   1   1       0.89867665  p_x
   61   1   0   0       1.00000540  s
   62   1   0   0       1.00350190  s

Fermi level:                        -0.1770655909 H           -4.8182 eV
Band energy:                      -104.4890864315 H        -2843.2927 eV
TS:                                  0.0000000000 H            0.0000 eV
Band free energy (E-TS):          -104.4890864316 H        -2843.2927 eV
Extrapolated E(0K):               -104.4890864316 H        -2843.2927 eV
Input / Output electrons (q):    241.9999999997    241.9999999997

Energy H0:                        -104.3591463485 H        -2839.7569 eV
Energy SCC:                          0.0007950132 H            0.0216 eV
Total Electronic energy:          -104.3583513353 H        -2839.7352 eV
Repulsive energy:                    1.6432882027 H           44.7161 eV
Total energy:                     -102.7150631326 H        -2795.0191 eV
Extrapolated to 0:                -102.7150631326 H        -2795.0191 eV
Total Mermin free energy:         -102.7150631327 H        -2795.0191 eV
Force related energy:             -102.7150631327 H        -2795.0191 eV

SCC converged

Total Forces
    1      0.020690794866     -0.007167182211      0.094948881202
    2      0.061185566029     -0.021478750338     -0.099545802198
    3      0.003247983869     -0.014944545378     -0.067623681577
    4     -0.063132286338     -0.009764198887      0.083463637870
    5     -0.008113392073     -0.018278751042      0.015908613919
    6     -0.015278344244      0.009413713625      0.010448470376
    7      0.047321621049      0.084298580463     -0.118651705772
    8      0.004742539532     -0.011649111529     -0.012394237816
    9     -0.021086257880      0.057882261651     -0.001065079019
   10      0.013211344386     -0.023117583112     -0.001966446363
   11      0.059369529143      0.045028649411      0.017711924546
   12     -0.001189156274     -0.029248558711     -0.023127775539
   13     -0.023999740872      0.005195543306     -0.052039843908
   14      0.006315094150     -0.015191385450     -0.035911568892
   15      0.024730748116      0.011244814646      0.009741050788
   16      0.014781330129      0.017446173502      0.039772564817
   17     -0.112364440180      0.045835199700      0.000074942620
   18     -0.062806584052     -0.048096163868      0.014820662402
   19      0.063122360666      0.015038786315     -0.040687261683
   20      0.121585239555     -0.042907409252     -0.049880953208
   21     -0.035758396901      0.023468653250      0.000802974526
   22     -0.010005084764     -0.011650062302      0.013556968235
   23     -0.022932248832     -0.008367938014      0.074006616880
   24      0.079105881079      0.074355247782      0.175457933318
   25      0.035211065854      0.009075770274      0.035654640593
   26     -0.001881950529      0.001653172699      0.049501409543
   27     -0.003202077954      0.011512065320      0.006798187383
   28     -0.004186366702     -0.025418405659      0.038645144908
   29      0.041188107175     -0.110540563189      0.031593596850
   30     -0.061954559172     -0.054211497291      0.020377995665
   31     -0.029950323989     -0.027614639076      0.003835578469
   32     -0.048414087473     -0.009828573519     -0.031305626098
   33     -0.006337473348      0.006851243245      0.003329769008
   34      0.031463642696      0.003254920868     -0.012171334512
   35     -0.033993388352     -0.041727618964     -0.008956486966
   36     -0.030967607531     -0.010332415348      0.023781556477
   37     -0.074530433508      0.034544558959      0.039045290084
   38      0.001440603291     -0.003251273651      0.034576730284
   39      0.030574641057      0.025541081544     -0.056828647955
   40      0.009761225740     -0.003180369863     -0.013499379165
   41     -0.024021507745      0.010810453756     -0.031015501104
   42     -0.061656061798     -0.059495846087     -0.006439997338
   43      0.001906964682     -0.023090572438      0.030591291211
   44      0.027574006391     -0.012901258039      0.027776361841
   45     -0.010769399582      0.028745722011     -0.013767441061
   46      0.030622571353      0.056209763679      0.033017891577
   47      0.021769658091     -0.022224908057     -0.029045617150
   48     -0.025686246445      0.054318338102     -0.010394811642
   49     -0.059056449462     -0.124856172562     -0.164755353900
   50      0.030136604870     -0.004144103612     -0.020768462394
   51      0.027895377857     -0.025621301041     -0.023286098451
   52      0.032404352613     -0.001516470492      0.000593114106
   53     -0.000667970358      0.022291821399     -0.000214829526
   54     -0.050926881763     -0.002924793944     -0.004602202430
   55      0.006553189654      0.072365452512      0.052307845677
   56      0.046183546370     -0.030751637535      0.010076801462
   57      0.029106523153     -0.036433819379     -0.036101151783
   58      0.012107108819     -0.003583159262      0.012585492394
   59      0.048995212497      0.080649076764     -0.019732028024
   60     -0.079779730412      0.088332449475     -0.019236911172
   61      0.039602744161     -0.003783205894     -0.003882088228
   62     -0.039258730361      0.003930730739      0.004094385844

Maximal derivative component:        0.175458E+00 au

Dipole moment:   -0.01956376    0.00734401   -0.06319278 au
Dipole moment:   -0.04972613    0.01866660   -0.16062004 Debye


