 Fermi distribution function

Calculation with static geometry


********************************************************************************
 iSCC Total electronic   Diff electronic      SCC error    
   17   -0.10439509E+03   -0.16201795E-09    0.49442777E-05
********************************************************************************

 Total charge:     0.00000000

 Atomic gross charges (e)
 Atom           Charge
    1      -0.02174650
    2       0.03085269
    3      -0.00254475
    4      -0.02564665
    5       0.02684333
    6      -0.02424296
    7       0.01374207
    8       0.00461542
    9       0.03671301
   10      -0.02901920
   11      -0.05117212
   12       0.02787311
   13      -0.01145047
   14       0.03306085
   15      -0.00927807
   16       0.01674405
   17      -0.01647701
   18      -0.00527282
   19      -0.02036563
   20       0.05191117
   21      -0.01345204
   22       0.03613280
   23       0.01594974
   24       0.00369756
   25       0.00636675
   26      -0.01066209
   27      -0.02469792
   28       0.00739366
   29       0.00320343
   30       0.00950912
   31      -0.01130068
   32       0.03471244
   33       0.01333841
   34       0.00623899
   35       0.03052922
   36      -0.00608950
   37      -0.05221476
   38       0.03103705
   39       0.01766300
   40       0.02714076
   41      -0.05658612
   42      -0.01273891
   43      -0.02775193
   44       0.04536696
   45      -0.00561168
   46      -0.01481828
   47      -0.00551964
   48      -0.02933347
   49       0.01264593
   50      -0.01150005
   51       0.00382883
   52      -0.02204864
   53       0.00471215
   54      -0.01622769
   55       0.02255267
   56      -0.00050289
   57      -0.03000790
   58      -0.00000380
   59      -0.02580177
   60       0.02228347
   61       0.00070782
   62      -0.00328052

Nr. of electrons (up):    242.00000000
Atom populations (up)
 Atom       Population
    1       4.02174650
    2       3.96914731
    3       4.00254475
    4       4.02564665
    5       3.97315667
    6       4.02424296
    7       3.98625793
    8       3.99538458
    9       3.96328699
   10       4.02901920
   11       4.05117212
   12       3.97212689
   13       4.01145047
   14       3.96693915
   15       4.00927807
   16       3.98325595
   17       4.01647701
   18       4.00527282
   19       4.02036563
   20       3.94808883
   21       4.01345204
   22       3.96386720
   23       3.98405026
   24       3.99630244
   25       3.99363325
   26       4.01066209
   27       4.02469792
   28       3.99260634
   29       3.99679657
   30       3.99049088
   31       4.01130068
   32       3.96528756
   33       3.98666159
   34       3.99376101
   35       3.96947078
   36       4.00608950
   37       4.05221476
   38       3.96896295
   39       3.98233700
   40       3.97285924
   41       4.05658612
   42       4.01273891
   43       4.02775193
   44       3.95463304
   45       4.00561168
   46       4.01481828
   47       4.00551964
   48       4.02933347
   49       3.98735407
   50       4.01150005
   51       3.99617117
   52       4.02204864
   53       3.99528785
   54       4.01622769
   55       3.97744733
   56       4.00050289
   57       4.03000790
   58       4.00000380
   59       4.02580177
   60       3.97771653
   61       0.99929218
   62       1.00328052

l-shell populations (up)
 Atom Sh.   l       Population
    1   1   0       1.21829489
    1   2   1       2.80345161
    2   1   0       1.18869135
    2   2   1       2.78045597
    3   1   0       1.22437717
    3   2   1       2.77816757
    4   1   0       1.20010858
    4   2   1       2.82553807
    5   1   0       1.18600804
    5   2   1       2.78714862
    6   1   0       1.21859153
    6   2   1       2.80565143
    7   1   0       1.17769501
    7   2   1       2.80856293
    8   1   0       1.21759616
    8   2   1       2.77778842
    9   1   0       1.18724032
    9   2   1       2.77604668
   10   1   0       1.21023070
   10   2   1       2.81878850
   11   1   0       1.22083269
   11   2   1       2.83033943
   12   1   0       1.20117815
   12   2   1       2.77094874
   13   1   0       1.18341931
   13   2   1       2.82803117
   14   1   0       1.18057163
   14   2   1       2.78636753
   15   1   0       1.20460331
   15   2   1       2.80467476
   16   1   0       1.21153765
   16   2   1       2.77171831
   17   1   0       1.19415342
   17   2   1       2.82232359
   18   1   0       1.20024531
   18   2   1       2.80502751
   19   1   0       1.22578754
   19   2   1       2.79457809
   20   1   0       1.20485416
   20   2   1       2.74323468
   21   1   0       1.19613370
   21   2   1       2.81731834
   22   1   0       1.19160746
   22   2   1       2.77225974
   23   1   0       1.18758666
   23   2   1       2.79646360
   24   1   0       1.20695386
   24   2   1       2.78934858
   25   1   0       1.20713177
   25   2   1       2.78650148
   26   1   0       1.21451974
   26   2   1       2.79614235
   27   1   0       1.20652634
   27   2   1       2.81817159
   28   1   0       1.21051175
   28   2   1       2.78209459
   29   1   0       1.18066334
   29   2   1       2.81613323
   30   1   0       1.20458599
   30   2   1       2.78590489
   31   1   0       1.21347808
   31   2   1       2.79782260
   32   1   0       1.18492805
   32   2   1       2.78035951
   33   1   0       1.20967583
   33   2   1       2.77698576
   34   1   0       1.18593263
   34   2   1       2.80782839
   35   1   0       1.20915005
   35   2   1       2.76032073
   36   1   0       1.21688156
   36   2   1       2.78920795
   37   1   0       1.21800149
   37   2   1       2.83421327
   38   1   0       1.18851993
   38   2   1       2.78044302
   39   1   0       1.19690145
   39   2   1       2.78543555
   40   1   0       1.19142250
   40   2   1       2.78143675
   41   1   0       1.25637791
   41   2   1       2.80020820
   42   1   0       1.20906429
   42   2   1       2.80367462
   43   1   0       1.19490834
   43   2   1       2.83284359
   44   1   0       1.17990958
   44   2   1       2.77472346
   45   1   0       1.21875868
   45   2   1       2.78685301
   46   1   0       1.20822767
   46   2   1       2.80659061
   47   1   0       1.21591690
   47   2   1       2.78960274
   48   1   0       1.22254701
   48   2   1       2.80678646
   49   1   0       1.18622012
   49   2   1       2.80113395
   50   1   0       1.20729049
   50   2   1       2.80420956
   51   1   0       1.18088108
   51   2   1       2.81529008
   52   1   0       1.24375268
   52   2   1       2.77829596
   53   1   0       1.19627844
   53   2   1       2.79900941
   54   1   0       1.21686923
   54   2   1       2.79935846
   55   1   0       1.19724834
   55   2   1       2.78019900
   56   1   0       1.20336380
   56   2   1       2.79713909
   57   1   0       1.22047929
   57   2   1       2.80952861
   58   1   0       1.22154562
   58   2   1       2.77845819
   59   1   0       1.19827153
   59   2   1       2.82753024
   60   1   0       1.18502683
   60   2   1       2.79268970
   61   1   0       0.99929218
   62   1   0       1.00328052

Orbital populations (up)
 Atom Sh.   l   m       Population  Label
    1   1   0   0       1.21829489  s
    1   2   1  -1       1.00734690  p_y
    1   2   1   0       0.88189534  p_z
    1   2   1   1       0.91420937  p_x
    2   1   0   0       1.18869135  s
    2   2   1  -1       0.96978806  p_y
    2   2   1   0       0.90278876  p_z
    2   2   1   1       0.90787914  p_x
    3   1   0   0       1.22437717  s
    3   2   1  -1       0.98729495  p_y
    3   2   1   0       0.88227024  p_z
    3   2   1   1       0.90860238  p_x
    4   1   0   0       1.20010858  s
    4   2   1  -1       1.00724745  p_y
    4   2   1   0       0.90855337  p_z
    4   2   1   1       0.90973725  p_x
    5   1   0   0       1.18600804  s
    5   2   1  -1       0.89882949  p_y
    5   2   1   0       0.90199382  p_z
    5   2   1   1       0.98632531  p_x
    6   1   0   0       1.21859153  s
    6   2   1  -1       0.88078449  p_y
    6   2   1   0       0.92007671  p_z
    6   2   1   1       1.00479023  p_x
    7   1   0   0       1.17769501  s
    7   2   1  -1       0.89559383  p_y
    7   2   1   0       0.91606067  p_z
    7   2   1   1       0.99690843  p_x
    8   1   0   0       1.21759616  s
    8   2   1  -1       0.87743330  p_y
    8   2   1   0       0.91527788  p_z
    8   2   1   1       0.98507724  p_x
    9   1   0   0       1.18724032  s
    9   2   1  -1       0.91000953  p_y
    9   2   1   0       0.97504804  p_z
    9   2   1   1       0.89098910  p_x
   10   1   0   0       1.21023070  s
   10   2   1  -1       0.91683965  p_y
   10   2   1   0       1.01308046  p_z
   10   2   1   1       0.88886838  p_x
   11   1   0   0       1.22083269  s
   11   2   1  -1       0.91695393  p_y
   11   2   1   0       1.00996783  p_z
   11   2   1   1       0.90341768  p_x
   12   1   0   0       1.20117815  s
   12   2   1  -1       0.90168837  p_y
   12   2   1   0       0.97180440  p_z
   12   2   1   1       0.89745598  p_x
   13   1   0   0       1.18341931  s
   13   2   1  -1       0.99664120  p_y
   13   2   1   0       0.92748855  p_z
   13   2   1   1       0.90390142  p_x
   14   1   0   0       1.18057163  s
   14   2   1  -1       0.96530718  p_y
   14   2   1   0       0.92999661  p_z
   14   2   1   1       0.89106374  p_x
   15   1   0   0       1.20460331  s
   15   2   1  -1       1.00114630  p_y
   15   2   1   0       0.91959536  p_z
   15   2   1   1       0.88393310  p_x
   16   1   0   0       1.21153765  s
   16   2   1  -1       0.96407775  p_y
   16   2   1   0       0.91730836  p_z
   16   2   1   1       0.89033219  p_x
   17   1   0   0       1.19415342  s
   17   2   1  -1       1.01251820  p_y
   17   2   1   0       0.91106074  p_z
   17   2   1   1       0.89874465  p_x
   18   1   0   0       1.20024531  s
   18   2   1  -1       0.98388229  p_y
   18   2   1   0       0.91902765  p_z
   18   2   1   1       0.90211758  p_x
   19   1   0   0       1.22578754  s
   19   2   1  -1       0.98596931  p_y
   19   2   1   0       0.90779751  p_z
   19   2   1   1       0.90081126  p_x
   20   1   0   0       1.20485416  s
   20   2   1  -1       0.94962268  p_y
   20   2   1   0       0.91108210  p_z
   20   2   1   1       0.88252989  p_x
   21   1   0   0       1.19613370  s
   21   2   1  -1       0.93633288  p_y
   21   2   1   0       0.89469721  p_z
   21   2   1   1       0.98628825  p_x
   22   1   0   0       1.19160746  s
   22   2   1  -1       0.91279256  p_y
   22   2   1   0       0.89623641  p_z
   22   2   1   1       0.96323078  p_x
   23   1   0   0       1.18758666  s
   23   2   1  -1       0.91712292  p_y
   23   2   1   0       0.89422351  p_z
   23   2   1   1       0.98511717  p_x
   24   1   0   0       1.20695386  s
   24   2   1  -1       0.91842718  p_y
   24   2   1   0       0.89064952  p_z
   24   2   1   1       0.98027188  p_x
   25   1   0   0       1.20713177  s
   25   2   1  -1       0.92749274  p_y
   25   2   1   0       0.88539205  p_z
   25   2   1   1       0.97361668  p_x
   26   1   0   0       1.21451974  s
   26   2   1  -1       0.93918653  p_y
   26   2   1   0       0.89154370  p_z
   26   2   1   1       0.96541211  p_x
   27   1   0   0       1.20652634  s
   27   2   1  -1       0.94155520  p_y
   27   2   1   0       0.88377345  p_z
   27   2   1   1       0.99284294  p_x
   28   1   0   0       1.21051175  s
   28   2   1  -1       0.91800076  p_y
   28   2   1   0       0.88903457  p_z
   28   2   1   1       0.97505926  p_x
   29   1   0   0       1.18066334  s
   29   2   1  -1       0.90365029  p_y
   29   2   1   0       0.98240556  p_z
   29   2   1   1       0.93007737  p_x
   30   1   0   0       1.20458599  s
   30   2   1  -1       0.89097854  p_y
   30   2   1   0       0.96835476  p_z
   30   2   1   1       0.92657160  p_x
   31   1   0   0       1.21347808  s
   31   2   1  -1       0.88436060  p_y
   31   2   1   0       0.99263258  p_z
   31   2   1   1       0.92082942  p_x
   32   1   0   0       1.18492805  s
   32   2   1  -1       0.88505852  p_y
   32   2   1   0       0.97593936  p_z
   32   2   1   1       0.91936162  p_x
   33   1   0   0       1.20967583  s
   33   2   1  -1       0.88318688  p_y
   33   2   1   0       0.97306711  p_z
   33   2   1   1       0.92073177  p_x
   34   1   0   0       1.18593263  s
   34   2   1  -1       0.89635779  p_y
   34   2   1   0       0.98768492  p_z
   34   2   1   1       0.92378568  p_x
   35   1   0   0       1.20915005  s
   35   2   1  -1       0.88579184  p_y
   35   2   1   0       0.96118159  p_z
   35   2   1   1       0.91334730  p_x
   36   1   0   0       1.21688156  s
   36   2   1  -1       0.88099778  p_y
   36   2   1   0       0.98158306  p_z
   36   2   1   1       0.92662711  p_x
   37   1   0   0       1.21800149  s
   37   2   1  -1       0.96905134  p_y
   37   2   1   0       0.92002195  p_z
   37   2   1   1       0.94513998  p_x
   38   1   0   0       1.18851993  s
   38   2   1  -1       0.93762950  p_y
   38   2   1   0       0.90051016  p_z
   38   2   1   1       0.94230336  p_x
   39   1   0   0       1.19690145  s
   39   2   1  -1       0.92884752  p_y
   39   2   1   0       0.89858922  p_z
   39   2   1   1       0.95799881  p_x
   40   1   0   0       1.19142250  s
   40   2   1  -1       0.94134221  p_y
   40   2   1   0       0.90585290  p_z
   40   2   1   1       0.93424164  p_x
   41   1   0   0       1.25637791  s
   41   2   1  -1       0.94514817  p_y
   41   2   1   0       0.89418216  p_z
   41   2   1   1       0.96087788  p_x
   42   1   0   0       1.20906429  s
   42   2   1  -1       0.94277734  p_y
   42   2   1   0       0.90923805  p_z
   42   2   1   1       0.95165922  p_x
   43   1   0   0       1.19490834  s
   43   2   1  -1       0.97065903  p_y
   43   2   1   0       0.90388222  p_z
   43   2   1   1       0.95830233  p_x
   44   1   0   0       1.17990958  s
   44   2   1  -1       0.93791757  p_y
   44   2   1   0       0.90024837  p_z
   44   2   1   1       0.93655751  p_x
   45   1   0   0       1.21875868  s
   45   2   1  -1       0.90127560  p_y
   45   2   1   0       0.94512192  p_z
   45   2   1   1       0.94045549  p_x
   46   1   0   0       1.20822767  s
   46   2   1  -1       0.90256233  p_y
   46   2   1   0       0.96429942  p_z
   46   2   1   1       0.93972886  p_x
   47   1   0   0       1.21591690  s
   47   2   1  -1       0.90146073  p_y
   47   2   1   0       0.94226816  p_z
   47   2   1   1       0.94587385  p_x
   48   1   0   0       1.22254701  s
   48   2   1  -1       0.89757108  p_y
   48   2   1   0       0.95221394  p_z
   48   2   1   1       0.95700144  p_x
   49   1   0   0       1.18622012  s
   49   2   1  -1       0.90357136  p_y
   49   2   1   0       0.95737950  p_z
   49   2   1   1       0.94018308  p_x
   50   1   0   0       1.20729049  s
   50   2   1  -1       0.90068576  p_y
   50   2   1   0       0.94005380  p_z
   50   2   1   1       0.96346999  p_x
   51   1   0   0       1.18088108  s
   51   2   1  -1       0.90223207  p_y
   51   2   1   0       0.94326475  p_z
   51   2   1   1       0.96979326  p_x
   52   1   0   0       1.24375268  s
   52   2   1  -1       0.89415414  p_y
   52   2   1   0       0.95357402  p_z
   52   2   1   1       0.93056781  p_x
   53   1   0   0       1.19627844  s
   53   2   1  -1       0.96388615  p_y
   53   2   1   0       0.92649521  p_z
   53   2   1   1       0.90862805  p_x
   54   1   0   0       1.21686923  s
   54   2   1  -1       0.92735694  p_y
   54   2   1   0       0.97425872  p_z
   54   2   1   1       0.89774280  p_x
   55   1   0   0       1.19724834  s
   55   2   1  -1       0.94447579  p_y
   55   2   1   0       0.93965596  p_z
   55   2   1   1       0.89606724  p_x
   56   1   0   0       1.20336380  s
   56   2   1  -1       0.93043351  p_y
   56   2   1   0       0.96323336  p_z
   56   2   1   1       0.90347222  p_x
   57   1   0   0       1.22047929  s
   57   2   1  -1       0.95320317  p_y
   57   2   1   0       0.95589004  p_z
   57   2   1   1       0.90043540  p_x
   58   1   0   0       1.22154562  s
   58   2   1  -1       0.92937784  p_y
   58   2   1   0       0.95128969  p_z
   58   2   1   1       0.89779066  p_x
   59   1   0   0       1.19827153  s
   59   2   1  -1       0.94634784  p_y
   59   2   1   0       0.97032731  p_z
   59   2   1   1       0.91085509  p_x
   60   1   0   0       1.18502683  s
   60   2   1  -1       0.93990677  p_y
   60   2   1   0       0.94097060  p_z
   60   2   1   1       0.91181233  p_x
   61   1   0   0       0.99929218  s
   62   1   0   0       1.00328052  s

Fermi level:                        -0.1765732368 H           -4.8048 eV
Band energy:                      -104.4920831604 H        -2843.3743 eV
TS:                                  0.0000000001 H            0.0000 eV
Band free energy (E-TS):          -104.4920831606 H        -2843.3743 eV
Extrapolated E(0K):               -104.4920831605 H        -2843.3743 eV
Input / Output electrons (q):    241.9999999999    241.9999999999

Energy H0:                        -104.3958282032 H        -2840.7550 eV
Energy SCC:                          0.0007404416 H            0.0201 eV
Total Electronic energy:          -104.3950877616 H        -2840.7349 eV
Repulsive energy:                    1.6364329513 H           44.5296 eV
Total energy:                     -102.7586548103 H        -2796.2053 eV
Extrapolated to 0:                -102.7586548104 H        -2796.2053 eV
Total Mermin free energy:         -102.7586548104 H        -2796.2053 eV
Force related energy:             -102.7586548104 H        -2796.2053 eV

SCC converged

Total Forces
    1      0.018243261670      0.015463381010     -0.062783784586
    2     -0.002709851510     -0.012669454534      0.105344102500
    3     -0.017534108516      0.001257462130      0.043373780808
    4      0.034982399153      0.016772476540     -0.098127263098
    5      0.013566269778      0.018445078796     -0.006024981602
    6      0.001969947432     -0.058518862855      0.022416151600
    7      0.022453295170     -0.016048706144     -0.025255651148
    8     -0.004388210065      0.060637412396     -0.009122664437
    9     -0.071085367281     -0.065220991627      0.029544640149
   10      0.020424287700      0.010474568036     -0.006849372415
   11      0.033424741697      0.008051997965      0.028062962664
   12     -0.013764922329     -0.018273417178     -0.009894027774
   13     -0.071465650216      0.036466103603      0.007507526202
   14     -0.020940615553      0.020527956529     -0.015305280851
   15      0.011567403506     -0.000744243140     -0.034233823547
   16      0.048367984104     -0.037219125037     -0.017765054707
   17     -0.023671357660     -0.028930512313     -0.072404852629
   18      0.074009882408      0.026695023781      0.006709519944
   19     -0.041739624676     -0.010791910923      0.019753206721
   20     -0.049451629781     -0.019171734858     -0.002934342569
   21     -0.002250522051     -0.054972420547      0.050978164738
   22     -0.038290968980     -0.018771737244     -0.012345318001
   23     -0.007876949318     -0.037264448678      0.026850827797
   24     -0.023732831971      0.088027411995      0.043077704063
   25     -0.002704787559      0.032024109106      0.032172636540
   26      0.024690138953      0.016843698385     -0.047121176941
   27     -0.022428650081     -0.000627512288     -0.022560951856
   28      0.015695831867     -0.024824747794      0.000646173153
   29      0.080139829197      0.037527347405     -0.035410079211
   30      0.086616248453      0.051512229007      0.040739675360
   31     -0.040306874945     -0.052165025321     -0.008241942090
   32     -0.052911065474     -0.000211390596     -0.047646778919
   33     -0.025351644626     -0.054633804713     -0.026874270142
   34     -0.020515508021     -0.047111253070     -0.017256362230
   35     -0.034181405765     -0.038787689105     -0.039493194450
   36     -0.023134626317      0.034567225655      0.009668867972
   37      0.008228821500      0.030161971762     -0.044896594666
   38      0.011351873241     -0.019964679085     -0.029372846845
   39     -0.078516206513     -0.046512147741      0.010112120303
   40      0.012700660016     -0.007003944592      0.057746086843
   41     -0.013280328066     -0.000375396744      0.005067887100
   42     -0.013154938877      0.012720208907      0.033116880928
   43      0.023587340822      0.018430605517     -0.009993918310
   44      0.060696288857      0.010386411786     -0.104418827680
   45      0.030359472111      0.011840174646     -0.027501010895
   46      0.004971228719      0.027141888028      0.003889471689
   47     -0.032248273428     -0.010808334483      0.042100713449
   48      0.001390125227     -0.016938707669     -0.022664281304
   49      0.038048135511     -0.053746408021      0.015044539201
   50      0.007334574350      0.067238680631      0.007973244656
   51     -0.032207343052     -0.019554707951     -0.015959049603
   52      0.016401280129     -0.030027080544     -0.000441735586
   53      0.019086327916     -0.022508331528      0.032515236597
   54      0.050884968971      0.048745902726     -0.004039964689
   55      0.034326321950      0.028612488822      0.006115827958
   56      0.032579360894      0.068652540524      0.063846882244
   57     -0.024289301458      0.036973522710      0.035052389368
   58      0.007189803537      0.042174851201      0.036238688651
   59     -0.051398208888     -0.052778325753      0.048366804789
   60      0.010113405328     -0.001155201523      0.013202357552
   61      0.017392228099      0.000443032483     -0.002982109240
   62     -0.017261965287     -0.000483508481      0.002686440480

Maximal derivative component:        0.105344E+00 au

Dipole moment:    0.10271518    0.05812737    0.00049198 au
Dipole moment:    0.26107596    0.14774504    0.00125049 Debye


