 Fermi distribution function

Calculation with static geometry


********************************************************************************
 iSCC Total electronic   Diff electronic      SCC error    
   17   -0.10429649E+03   -0.17027446E-09    0.51332827E-05
********************************************************************************

 Total charge:     0.00000000

 Atomic gross charges (e)
 Atom           Charge
    1       0.02268160
    2       0.00970063
    3      -0.03590640
    4      -0.04630707
    5       0.00723180
    6       0.02725777
    7      -0.00505364
    8       0.00103756
    9       0.00876853
   10      -0.03557791
   11      -0.04751962
   12       0.03674711
   13      -0.00752621
   14       0.00141487
   15       0.01874697
   16       0.05103137
   17       0.00965429
   18       0.02226226
   19       0.03148788
   20       0.03541379
   21      -0.01681508
   22      -0.01867245
   23       0.02504256
   24      -0.01005936
   25      -0.00798642
   26       0.01313212
   27       0.00612724
   28      -0.02523399
   29      -0.00128557
   30       0.02499201
   31       0.00013814
   32       0.04685893
   33       0.02515635
   34       0.02894105
   35      -0.00592651
   36      -0.02631750
   37      -0.00495633
   38      -0.00832613
   39      -0.04569019
   40       0.00220455
   41      -0.00694973
   42      -0.01255886
   43       0.03293246
   44       0.00740403
   45       0.02669276
   46      -0.00242146
   47      -0.03559360
   48      -0.01346905
   49       0.00339873
   50      -0.02287807
   51      -0.00529081
   52       0.02120181
   53       0.00899722
   54      -0.00955586
   55      -0.00491814
   56      -0.01658638
   57      -0.05985086
   58      -0.00352370
   59      -0.00432821
   60      -0.00690104
   61      -0.00180406
   62      -0.00086615

Nr. of electrons (up):    242.00000000
Atom populations (up)
 Atom       Population
    1       3.97731840
    2       3.99029937
    3       4.03590640
    4       4.04630707
    5       3.99276820
    6       3.97274223
    7       4.00505364
    8       3.99896244
    9       3.99123147
   10       4.03557791
   11       4.04751962
   12       3.96325289
   13       4.00752621
   14       3.99858513
   15       3.98125303
   16       3.94896863
   17       3.99034571
   18       3.97773774
   19       3.96851212
   20       3.96458621
   21       4.01681508
   22       4.01867245
   23       3.97495744
   24       4.01005936
   25       4.00798642
   26       3.98686788
   27       3.99387276
   28       4.02523399
   29       4.00128557
   30       3.97500799
   31       3.99986186
   32       3.95314107
   33       3.97484365
   34       3.97105895
   35       4.00592651
   36       4.02631750
   37       4.00495633
   38       4.00832613
   39       4.04569019
   40       3.99779545
   41       4.00694973
   42       4.01255886
   43       3.96706754
   44       3.99259597
   45       3.97330724
   46       4.00242146
   47       4.03559360
   48       4.01346905
   49       3.99660127
   50       4.02287807
   51       4.00529081
   52       3.97879819
   53       3.99100278
   54       4.00955586
   55       4.00491814
   56       4.01658638
   57       4.05985086
   58       4.00352370
   59       4.00432821
   60       4.00690104
   61       1.00180406
   62       1.00086615

l-shell populations (up)
 Atom Sh.   l       Population
    1   1   0       1.20380151
    1   2   1       2.77351688
    2   1   0       1.20425898
    2   2   1       2.78604039
    3   1   0       1.20548474
    3   2   1       2.83042166
    4   1   0       1.21716745
    4   2   1       2.82913962
    5   1   0       1.19960451
    5   2   1       2.79316369
    6   1   0       1.17792493
    6   2   1       2.79481730
    7   1   0       1.19388339
    7   2   1       2.81117025
    8   1   0       1.20854468
    8   2   1       2.79041776
    9   1   0       1.22212584
    9   2   1       2.76910563
   10   1   0       1.22691801
   10   2   1       2.80865989
   11   1   0       1.23464637
   11   2   1       2.81287325
   12   1   0       1.21375864
   12   2   1       2.74949425
   13   1   0       1.19489134
   13   2   1       2.81263487
   14   1   0       1.18030299
   14   2   1       2.81828214
   15   1   0       1.19479548
   15   2   1       2.78645755
   16   1   0       1.18408270
   16   2   1       2.76488593
   17   1   0       1.20536021
   17   2   1       2.78498550
   18   1   0       1.22020856
   18   2   1       2.75752918
   19   1   0       1.19656534
   19   2   1       2.77194678
   20   1   0       1.18026581
   20   2   1       2.78432040
   21   1   0       1.22081619
   21   2   1       2.79599889
   22   1   0       1.22341797
   22   2   1       2.79525448
   23   1   0       1.19665351
   23   2   1       2.77830393
   24   1   0       1.20377499
   24   2   1       2.80628437
   25   1   0       1.22842656
   25   2   1       2.77955986
   26   1   0       1.22477004
   26   2   1       2.76209784
   27   1   0       1.22450325
   27   2   1       2.76936952
   28   1   0       1.21343116
   28   2   1       2.81180283
   29   1   0       1.20589249
   29   2   1       2.79539309
   30   1   0       1.19500289
   30   2   1       2.78000510
   31   1   0       1.20024398
   31   2   1       2.79961789
   32   1   0       1.19831503
   32   2   1       2.75482605
   33   1   0       1.20080931
   33   2   1       2.77403434
   34   1   0       1.17214987
   34   2   1       2.79890908
   35   1   0       1.22957180
   35   2   1       2.77635470
   36   1   0       1.21257120
   36   2   1       2.81374631
   37   1   0       1.21036676
   37   2   1       2.79458957
   38   1   0       1.19756770
   38   2   1       2.81075842
   39   1   0       1.22330232
   39   2   1       2.82238788
   40   1   0       1.21001546
   40   2   1       2.78778000
   41   1   0       1.20794283
   41   2   1       2.79900691
   42   1   0       1.22501911
   42   2   1       2.78753975
   43   1   0       1.18579392
   43   2   1       2.78127362
   44   1   0       1.19880460
   44   2   1       2.79379137
   45   1   0       1.21654252
   45   2   1       2.75676472
   46   1   0       1.19868560
   46   2   1       2.80373585
   47   1   0       1.21235378
   47   2   1       2.82323982
   48   1   0       1.21889776
   48   2   1       2.79457129
   49   1   0       1.20377729
   49   2   1       2.79282398
   50   1   0       1.20973441
   50   2   1       2.81314366
   51   1   0       1.22012917
   51   2   1       2.78516164
   52   1   0       1.19849000
   52   2   1       2.78030819
   53   1   0       1.19887018
   53   2   1       2.79213260
   54   1   0       1.20519860
   54   2   1       2.80435726
   55   1   0       1.21871831
   55   2   1       2.78619983
   56   1   0       1.20268647
   56   2   1       2.81389991
   57   1   0       1.22177666
   57   2   1       2.83807420
   58   1   0       1.21100571
   58   2   1       2.79251799
   59   1   0       1.19985654
   59   2   1       2.80447167
   60   1   0       1.21294438
   60   2   1       2.79395666
   61   1   0       1.00180406
   62   1   0       1.00086615

Orbital populations (up)
 Atom Sh.   l   m       Population  Label
    1   1   0   0       1.20380151  s
    1   2   1  -1       0.98008042  p_y
    1   2   1   0       0.88952328  p_z
    1   2   1   1       0.90391318  p_x
    2   1   0   0       1.20425898  s
    2   2   1  -1       0.98017856  p_y
    2   2   1   0       0.88907402  p_z
    2   2   1   1       0.91678781  p_x
    3   1   0   0       1.20548474  s
    3   2   1  -1       1.01318303  p_y
    3   2   1   0       0.89169181  p_z
    3   2   1   1       0.92554682  p_x
    4   1   0   0       1.21716745  s
    4   2   1  -1       1.01696685  p_y
    4   2   1   0       0.89457534  p_z
    4   2   1   1       0.91759743  p_x
    5   1   0   0       1.19960451  s
    5   2   1  -1       0.90713821  p_y
    5   2   1   0       0.90249865  p_z
    5   2   1   1       0.98352683  p_x
    6   1   0   0       1.17792493  s
    6   2   1  -1       0.89944787  p_y
    6   2   1   0       0.90454794  p_z
    6   2   1   1       0.99082149  p_x
    7   1   0   0       1.19388339  s
    7   2   1  -1       0.90632206  p_y
    7   2   1   0       0.91536507  p_z
    7   2   1   1       0.98948312  p_x
    8   1   0   0       1.20854468  s
    8   2   1  -1       0.89283969  p_y
    8   2   1   0       0.90553855  p_z
    8   2   1   1       0.99203952  p_x
    9   1   0   0       1.22212584  s
    9   2   1  -1       0.90305563  p_y
    9   2   1   0       0.97726372  p_z
    9   2   1   1       0.88878628  p_x
   10   1   0   0       1.22691801  s
   10   2   1  -1       0.90904389  p_y
   10   2   1   0       1.01011839  p_z
   10   2   1   1       0.88949762  p_x
   11   1   0   0       1.23464637  s
   11   2   1  -1       0.90508996  p_y
   11   2   1   0       1.02667959  p_z
   11   2   1   1       0.88110370  p_x
   12   1   0   0       1.21375864  s
   12   2   1  -1       0.90280351  p_y
   12   2   1   0       0.96246518  p_z
   12   2   1   1       0.88422556  p_x
   13   1   0   0       1.19489134  s
   13   2   1  -1       0.99562959  p_y
   13   2   1   0       0.92532262  p_z
   13   2   1   1       0.89168266  p_x
   14   1   0   0       1.18030299  s
   14   2   1  -1       0.98647736  p_y
   14   2   1   0       0.93667616  p_z
   14   2   1   1       0.89512862  p_x
   15   1   0   0       1.19479548  s
   15   2   1  -1       0.97970478  p_y
   15   2   1   0       0.92191891  p_z
   15   2   1   1       0.88483385  p_x
   16   1   0   0       1.18408270  s
   16   2   1  -1       0.96305913  p_y
   16   2   1   0       0.89910894  p_z
   16   2   1   1       0.90271786  p_x
   17   1   0   0       1.20536021  s
   17   2   1  -1       0.97691314  p_y
   17   2   1   0       0.91790690  p_z
   17   2   1   1       0.89016547  p_x
   18   1   0   0       1.22020856  s
   18   2   1  -1       0.95760778  p_y
   18   2   1   0       0.92160735  p_z
   18   2   1   1       0.87831405  p_x
   19   1   0   0       1.19656534  s
   19   2   1  -1       0.96024974  p_y
   19   2   1   0       0.92958814  p_z
   19   2   1   1       0.88210889  p_x
   20   1   0   0       1.18026581  s
   20   2   1  -1       0.96250122  p_y
   20   2   1   0       0.92630932  p_z
   20   2   1   1       0.89550986  p_x
   21   1   0   0       1.22081619  s
   21   2   1  -1       0.91050371  p_y
   21   2   1   0       0.90000762  p_z
   21   2   1   1       0.98548755  p_x
   22   1   0   0       1.22341797  s
   22   2   1  -1       0.92413623  p_y
   22   2   1   0       0.88799495  p_z
   22   2   1   1       0.98312330  p_x
   23   1   0   0       1.19665351  s
   23   2   1  -1       0.91225936  p_y
   23   2   1   0       0.89361012  p_z
   23   2   1   1       0.97243445  p_x
   24   1   0   0       1.20377499  s
   24   2   1  -1       0.92633704  p_y
   24   2   1   0       0.89252835  p_z
   24   2   1   1       0.98741897  p_x
   25   1   0   0       1.22842656  s
   25   2   1  -1       0.91369706  p_y
   25   2   1   0       0.88141156  p_z
   25   2   1   1       0.98445124  p_x
   26   1   0   0       1.22477004  s
   26   2   1  -1       0.91030319  p_y
   26   2   1   0       0.87648952  p_z
   26   2   1   1       0.97530513  p_x
   27   1   0   0       1.22450325  s
   27   2   1  -1       0.90562119  p_y
   27   2   1   0       0.89249564  p_z
   27   2   1   1       0.97125268  p_x
   28   1   0   0       1.21343116  s
   28   2   1  -1       0.91961498  p_y
   28   2   1   0       0.89290161  p_z
   28   2   1   1       0.99928624  p_x
   29   1   0   0       1.20589249  s
   29   2   1  -1       0.88225302  p_y
   29   2   1   0       0.98609347  p_z
   29   2   1   1       0.92704660  p_x
   30   1   0   0       1.19500289  s
   30   2   1  -1       0.89548774  p_y
   30   2   1   0       0.97479603  p_z
   30   2   1   1       0.90972133  p_x
   31   1   0   0       1.20024398  s
   31   2   1  -1       0.89248686  p_y
   31   2   1   0       0.97479148  p_z
   31   2   1   1       0.93233954  p_x
   32   1   0   0       1.19831503  s
   32   2   1  -1       0.87652303  p_y
   32   2   1   0       0.95215732  p_z
   32   2   1   1       0.92614570  p_x
   33   1   0   0       1.20080931  s
   33   2   1  -1       0.88555205  p_y
   33   2   1   0       0.95909742  p_z
   33   2   1   1       0.92938487  p_x
   34   1   0   0       1.17214987  s
   34   2   1  -1       0.90286782  p_y
   34   2   1   0       0.98213105  p_z
   34   2   1   1       0.91391021  p_x
   35   1   0   0       1.22957180  s
   35   2   1  -1       0.88676710  p_y
   35   2   1   0       0.96197259  p_z
   35   2   1   1       0.92761502  p_x
   36   1   0   0       1.21257120  s
   36   2   1  -1       0.88595642  p_y
   36   2   1   0       0.99573721  p_z
   36   2   1   1       0.93205268  p_x
   37   1   0   0       1.21036676  s
   37   2   1  -1       0.96245199  p_y
   37   2   1   0       0.90330769  p_z
   37   2   1   1       0.92882989  p_x
   38   1   0   0       1.19756770  s
   38   2   1  -1       0.95492484  p_y
   38   2   1   0       0.90528060  p_z
   38   2   1   1       0.95055298  p_x
   39   1   0   0       1.22330232  s
   39   2   1  -1       0.95124154  p_y
   39   2   1   0       0.90831025  p_z
   39   2   1   1       0.96283609  p_x
   40   1   0   0       1.21001546  s
   40   2   1  -1       0.95292904  p_y
   40   2   1   0       0.90007949  p_z
   40   2   1   1       0.93477146  p_x
   41   1   0   0       1.20794283  s
   41   2   1  -1       0.97171347  p_y
   41   2   1   0       0.90322984  p_z
   41   2   1   1       0.92406360  p_x
   42   1   0   0       1.22501911  s
   42   2   1  -1       0.94190529  p_y
   42   2   1   0       0.90543333  p_z
   42   2   1   1       0.94020112  p_x
   43   1   0   0       1.18579392  s
   43   2   1  -1       0.94152197  p_y
   43   2   1   0       0.90434468  p_z
   43   2   1   1       0.93540697  p_x
   44   1   0   0       1.19880460  s
   44   2   1  -1       0.94080893  p_y
   44   2   1   0       0.90042255  p_z
   44   2   1   1       0.95255989  p_x
   45   1   0   0       1.21654252  s
   45   2   1  -1       0.89664350  p_y
   45   2   1   0       0.93304716  p_z
   45   2   1   1       0.92707407  p_x
   46   1   0   0       1.19868560  s
   46   2   1  -1       0.90095040  p_y
   46   2   1   0       0.94056071  p_z
   46   2   1   1       0.96222474  p_x
   47   1   0   0       1.21235378  s
   47   2   1  -1       0.90199595  p_y
   47   2   1   0       0.95558922  p_z
   47   2   1   1       0.96565465  p_x
   48   1   0   0       1.21889776  s
   48   2   1  -1       0.89847360  p_y
   48   2   1   0       0.95524992  p_z
   48   2   1   1       0.94084777  p_x
   49   1   0   0       1.20377729  s
   49   2   1  -1       0.89887525  p_y
   49   2   1   0       0.95840653  p_z
   49   2   1   1       0.93554220  p_x
   50   1   0   0       1.20973441  s
   50   2   1  -1       0.90545592  p_y
   50   2   1   0       0.95463096  p_z
   50   2   1   1       0.95305678  p_x
   51   1   0   0       1.22012917  s
   51   2   1  -1       0.89582961  p_y
   51   2   1   0       0.95115340  p_z
   51   2   1   1       0.93817863  p_x
   52   1   0   0       1.19849000  s
   52   2   1  -1       0.89738240  p_y
   52   2   1   0       0.94142618  p_z
   52   2   1   1       0.94149962  p_x
   53   1   0   0       1.19887018  s
   53   2   1  -1       0.96802990  p_y
   53   2   1   0       0.92644778  p_z
   53   2   1   1       0.89765492  p_x
   54   1   0   0       1.20519860  s
   54   2   1  -1       0.96700059  p_y
   54   2   1   0       0.94188424  p_z
   54   2   1   1       0.89547243  p_x
   55   1   0   0       1.21871831  s
   55   2   1  -1       0.95470197  p_y
   55   2   1   0       0.92943979  p_z
   55   2   1   1       0.90205807  p_x
   56   1   0   0       1.20268647  s
   56   2   1  -1       0.95071742  p_y
   56   2   1   0       0.96424378  p_z
   56   2   1   1       0.89893870  p_x
   57   1   0   0       1.22177666  s
   57   2   1  -1       0.96583046  p_y
   57   2   1   0       0.96613170  p_z
   57   2   1   1       0.90611204  p_x
   58   1   0   0       1.21100571  s
   58   2   1  -1       0.96238264  p_y
   58   2   1   0       0.93535419  p_z
   58   2   1   1       0.89478115  p_x
