 Fermi distribution function

Calculation with static geometry


********************************************************************************
 iSCC Total electronic   Diff electronic      SCC error    
   17   -0.10433201E+03   -0.21780977E-09    0.46143111E-05
********************************************************************************

 Total charge:     0.00000000

 Atomic gross charges (e)
 Atom           Charge
    1       0.02025509
    2       0.00930386
    3      -0.00504509
    4      -0.01735219
    5      -0.00996397
    6      -0.03868979
    7       0.04031657
    8       0.02806288
    9      -0.00663903
   10       0.02075454
   11      -0.03642100
   12       0.02035252
   13      -0.03717607
   14       0.00835414
   15       0.00331642
   16       0.02191135
   17       0.03011525
   18      -0.01580198
   19       0.00027392
   20      -0.02135686
   21      -0.02180736
   22       0.03124073
   23      -0.00074746
   24       0.00612146
   25       0.02141931
   26       0.02552224
   27      -0.05431975
   28      -0.02326512
   29       0.00321278
   30      -0.02550009
   31       0.02925686
   32       0.04180358
   33      -0.00335098
   34       0.00320518
   35       0.02614797
   36      -0.01183140
   37       0.04240407
   38       0.02860433
   39      -0.04643198
   40      -0.03099697
   41       0.01393438
   42      -0.00819305
   43       0.02291896
   44       0.00904511
   45      -0.00917559
   46       0.00370446
   47       0.00095365
   48      -0.00548981
   49      -0.01639177
   50      -0.02515055
   51      -0.02306725
   52       0.02395383
   53       0.00248235
   54      -0.00212362
   55       0.02411627
   56      -0.01860746
   57      -0.04259883
   58      -0.00769674
   59       0.00246778
   60       0.00182065
   61      -0.00143285
   62      -0.00072785

Nr. of electrons (up):    242.00000000
Atom populations (up)
 Atom       Population
    1       3.97974491
    2       3.99069614
    3       4.00504509
    4       4.01735219
    5       4.00996397
    6       4.03868979
    7       3.95968343
    8       3.97193712
    9       4.00663903
   10       3.97924546
   11       4.03642100
   12       3.97964748
   13       4.03717607
   14       3.99164586
   15       3.99668358
   16       3.97808865
   17       3.96988475
   18       4.01580198
   19       3.99972608
   20       4.02135686
   21       4.02180736
   22       3.96875927
   23       4.00074746
   24       3.99387854
   25       3.97858069
   26       3.97447776
   27       4.05431975
   28       4.02326512
   29       3.99678722
   30       4.02550009
   31       3.97074314
   32       3.95819642
   33       4.00335098
   34       3.99679482
   35       3.97385203
   36       4.01183140
   37       3.95759593
   38       3.97139567
   39       4.04643198
   40       4.03099697
   41       3.98606562
   42       4.00819305
   43       3.97708104
   44       3.99095489
   45       4.00917559
   46       3.99629554
   47       3.99904635
   48       4.00548981
   49       4.01639177
   50       4.02515055
   51       4.02306725
   52       3.97604617
   53       3.99751765
   54       4.00212362
   55       3.97588373
   56       4.01860746
   57       4.04259883
   58       4.00769674
   59       3.99753222
   60       3.99817935
   61       1.00143285
   62       1.00072785

l-shell populations (up)
 Atom Sh.   l       Population
    1   1   0       1.19749849
    1   2   1       2.78224642
    2   1   0       1.18436898
    2   2   1       2.80632716
    3   1   0       1.20645314
    3   2   1       2.79859196
    4   1   0       1.21655315
    4   2   1       2.80079903
    5   1   0       1.19932086
    5   2   1       2.81064311
    6   1   0       1.21728510
    6   2   1       2.82140469
    7   1   0       1.18744254
    7   2   1       2.77224090
    8   1   0       1.19221610
    8   2   1       2.77972102
    9   1   0       1.19938105
    9   2   1       2.80725797
   10   1   0       1.20677468
   10   2   1       2.77247078
   11   1   0       1.21990816
   11   2   1       2.81651284
   12   1   0       1.21142571
   12   2   1       2.76822177
   13   1   0       1.22725206
   13   2   1       2.80992400
   14   1   0       1.18633283
   14   2   1       2.80531303
   15   1   0       1.19861225
   15   2   1       2.79807133
   16   1   0       1.19809840
   16   2   1       2.77999025
   17   1   0       1.20038625
   17   2   1       2.76949850
   18   1   0       1.23247204
   18   2   1       2.78332994
   19   1   0       1.21998440
   19   2   1       2.77974168
   20   1   0       1.22394959
   20   2   1       2.79740727
   21   1   0       1.21115496
   21   2   1       2.81065240
   22   1   0       1.18364697
   22   2   1       2.78511230
   23   1   0       1.20984797
   23   2   1       2.79089949
   24   1   0       1.21258578
   24   2   1       2.78129276
   25   1   0       1.16689524
   25   2   1       2.81168545
   26   1   0       1.20697190
   26   2   1       2.76750586
   27   1   0       1.24830133
   27   2   1       2.80601842
   28   1   0       1.20549142
   28   2   1       2.81777370
   29   1   0       1.19784824
   29   2   1       2.79893898
   30   1   0       1.22244753
   30   2   1       2.80305256
   31   1   0       1.19391333
   31   2   1       2.77682981
   32   1   0       1.20438509
   32   2   1       2.75381132
   33   1   0       1.21357663
   33   2   1       2.78977435
   34   1   0       1.18939397
   34   2   1       2.80740085
   35   1   0       1.20034126
   35   2   1       2.77351077
   36   1   0       1.22245491
   36   2   1       2.78937649
   37   1   0       1.18161029
   37   2   1       2.77598564
   38   1   0       1.19027018
   38   2   1       2.78112549
   39   1   0       1.26016592
   39   2   1       2.78626606
   40   1   0       1.19391126
   40   2   1       2.83708572
   41   1   0       1.17099272
   41   2   1       2.81507290
   42   1   0       1.20198178
   42   2   1       2.80621127
   43   1   0       1.18324853
   43   2   1       2.79383251
   44   1   0       1.19879712
   44   2   1       2.79215776
   45   1   0       1.22492301
   45   2   1       2.78425258
   46   1   0       1.22737861
   46   2   1       2.76891693
   47   1   0       1.19054804
   47   2   1       2.80849832
   48   1   0       1.21396284
   48   2   1       2.79152697
   49   1   0       1.20865062
   49   2   1       2.80774115
   50   1   0       1.21222287
   50   2   1       2.81292768
   51   1   0       1.22963010
   51   2   1       2.79343715
   52   1   0       1.19254940
   52   2   1       2.78349677
   53   1   0       1.22135977
   53   2   1       2.77615788
   54   1   0       1.21346972
   54   2   1       2.78865389
   55   1   0       1.20099023
   55   2   1       2.77489350
   56   1   0       1.21538554
   56   2   1       2.80322192
   57   1   0       1.22169672
   57   2   1       2.82090211
   58   1   0       1.19409156
   58   2   1       2.81360517
   59   1   0       1.21762719
   59   2   1       2.77990503
   60   1   0       1.20797101
   60   2   1       2.79020833
   61   1   0       1.00143285
   62   1   0       1.00072785

Orbital populations (up)
 Atom Sh.   l   m       Population  Label
    1   1   0   0       1.19749849  s
    1   2   1  -1       0.98737910  p_y
    1   2   1   0       0.89807039  p_z
    1   2   1   1       0.89679692  p_x
    2   1   0   0       1.18436898  s
    2   2   1  -1       0.98890143  p_y
    2   2   1   0       0.90270480  p_z
    2   2   1   1       0.91472093  p_x
    3   1   0   0       1.20645314  s
    3   2   1  -1       0.99596133  p_y
    3   2   1   0       0.89344516  p_z
    3   2   1   1       0.90918547  p_x
    4   1   0   0       1.21655315  s
    4   2   1  -1       0.99424830  p_y
    4   2   1   0       0.89825297  p_z
    4   2   1   1       0.90829777  p_x
    5   1   0   0       1.19932086  s
    5   2   1  -1       0.89521972  p_y
    5   2   1   0       0.91311181  p_z
    5   2   1   1       1.00231159  p_x
    6   1   0   0       1.21728510  s
    6   2   1  -1       0.89697939  p_y
    6   2   1   0       0.90047405  p_z
    6   2   1   1       1.02395124  p_x
    7   1   0   0       1.18744254  s
    7   2   1  -1       0.89561266  p_y
    7   2   1   0       0.90698913  p_z
    7   2   1   1       0.96963911  p_x
    8   1   0   0       1.19221610  s
    8   2   1  -1       0.89707923  p_y
    8   2   1   0       0.91318878  p_z
    8   2   1   1       0.96945301  p_x
    9   1   0   0       1.19938105  s
    9   2   1  -1       0.90419237  p_y
    9   2   1   0       0.99589397  p_z
    9   2   1   1       0.90717163  p_x
   10   1   0   0       1.20677468  s
   10   2   1  -1       0.89776376  p_y
   10   2   1   0       0.97723580  p_z
   10   2   1   1       0.89747122  p_x
   11   1   0   0       1.21990816  s
   11   2   1  -1       0.90943706  p_y
   11   2   1   0       1.01710338  p_z
   11   2   1   1       0.88997240  p_x
   12   1   0   0       1.21142571  s
   12   2   1  -1       0.90943566  p_y
   12   2   1   0       0.97087556  p_z
   12   2   1   1       0.88791055  p_x
   13   1   0   0       1.22725206  s
   13   2   1  -1       0.99175565  p_y
   13   2   1   0       0.92117610  p_z
   13   2   1   1       0.89699225  p_x
   14   1   0   0       1.18633283  s
   14   2   1  -1       0.98188009  p_y
   14   2   1   0       0.93533725  p_z
   14   2   1   1       0.88809569  p_x
   15   1   0   0       1.19861225  s
   15   2   1  -1       0.98485908  p_y
   15   2   1   0       0.91358523  p_z
   15   2   1   1       0.89962702  p_x
   16   1   0   0       1.19809840  s
   16   2   1  -1       0.97281550  p_y
   16   2   1   0       0.90211271  p_z
   16   2   1   1       0.90506204  p_x
   17   1   0   0       1.20038625  s
   17   2   1  -1       0.96752386  p_y
   17   2   1   0       0.91843211  p_z
   17   2   1   1       0.88354253  p_x
   18   1   0   0       1.23247204  s
   18   2   1  -1       0.99377891  p_y
   18   2   1   0       0.91915822  p_z
   18   2   1   1       0.87039281  p_x
   19   1   0   0       1.21998440  s
   19   2   1  -1       0.97447594  p_y
   19   2   1   0       0.90472924  p_z
   19   2   1   1       0.90053650  p_x
   20   1   0   0       1.22394959  s
   20   2   1  -1       0.99392701  p_y
   20   2   1   0       0.90642015  p_z
   20   2   1   1       0.89706012  p_x
   21   1   0   0       1.21115496  s
   21   2   1  -1       0.92085752  p_y
   21   2   1   0       0.89797506  p_z
   21   2   1   1       0.99181982  p_x
   22   1   0   0       1.18364697  s
   22   2   1  -1       0.91881481  p_y
   22   2   1   0       0.89190272  p_z
   22   2   1   1       0.97439477  p_x
   23   1   0   0       1.20984797  s
   23   2   1  -1       0.93780656  p_y
   23   2   1   0       0.88479008  p_z
   23   2   1   1       0.96830285  p_x
   24   1   0   0       1.21258578  s
   24   2   1  -1       0.93345936  p_y
   24   2   1   0       0.89037893  p_z
   24   2   1   1       0.95745447  p_x
   25   1   0   0       1.16689524  s
   25   2   1  -1       0.91645642  p_y
   25   2   1   0       0.90148340  p_z
   25   2   1   1       0.99374563  p_x
   26   1   0   0       1.20697190  s
   26   2   1  -1       0.90810155  p_y
   26   2   1   0       0.89125352  p_z
   26   2   1   1       0.96815079  p_x
   27   1   0   0       1.24830133  s
   27   2   1  -1       0.92290069  p_y
   27   2   1   0       0.88436972  p_z
   27   2   1   1       0.99874801  p_x
   28   1   0   0       1.20549142  s
   28   2   1  -1       0.93106424  p_y
   28   2   1   0       0.88172310  p_z
   28   2   1   1       1.00498636  p_x
   29   1   0   0       1.19784824  s
   29   2   1  -1       0.88588945  p_y
   29   2   1   0       0.97769700  p_z
   29   2   1   1       0.93535253  p_x
   30   1   0   0       1.22244753  s
   30   2   1  -1       0.89470380  p_y
   30   2   1   0       0.99530631  p_z
   30   2   1   1       0.91304245  p_x
   31   1   0   0       1.19391333  s
   31   2   1  -1       0.88615627  p_y
   31   2   1   0       0.97176930  p_z
   31   2   1   1       0.91890424  p_x
   32   1   0   0       1.20438509  s
   32   2   1  -1       0.87823531  p_y
   32   2   1   0       0.95098654  p_z
   32   2   1   1       0.92458948  p_x
   33   1   0   0       1.21357663  s
   33   2   1  -1       0.89095322  p_y
   33   2   1   0       0.97232084  p_z
   33   2   1   1       0.92650029  p_x
   34   1   0   0       1.18939397  s
   34   2   1  -1       0.89238877  p_y
   34   2   1   0       0.98972667  p_z
   34   2   1   1       0.92528541  p_x
   35   1   0   0       1.20034126  s
   35   2   1  -1       0.88175953  p_y
   35   2   1   0       0.96222567  p_z
   35   2   1   1       0.92952557  p_x
   36   1   0   0       1.22245491  s
   36   2   1  -1       0.88402148  p_y
   36   2   1   0       0.98854338  p_z
   36   2   1   1       0.91681164  p_x
   37   1   0   0       1.18161029  s
   37   2   1  -1       0.94506179  p_y
   37   2   1   0       0.90042942  p_z
   37   2   1   1       0.93049442  p_x
   38   1   0   0       1.19027018  s
   38   2   1  -1       0.94912637  p_y
   38   2   1   0       0.90705347  p_z
   38   2   1   1       0.92494566  p_x
   39   1   0   0       1.26016592  s
   39   2   1  -1       0.94473233  p_y
   39   2   1   0       0.89038085  p_z
   39   2   1   1       0.95115287  p_x
   40   1   0   0       1.19391126  s
   40   2   1  -1       0.97001817  p_y
   40   2   1   0       0.91213202  p_z
   40   2   1   1       0.95493553  p_x
   41   1   0   0       1.17099272  s
   41   2   1  -1       0.95491395  p_y
   41   2   1   0       0.92142539  p_z
   41   2   1   1       0.93873356  p_x
   42   1   0   0       1.20198178  s
   42   2   1  -1       0.94032064  p_y
   42   2   1   0       0.91400221  p_z
   42   2   1   1       0.95188842  p_x
   43   1   0   0       1.18324853  s
   43   2   1  -1       0.95172868  p_y
   43   2   1   0       0.89681109  p_z
   43   2   1   1       0.94529274  p_x
   44   1   0   0       1.19879712  s
   44   2   1  -1       0.93050212  p_y
   44   2   1   0       0.91257683  p_z
   44   2   1   1       0.94907881  p_x
   45   1   0   0       1.22492301  s
   45   2   1  -1       0.89701552  p_y
   45   2   1   0       0.94541123  p_z
   45   2   1   1       0.94182584  p_x
   46   1   0   0       1.22737861  s
   46   2   1  -1       0.89648613  p_y
   46   2   1   0       0.95438561  p_z
   46   2   1   1       0.91804519  p_x
   47   1   0   0       1.19054804  s
   47   2   1  -1       0.90158796  p_y
   47   2   1   0       0.95533906  p_z
   47   2   1   1       0.95157130  p_x
   48   1   0   0       1.21396284  s
   48   2   1  -1       0.89768307  p_y
   48   2   1   0       0.94525555  p_z
   48   2   1   1       0.94858836  p_x
   49   1   0   0       1.20865062  s
   49   2   1  -1       0.90594655  p_y
   49   2   1   0       0.95373154  p_z
   49   2   1   1       0.94806306  p_x
   50   1   0   0       1.21222287  s
   50   2   1  -1       0.90616807  p_y
   50   2   1   0       0.96025412  p_z
   50   2   1   1       0.94650549  p_x
   51   1   0   0       1.22963010  s
   51   2   1  -1       0.89640037  p_y
   51   2   1   0       0.93925707  p_z
   51   2   1   1       0.95777970  p_x
   52   1   0   0       1.19254940  s
   52   2   1  -1       0.89980753  p_y
   52   2   1   0       0.94388747  p_z
   52   2   1   1       0.93980176  p_x
   53   1   0   0       1.22135977  s
   53   2   1  -1       0.93652578  p_y
   53   2   1   0       0.94322289  p_z
   53   2   1   1       0.89640920  p_x
   54   1   0   0       1.21346972  s
   54   2   1  -1       0.94108702  p_y
   54   2   1   0       0.93998573  p_z
   54   2   1   1       0.90758115  p_x
   55   1   0   0       1.20099023  s
   55   2   1  -1       0.93085170  p_y
   55   2   1   0       0.94394205  p_z
   55   2   1   1       0.90009976  p_x
   56   1   0   0       1.21538554  s
   56   2   1  -1       0.96965109  p_y
   56   2   1   0       0.93399712  p_z
   56   2   1   1       0.89957371  p_x
   57   1   0   0       1.22169672  s
   57   2   1  -1       0.96531121  p_y
   57   2   1   0       0.95230644  p_z
   57   2   1   1       0.90328447  p_x
   58   1   0   0       1.19409156  s
   58   2   1  -1       0.94794466  p_y
   58   2   1   0       0.95674706  p_z
   58   2   1   1       0.90891345  p_x
   59   1   0   0       1.21762719  s
   59   2   1  -1       0.95662233  p_y
   59   2   1   0       0.93048718  p_z
   59   2   1   1       0.89279552  p_x
   60   1   0   0       1.20797101  s
   60   2   1  -1       0.94187716  p_y
   60   2   1   0       0.94980207  p_z
   60   2   1   1       0.89852910  p_x
   61   1   0   0       1.00143285  s
   62   1   0   0       1.00072785  s

Fermi level:                        -0.1767408442 H           -4.8094 eV
Band energy:                      -104.4387185501 H        -2841.9221 eV
TS:                                  0.0000000000 H            0.0000 eV
Band free energy (E-TS):          -104.4387185502 H        -2841.9221 eV
Extrapolated E(0K):               -104.4387185501 H        -2841.9221 eV
Input / Output electrons (q):    241.9999999999    241.9999999999

Energy H0:                        -104.3327749390 H        -2839.0393 eV
Energy SCC:                          0.0007623924 H            0.0207 eV
Total Electronic energy:          -104.3320125466 H        -2839.0185 eV
Repulsive energy:                    1.5568896485 H           42.3651 eV
Total energy:                     -102.7751228981 H        -2796.6534 eV
Extrapolated to 0:                -102.7751228981 H        -2796.6534 eV
Total Mermin free energy:         -102.7751228981 H        -2796.6534 eV
Force related energy:             -102.7751228981 H        -2796.6534 eV

SCC converged

Total Forces
    1      0.023417290671      0.000666918305     -0.014668601407
    2      0.020897546588     -0.003528716995      0.016353925109
    3     -0.043781168917      0.001562555714     -0.036061114022
    4     -0.026830823344      0.021794735838     -0.078888527873
    5     -0.013602645758      0.062527357853      0.032401472115
    6      0.020521410058      0.023913321997     -0.034562474622
    7      0.007791488884     -0.038079537717     -0.043424798182
    8     -0.038860214791      0.004650315249     -0.026468061844
    9      0.024830497848      0.007728057600     -0.005338804898
   10     -0.058701557422      0.029785593037     -0.004130670344
   11     -0.052361005854      0.021604926252      0.005028046838
   12      0.054147720495     -0.029099984263     -0.011128435757
   13      0.017673629316     -0.030916280611     -0.009043804777
   14      0.063639448151      0.003782038605      0.071137610211
   15      0.022662235930     -0.009036276652     -0.027503043362
   16     -0.015103771478      0.023765203569     -0.016072000655
   17     -0.025096462278     -0.005459889587      0.032890534428
   18     -0.033839222330     -0.013217588297      0.036535515057
   19      0.007096921562     -0.003292914443      0.006124897013
   20      0.035874581786     -0.023776512324      0.016654230742
   21      0.014583729286      0.016108443988     -0.037327685370
   22     -0.028066086231     -0.088821956064      0.057783744298
   23     -0.025586714948     -0.065091637006      0.003742273632
   24     -0.006479078273     -0.031211619828     -0.054294138294
   25     -0.033954667185      0.020536308475      0.008443038021
   26     -0.008523073215      0.052542329441      0.059749130730
   27     -0.020706285924      0.046893688835     -0.004479824168
   28     -0.008583263398      0.064711375785     -0.023632207765
   29     -0.004928627769     -0.023673040336      0.015042297702
   30     -0.003880923013     -0.027634931967     -0.013097094182
   31      0.033530412919      0.014108421221      0.005480644006
   32     -0.004013747341     -0.017104212240     -0.030062141176
   33     -0.016483486807      0.013248554187     -0.013630917725
   34      0.002618567787      0.019358373191     -0.004119336219
   35      0.037036501226     -0.015464091765      0.020037893851
   36      0.000057166833     -0.024002743973      0.016538303864
   37      0.030291550953     -0.047218299115     -0.029054504945
   38     -0.018911722646      0.003246617544     -0.093340643794
   39      0.030463425747     -0.001273469670      0.006592994399
   40      0.054863738672     -0.035983185904      0.012124228209
   41      0.014999949653      0.000823811781     -0.067282153099
   42      0.039498126653      0.032247545024      0.078292773091
   43     -0.005979189242      0.046647533682     -0.111598892252
   44     -0.031882339705      0.012656784792      0.101329959821
   45      0.007394384862     -0.008571731936      0.017996017181
   46      0.002878316762     -0.042983182034      0.028157308399
   47      0.001808288206     -0.043859195587     -0.026523016785
   48      0.027284709636      0.040925423150      0.056845162758
   49      0.024079826173      0.022070428096      0.042150752998
   50     -0.013654268828      0.025959721539     -0.000429883100
   51      0.006808428648     -0.025020117462     -0.003301706280
   52      0.013477110429     -0.022445391720      0.024412510351
   53     -0.022548280765      0.044847682614     -0.005545172992
   54     -0.019484326626     -0.010912599100      0.026039164785
   55     -0.003335514239      0.013175785661      0.012781234802
   56     -0.008229983592      0.012098449823     -0.002449824283
   57      0.014458276329     -0.030879629439      0.026341754218
   58     -0.039563569268     -0.014066937542     -0.007390447958
   59      0.014109546644      0.013944596968      0.010292627281
   60     -0.035601242145      0.014484970689     -0.012647177012
   61     -0.002290969184      0.001724750300     -0.000323836395
   62      0.002069403809     -0.001516947228      0.000520895628

Maximal derivative component:        0.111599E+00 au

Dipole moment:    0.04881580   -0.05253715    0.06472553 au
Dipole moment:    0.12407739   -0.13353612    0.16451589 Debye


