 Fermi distribution function

Calculation with static geometry


********************************************************************************
 iSCC Total electronic   Diff electronic      SCC error    
   17   -0.10425652E+03   -0.13692159E-09    0.61534292E-05
********************************************************************************

 Total charge:     0.00000000

 Atomic gross charges (e)
 Atom           Charge
    1      -0.03904586
    2       0.00636716
    3       0.00823786
    4      -0.00299237
    5       0.00445052
    6      -0.00968498
    7      -0.02005573
    8       0.02102985
    9       0.00202736
   10       0.01700702
   11       0.00273686
   12       0.01443594
   13       0.02205229
   14       0.02750370
   15       0.01615866
   16       0.01911937
   17       0.03816981
   18       0.03495644
   19       0.00589942
   20      -0.00572734
   21       0.01092864
   22       0.02848009
   23       0.02312453
   24      -0.01957407
   25      -0.02347687
   26       0.03498707
   27       0.02507619
   28      -0.01213299
   29       0.01831933
   30      -0.01718827
   31      -0.00760370
   32      -0.00084253
   33       0.00519099
   34      -0.01775116
   35       0.00926973
   36       0.01674858
   37       0.01524179
   38      -0.02690905
   39      -0.03070682
   40      -0.02983954
   41      -0.00114944
   42      -0.02978146
   43      -0.01786078
   44      -0.00138109
   45      -0.01172690
   46      -0.01375318
   47      -0.02374759
   48       0.03162941
   49       0.02016468
   50      -0.00273755
   51      -0.03475429
   52      -0.01040600
   53      -0.00442686
   54       0.00602287
   55       0.00904136
   56      -0.04281122
   57      -0.03257177
   58       0.01449187
   59       0.02637089
   60      -0.04167799
   61      -0.00080561
   62      -0.00211733

Nr. of electrons (up):    242.00000000
Atom populations (up)
 Atom       Population
    1       4.03904586
    2       3.99363284
    3       3.99176214
    4       4.00299237
    5       3.99554948
    6       4.00968498
    7       4.02005573
    8       3.97897015
    9       3.99797264
   10       3.98299298
   11       3.99726314
   12       3.98556406
   13       3.97794771
   14       3.97249630
   15       3.98384134
   16       3.98088063
   17       3.96183019
   18       3.96504356
   19       3.99410058
   20       4.00572734
   21       3.98907136
   22       3.97151991
   23       3.97687547
   24       4.01957407
   25       4.02347687
   26       3.96501293
   27       3.97492381
   28       4.01213299
   29       3.98168067
   30       4.01718827
   31       4.00760370
   32       4.00084253
   33       3.99480901
   34       4.01775116
   35       3.99073027
   36       3.98325142
   37       3.98475821
   38       4.02690905
   39       4.03070682
   40       4.02983954
   41       4.00114944
   42       4.02978146
   43       4.01786078
   44       4.00138109
   45       4.01172690
   46       4.01375318
   47       4.02374759
   48       3.96837059
   49       3.97983532
   50       4.00273755
   51       4.03475429
   52       4.01040600
   53       4.00442686
   54       3.99397713
   55       3.99095864
   56       4.04281122
   57       4.03257177
   58       3.98550813
   59       3.97362911
   60       4.04167799
   61       1.00080561
   62       1.00211733

l-shell populations (up)
 Atom Sh.   l       Population
    1   1   0       1.22537784
    1   2   1       2.81366801
    2   1   0       1.19378266
    2   2   1       2.79985018
    3   1   0       1.20450429
    3   2   1       2.78725785
    4   1   0       1.20251631
    4   2   1       2.80047606
    5   1   0       1.21170965
    5   2   1       2.78383983
    6   1   0       1.19728033
    6   2   1       2.81240465
    7   1   0       1.21832122
    7   2   1       2.80173450
    8   1   0       1.21441074
    8   2   1       2.76455941
    9   1   0       1.19166568
    9   2   1       2.80630696
   10   1   0       1.20545967
   10   2   1       2.77753331
   11   1   0       1.19528027
   11   2   1       2.80198287
   12   1   0       1.19832686
   12   2   1       2.78723720
   13   1   0       1.21873948
   13   2   1       2.75920824
   14   1   0       1.19981053
   14   2   1       2.77268577
   15   1   0       1.20303320
   15   2   1       2.78080814
   16   1   0       1.18408397
   16   2   1       2.79679665
   17   1   0       1.19052663
   17   2   1       2.77130356
   18   1   0       1.18346280
   18   2   1       2.78158076
   19   1   0       1.21423146
   19   2   1       2.77986912
   20   1   0       1.20944960
   20   2   1       2.79627774
   21   1   0       1.19083506
   21   2   1       2.79823631
   22   1   0       1.19729731
   22   2   1       2.77422260
   23   1   0       1.19707048
   23   2   1       2.77980500
   24   1   0       1.21511278
   24   2   1       2.80446129
   25   1   0       1.22721520
   25   2   1       2.79626167
   26   1   0       1.18081521
   26   2   1       2.78419771
   27   1   0       1.19574717
   27   2   1       2.77917664
   28   1   0       1.22741852
   28   2   1       2.78471447
   29   1   0       1.20416470
   29   2   1       2.77751597
   30   1   0       1.23774871
   30   2   1       2.77943955
   31   1   0       1.20756941
   31   2   1       2.80003428
   32   1   0       1.21079250
   32   2   1       2.79005003
   33   1   0       1.21969164
   33   2   1       2.77511736
   34   1   0       1.22629736
   34   2   1       2.79145380
   35   1   0       1.20005190
   35   2   1       2.79067836
   36   1   0       1.19699669
   36   2   1       2.78625472
   37   1   0       1.21032769
   37   2   1       2.77443051
   38   1   0       1.23202355
   38   2   1       2.79488551
   39   1   0       1.21562535
   39   2   1       2.81508147
   40   1   0       1.22217663
   40   2   1       2.80766291
   41   1   0       1.20373013
   41   2   1       2.79741931
   42   1   0       1.22623722
   42   2   1       2.80354424
   43   1   0       1.21304560
   43   2   1       2.80481519
   44   1   0       1.19809756
   44   2   1       2.80328353
   45   1   0       1.22718135
   45   2   1       2.78454555
   46   1   0       1.19102169
   46   2   1       2.82273149
   47   1   0       1.23328418
   47   2   1       2.79046341
   48   1   0       1.21419371
   48   2   1       2.75417689
   49   1   0       1.19752093
   49   2   1       2.78231438
   50   1   0       1.19159253
   50   2   1       2.81114502
   51   1   0       1.22269858
   51   2   1       2.81205572
   52   1   0       1.21111495
   52   2   1       2.79929105
   53   1   0       1.20601062
   53   2   1       2.79841623
   54   1   0       1.19412766
   54   2   1       2.79984947
   55   1   0       1.19943629
   55   2   1       2.79152235
   56   1   0       1.23051885
   56   2   1       2.81229237
   57   1   0       1.22603116
   57   2   1       2.80654061
   58   1   0       1.21201256
   58   2   1       2.77349556
   59   1   0       1.18315059
   59   2   1       2.79047851
   60   1   0       1.23408277
   60   2   1       2.80759522
   61   1   0       1.00080561
   62   1   0       1.00211733

Orbital populations (up)
 Atom Sh.   l   m       Population  Label
    1   1   0   0       1.22537784  s
    1   2   1  -1       1.00895965  p_y
    1   2   1   0       0.89138174  p_z
    1   2   1   1       0.91332663  p_x
    2   1   0   0       1.19378266  s
    2   2   1  -1       0.98860059  p_y
    2   2   1   0       0.90636810  p_z
    2   2   1   1       0.90488149  p_x
    3   1   0   0       1.20450429  s
    3   2   1  -1       0.97124911  p_y
    3   2   1   0       0.89463406  p_z
    3   2   1   1       0.92137468  p_x
    4   1   0   0       1.20251631  s
    4   2   1  -1       0.98637081  p_y
    4   2   1   0       0.90150905  p_z
    4   2   1   1       0.91259620  p_x
    5   1   0   0       1.21170965  s
    5   2   1  -1       0.88933481  p_y
    5   2   1   0       0.91064403  p_z
    5   2   1   1       0.98386099  p_x
    6   1   0   0       1.19728033  s
    6   2   1  -1       0.88988168  p_y
    6   2   1   0       0.91243440  p_z
    6   2   1   1       1.01008857  p_x
    7   1   0   0       1.21832122  s
    7   2   1  -1       0.88976590  p_y
    7   2   1   0       0.90216196  p_z
    7   2   1   1       1.00980664  p_x
    8   1   0   0       1.21441074  s
    8   2   1  -1       0.88017814  p_y
    8   2   1   0       0.90377498  p_z
    8   2   1   1       0.98060629  p_x
    9   1   0   0       1.19166568  s
    9   2   1  -1       0.91070279  p_y
    9   2   1   0       0.99510467  p_z
    9   2   1   1       0.90049951  p_x
   10   1   0   0       1.20545967  s
   10   2   1  -1       0.90331161  p_y
   10   2   1   0       0.98045214  p_z
   10   2   1   1       0.89376956  p_x
   11   1   0   0       1.19528027  s
   11   2   1  -1       0.91176629  p_y
   11   2   1   0       0.98863918  p_z
   11   2   1   1       0.90157740  p_x
   12   1   0   0       1.19832686  s
   12   2   1  -1       0.89974729  p_y
   12   2   1   0       0.98894607  p_z
   12   2   1   1       0.89854383  p_x
   13   1   0   0       1.21873948  s
   13   2   1  -1       0.94462435  p_y
   13   2   1   0       0.91951786  p_z
   13   2   1   1       0.89506603  p_x
   14   1   0   0       1.19981053  s
   14   2   1  -1       0.95433059  p_y
   14   2   1   0       0.92532485  p_z
   14   2   1   1       0.89303033  p_x
   15   1   0   0       1.20303320  s
   15   2   1  -1       0.97858469  p_y
   15   2   1   0       0.92321821  p_z
   15   2   1   1       0.87900523  p_x
   16   1   0   0       1.18408397  s
   16   2   1  -1       0.97852227  p_y
   16   2   1   0       0.92360745  p_z
   16   2   1   1       0.89466694  p_x
   17   1   0   0       1.19052663  s
   17   2   1  -1       0.97280229  p_y
   17   2   1   0       0.90999546  p_z
   17   2   1   1       0.88850581  p_x
   18   1   0   0       1.18346280  s
   18   2   1  -1       0.97527618  p_y
   18   2   1   0       0.92328515  p_z
   18   2   1   1       0.88301943  p_x
   19   1   0   0       1.21423146  s
   19   2   1  -1       0.98312016  p_y
   19   2   1   0       0.91459404  p_z
   19   2   1   1       0.88215492  p_x
   20   1   0   0       1.20944960  s
   20   2   1  -1       0.99017347  p_y
   20   2   1   0       0.90539109  p_z
   20   2   1   1       0.90071318  p_x
   21   1   0   0       1.19083506  s
   21   2   1  -1       0.92457107  p_y
   21   2   1   0       0.89229308  p_z
   21   2   1   1       0.98137216  p_x
   22   1   0   0       1.19729731  s
   22   2   1  -1       0.93316610  p_y
   22   2   1   0       0.87133422  p_z
   22   2   1   1       0.96972228  p_x
   23   1   0   0       1.19707048  s
   23   2   1  -1       0.91143088  p_y
   23   2   1   0       0.89953436  p_z
   23   2   1   1       0.96883976  p_x
   24   1   0   0       1.21511278  s
   24   2   1  -1       0.92188968  p_y
   24   2   1   0       0.89004642  p_z
   24   2   1   1       0.99252520  p_x
   25   1   0   0       1.22721520  s
   25   2   1  -1       0.90659088  p_y
   25   2   1   0       0.89988222  p_z
   25   2   1   1       0.98978857  p_x
   26   1   0   0       1.18081521  s
   26   2   1  -1       0.91575269  p_y
   26   2   1   0       0.89774561  p_z
   26   2   1   1       0.97069941  p_x
   27   1   0   0       1.19574717  s
   27   2   1  -1       0.92421399  p_y
   27   2   1   0       0.88228768  p_z
   27   2   1   1       0.97267497  p_x
   28   1   0   0       1.22741852  s
   28   2   1  -1       0.92932525  p_y
   28   2   1   0       0.88650663  p_z
   28   2   1   1       0.96888258  p_x
   29   1   0   0       1.20416470  s
   29   2   1  -1       0.88645415  p_y
   29   2   1   0       0.96615314  p_z
   29   2   1   1       0.92490868  p_x
   30   1   0   0       1.23774871  s
   30   2   1  -1       0.89482244  p_y
   30   2   1   0       0.98838728  p_z
   30   2   1   1       0.89622983  p_x
   31   1   0   0       1.20756941  s
   31   2   1  -1       0.89078581  p_y
   31   2   1   0       0.98410745  p_z
   31   2   1   1       0.92514102  p_x
   32   1   0   0       1.21079250  s
   32   2   1  -1       0.87941470  p_y
   32   2   1   0       0.98107173  p_z
   32   2   1   1       0.92956360  p_x
   33   1   0   0       1.21969164  s
   33   2   1  -1       0.86899854  p_y
   33   2   1   0       0.96987248  p_z
   33   2   1   1       0.93624635  p_x
   34   1   0   0       1.22629736  s
   34   2   1  -1       0.88362477  p_y
   34   2   1   0       0.97980679  p_z
   34   2   1   1       0.92802224  p_x
   35   1   0   0       1.20005190  s
   35   2   1  -1       0.89097846  p_y
   35   2   1   0       0.98213497  p_z
   35   2   1   1       0.91756493  p_x
   36   1   0   0       1.19699669  s
   36   2   1  -1       0.88233451  p_y
   36   2   1   0       0.98398796  p_z
   36   2   1   1       0.91993226  p_x
   37   1   0   0       1.21032769  s
   37   2   1  -1       0.94409202  p_y
   37   2   1   0       0.89244033  p_z
   37   2   1   1       0.93789816  p_x
   38   1   0   0       1.23202355  s
   38   2   1  -1       0.95743243  p_y
   38   2   1   0       0.89711798  p_z
   38   2   1   1       0.94033510  p_x
   39   1   0   0       1.21562535  s
   39   2   1  -1       0.96534405  p_y
   39   2   1   0       0.91011068  p_z
   39   2   1   1       0.93962674  p_x
   40   1   0   0       1.22217663  s
   40   2   1  -1       0.96407493  p_y
   40   2   1   0       0.89509890  p_z
   40   2   1   1       0.94848908  p_x
   41   1   0   0       1.20373013  s
   41   2   1  -1       0.94637293  p_y
   41   2   1   0       0.90550655  p_z
   41   2   1   1       0.94553983  p_x
   42   1   0   0       1.22623722  s
   42   2   1  -1       0.94261089  p_y
   42   2   1   0       0.89903175  p_z
   42   2   1   1       0.96190160  p_x
   43   1   0   0       1.21304560  s
   43   2   1  -1       0.95763467  p_y
   43   2   1   0       0.90555852  p_z
   43   2   1   1       0.94162200  p_x
   44   1   0   0       1.19809756  s
   44   2   1  -1       0.95035449  p_y
   44   2   1   0       0.90084214  p_z
   44   2   1   1       0.95208690  p_x
   45   1   0   0       1.22718135  s
   45   2   1  -1       0.90271120  p_y
   45   2   1   0       0.94177362  p_z
   45   2   1   1       0.94006073  p_x
   46   1   0   0       1.19102169  s
   46   2   1  -1       0.90889992  p_y
   46   2   1   0       0.95855381  p_z
   46   2   1   1       0.95527776  p_x
   47   1   0   0       1.23328418  s
   47   2   1  -1       0.90416305  p_y
   47   2   1   0       0.93129331  p_z
   47   2   1   1       0.95500704  p_x
   48   1   0   0       1.21419371  s
   48   2   1  -1       0.88836260  p_y
   48   2   1   0       0.93997200  p_z
   48   2   1   1       0.92584228  p_x
   49   1   0   0       1.19752093  s
   49   2   1  -1       0.90087537  p_y
   49   2   1   0       0.93544862  p_z
   49   2   1   1       0.94599039  p_x
   50   1   0   0       1.19159253  s
   50   2   1  -1       0.91024646  p_y
   50   2   1   0       0.94601840  p_z
   50   2   1   1       0.95488016  p_x
   51   1   0   0       1.22269858  s
   51   2   1  -1       0.90367283  p_y
   51   2   1   0       0.95776969  p_z
   51   2   1   1       0.95061320  p_x
   52   1   0   0       1.21111495  s
   52   2   1  -1       0.91099312  p_y
   52   2   1   0       0.94251151  p_z
   52   2   1   1       0.94578641  p_x
   53   1   0   0       1.20601062  s
   53   2   1  -1       0.94815884  p_y
   53   2   1   0       0.94302157  p_z
   53   2   1   1       0.90723582  p_x
   54   1   0   0       1.19412766  s
   54   2   1  -1       0.93729103  p_y
   54   2   1   0       0.95364029  p_z
   54   2   1   1       0.90891816  p_x
   55   1   0   0       1.19943629  s
   55   2   1  -1       0.95011436  p_y
   55   2   1   0       0.93887936  p_z
   55   2   1   1       0.90252863  p_x
   56   1   0   0       1.23051885  s
   56   2   1  -1       0.95929822  p_y
   56   2   1   0       0.95556162  p_z
   56   2   1   1       0.89743254  p_x
   57   1   0   0       1.22603116  s
   57   2   1  -1       0.94977202  p_y
   57   2   1   0       0.95470401  p_z
   57   2   1   1       0.90206457  p_x
   58   1   0   0       1.21201256  s
   58   2   1  -1       0.94126032  p_y
   58   2   1   0       0.94117745  p_z
   58   2   1   1       0.89105779  p_x
   59   1   0   0       1.18315059  s
   59   2   1  -1       0.94159883  p_y
   59   2   1   0       0.93582369  p_z
   59   2   1   1       0.91305599  p_x
   60   1   0   0       1.23408277  s
   60   2   1  -1       0.95159102  p_y
   60   2   1   0       0.94646481  p_z
   60   2   1   1       0.90953939  p_x
   61   1   0   0       1.00080561  s
   62   1   0   0       1.00211733  s

Fermi level:                        -0.1782393375 H           -4.8501 eV
Band energy:                      -104.3518068956 H        -2839.5571 eV
TS:                                  0.0000000002 H            0.0000 eV
Band free energy (E-TS):          -104.3518068958 H        -2839.5571 eV
Extrapolated E(0K):               -104.3518068957 H        -2839.5571 eV
Input / Output electrons (q):    241.9999999984    241.9999999984

Energy H0:                        -104.2571659073 H        -2836.9818 eV
Energy SCC:                          0.0006487708 H            0.0177 eV
Total Electronic energy:          -104.2565171365 H        -2836.9642 eV
Repulsive energy:                    1.4793800661 H           40.2560 eV
Total energy:                     -102.7771370705 H        -2796.7082 eV
Extrapolated to 0:                -102.7771370706 H        -2796.7082 eV
Total Mermin free energy:         -102.7771370706 H        -2796.7082 eV
Force related energy:             -102.7771370706 H        -2796.7082 eV

SCC converged

Total Forces
    1     -0.020203125840     -0.033895038386     -0.027872257938
    2      0.011994777652      0.005894936430      0.074349993999
    3      0.008712597913      0.006917372213      0.036004065648
    4      0.007733068853      0.018563390820     -0.104314256903
    5      0.022568546485     -0.058891102574     -0.048667259105
    6     -0.021469199188     -0.058930159655      0.079349627596
    7     -0.001201630327      0.078508239078     -0.013470281535
    8      0.005157063408     -0.007558109961      0.007981098752
    9      0.013068811587     -0.032034555548     -0.007361936837
   10     -0.069822577110      0.009922875889     -0.013907743552
   11      0.029856013236      0.007935788507      0.007638159867
   12     -0.036378913963      0.005351023085      0.001770150022
   13     -0.009441309558     -0.005451238185      0.039581248483
   14     -0.047816085796      0.027780002080     -0.057407331984
   15      0.004145684646     -0.005436518090     -0.019687097477
   16      0.003120505589      0.011301840955     -0.014735173918
   17      0.026926545478     -0.021541089325      0.022426744229
   18     -0.074945487807      0.018752022278      0.042338426723
   19      0.048470857065     -0.017676375999      0.057732497664
   20      0.030445754819     -0.020145642402      0.003458212157
   21      0.002817301322     -0.027130634332      0.044429305928
   22     -0.009892761033      0.024507140212     -0.044232172166
   23     -0.005839303411     -0.041851925165      0.007558807538
   24     -0.005331824263      0.016868446178      0.007210464532
   25      0.016582078647      0.008277344849     -0.013178393293
   26      0.014222476133     -0.015671624378     -0.097105437502
   27      0.001644781993     -0.034923473812      0.042344584285
   28      0.033420991848      0.028049297681     -0.056492842295
   29     -0.000227273287      0.052128579167     -0.011413181069
   30     -0.017706165043      0.012206606340     -0.024518361188
   31     -0.001338666021     -0.009369159075      0.004228655942
   32     -0.039803365880      0.037816796223      0.000854827517
   33      0.003314988663      0.016719587937      0.001893967051
   34     -0.031546334686      0.002738724707      0.035551515336
   35     -0.001556950032     -0.048597310146     -0.003381138773
   36     -0.011037538314      0.027317213524     -0.012711992755
   37     -0.041197880664      0.004568249461      0.048574950754
   38     -0.038611625406     -0.014159802818     -0.009946076092
   39      0.044336440814      0.021135153933      0.017902649104
   40     -0.051460706804      0.043782188298     -0.061981124049
   41      0.048944132903     -0.029442921453      0.023480094865
   42     -0.015949586519      0.018133170026     -0.020481567061
   43      0.017556532098      0.033329650243      0.001216857133
   44     -0.030384534365      0.026322577535     -0.000412366388
   45     -0.030423983612      0.000046397934      0.055446694505
   46     -0.002149983609      0.027000271293     -0.006366313897
   47      0.016007777855      0.017026875025     -0.004767545995
   48      0.004138937408     -0.023875434733      0.029719766806
   49      0.022097108805      0.013352009235      0.022512820753
   50      0.010666447329     -0.013093982828     -0.011352803639
   51      0.057338835265     -0.043647613003      0.025214133658
   52      0.000328471555      0.038934970913     -0.026773359148
   53     -0.012257316981     -0.011005103825      0.035678451884
   54      0.005111708428      0.028487254803     -0.030142174168
   55      0.045161993489     -0.058784527638     -0.070975245636
   56      0.030148397066      0.011052077489     -0.030270397361
   57     -0.001113961709     -0.030203058807     -0.013294694988
   58     -0.027905131217      0.023413738313      0.041371259423
   59      0.013091708663     -0.044605755217      0.061300536345
   60      0.057738090284     -0.016376694908     -0.021992207396
   61      0.036209325439      0.007432158296     -0.009130552878
   62     -0.036065530297     -0.007275118688      0.009222718487

Maximal derivative component:        0.104314E+00 au

Dipole moment:    0.00070773    0.05220723   -0.05192154 au
Dipole moment:    0.00179888    0.13269754   -0.13197141 Debye


