 Fermi distribution function

Calculation with static geometry


********************************************************************************
 iSCC Total electronic   Diff electronic      SCC error    
   17   -0.10434949E+03   -0.15563728E-09    0.57398666E-05
********************************************************************************

 Total charge:     0.00000000

 Atomic gross charges (e)
 Atom           Charge
    1      -0.01840311
    2      -0.02085994
    3      -0.01997272
    4      -0.00968446
    5      -0.04400362
    6       0.01890046
    7       0.00849711
    8      -0.01718124
    9      -0.00517941
   10      -0.01574489
   11       0.00709255
   12       0.02879769
   13       0.02149375
   14      -0.00041876
   15       0.01352763
   16       0.01229933
   17       0.00571712
   18      -0.00302049
   19       0.01892998
   20       0.03912677
   21       0.01755130
   22      -0.02819000
   23      -0.02108464
   24       0.04034767
   25       0.02728262
   26      -0.02244926
   27       0.01403166
   28       0.05868852
   29       0.01289868
   30       0.01506856
   31      -0.04142408
   32      -0.00747695
   33       0.03586285
   34      -0.05642370
   35      -0.02823941
   36       0.02887410
   37      -0.06242377
   38      -0.02080320
   39       0.03327935
   40       0.00121127
   41      -0.03852547
   42       0.02089461
   43      -0.00479087
   44       0.02516529
   45      -0.06352203
   46       0.00562113
   47       0.04063669
   48      -0.04527359
   49      -0.02447137
   50       0.05401925
   51       0.01231575
   52      -0.03650164
   53      -0.00936067
   54       0.00181712
   55       0.02243419
   56       0.00126521
   57       0.01493531
   58       0.00600479
   59       0.01157043
   60      -0.00745337
   61       0.00116223
   62      -0.00443830

Nr. of electrons (up):    242.00000000
Atom populations (up)
 Atom       Population
    1       4.01840311
    2       4.02085994
    3       4.01997272
    4       4.00968446
    5       4.04400362
    6       3.98109954
    7       3.99150289
    8       4.01718124
    9       4.00517941
   10       4.01574489
   11       3.99290745
   12       3.97120231
   13       3.97850625
   14       4.00041876
   15       3.98647237
   16       3.98770067
   17       3.99428288
   18       4.00302049
   19       3.98107002
   20       3.96087323
   21       3.98244870
   22       4.02819000
   23       4.02108464
   24       3.95965233
   25       3.97271738
   26       4.02244926
   27       3.98596834
   28       3.94131148
   29       3.98710132
   30       3.98493144
   31       4.04142408
   32       4.00747695
   33       3.96413715
   34       4.05642370
   35       4.02823941
   36       3.97112590
   37       4.06242377
   38       4.02080320
   39       3.96672065
   40       3.99878873
   41       4.03852547
   42       3.97910539
   43       4.00479087
   44       3.97483471
   45       4.06352203
   46       3.99437887
   47       3.95936331
   48       4.04527359
   49       4.02447137
   50       3.94598075
   51       3.98768425
   52       4.03650164
   53       4.00936067
   54       3.99818288
   55       3.97756581
   56       3.99873479
   57       3.98506469
   58       3.99399521
   59       3.98842957
   60       4.00745337
   61       0.99883777
   62       1.00443830

l-shell populations (up)
 Atom Sh.   l       Population
    1   1   0       1.22115191
    1   2   1       2.79725119
    2   1   0       1.23524835
    2   2   1       2.78561159
    3   1   0       1.22729324
    3   2   1       2.79267948
    4   1   0       1.20300817
    4   2   1       2.80667629
    5   1   0       1.22670641
    5   2   1       2.81729721
    6   1   0       1.22740550
    6   2   1       2.75369404
    7   1   0       1.22446892
    7   2   1       2.76703398
    8   1   0       1.19565119
    8   2   1       2.82153005
    9   1   0       1.21440648
    9   2   1       2.79077293
   10   1   0       1.21287542
   10   2   1       2.80286947
   11   1   0       1.21212090
   11   2   1       2.78078656
   12   1   0       1.17693609
   12   2   1       2.79426621
   13   1   0       1.19159066
   13   2   1       2.78691559
   14   1   0       1.20134238
   14   2   1       2.79907638
   15   1   0       1.17942047
   15   2   1       2.80705190
   16   1   0       1.20652690
   16   2   1       2.78117378
   17   1   0       1.20185827
   17   2   1       2.79242461
   18   1   0       1.18204660
   18   2   1       2.82097389
   19   1   0       1.19120878
   19   2   1       2.78986124
   20   1   0       1.19059753
   20   2   1       2.77027570
   21   1   0       1.21938040
   21   2   1       2.76306830
   22   1   0       1.22948326
   22   2   1       2.79870674
   23   1   0       1.19774230
   23   2   1       2.82334234
   24   1   0       1.19250716
   24   2   1       2.76714517
   25   1   0       1.19844790
   25   2   1       2.77426948
   26   1   0       1.19936532
   26   2   1       2.82308395
   27   1   0       1.18912245
   27   2   1       2.79684589
   28   1   0       1.19545078
   28   2   1       2.74586070
   29   1   0       1.20437902
   29   2   1       2.78272229
   30   1   0       1.17755392
   30   2   1       2.80737752
   31   1   0       1.23531737
   31   2   1       2.80610670
   32   1   0       1.21502864
   32   2   1       2.79244830
   33   1   0       1.17829672
   33   2   1       2.78584042
   34   1   0       1.22758433
   34   2   1       2.82883937
   35   1   0       1.22569790
   35   2   1       2.80254151
   36   1   0       1.19173650
   36   2   1       2.77938941
   37   1   0       1.24295774
   37   2   1       2.81946603
   38   1   0       1.20642674
   38   2   1       2.81437646
   39   1   0       1.18513839
   39   2   1       2.78158226
   40   1   0       1.22011636
   40   2   1       2.77867237
   41   1   0       1.23334369
   41   2   1       2.80518178
   42   1   0       1.18942215
   42   2   1       2.78968323
   43   1   0       1.21693096
   43   2   1       2.78785991
   44   1   0       1.17570285
   44   2   1       2.79913187
   45   1   0       1.21681367
   45   2   1       2.84670836
   46   1   0       1.20839821
   46   2   1       2.78598066
   47   1   0       1.21226648
   47   2   1       2.74709683
   48   1   0       1.23106457
   48   2   1       2.81420901
   49   1   0       1.22240347
   49   2   1       2.80206790
   50   1   0       1.17849680
   50   2   1       2.76748395
   51   1   0       1.20235042
   51   2   1       2.78533384
   52   1   0       1.20663281
   52   2   1       2.82986883
   53   1   0       1.19175836
   53   2   1       2.81760231
   54   1   0       1.20544715
   54   2   1       2.79273572
   55   1   0       1.20215078
   55   2   1       2.77541503
   56   1   0       1.18815841
   56   2   1       2.81057638
   57   1   0       1.19357640
   57   2   1       2.79148828
   58   1   0       1.21497109
   58   2   1       2.77902413
   59   1   0       1.19299473
   59   2   1       2.79543484
   60   1   0       1.20166292
   60   2   1       2.80579045
   61   1   0       0.99883777
   62   1   0       1.00443830

Orbital populations (up)
 Atom Sh.   l   m       Population  Label
    1   1   0   0       1.22115191  s
    1   2   1  -1       0.99514593  p_y
    1   2   1   0       0.89751577  p_z
    1   2   1   1       0.90458950  p_x
    2   1   0   0       1.23524835  s
    2   2   1  -1       0.99600703  p_y
    2   2   1   0       0.88275649  p_z
    2   2   1   1       0.90684807  p_x
    3   1   0   0       1.22729324  s
    3   2   1  -1       0.99717340  p_y
    3   2   1   0       0.89282403  p_z
    3   2   1   1       0.90268204  p_x
    4   1   0   0       1.20300817  s
    4   2   1  -1       1.00281174  p_y
    4   2   1   0       0.88772042  p_z
    4   2   1   1       0.91614413  p_x
    5   1   0   0       1.22670641  s
    5   2   1  -1       0.88625091  p_y
    5   2   1   0       0.91168846  p_z
    5   2   1   1       1.01935783  p_x
    6   1   0   0       1.22740550  s
    6   2   1  -1       0.89136064  p_y
    6   2   1   0       0.89595130  p_z
    6   2   1   1       0.96638211  p_x
    7   1   0   0       1.22446892  s
    7   2   1  -1       0.88518536  p_y
    7   2   1   0       0.90573348  p_z
    7   2   1   1       0.97611514  p_x
    8   1   0   0       1.19565119  s
    8   2   1  -1       0.89961981  p_y
    8   2   1   0       0.91483774  p_z
    8   2   1   1       1.00707250  p_x
    9   1   0   0       1.21440648  s
    9   2   1  -1       0.91303117  p_y
    9   2   1   0       0.99729313  p_z
    9   2   1   1       0.88044863  p_x
   10   1   0   0       1.21287542  s
   10   2   1  -1       0.91400327  p_y
   10   2   1   0       1.00186214  p_z
   10   2   1   1       0.88700406  p_x
   11   1   0   0       1.21212090  s
   11   2   1  -1       0.90198996  p_y
   11   2   1   0       0.99788119  p_z
   11   2   1   1       0.88091541  p_x
   12   1   0   0       1.17693609  s
   12   2   1  -1       0.91676328  p_y
   12   2   1   0       0.99060473  p_z
   12   2   1   1       0.88689820  p_x
   13   1   0   0       1.19159066  s
   13   2   1  -1       0.97024250  p_y
   13   2   1   0       0.91940350  p_z
   13   2   1   1       0.89726959  p_x
   14   1   0   0       1.20134238  s
   14   2   1  -1       0.97548977  p_y
   14   2   1   0       0.92412169  p_z
   14   2   1   1       0.89946492  p_x
   15   1   0   0       1.17942047  s
   15   2   1  -1       0.98455325  p_y
   15   2   1   0       0.92785438  p_z
   15   2   1   1       0.89464428  p_x
   16   1   0   0       1.20652690  s
   16   2   1  -1       0.97999498  p_y
   16   2   1   0       0.92029405  p_z
   16   2   1   1       0.88088474  p_x
   17   1   0   0       1.20185827  s
   17   2   1  -1       0.98560605  p_y
   17   2   1   0       0.91873064  p_z
   17   2   1   1       0.88808792  p_x
   18   1   0   0       1.18204660  s
   18   2   1  -1       0.99215052  p_y
   18   2   1   0       0.93367898  p_z
   18   2   1   1       0.89514440  p_x
   19   1   0   0       1.19120878  s
   19   2   1  -1       0.97570971  p_y
   19   2   1   0       0.92626785  p_z
   19   2   1   1       0.88788368  p_x
   20   1   0   0       1.19059753  s
   20   2   1  -1       0.95825855  p_y
   20   2   1   0       0.92819666  p_z
   20   2   1   1       0.88382050  p_x
   21   1   0   0       1.21938040  s
   21   2   1  -1       0.92297596  p_y
   21   2   1   0       0.88228823  p_z
   21   2   1   1       0.95780411  p_x
   22   1   0   0       1.22948326  s
   22   2   1  -1       0.93362782  p_y
   22   2   1   0       0.88773146  p_z
   22   2   1   1       0.97734746  p_x
   23   1   0   0       1.19774230  s
   23   2   1  -1       0.91817423  p_y
   23   2   1   0       0.90629454  p_z
   23   2   1   1       0.99887357  p_x
   24   1   0   0       1.19250716  s
   24   2   1  -1       0.91432033  p_y
   24   2   1   0       0.89785254  p_z
   24   2   1   1       0.95497230  p_x
   25   1   0   0       1.19844790  s
   25   2   1  -1       0.93093960  p_y
   25   2   1   0       0.88412220  p_z
   25   2   1   1       0.95920768  p_x
   26   1   0   0       1.19936532  s
   26   2   1  -1       0.92467342  p_y
   26   2   1   0       0.91221147  p_z
   26   2   1   1       0.98619906  p_x
   27   1   0   0       1.18912245  s
   27   2   1  -1       0.92778999  p_y
   27   2   1   0       0.88891539  p_z
   27   2   1   1       0.98014051  p_x
   28   1   0   0       1.19545078  s
   28   2   1  -1       0.90993518  p_y
   28   2   1   0       0.88126810  p_z
   28   2   1   1       0.95465742  p_x
   29   1   0   0       1.20437902  s
   29   2   1  -1       0.89246524  p_y
   29   2   1   0       0.96861321  p_z
   29   2   1   1       0.92164385  p_x
   30   1   0   0       1.17755392  s
   30   2   1  -1       0.90167295  p_y
   30   2   1   0       0.97506077  p_z
   30   2   1   1       0.93064380  p_x
   31   1   0   0       1.23531737  s
   31   2   1  -1       0.89407363  p_y
   31   2   1   0       0.97904215  p_z
   31   2   1   1       0.93299093  p_x
   32   1   0   0       1.21502864  s
   32   2   1  -1       0.89165351  p_y
   32   2   1   0       0.97810339  p_z
   32   2   1   1       0.92269141  p_x
   33   1   0   0       1.17829672  s
   33   2   1  -1       0.88966290  p_y
   33   2   1   0       0.96945170  p_z
   33   2   1   1       0.92672582  p_x
   34   1   0   0       1.22758433  s
   34   2   1  -1       0.89618613  p_y
   34   2   1   0       0.98507898  p_z
   34   2   1   1       0.94757426  p_x
   35   1   0   0       1.22569790  s
   35   2   1  -1       0.89062908  p_y
   35   2   1   0       0.99043629  p_z
   35   2   1   1       0.92147613  p_x
   36   1   0   0       1.19173650  s
   36   2   1  -1       0.89983944  p_y
   36   2   1   0       0.96802863  p_z
   36   2   1   1       0.91152134  p_x
   37   1   0   0       1.24295774  s
   37   2   1  -1       0.95783428  p_y
   37   2   1   0       0.89408808  p_z
   37   2   1   1       0.96754368  p_x
   38   1   0   0       1.20642674  s
   38   2   1  -1       0.95506140  p_y
   38   2   1   0       0.90238459  p_z
   38   2   1   1       0.95693046  p_x
   39   1   0   0       1.18513839  s
   39   2   1  -1       0.94377980  p_y
   39   2   1   0       0.89638816  p_z
   39   2   1   1       0.94141430  p_x
   40   1   0   0       1.22011636  s
   40   2   1  -1       0.94181954  p_y
   40   2   1   0       0.89582603  p_z
   40   2   1   1       0.94102679  p_x
   41   1   0   0       1.23334369  s
   41   2   1  -1       0.94455359  p_y
   41   2   1   0       0.89326551  p_z
   41   2   1   1       0.96736268  p_x
   42   1   0   0       1.18942215  s
   42   2   1  -1       0.94767417  p_y
   42   2   1   0       0.90040254  p_z
   42   2   1   1       0.94160653  p_x
   43   1   0   0       1.21693096  s
   43   2   1  -1       0.94977876  p_y
   43   2   1   0       0.88839461  p_z
   43   2   1   1       0.94968654  p_x
   44   1   0   0       1.17570285  s
   44   2   1  -1       0.93929200  p_y
   44   2   1   0       0.90328136  p_z
   44   2   1   1       0.95655851  p_x
   45   1   0   0       1.21681367  s
   45   2   1  -1       0.91192726  p_y
   45   2   1   0       0.97125430  p_z
   45   2   1   1       0.96352680  p_x
   46   1   0   0       1.20839821  s
   46   2   1  -1       0.90710360  p_y
   46   2   1   0       0.93044150  p_z
   46   2   1   1       0.94843557  p_x
   47   1   0   0       1.21226648  s
   47   2   1  -1       0.89815113  p_y
   47   2   1   0       0.92661973  p_z
   47   2   1   1       0.92232597  p_x
   48   1   0   0       1.23106457  s
   48   2   1  -1       0.90164273  p_y
   48   2   1   0       0.94716928  p_z
   48   2   1   1       0.96539701  p_x
   49   1   0   0       1.22240347  s
   49   2   1  -1       0.90098217  p_y
   49   2   1   0       0.94314009  p_z
   49   2   1   1       0.95794563  p_x
   50   1   0   0       1.17849680  s
   50   2   1  -1       0.90656593  p_y
   50   2   1   0       0.94201189  p_z
   50   2   1   1       0.91890613  p_x
   51   1   0   0       1.20235042  s
   51   2   1  -1       0.89788841  p_y
   51   2   1   0       0.95706133  p_z
   51   2   1   1       0.93038410  p_x
   52   1   0   0       1.20663281  s
   52   2   1  -1       0.91389935  p_y
   52   2   1   0       0.96139578  p_z
   52   2   1   1       0.95457370  p_x
   53   1   0   0       1.19175836  s
   53   2   1  -1       0.94398234  p_y
   53   2   1   0       0.96134104  p_z
   53   2   1   1       0.91227893  p_x
   54   1   0   0       1.20544715  s
   54   2   1  -1       0.96252994  p_y
   54   2   1   0       0.92622966  p_z
   54   2   1   1       0.90397612  p_x
   55   1   0   0       1.20215078  s
   55   2   1  -1       0.94688330  p_y
   55   2   1   0       0.93177488  p_z
   55   2   1   1       0.89675685  p_x
   56   1   0   0       1.18815841  s
   56   2   1  -1       0.93642822  p_y
   56   2   1   0       0.96833634  p_z
   56   2   1   1       0.90581181  p_x
   57   1   0   0       1.19357640  s
   57   2   1  -1       0.93873267  p_y
   57   2   1   0       0.95205694  p_z
   57   2   1   1       0.90069867  p_x
   58   1   0   0       1.21497109  s
   58   2   1  -1       0.95131045  p_y
   58   2   1   0       0.93525377  p_z
   58   2   1   1       0.89245991  p_x
   59   1   0   0       1.19299473  s
   59   2   1  -1       0.94953081  p_y
   59   2   1   0       0.94355000  p_z
   59   2   1   1       0.90235403  p_x
   60   1   0   0       1.20166292  s
   60   2   1  -1       0.95039070  p_y
   60   2   1   0       0.94682845  p_z
   60   2   1   1       0.90857131  p_x
   61   1   0   0       0.99883777  s
   62   1   0   0       1.00443830  s

Fermi level:                        -0.1764544282 H           -4.8016 eV
Band energy:                      -104.4541496112 H        -2842.3420 eV
TS:                                  0.0000000003 H            0.0000 eV
Band free energy (E-TS):          -104.4541496115 H        -2842.3420 eV
Extrapolated E(0K):               -104.4541496113 H        -2842.3420 eV
Input / Output electrons (q):    241.9999999999    241.9999999999

Energy H0:                        -104.3503728732 H        -2839.5181 eV
Energy SCC:                          0.0008849678 H            0.0241 eV
Total Electronic energy:          -104.3494879055 H        -2839.4940 eV
Repulsive energy:                    1.5876636069 H           43.2025 eV
Total energy:                     -102.7618242986 H        -2796.2915 eV
Extrapolated to 0:                -102.7618242987 H        -2796.2915 eV
Total Mermin free energy:         -102.7618242989 H        -2796.2915 eV
Force related energy:             -102.7618242989 H        -2796.2915 eV

SCC converged

Total Forces
    1      0.012023525074     -0.005578510762     -0.003139563494
    2     -0.003382910941     -0.000893026709     -0.025788728245
    3      0.000264145703     -0.004692898091     -0.001663723761
    4      0.023533840464     -0.017216044160      0.082231913773
    5     -0.006987083709     -0.061126545596      0.070651150059
    6      0.011634143417      0.026176448041      0.036730987195
    7      0.017082414173      0.053687192583     -0.006534612979
    8      0.003690018965      0.024575701226     -0.039763689495
    9     -0.065686243241     -0.036252387749      0.009235939504
   10      0.103418447783      0.012945808619      0.018066622470
   11     -0.019301889967     -0.033754214362     -0.015022245585
   12      0.085055430093      0.043417639406     -0.031060266895
   13     -0.090930349985      0.029795115164      0.035729233267
   14      0.043156345439      0.029160888750     -0.013181386380
   15     -0.061686322507     -0.033881139123      0.012153860677
   16      0.020280574873      0.025680304426      0.085699671482
   17     -0.017900509868     -0.022984854967     -0.076206617075
   18      0.071119302904      0.042880165859      0.002333724552
   19     -0.011472997341     -0.018980045789     -0.012148268957
   20     -0.075885891506      0.010000102394      0.030408010281
   21      0.026074331241     -0.039532752785      0.004070055266
   22      0.008781408312      0.017525422291     -0.057573915268
   23      0.023463401220      0.024403199659     -0.053632710952
   24     -0.000096575083      0.024915526636     -0.016794593368
   25      0.023668606666     -0.005856897283      0.073333527275
   26     -0.013220290257     -0.022108153696      0.026475906342
   27      0.001849098755     -0.023560363375      0.001417765181
   28     -0.018746359471     -0.044404456022      0.034000295007
   29      0.046091364031      0.016304606321     -0.016732505281
   30     -0.017334837523     -0.013705842363      0.017717328780
   31      0.000321262273     -0.023958395611     -0.019012389012
   32      0.026945390198      0.007441451982      0.026259049748
   33     -0.035123769972     -0.000357773360     -0.002590146746
   34     -0.028018866146      0.034308739267      0.054178666174
   35      0.004035595710      0.023118258116      0.022959428282
   36     -0.074778537809     -0.072302928621      0.037228710215
   37      0.040812431671     -0.000673114577      0.011162378458
   38      0.015860572561      0.009362309138      0.016684129441
   39     -0.063742799635     -0.016379155588      0.079987966412
   40     -0.014808229260     -0.001005259334     -0.036440389230
   41     -0.037307588126     -0.004889788832     -0.035793420876
   42      0.015647620213     -0.006661920428     -0.037756367613
   43     -0.035903697985     -0.019895978777      0.003107257267
   44      0.062003494413     -0.012437405043     -0.060965113578
   45      0.041568267326      0.029362887510     -0.025767563897
   46     -0.022649968415      0.038231310446     -0.036055808827
   47      0.019687445334     -0.006286977928     -0.075869921660
   48     -0.017026610653      0.015399105463     -0.028291874638
   49     -0.012313989762      0.013786466532      0.004644819706
   50     -0.029964275679     -0.075527790434      0.043516652960
   51     -0.022028577638     -0.041020465951     -0.009060925133
   52     -0.019303559904      0.101363476108     -0.021323825010
   53      0.022702002036      0.014762017354     -0.041167829478
   54      0.006130398312      0.010194880530     -0.002349436600
   55     -0.007074054883     -0.029318533144     -0.039028727916
   56      0.045341664020     -0.020343870976     -0.002989461156
   57     -0.003854504140     -0.061385919481     -0.059545918034
   58      0.011324161567      0.076921802913      0.072730226744
   59     -0.001831195153      0.032791353743     -0.022208636319
   60     -0.006116586605     -0.011249867358      0.012616281590
   61      0.011818277174      0.001554841765      0.000200606323
   62     -0.010905908756     -0.001843743970     -0.000071580974

Maximal derivative component:        0.103418E+00 au

Dipole moment:    0.00401254    0.02641726    0.03458661 au
Dipole moment:    0.01019886    0.06714599    0.08791040 Debye


